2025-12-16 21:50:03,646 [INFO] Activator:176 - 


2025-12-16 21:50:03,658 [INFO] Activator:177 - !SESSION log4j initialized
2025-12-16 21:50:13,444 [INFO] LogOutputStream:77 - [STDOUT_REDIRECT] 
2025-12-16 21:50:14,070 [ERROR] ConfigurationRetriever:142 - IOException on connection: sw-center.st.com
2025-12-16 21:50:14,071 [ERROR] ConfigurationRetriever:142 - IOException on connection: sw-center.st.com
2025-12-16 21:50:14,072 [ERROR] ConfigurationRetriever:142 - IOException on connection: sw-center.st.com
2025-12-16 21:50:16,321 [INFO] ApplicationProperties:184 - Using Application install path: D:\Programy Potrzebne\STM32CubeIDE_Folder\STM32CubeIDE_1.19.0\STM32CubeIDE\plugins\com.st.stm32cube.common.mx_6.15.0.202507011659
2025-12-16 21:50:16,351 [INFO] DbMcusXml:78 - Set database path to: D:\Programy Potrzebne\STM32CubeIDE_Folder\STM32CubeIDE_1.19.0\STM32CubeIDE\plugins\com.st.stm32cube.common.mx_6.15.0.202507011659\\db\/mcu/
2025-12-16 21:50:16,352 [INFO] ApiDb:274 - Set plugin database path to: D:\Programy Potrzebne\STM32CubeIDE_Folder\STM32CubeIDE_1.19.0\STM32CubeIDE\plugins\com.st.stm32cube.common.mx_6.15.0.202507011659\\db\/plugins/boardmanager/
2025-12-16 21:50:16,352 [WARN] ApiDb:259 - Overriding images path with different value:  => D:\Programy Potrzebne\STM32CubeIDE_Folder\STM32CubeIDE_1.19.0\STM32CubeIDE\plugins\com.st.stm32cube.common.mx_6.15.0.202507011659\\db\/plugins/mcufinder/images/
2025-12-16 21:50:16,366 [INFO] ApiDb:250 - Set database path to: C:\Users\dryla\.stmcufinder\plugins\mcufinder//mcu/
2025-12-16 21:50:16,368 [INFO] DbMcusAds:125 - Set database path to: C:\Users\dryla\.stmcufinder\plugins\mcufinder//mcu/
2025-12-16 21:50:16,372 [INFO] CrossReferenceDbSqlite:203 - Set database path to: C:\Users\dryla\.stmcufinder\plugins\mcufinder//mcu/cs/
2025-12-16 21:50:16,581 [INFO] RulesReader:64 - Compatibility file has been processed (317 Rules)
2025-12-16 21:50:16,741 [INFO] DbMcusXml:78 - Set database path to: D:\Programy Potrzebne\STM32CubeIDE_Folder\STM32CubeIDE_1.19.0\STM32CubeIDE\plugins\com.st.stm32cube.common.mx_6.15.0.202507011659\\db\/mcu/
2025-12-16 21:50:16,741 [INFO] ApiDb:274 - Set plugin database path to: D:\Programy Potrzebne\STM32CubeIDE_Folder\STM32CubeIDE_1.19.0\STM32CubeIDE\plugins\com.st.stm32cube.common.mx_6.15.0.202507011659\\db\/plugins/boardmanager/
2025-12-16 21:50:16,742 [INFO] ApiDb:261 - Set plugin images path to: D:\Programy Potrzebne\STM32CubeIDE_Folder\STM32CubeIDE_1.19.0\STM32CubeIDE\plugins\com.st.stm32cube.common.mx_6.15.0.202507011659\\db\/plugins/mcufinder/images/
2025-12-16 21:50:16,742 [WARN] DbFile:41 - Overriding database path with different value: C:\Users\dryla\.stmcufinder\plugins\mcufinder/ => C:\Users\dryla\.stmcufinder\plugins\mcufinder
2025-12-16 21:50:16,742 [INFO] ApiDb:250 - Set database path to: C:\Users\dryla\.stmcufinder\plugins\mcufinder//mcu/
2025-12-16 21:50:16,742 [WARN] DbFile:41 - Overriding database path with different value: C:\Users\dryla\.stmcufinder\plugins\mcufinder/ => C:\Users\dryla\.stmcufinder\plugins\mcufinder
2025-12-16 21:50:16,742 [INFO] DbMcusAds:125 - Set database path to: C:\Users\dryla\.stmcufinder\plugins\mcufinder//mcu/
2025-12-16 21:50:16,742 [WARN] DbFile:41 - Overriding database path with different value: C:\Users\dryla\.stmcufinder\plugins\mcufinder/ => C:\Users\dryla\.stmcufinder\plugins\mcufinder
2025-12-16 21:50:16,743 [WARN] DbFile:41 - Overriding database path with different value: C:\Users\dryla\.stmcufinder\plugins\mcufinder/ => C:\Users\dryla\.stmcufinder\plugins\mcufinder
2025-12-16 21:50:16,743 [INFO] CrossReferenceDbSqlite:203 - Set database path to: C:\Users\dryla\.stmcufinder\plugins\mcufinder//mcu/cs/
2025-12-16 21:50:16,887 [INFO] MainPanel:274 - HeapMemory: 268435456
2025-12-16 21:50:17,103 [INFO] DbMcusXml:78 - Set database path to: D:\Programy Potrzebne\STM32CubeIDE_Folder\STM32CubeIDE_1.19.0\STM32CubeIDE\plugins\com.st.stm32cube.common.mx_6.15.0.202507011659\\db\/mcu/
2025-12-16 21:50:17,104 [INFO] ApiDb:274 - Set plugin database path to: D:\Programy Potrzebne\STM32CubeIDE_Folder\STM32CubeIDE_1.19.0\STM32CubeIDE\plugins\com.st.stm32cube.common.mx_6.15.0.202507011659\\db\/plugins/boardmanager/
2025-12-16 21:50:17,104 [INFO] ApiDb:261 - Set plugin images path to: D:\Programy Potrzebne\STM32CubeIDE_Folder\STM32CubeIDE_1.19.0\STM32CubeIDE\plugins\com.st.stm32cube.common.mx_6.15.0.202507011659\\db\/plugins/mcufinder/images/
2025-12-16 21:50:17,105 [WARN] DbFile:41 - Overriding database path with different value: C:\Users\dryla\.stmcufinder\plugins\mcufinder/ => C:\Users\dryla\.stmcufinder\plugins\mcufinder
2025-12-16 21:50:17,105 [INFO] ApiDb:250 - Set database path to: C:\Users\dryla\.stmcufinder\plugins\mcufinder//mcu/
2025-12-16 21:50:17,105 [WARN] DbFile:41 - Overriding database path with different value: C:\Users\dryla\.stmcufinder\plugins\mcufinder/ => C:\Users\dryla\.stmcufinder\plugins\mcufinder
2025-12-16 21:50:17,105 [INFO] DbMcusAds:125 - Set database path to: C:\Users\dryla\.stmcufinder\plugins\mcufinder//mcu/
2025-12-16 21:50:17,105 [WARN] DbFile:41 - Overriding database path with different value: C:\Users\dryla\.stmcufinder\plugins\mcufinder/ => C:\Users\dryla\.stmcufinder\plugins\mcufinder
2025-12-16 21:50:17,106 [WARN] DbFile:41 - Overriding database path with different value: C:\Users\dryla\.stmcufinder\plugins\mcufinder/ => C:\Users\dryla\.stmcufinder\plugins\mcufinder
2025-12-16 21:50:17,106 [INFO] CrossReferenceDbSqlite:203 - Set database path to: C:\Users\dryla\.stmcufinder\plugins\mcufinder//mcu/cs/
2025-12-16 21:50:17,137 [INFO] ApplicationProperties:184 - Using Application install path: D:\Programy Potrzebne\STM32CubeIDE_Folder\STM32CubeIDE_1.19.0\STM32CubeIDE\plugins\com.st.stm32cube.common.mx_6.15.0.202507011659
2025-12-16 21:50:17,139 [INFO] PluginManage:196 - Search for loadable plugins [exclusion list=, ]
2025-12-16 21:50:17,142 [INFO] PluginManage:310 - Check plugin analytics
2025-12-16 21:50:17,521 [INFO] AnalyticsPlugin:253 - Accepted Software Licenses: 
2025-12-16 21:50:17,521 [INFO] AnalyticsPlugin:255 - Accepted CMSIS Pack Licenses: 
2025-12-16 21:50:17,521 [INFO] AnalyticsPlugin:257 - Accepted Firmware Licenses: FW.F4.1.28.0,FW.G4.1.6.0
2025-12-16 21:50:17,521 [ERROR] ConfigurationRetriever:142 - IOException on connection: sw-center.st.com
2025-12-16 21:50:17,521 [ERROR] ConfigurationRetriever:142 - IOException on connection: sw-center.st.com
2025-12-16 21:50:17,521 [ERROR] ConfigurationRetriever:142 - IOException on connection: sw-center.st.com
2025-12-16 21:50:17,521 [INFO] PluginManage:359 - Loaded plugin analytics (category:tool,tabindex:-1)
2025-12-16 21:50:17,534 [INFO] PluginManage:310 - Check plugin cadmodel
2025-12-16 21:50:17,538 [INFO] CADModel:105 - Init CAD model plugin
2025-12-16 21:50:17,538 [INFO] PluginManage:359 - Loaded plugin cadmodel (category:power,tabindex:5)
2025-12-16 21:50:17,538 [INFO] PluginManage:310 - Check plugin clock
2025-12-16 21:50:17,563 [INFO] PluginManage:359 - Loaded plugin clock (category:base,tabindex:2)
2025-12-16 21:50:17,563 [INFO] PluginManage:310 - Check plugin ddr
2025-12-16 21:50:17,568 [INFO] PluginManage:359 - Loaded plugin ddr (category:tool,tabindex:6)
2025-12-16 21:50:17,568 [INFO] PluginManage:310 - Check plugin filemanager
2025-12-16 21:50:17,837 [INFO] PluginManage:359 - Loaded plugin filemanager (category:base,tabindex:10)
2025-12-16 21:50:17,837 [INFO] PluginManage:310 - Check plugin ipmanager
2025-12-16 21:50:17,849 [INFO] PluginManage:359 - Loaded plugin ipmanager (category:base,tabindex:5)
2025-12-16 21:50:17,849 [INFO] PluginManage:310 - Check plugin lpbam
2025-12-16 21:50:17,849 [INFO] PluginManage:359 - Loaded plugin lpbam (category:base,tabindex:0)
2025-12-16 21:50:17,849 [INFO] PluginManage:310 - Check plugin memorymap
2025-12-16 21:50:17,880 [INFO] PluginManage:359 - Loaded plugin memorymap (category:base,tabindex:4)
2025-12-16 21:50:17,880 [INFO] PluginManage:310 - Check plugin pinoutandconfiguration
2025-12-16 21:50:17,880 [INFO] PluginManage:359 - Loaded plugin pinoutandconfiguration (category:base,tabindex:1)
2025-12-16 21:50:17,880 [INFO] PluginManage:310 - Check plugin pinoutconfig
2025-12-16 21:50:18,077 [WARN] SupportedApi:132 - Cannot load RTOS API schema: s4s-elt-must-match.1: The content of 'definitions' must match (annotation?, (simpleType | complexType)?, (unique | key | keyref)*)). A problem was found starting at: attribute.
2025-12-16 21:50:18,460 [INFO] PluginManage:359 - Loaded plugin pinoutconfig (category:base,tabindex:0)
2025-12-16 21:50:18,460 [INFO] PluginManage:310 - Check plugin power
2025-12-16 21:50:18,485 [INFO] PluginManage:359 - Loaded plugin power (category:power,tabindex:4)
2025-12-16 21:50:18,485 [INFO] PluginManage:310 - Check plugin projectmanager
2025-12-16 21:50:18,516 [INFO] PluginManage:359 - Loaded plugin projectmanager (category:projectmanager,tabindex:4)
2025-12-16 21:50:18,516 [INFO] PluginManage:310 - Check plugin rif
2025-12-16 21:50:18,548 [INFO] PluginManage:359 - Loaded plugin rif (category:base,tabindex:3)
2025-12-16 21:50:18,548 [INFO] PluginManage:310 - Check plugin thirdparty
2025-12-16 21:50:18,897 [WARN] IntegrityCheckThread:84 - waiting for thirdparty lock release [integrity check]
2025-12-16 21:50:18,897 [INFO] IntegrityCheckThread:86 - entering critical section [integrity check]
2025-12-16 21:50:18,897 [INFO] ThirdPartyUpdaterWithRetryManager:70 - Updater plugin not ready yet. [1/15]
2025-12-16 21:50:18,897 [INFO] PluginManage:359 - Loaded plugin thirdparty (category:base,tabindex:-1)
2025-12-16 21:50:18,897 [INFO] PluginManage:310 - Check plugin tools
2025-12-16 21:50:18,897 [INFO] PluginManage:359 - Loaded plugin tools (category:base,tabindex:7)
2025-12-16 21:50:18,897 [INFO] PluginManage:310 - Check plugin tutovideos
2025-12-16 21:50:19,293 [INFO] PluginManage:359 - Loaded plugin tutovideos (category:base,tabindex:-1)
2025-12-16 21:50:19,293 [INFO] PluginManage:310 - Check plugin updater
2025-12-16 21:50:19,324 [INFO] PluginManage:359 - Loaded plugin updater (category:base,tabindex:12)
2025-12-16 21:50:19,324 [INFO] PluginManage:310 - Check plugin userauth
2025-12-16 21:50:19,324 [INFO] UserAuth:118 - Init User Auth plugin
2025-12-16 21:50:19,324 [INFO] PluginManage:359 - Loaded plugin userauth (category:base,tabindex:14)
2025-12-16 21:50:19,324 [INFO] PluginManage:283 - PluginManage : Loaded plugins [18]
2025-12-16 21:50:19,706 [INFO] PinOutPanel:1589 - setPackage(No Configuration,No Configuration)
2025-12-16 21:50:19,833 [INFO] CADModel:165 - CPN selected for project level
2025-12-16 21:50:19,833 [INFO] CADModel:114 - Register for checkConnection events
2025-12-16 21:50:19,864 [INFO] IPUIPlugin:80 - create IPUIPlugin
2025-12-16 21:50:19,864 [INFO] PluginManager:220 - loadIPPluginJar : add adc
2025-12-16 21:50:19,864 [INFO] IPUIPlugin:80 - create IPUIPlugin
2025-12-16 21:50:19,864 [INFO] PluginManager:220 - loadIPPluginJar : add aes
2025-12-16 21:50:19,864 [INFO] IPUIPlugin:80 - create IPUIPlugin
2025-12-16 21:50:19,864 [INFO] PluginManager:220 - loadIPPluginJar : add can
2025-12-16 21:50:19,864 [INFO] IPUIPlugin:80 - create IPUIPlugin
2025-12-16 21:50:19,864 [INFO] PluginManager:220 - loadIPPluginJar : add comp
2025-12-16 21:50:19,880 [INFO] IPUIPlugin:80 - create IPUIPlugin
2025-12-16 21:50:19,880 [INFO] PluginManager:220 - loadIPPluginJar : add cryp
2025-12-16 21:50:19,880 [INFO] IPUIPlugin:80 - create IPUIPlugin
2025-12-16 21:50:19,880 [INFO] PluginManager:220 - loadIPPluginJar : add ddr_ctrl_phy
2025-12-16 21:50:19,880 [INFO] IPUIPlugin:80 - create IPUIPlugin
2025-12-16 21:50:19,880 [INFO] PluginManager:220 - loadIPPluginJar : add dfsdm
2025-12-16 21:50:19,896 [INFO] IPUIPlugin:80 - create IPUIPlugin
2025-12-16 21:50:19,896 [INFO] PluginManager:220 - loadIPPluginJar : add dma
2025-12-16 21:50:19,896 [INFO] IPUIPlugin:80 - create IPUIPlugin
2025-12-16 21:50:19,896 [INFO] PluginManager:220 - loadIPPluginJar : add dma3
2025-12-16 21:50:19,896 [INFO] IPUIPlugin:80 - create IPUIPlugin
2025-12-16 21:50:19,896 [INFO] PluginManager:220 - loadIPPluginJar : add extmemmanager
2025-12-16 21:50:19,896 [INFO] IPUIPlugin:80 - create IPUIPlugin
2025-12-16 21:50:19,896 [INFO] PluginManager:220 - loadIPPluginJar : add fatfs
2025-12-16 21:50:19,911 [INFO] IPUIPlugin:80 - create IPUIPlugin
2025-12-16 21:50:19,911 [INFO] PluginManager:220 - loadIPPluginJar : add fmc
2025-12-16 21:50:19,927 [INFO] IPUIPlugin:80 - create IPUIPlugin
2025-12-16 21:50:19,927 [INFO] PluginManager:220 - loadIPPluginJar : add freertos
2025-12-16 21:50:19,927 [INFO] IPUIPlugin:80 - create IPUIPlugin
2025-12-16 21:50:19,927 [INFO] PluginManager:220 - loadIPPluginJar : add genericplugin
2025-12-16 21:50:19,943 [INFO] IPUIPlugin:80 - create IPUIPlugin
2025-12-16 21:50:19,943 [INFO] PluginManager:220 - loadIPPluginJar : add gfxmmu
2025-12-16 21:50:19,943 [INFO] IPUIPlugin:80 - create IPUIPlugin
2025-12-16 21:50:19,943 [INFO] PluginManager:220 - loadIPPluginJar : add gic
2025-12-16 21:50:19,943 [INFO] IPUIPlugin:80 - create IPUIPlugin
2025-12-16 21:50:19,943 [INFO] PluginManager:220 - loadIPPluginJar : add gpio
2025-12-16 21:50:19,959 [INFO] IPUIPlugin:80 - create IPUIPlugin
2025-12-16 21:50:19,959 [INFO] PluginManager:220 - loadIPPluginJar : add gtzc
2025-12-16 21:50:19,959 [INFO] IPUIPlugin:80 - create IPUIPlugin
2025-12-16 21:50:19,959 [INFO] PluginManager:220 - loadIPPluginJar : add hash
2025-12-16 21:50:19,959 [INFO] IPUIPlugin:80 - create IPUIPlugin
2025-12-16 21:50:19,975 [INFO] PluginManager:220 - loadIPPluginJar : add i2c
2025-12-16 21:50:19,975 [INFO] IPUIPlugin:80 - create IPUIPlugin
2025-12-16 21:50:19,975 [INFO] PluginManager:220 - loadIPPluginJar : add i2s
2025-12-16 21:50:19,975 [INFO] IPUIPlugin:80 - create IPUIPlugin
2025-12-16 21:50:19,975 [INFO] PluginManager:220 - loadIPPluginJar : add i3c
2025-12-16 21:50:19,975 [INFO] IPUIPlugin:80 - create IPUIPlugin
2025-12-16 21:50:19,975 [INFO] PluginManager:220 - loadIPPluginJar : add ipddr
2025-12-16 21:50:19,991 [INFO] IPUIPlugin:80 - create IPUIPlugin
2025-12-16 21:50:19,991 [INFO] PluginManager:220 - loadIPPluginJar : add linkedlist
2025-12-16 21:50:19,991 [INFO] IPUIPlugin:80 - create IPUIPlugin
2025-12-16 21:50:19,991 [INFO] PluginManager:220 - loadIPPluginJar : add lorawan
2025-12-16 21:50:20,007 [INFO] IPUIPlugin:80 - create IPUIPlugin
2025-12-16 21:50:20,007 [INFO] PluginManager:220 - loadIPPluginJar : add ltdc
2025-12-16 21:50:20,007 [INFO] IPUIPlugin:80 - create IPUIPlugin
2025-12-16 21:50:20,007 [INFO] PluginManager:220 - loadIPPluginJar : add mdma
2025-12-16 21:50:20,007 [INFO] IPUIPlugin:80 - create IPUIPlugin
2025-12-16 21:50:20,007 [INFO] PluginManager:220 - loadIPPluginJar : add nvic
2025-12-16 21:50:20,023 [INFO] IPUIPlugin:80 - create IPUIPlugin
2025-12-16 21:50:20,023 [INFO] PluginManager:220 - loadIPPluginJar : add opamp
2025-12-16 21:50:20,023 [INFO] IPUIPlugin:80 - create IPUIPlugin
2025-12-16 21:50:20,023 [INFO] PluginManager:220 - loadIPPluginJar : add openamp
2025-12-16 21:50:20,023 [INFO] IPUIPlugin:80 - create IPUIPlugin
2025-12-16 21:50:20,023 [INFO] PluginManager:220 - loadIPPluginJar : add pdm2pcm
2025-12-16 21:50:20,039 [INFO] IPUIPlugin:80 - create IPUIPlugin
2025-12-16 21:50:20,039 [INFO] PluginManager:220 - loadIPPluginJar : add plateformsettings
2025-12-16 21:50:20,039 [INFO] IPUIPlugin:80 - create IPUIPlugin
2025-12-16 21:50:20,039 [INFO] PluginManager:220 - loadIPPluginJar : add quadspi
2025-12-16 21:50:20,055 [INFO] IPUIPlugin:80 - create IPUIPlugin
2025-12-16 21:50:20,055 [INFO] PluginManager:220 - loadIPPluginJar : add radio
2025-12-16 21:50:20,055 [INFO] IPUIPlugin:80 - create IPUIPlugin
2025-12-16 21:50:20,055 [INFO] PluginManager:220 - loadIPPluginJar : add resmgrutility
2025-12-16 21:50:20,055 [INFO] IPUIPlugin:80 - create IPUIPlugin
2025-12-16 21:50:20,055 [INFO] PluginManager:220 - loadIPPluginJar : add sai
2025-12-16 21:50:20,071 [INFO] IPUIPlugin:80 - create IPUIPlugin
2025-12-16 21:50:20,071 [INFO] PluginManager:220 - loadIPPluginJar : add spi
2025-12-16 21:50:20,071 [INFO] IPUIPlugin:80 - create IPUIPlugin
2025-12-16 21:50:20,071 [INFO] PluginManager:220 - loadIPPluginJar : add stm32_wpan
2025-12-16 21:50:20,071 [INFO] IPUIPlugin:80 - create IPUIPlugin
2025-12-16 21:50:20,071 [INFO] PluginManager:220 - loadIPPluginJar : add tim
2025-12-16 21:50:20,086 [INFO] IPUIPlugin:80 - create IPUIPlugin
2025-12-16 21:50:20,086 [INFO] PluginManager:220 - loadIPPluginJar : add touchsensing
2025-12-16 21:50:20,086 [INFO] IPUIPlugin:80 - create IPUIPlugin
2025-12-16 21:50:20,086 [INFO] PluginManager:220 - loadIPPluginJar : add tracer_emb
2025-12-16 21:50:20,086 [INFO] IPUIPlugin:80 - create IPUIPlugin
2025-12-16 21:50:20,086 [INFO] PluginManager:220 - loadIPPluginJar : add ts
2025-12-16 21:50:20,102 [INFO] IPUIPlugin:80 - create IPUIPlugin
2025-12-16 21:50:20,102 [INFO] PluginManager:220 - loadIPPluginJar : add tsc
2025-12-16 21:50:20,102 [INFO] IPUIPlugin:80 - create IPUIPlugin
2025-12-16 21:50:20,102 [INFO] PluginManager:220 - loadIPPluginJar : add ucpd
2025-12-16 21:50:20,102 [INFO] IPUIPlugin:80 - create IPUIPlugin
2025-12-16 21:50:20,102 [INFO] PluginManager:220 - loadIPPluginJar : add usart
2025-12-16 21:50:20,102 [INFO] IPUIPlugin:80 - create IPUIPlugin
2025-12-16 21:50:20,102 [INFO] PluginManager:220 - loadIPPluginJar : add usbx
2025-12-16 21:50:20,297 [FATAL] Updater:351 - Updater called before beeing initialized
2025-12-16 21:50:20,327 [INFO] RulesReader:64 - Compatibility file has been processed (317 Rules)
2025-12-16 21:50:20,359 [INFO] RulesReader:64 - Compatibility file has been processed (317 Rules)
2025-12-16 21:50:20,375 [INFO] CADModel:165 - CPN selected for project level
2025-12-16 21:50:20,375 [INFO] CADModel:114 - Register for checkConnection events
2025-12-16 21:50:20,375 [FATAL] Updater:351 - Updater called before beeing initialized
2025-12-16 21:50:20,375 [ERROR] CADModel:125 - Updater not yet initialized, retry later 
2025-12-16 21:50:20,719 [FATAL] Updater:351 - Updater called before beeing initialized
2025-12-16 21:50:20,729 [INFO] CADModel:165 - CPN selected for project level
2025-12-16 21:50:20,729 [INFO] CADModel:114 - Register for checkConnection events
2025-12-16 21:50:20,729 [FATAL] Updater:351 - Updater called before beeing initialized
2025-12-16 21:50:20,729 [ERROR] CADModel:125 - Updater not yet initialized, retry later 
2025-12-16 21:50:20,729 [FATAL] Updater:351 - Updater called before beeing initialized
2025-12-16 21:50:20,994 [FATAL] Updater:351 - Updater called before beeing initialized
2025-12-16 21:50:20,997 [INFO] DbMcusAds:53 - JSON generation date=Fri Dec 05 10:13:14 CET 2025 (1764925994568)
2025-12-16 21:50:20,997 [FATAL] Updater:351 - Updater called before beeing initialized
2025-12-16 21:50:21,060 [WARN] DetailPanel:346 - Failed to get advertising image, set to default
2025-12-16 21:50:21,218 [FATAL] Updater:351 - Updater called before beeing initialized
2025-12-16 21:50:21,218 [FATAL] Updater:351 - Updater called before beeing initialized
2025-12-16 21:50:21,218 [FATAL] Updater:351 - Updater called before beeing initialized
2025-12-16 21:50:21,218 [WARN] DetailPanel:346 - Failed to get advertising image, set to default
2025-12-16 21:50:21,218 [FATAL] Updater:351 - Updater called before beeing initialized
2025-12-16 21:50:21,301 [ERROR] Updater:1198 - MainUpdater not yet initialized. External WinMGr cannot be set.
2025-12-16 21:50:21,317 [INFO] Updater:1134 - Updater Version found : 6.15.0
2025-12-16 21:50:21,333 [INFO] ApplicationProperties:184 - Using Application install path: D:\Programy Potrzebne\STM32CubeIDE_Folder\STM32CubeIDE_1.19.0\STM32CubeIDE\plugins\com.st.stm32cube.common.mx_6.15.0.202507011659
2025-12-16 21:50:21,905 [INFO] ThirdPartyUpdaterWithRetryManager:70 - Updater plugin not ready yet. [2/15]
2025-12-16 21:50:22,953 [ERROR] LogOutputStream:75 - [STDERR_REDIRECT] Dec 16, 2025 9:50:22 PM java.util.prefs.WindowsPreferences <init>
2025-12-16 21:50:22,955 [ERROR] LogOutputStream:75 - [STDERR_REDIRECT] WARNING: Could not open/create prefs root node Software\JavaSoft\Prefs at root 0xffffffff80000002. Windows RegCreateKeyEx(...) returned error code 5.
2025-12-16 21:50:22,955 [ERROR] LogOutputStream:75 - [STDERR_REDIRECT] 
2025-12-16 21:50:23,414 [INFO] MainUpdater:2872 - connection check result : 22
2025-12-16 21:50:23,414 [INFO] MainUpdater:289 - Updater Check For Update Now.
2025-12-16 21:50:23,414 [INFO] MicroXplorer:498 - Change Database Version : DB.6.0.150
2025-12-16 21:50:23,437 [INFO] McuFinderGlobals:63 - Set McuFinder mode to 2 (CubeIDE integrated)
2025-12-16 21:50:23,437 [INFO] UserAuth:171 - activating auth plugin
2025-12-16 21:50:23,443 [INFO] UserAuth:487 - Internet connection configuration mode: 2
2025-12-16 21:50:23,467 [INFO] UserAuth:487 - Internet connection configuration mode: 2
2025-12-16 21:50:23,667 [INFO] CheckServerUpdateThread:120 - End of CheckServer Thread
2025-12-16 21:50:25,300 [WARN] PackLoader:240 - Cannot read IP mode file for STMicroelectronics.FP-SNS-MOTENVWB1.1.4.0
2025-12-16 21:50:25,317 [WARN] PackLoader:240 - Cannot read IP mode file for STMicroelectronics.FP-ATR-ASTRA1.2.0.2
2025-12-16 21:50:25,332 [WARN] PackLoader:240 - Cannot read IP mode file for STMicroelectronics.X-CUBE-SMBUS.2.1.0
2025-12-16 21:50:25,386 [WARN] PackLoader:240 - Cannot read IP mode file for STMicroelectronics.X-CUBE-AZRTOS-F7.1.1.0
2025-12-16 21:50:25,398 [WARN] PackLoader:240 - Cannot read IP mode file for Cesanta.I-CUBE-Mongoose.7.19.0
2025-12-16 21:50:25,422 [WARN] PackLoader:240 - Cannot read IP mode file for WES.I-CUBE-Cesium.1.4.0
2025-12-16 21:50:25,470 [WARN] PackLoader:240 - Cannot read IP mode file for Infineon.AIROC-Wi-Fi-Bluetooth-STM32.1.7.1
2025-12-16 21:50:25,539 [WARN] PackLoader:240 - Cannot read IP mode file for STMicroelectronics.X-CUBE-AZRTOS-H7.3.4.0
2025-12-16 21:50:25,559 [WARN] PackLoader:240 - Cannot read IP mode file for STMicroelectronics.X-CUBE-DISPLAY.3.0.0
2025-12-16 21:50:25,586 [WARN] PackLoader:240 - Cannot read IP mode file for STMicroelectronics.X-CUBE-NFC10.1.0.0
2025-12-16 21:50:25,598 [WARN] PackLoader:240 - Cannot read IP mode file for STMicroelectronics.X-CUBE-ST60.1.1.0
2025-12-16 21:50:25,607 [WARN] PackLoader:240 - Cannot read IP mode file for emotas.I-CUBE-CANOPEN.1.3.0
2025-12-16 21:50:25,615 [WARN] PackLoader:240 - Cannot read IP mode file for STMicroelectronics.FP-SNS-SMARTAG2.1.2.0
2025-12-16 21:50:25,623 [WARN] PackLoader:240 - Cannot read IP mode file for STMicroelectronics.FP-SNS-FLIGHT1.5.1.0
2025-12-16 21:50:25,637 [INFO] LogOutputStream:77 - [STDOUT_REDIRECT] 1 : Invalid condition id : UX_CORESTACK_Condition cause : null
2025-12-16 21:50:25,638 [INFO] LogOutputStream:77 - [STDOUT_REDIRECT] 1 : Invalid condition id : UX_CORESTACK_Condition cause : null
2025-12-16 21:50:25,641 [INFO] LogOutputStream:77 - [STDOUT_REDIRECT] 1 : Invalid condition id : UX_CORESTACK_Condition cause : null
2025-12-16 21:50:25,645 [INFO] LogOutputStream:77 - [STDOUT_REDIRECT] 1 : Invalid condition id : UX_CORESTACK_Condition cause : null
2025-12-16 21:50:25,646 [INFO] LogOutputStream:77 - [STDOUT_REDIRECT] 1 : Invalid condition id : UX_CORESTACK_Condition cause : null
2025-12-16 21:50:25,650 [WARN] PackLoader:240 - Cannot read IP mode file for STMicroelectronics.X-CUBE-AZRTOS-WL.2.0.0
2025-12-16 21:50:25,682 [WARN] PackLoader:240 - Cannot read IP mode file for STMicroelectronics.X-CUBE-AZRTOS-H7RS.1.2.0
2025-12-16 21:50:25,694 [WARN] PackLoader:240 - Cannot read IP mode file for STMicroelectronics.X-CUBE-BLE2.3.3.0
2025-12-16 21:50:25,704 [WARN] PackLoader:240 - Cannot read IP mode file for STMicroelectronics.X-CUBE-NFC9.1.0.0
2025-12-16 21:50:25,713 [WARN] PackLoader:240 - Cannot read IP mode file for wolfSSL.I-CUBE-wolfSSL.5.8.2
2025-12-16 21:50:25,720 [WARN] PackLoader:240 - Cannot read IP mode file for STMicroelectronics.X-CUBE-BLE1.7.1.0
2025-12-16 21:50:25,727 [WARN] PackLoader:240 - Cannot read IP mode file for wolfSSL.I-CUBE-wolfMQTT.1.19.2
2025-12-16 21:50:25,734 [WARN] PackLoader:240 - Cannot read IP mode file for STMicroelectronics.X-CUBE-FREERTOS.1.4.0
2025-12-16 21:50:25,742 [WARN] PackLoader:240 - Cannot read IP mode file for STMicroelectronics.X-CUBE-ST67W61.1.1.0
2025-12-16 21:50:25,798 [WARN] PackLoader:240 - Cannot read IP mode file for STMicroelectronics.X-CUBE-MEMS1.12.0.0
2025-12-16 21:50:25,964 [WARN] PackLoader:240 - Cannot read IP mode file for STMicroelectronics.X-CUBE-AZRTOS-G0.1.1.0
2025-12-16 21:50:25,974 [WARN] PackLoader:240 - Cannot read IP mode file for STMicroelectronics.X-CUBE-NFC4.3.0.0
2025-12-16 21:50:25,987 [WARN] PackLoader:240 - Cannot read IP mode file for EmbeddedOffice.I-CUBE-FS-RTOS.1.0.1
2025-12-16 21:50:25,996 [WARN] PackLoader:240 - Cannot read IP mode file for STMicroelectronics.X-CUBE-WB05N.2.0.0
2025-12-16 21:50:26,001 [WARN] PackLoader:240 - Cannot read IP mode file for wolfSSL.I-CUBE-wolfTPM.3.8.0
2025-12-16 21:50:26,010 [WARN] PackLoader:240 - Cannot read IP mode file for STMicroelectronics.X-CUBE-TCPP.4.2.0
2025-12-16 21:50:26,020 [WARN] PackLoader:240 - Cannot read IP mode file for RealThread.X-CUBE-RT-Thread_Nano.4.1.1
2025-12-16 21:50:26,026 [WARN] PackLoader:240 - Cannot read IP mode file for STMicroelectronics.FP-ATR-SIGFOX1.3.2.0
2025-12-16 21:50:26,036 [WARN] PackLoader:240 - Cannot read IP mode file for ITTIA_DB.I-CUBE-ITTIADB.8.9.0
2025-12-16 21:50:26,079 [WARN] PackLoader:240 - Cannot read IP mode file for SEGGER.I-CUBE-embOS.1.3.1
2025-12-16 21:50:26,171 [WARN] PackLoader:240 - Cannot read IP mode file for STMicroelectronics.X-CUBE-ALGOBUILD.1.4.0
2025-12-16 21:50:26,313 [WARN] PackLoader:240 - Cannot read IP mode file for STMicroelectronics.X-CUBE-MEMS1.11.3.0
2025-12-16 21:50:26,512 [WARN] PackLoader:240 - Cannot read IP mode file for STMicroelectronics.X-CUBE-PM33A1.1.0.0
2025-12-16 21:50:26,533 [WARN] PackLoader:240 - Cannot read IP mode file for STMicroelectronics.X-CUBE-AZRTOS-F4.1.1.0
2025-12-16 21:50:26,542 [WARN] PackLoader:240 - Cannot read IP mode file for STMicroelectronics.X-CUBE-ISPU.2.1.0
2025-12-16 21:50:26,559 [WARN] PackLoader:240 - Cannot read IP mode file for STMicroelectronics.X-CUBE-IPS.3.2.0
2025-12-16 21:50:26,573 [WARN] PackLoader:240 - Cannot read IP mode file for STMicroelectronics.X-CUBE-NFC12.1.0.0
2025-12-16 21:50:26,596 [WARN] PackLoader:240 - Cannot read IP mode file for STMicroelectronics.X-CUBE-AZRTOS-L5.2.0.0
2025-12-16 21:50:26,607 [WARN] PackLoader:240 - Cannot read IP mode file for STMicroelectronics.X-CUBE-NFC6.3.1.0
2025-12-16 21:50:26,615 [WARN] PackLoader:240 - Cannot read IP mode file for STMicroelectronics.X-CUBE-FREERTOS.1.3.1
2025-12-16 21:50:26,624 [WARN] PackLoader:240 - Cannot read IP mode file for STMicroelectronics.X-CUBE-TOUCHGFX.4.26.0
2025-12-16 21:50:26,632 [WARN] PackLoader:240 - Cannot read IP mode file for STMicroelectronics.X-CUBE-DPower.1.3.0
2025-12-16 21:50:26,658 [WARN] ConditionMgr:438 - getConditionDescription Invalid condition id : LAN8742 Phy interface Condition cause : null
2025-12-16 21:50:26,658 [WARN] PackLoader:240 - Cannot read IP mode file for STMicroelectronics.X-CUBE-AZRTOS-L4.2.0.0
2025-12-16 21:50:26,659 [WARN] ConditionMgr:1044 - genDependencies : Invalid condition id : LAN8742 Phy interface Condition cause : null
2025-12-16 21:50:26,659 [WARN] ConditionMgr:1044 - genDependencies : Invalid condition id : LAN8742 Phy interface Condition cause : null
2025-12-16 21:50:26,660 [WARN] ConditionMgr:1044 - genDependencies : Invalid condition id : LAN8742 Phy interface Condition cause : null
2025-12-16 21:50:26,669 [WARN] PackLoader:240 - Cannot read IP mode file for STMicroelectronics.X-CUBE-SFXS2LP1.4.0.0
2025-12-16 21:50:26,685 [WARN] ConditionMgr:438 - getConditionDescription Invalid condition id : UX DEVICE CLASS RTOS Condition cause : null
2025-12-16 21:50:26,686 [WARN] ConditionMgr:438 - getConditionDescription Invalid condition id : UX DEVICE CLASS RTOS Condition cause : null
2025-12-16 21:50:26,688 [WARN] PackLoader:240 - Cannot read IP mode file for STMicroelectronics.X-CUBE-AZRTOS-WB.2.0.0
2025-12-16 21:50:26,689 [WARN] ConditionMgr:1044 - genDependencies : Invalid condition id : UX DEVICE CLASS RTOS Condition cause : null
2025-12-16 21:50:26,689 [WARN] ConditionMgr:1044 - genDependencies : Invalid condition id : UX DEVICE CLASS RTOS Condition cause : null
2025-12-16 21:50:26,689 [WARN] ConditionMgr:1044 - genDependencies : Invalid condition id : UX DEVICE CLASS RTOS Condition cause : null
2025-12-16 21:50:26,689 [WARN] ConditionMgr:1044 - genDependencies : Invalid condition id : UX DEVICE CLASS RTOS Condition cause : null
2025-12-16 21:50:26,690 [WARN] ConditionMgr:1044 - genDependencies : Invalid condition id : UX DEVICE CLASS RTOS Condition cause : null
2025-12-16 21:50:26,697 [WARN] ConditionMgr:438 - getConditionDescription Invalid condition id : Cortex-A Device cause : null
2025-12-16 21:50:26,712 [WARN] ConditionMgr:1044 - genDependencies : Invalid condition id : Cortex-A Device cause : null
2025-12-16 21:50:26,712 [WARN] ConditionMgr:1044 - genDependencies : Invalid condition id : Cortex-A Device cause : null
2025-12-16 21:50:26,712 [WARN] ConditionMgr:1044 - genDependencies : Invalid condition id : Cortex-A Device cause : null
2025-12-16 21:50:26,723 [WARN] PackLoader:240 - Cannot read IP mode file for STMicroelectronics.X-CUBE-SUBG2.5.0.0
2025-12-16 21:50:26,746 [WARN] PackLoader:240 - Cannot read IP mode file for STMicroelectronics.X-CUBE-AZRTOS-H7RS.1.1.0
2025-12-16 21:50:26,772 [WARN] PackLoader:240 - Cannot read IP mode file for STMicroelectronics.X-CUBE-AZRTOS-G4.2.0.0
2025-12-16 21:50:26,780 [WARN] PackLoader:240 - Cannot read IP mode file for wolfSSL.I-CUBE-wolfSSH.1.4.20
2025-12-16 21:50:26,786 [WARN] PackLoader:240 - Cannot read IP mode file for STMicroelectronics.X-CUBE-NFC7.2.0.0
2025-12-16 21:50:26,792 [WARN] PackLoader:240 - Cannot read IP mode file for STMicroelectronics.X-CUBE-ALS.1.0.2
2025-12-16 21:50:26,800 [WARN] PackLoader:240 - Cannot read IP mode file for STMicroelectronics.X-CUBE-STSE01.1.0.0
2025-12-16 21:50:26,813 [WARN] PackLoader:240 - Cannot read IP mode file for STMicroelectronics.X-CUBE-TOF1.3.4.3
2025-12-16 21:50:26,826 [INFO] ThirdParty:978 - Integrity check success = true
2025-12-16 21:50:26,826 [INFO] IntegrityCheckThread:100 - exiting critical section [integrity check]
2025-12-16 21:50:26,827 [INFO] IntegrityCheckThread:103 - End integrity checks thread
2025-12-16 23:47:40,131 [ERROR] LogOutputStream:75 - [STDERR_REDIRECT] 
