2026-01-11 01:02:58,811 [ERROR] LogOutputStream:75 - [STDERR_REDIRECT] 
2026-01-11 22:02:20,661 [INFO] Activator:176 - 


2026-01-11 22:02:20,668 [INFO] Activator:177 - !SESSION log4j initialized
2026-01-11 22:02:33,091 [INFO] LogOutputStream:77 - [STDOUT_REDIRECT] 
2026-01-11 22:02:36,565 [INFO] ApplicationProperties:184 - Using Application install path: D:\Programy Potrzebne\STM32CubeIDE_Folder\STM32CubeIDE_1.19.0\STM32CubeIDE\plugins\com.st.stm32cube.common.mx_6.15.0.202507011659
2026-01-11 22:02:36,603 [INFO] DbMcusXml:78 - Set database path to: D:\Programy Potrzebne\STM32CubeIDE_Folder\STM32CubeIDE_1.19.0\STM32CubeIDE\plugins\com.st.stm32cube.common.mx_6.15.0.202507011659\\db\/mcu/
2026-01-11 22:02:36,603 [INFO] ApiDb:274 - Set plugin database path to: D:\Programy Potrzebne\STM32CubeIDE_Folder\STM32CubeIDE_1.19.0\STM32CubeIDE\plugins\com.st.stm32cube.common.mx_6.15.0.202507011659\\db\/plugins/boardmanager/
2026-01-11 22:02:36,605 [WARN] ApiDb:259 - Overriding images path with different value:  => D:\Programy Potrzebne\STM32CubeIDE_Folder\STM32CubeIDE_1.19.0\STM32CubeIDE\plugins\com.st.stm32cube.common.mx_6.15.0.202507011659\\db\/plugins/mcufinder/images/
2026-01-11 22:02:36,619 [INFO] ApiDb:250 - Set database path to: C:\Users\dryla\.stmcufinder\plugins\mcufinder//mcu/
2026-01-11 22:02:36,622 [INFO] DbMcusAds:125 - Set database path to: C:\Users\dryla\.stmcufinder\plugins\mcufinder//mcu/
2026-01-11 22:02:36,628 [INFO] CrossReferenceDbSqlite:203 - Set database path to: C:\Users\dryla\.stmcufinder\plugins\mcufinder//mcu/cs/
2026-01-11 22:02:36,932 [INFO] RulesReader:64 - Compatibility file has been processed (317 Rules)
2026-01-11 22:02:37,134 [INFO] DbMcusXml:78 - Set database path to: D:\Programy Potrzebne\STM32CubeIDE_Folder\STM32CubeIDE_1.19.0\STM32CubeIDE\plugins\com.st.stm32cube.common.mx_6.15.0.202507011659\\db\/mcu/
2026-01-11 22:02:37,134 [INFO] ApiDb:274 - Set plugin database path to: D:\Programy Potrzebne\STM32CubeIDE_Folder\STM32CubeIDE_1.19.0\STM32CubeIDE\plugins\com.st.stm32cube.common.mx_6.15.0.202507011659\\db\/plugins/boardmanager/
2026-01-11 22:02:37,135 [INFO] ApiDb:261 - Set plugin images path to: D:\Programy Potrzebne\STM32CubeIDE_Folder\STM32CubeIDE_1.19.0\STM32CubeIDE\plugins\com.st.stm32cube.common.mx_6.15.0.202507011659\\db\/plugins/mcufinder/images/
2026-01-11 22:02:37,135 [WARN] DbFile:41 - Overriding database path with different value: C:\Users\dryla\.stmcufinder\plugins\mcufinder/ => C:\Users\dryla\.stmcufinder\plugins\mcufinder
2026-01-11 22:02:37,135 [INFO] ApiDb:250 - Set database path to: C:\Users\dryla\.stmcufinder\plugins\mcufinder//mcu/
2026-01-11 22:02:37,135 [WARN] DbFile:41 - Overriding database path with different value: C:\Users\dryla\.stmcufinder\plugins\mcufinder/ => C:\Users\dryla\.stmcufinder\plugins\mcufinder
2026-01-11 22:02:37,136 [INFO] DbMcusAds:125 - Set database path to: C:\Users\dryla\.stmcufinder\plugins\mcufinder//mcu/
2026-01-11 22:02:37,136 [WARN] DbFile:41 - Overriding database path with different value: C:\Users\dryla\.stmcufinder\plugins\mcufinder/ => C:\Users\dryla\.stmcufinder\plugins\mcufinder
2026-01-11 22:02:37,136 [WARN] DbFile:41 - Overriding database path with different value: C:\Users\dryla\.stmcufinder\plugins\mcufinder/ => C:\Users\dryla\.stmcufinder\plugins\mcufinder
2026-01-11 22:02:37,136 [INFO] CrossReferenceDbSqlite:203 - Set database path to: C:\Users\dryla\.stmcufinder\plugins\mcufinder//mcu/cs/
2026-01-11 22:02:37,288 [INFO] MainPanel:274 - HeapMemory: 268435456
2026-01-11 22:02:37,512 [INFO] DbMcusXml:78 - Set database path to: D:\Programy Potrzebne\STM32CubeIDE_Folder\STM32CubeIDE_1.19.0\STM32CubeIDE\plugins\com.st.stm32cube.common.mx_6.15.0.202507011659\\db\/mcu/
2026-01-11 22:02:37,512 [INFO] ApiDb:274 - Set plugin database path to: D:\Programy Potrzebne\STM32CubeIDE_Folder\STM32CubeIDE_1.19.0\STM32CubeIDE\plugins\com.st.stm32cube.common.mx_6.15.0.202507011659\\db\/plugins/boardmanager/
2026-01-11 22:02:37,512 [INFO] ApiDb:261 - Set plugin images path to: D:\Programy Potrzebne\STM32CubeIDE_Folder\STM32CubeIDE_1.19.0\STM32CubeIDE\plugins\com.st.stm32cube.common.mx_6.15.0.202507011659\\db\/plugins/mcufinder/images/
2026-01-11 22:02:37,513 [WARN] DbFile:41 - Overriding database path with different value: C:\Users\dryla\.stmcufinder\plugins\mcufinder/ => C:\Users\dryla\.stmcufinder\plugins\mcufinder
2026-01-11 22:02:37,513 [INFO] ApiDb:250 - Set database path to: C:\Users\dryla\.stmcufinder\plugins\mcufinder//mcu/
2026-01-11 22:02:37,514 [WARN] DbFile:41 - Overriding database path with different value: C:\Users\dryla\.stmcufinder\plugins\mcufinder/ => C:\Users\dryla\.stmcufinder\plugins\mcufinder
2026-01-11 22:02:37,514 [INFO] DbMcusAds:125 - Set database path to: C:\Users\dryla\.stmcufinder\plugins\mcufinder//mcu/
2026-01-11 22:02:37,514 [WARN] DbFile:41 - Overriding database path with different value: C:\Users\dryla\.stmcufinder\plugins\mcufinder/ => C:\Users\dryla\.stmcufinder\plugins\mcufinder
2026-01-11 22:02:37,514 [WARN] DbFile:41 - Overriding database path with different value: C:\Users\dryla\.stmcufinder\plugins\mcufinder/ => C:\Users\dryla\.stmcufinder\plugins\mcufinder
2026-01-11 22:02:37,515 [INFO] CrossReferenceDbSqlite:203 - Set database path to: C:\Users\dryla\.stmcufinder\plugins\mcufinder//mcu/cs/
2026-01-11 22:02:37,588 [INFO] ApplicationProperties:184 - Using Application install path: D:\Programy Potrzebne\STM32CubeIDE_Folder\STM32CubeIDE_1.19.0\STM32CubeIDE\plugins\com.st.stm32cube.common.mx_6.15.0.202507011659
2026-01-11 22:02:37,592 [INFO] PluginManage:196 - Search for loadable plugins [exclusion list=, ]
2026-01-11 22:02:37,594 [INFO] PluginManage:310 - Check plugin analytics
2026-01-11 22:02:38,077 [INFO] AnalyticsPlugin:253 - Accepted Software Licenses: 
2026-01-11 22:02:38,077 [INFO] AnalyticsPlugin:255 - Accepted CMSIS Pack Licenses: 
2026-01-11 22:02:38,077 [INFO] AnalyticsPlugin:257 - Accepted Firmware Licenses: FW.F4.1.28.0,FW.G4.1.6.0
2026-01-11 22:02:38,085 [INFO] PluginManage:359 - Loaded plugin analytics (category:tool,tabindex:-1)
2026-01-11 22:02:38,085 [INFO] PluginManage:310 - Check plugin cadmodel
2026-01-11 22:02:38,095 [INFO] CADModel:105 - Init CAD model plugin
2026-01-11 22:02:38,095 [INFO] PluginManage:359 - Loaded plugin cadmodel (category:power,tabindex:5)
2026-01-11 22:02:38,096 [INFO] PluginManage:310 - Check plugin clock
2026-01-11 22:02:38,115 [INFO] PluginManage:359 - Loaded plugin clock (category:base,tabindex:2)
2026-01-11 22:02:38,115 [INFO] PluginManage:310 - Check plugin ddr
2026-01-11 22:02:38,122 [INFO] PluginManage:359 - Loaded plugin ddr (category:tool,tabindex:6)
2026-01-11 22:02:38,122 [INFO] PluginManage:310 - Check plugin filemanager
2026-01-11 22:02:38,442 [INFO] PluginManage:359 - Loaded plugin filemanager (category:base,tabindex:10)
2026-01-11 22:02:38,443 [INFO] PluginManage:310 - Check plugin ipmanager
2026-01-11 22:02:38,456 [INFO] PluginManage:359 - Loaded plugin ipmanager (category:base,tabindex:5)
2026-01-11 22:02:38,456 [INFO] PluginManage:310 - Check plugin lpbam
2026-01-11 22:02:38,487 [INFO] PluginManage:359 - Loaded plugin lpbam (category:base,tabindex:0)
2026-01-11 22:02:38,488 [INFO] PluginManage:310 - Check plugin memorymap
2026-01-11 22:02:38,525 [INFO] PluginManage:359 - Loaded plugin memorymap (category:base,tabindex:4)
2026-01-11 22:02:38,525 [INFO] PluginManage:310 - Check plugin pinoutandconfiguration
2026-01-11 22:02:38,545 [INFO] PluginManage:359 - Loaded plugin pinoutandconfiguration (category:base,tabindex:1)
2026-01-11 22:02:38,545 [INFO] PluginManage:310 - Check plugin pinoutconfig
2026-01-11 22:02:38,800 [WARN] SupportedApi:132 - Cannot load RTOS API schema: s4s-elt-must-match.1: The content of 'definitions' must match (annotation?, (simpleType | complexType)?, (unique | key | keyref)*)). A problem was found starting at: attribute.
2026-01-11 22:02:39,159 [INFO] PluginManage:359 - Loaded plugin pinoutconfig (category:base,tabindex:0)
2026-01-11 22:02:39,160 [INFO] PluginManage:310 - Check plugin power
2026-01-11 22:02:39,193 [INFO] PluginManage:359 - Loaded plugin power (category:power,tabindex:4)
2026-01-11 22:02:39,193 [INFO] PluginManage:310 - Check plugin projectmanager
2026-01-11 22:02:39,242 [INFO] PluginManage:359 - Loaded plugin projectmanager (category:projectmanager,tabindex:4)
2026-01-11 22:02:39,242 [INFO] PluginManage:310 - Check plugin rif
2026-01-11 22:02:39,273 [INFO] PluginManage:359 - Loaded plugin rif (category:base,tabindex:3)
2026-01-11 22:02:39,274 [INFO] PluginManage:310 - Check plugin thirdparty
2026-01-11 22:02:39,615 [WARN] IntegrityCheckThread:84 - waiting for thirdparty lock release [integrity check]
2026-01-11 22:02:39,615 [INFO] PluginManage:359 - Loaded plugin thirdparty (category:base,tabindex:-1)
2026-01-11 22:02:39,616 [INFO] IntegrityCheckThread:86 - entering critical section [integrity check]
2026-01-11 22:02:39,616 [INFO] PluginManage:310 - Check plugin tools
2026-01-11 22:02:39,616 [INFO] ThirdPartyUpdaterWithRetryManager:70 - Updater plugin not ready yet. [1/15]
2026-01-11 22:02:39,621 [INFO] PluginManage:359 - Loaded plugin tools (category:base,tabindex:7)
2026-01-11 22:02:39,622 [INFO] PluginManage:310 - Check plugin tutovideos
2026-01-11 22:02:40,062 [INFO] PluginManage:359 - Loaded plugin tutovideos (category:base,tabindex:-1)
2026-01-11 22:02:40,063 [INFO] PluginManage:310 - Check plugin updater
2026-01-11 22:02:40,103 [INFO] PluginManage:359 - Loaded plugin updater (category:base,tabindex:12)
2026-01-11 22:02:40,104 [INFO] PluginManage:310 - Check plugin userauth
2026-01-11 22:02:40,116 [INFO] UserAuth:118 - Init User Auth plugin
2026-01-11 22:02:40,118 [INFO] PluginManage:359 - Loaded plugin userauth (category:base,tabindex:14)
2026-01-11 22:02:40,119 [INFO] PluginManage:283 - PluginManage : Loaded plugins [18]
2026-01-11 22:02:40,739 [INFO] PinOutPanel:1589 - setPackage(No Configuration,No Configuration)
2026-01-11 22:02:40,991 [INFO] CADModel:165 - CPN selected for project level
2026-01-11 22:02:40,991 [INFO] CADModel:114 - Register for checkConnection events
2026-01-11 22:02:41,038 [INFO] IPUIPlugin:80 - create IPUIPlugin
2026-01-11 22:02:41,038 [INFO] PluginManager:220 - loadIPPluginJar : add adc
2026-01-11 22:02:41,043 [INFO] IPUIPlugin:80 - create IPUIPlugin
2026-01-11 22:02:41,044 [INFO] PluginManager:220 - loadIPPluginJar : add aes
2026-01-11 22:02:41,048 [INFO] IPUIPlugin:80 - create IPUIPlugin
2026-01-11 22:02:41,048 [INFO] PluginManager:220 - loadIPPluginJar : add can
2026-01-11 22:02:41,052 [INFO] IPUIPlugin:80 - create IPUIPlugin
2026-01-11 22:02:41,052 [INFO] PluginManager:220 - loadIPPluginJar : add comp
2026-01-11 22:02:41,057 [INFO] IPUIPlugin:80 - create IPUIPlugin
2026-01-11 22:02:41,057 [INFO] PluginManager:220 - loadIPPluginJar : add cryp
2026-01-11 22:02:41,063 [INFO] IPUIPlugin:80 - create IPUIPlugin
2026-01-11 22:02:41,063 [INFO] PluginManager:220 - loadIPPluginJar : add ddr_ctrl_phy
2026-01-11 22:02:41,069 [INFO] IPUIPlugin:80 - create IPUIPlugin
2026-01-11 22:02:41,069 [INFO] PluginManager:220 - loadIPPluginJar : add dfsdm
2026-01-11 22:02:41,080 [INFO] IPUIPlugin:80 - create IPUIPlugin
2026-01-11 22:02:41,081 [INFO] PluginManager:220 - loadIPPluginJar : add dma
2026-01-11 22:02:41,086 [INFO] IPUIPlugin:80 - create IPUIPlugin
2026-01-11 22:02:41,087 [INFO] PluginManager:220 - loadIPPluginJar : add dma3
2026-01-11 22:02:41,092 [INFO] IPUIPlugin:80 - create IPUIPlugin
2026-01-11 22:02:41,093 [INFO] PluginManager:220 - loadIPPluginJar : add extmemmanager
2026-01-11 22:02:41,097 [INFO] IPUIPlugin:80 - create IPUIPlugin
2026-01-11 22:02:41,097 [INFO] PluginManager:220 - loadIPPluginJar : add fatfs
2026-01-11 22:02:41,107 [INFO] IPUIPlugin:80 - create IPUIPlugin
2026-01-11 22:02:41,108 [INFO] PluginManager:220 - loadIPPluginJar : add fmc
2026-01-11 22:02:41,124 [INFO] IPUIPlugin:80 - create IPUIPlugin
2026-01-11 22:02:41,124 [INFO] PluginManager:220 - loadIPPluginJar : add freertos
2026-01-11 22:02:41,127 [INFO] IPUIPlugin:80 - create IPUIPlugin
2026-01-11 22:02:41,127 [INFO] PluginManager:220 - loadIPPluginJar : add genericplugin
2026-01-11 22:02:41,133 [INFO] IPUIPlugin:80 - create IPUIPlugin
2026-01-11 22:02:41,133 [INFO] PluginManager:220 - loadIPPluginJar : add gfxmmu
2026-01-11 22:02:41,143 [INFO] IPUIPlugin:80 - create IPUIPlugin
2026-01-11 22:02:41,144 [INFO] PluginManager:220 - loadIPPluginJar : add gic
2026-01-11 22:02:41,154 [INFO] IPUIPlugin:80 - create IPUIPlugin
2026-01-11 22:02:41,155 [INFO] PluginManager:220 - loadIPPluginJar : add gpio
2026-01-11 22:02:41,160 [INFO] IPUIPlugin:80 - create IPUIPlugin
2026-01-11 22:02:41,160 [INFO] PluginManager:220 - loadIPPluginJar : add gtzc
2026-01-11 22:02:41,165 [INFO] IPUIPlugin:80 - create IPUIPlugin
2026-01-11 22:02:41,165 [INFO] PluginManager:220 - loadIPPluginJar : add hash
2026-01-11 22:02:41,171 [INFO] IPUIPlugin:80 - create IPUIPlugin
2026-01-11 22:02:41,171 [INFO] PluginManager:220 - loadIPPluginJar : add i2c
2026-01-11 22:02:41,176 [INFO] IPUIPlugin:80 - create IPUIPlugin
2026-01-11 22:02:41,176 [INFO] PluginManager:220 - loadIPPluginJar : add i2s
2026-01-11 22:02:41,183 [INFO] IPUIPlugin:80 - create IPUIPlugin
2026-01-11 22:02:41,183 [INFO] PluginManager:220 - loadIPPluginJar : add i3c
2026-01-11 22:02:41,189 [INFO] IPUIPlugin:80 - create IPUIPlugin
2026-01-11 22:02:41,189 [INFO] PluginManager:220 - loadIPPluginJar : add ipddr
2026-01-11 22:02:41,199 [INFO] IPUIPlugin:80 - create IPUIPlugin
2026-01-11 22:02:41,200 [INFO] PluginManager:220 - loadIPPluginJar : add linkedlist
2026-01-11 22:02:41,206 [INFO] IPUIPlugin:80 - create IPUIPlugin
2026-01-11 22:02:41,206 [INFO] PluginManager:220 - loadIPPluginJar : add lorawan
2026-01-11 22:02:41,210 [INFO] IPUIPlugin:80 - create IPUIPlugin
2026-01-11 22:02:41,211 [INFO] PluginManager:220 - loadIPPluginJar : add ltdc
2026-01-11 22:02:41,223 [INFO] IPUIPlugin:80 - create IPUIPlugin
2026-01-11 22:02:41,223 [INFO] PluginManager:220 - loadIPPluginJar : add mdma
2026-01-11 22:02:41,232 [INFO] IPUIPlugin:80 - create IPUIPlugin
2026-01-11 22:02:41,232 [INFO] PluginManager:220 - loadIPPluginJar : add nvic
2026-01-11 22:02:41,240 [INFO] IPUIPlugin:80 - create IPUIPlugin
2026-01-11 22:02:41,241 [INFO] PluginManager:220 - loadIPPluginJar : add opamp
2026-01-11 22:02:41,248 [INFO] IPUIPlugin:80 - create IPUIPlugin
2026-01-11 22:02:41,248 [INFO] PluginManager:220 - loadIPPluginJar : add openamp
2026-01-11 22:02:41,255 [INFO] IPUIPlugin:80 - create IPUIPlugin
2026-01-11 22:02:41,255 [INFO] PluginManager:220 - loadIPPluginJar : add pdm2pcm
2026-01-11 22:02:41,266 [INFO] IPUIPlugin:80 - create IPUIPlugin
2026-01-11 22:02:41,271 [INFO] PluginManager:220 - loadIPPluginJar : add plateformsettings
2026-01-11 22:02:41,275 [INFO] IPUIPlugin:80 - create IPUIPlugin
2026-01-11 22:02:41,275 [INFO] PluginManager:220 - loadIPPluginJar : add quadspi
2026-01-11 22:02:41,281 [INFO] IPUIPlugin:80 - create IPUIPlugin
2026-01-11 22:02:41,282 [INFO] PluginManager:220 - loadIPPluginJar : add radio
2026-01-11 22:02:41,291 [INFO] IPUIPlugin:80 - create IPUIPlugin
2026-01-11 22:02:41,291 [INFO] PluginManager:220 - loadIPPluginJar : add resmgrutility
2026-01-11 22:02:41,297 [INFO] IPUIPlugin:80 - create IPUIPlugin
2026-01-11 22:02:41,298 [INFO] PluginManager:220 - loadIPPluginJar : add sai
2026-01-11 22:02:41,303 [INFO] IPUIPlugin:80 - create IPUIPlugin
2026-01-11 22:02:41,304 [INFO] PluginManager:220 - loadIPPluginJar : add spi
2026-01-11 22:02:41,314 [INFO] IPUIPlugin:80 - create IPUIPlugin
2026-01-11 22:02:41,314 [INFO] PluginManager:220 - loadIPPluginJar : add stm32_wpan
2026-01-11 22:02:41,321 [INFO] IPUIPlugin:80 - create IPUIPlugin
2026-01-11 22:02:41,321 [INFO] PluginManager:220 - loadIPPluginJar : add tim
2026-01-11 22:02:41,329 [INFO] IPUIPlugin:80 - create IPUIPlugin
2026-01-11 22:02:41,330 [INFO] PluginManager:220 - loadIPPluginJar : add touchsensing
2026-01-11 22:02:41,335 [INFO] IPUIPlugin:80 - create IPUIPlugin
2026-01-11 22:02:41,335 [INFO] PluginManager:220 - loadIPPluginJar : add tracer_emb
2026-01-11 22:02:41,340 [INFO] IPUIPlugin:80 - create IPUIPlugin
2026-01-11 22:02:41,341 [INFO] PluginManager:220 - loadIPPluginJar : add ts
2026-01-11 22:02:41,346 [INFO] IPUIPlugin:80 - create IPUIPlugin
2026-01-11 22:02:41,346 [INFO] PluginManager:220 - loadIPPluginJar : add tsc
2026-01-11 22:02:41,352 [INFO] IPUIPlugin:80 - create IPUIPlugin
2026-01-11 22:02:41,352 [INFO] PluginManager:220 - loadIPPluginJar : add ucpd
2026-01-11 22:02:41,360 [INFO] IPUIPlugin:80 - create IPUIPlugin
2026-01-11 22:02:41,360 [INFO] PluginManager:220 - loadIPPluginJar : add usart
2026-01-11 22:02:41,369 [INFO] IPUIPlugin:80 - create IPUIPlugin
2026-01-11 22:02:41,370 [INFO] PluginManager:220 - loadIPPluginJar : add usbx
2026-01-11 22:02:41,610 [FATAL] Updater:351 - Updater called before beeing initialized
2026-01-11 22:02:41,688 [INFO] RulesReader:64 - Compatibility file has been processed (317 Rules)
2026-01-11 22:02:41,720 [INFO] RulesReader:64 - Compatibility file has been processed (317 Rules)
2026-01-11 22:02:41,743 [INFO] CADModel:165 - CPN selected for project level
2026-01-11 22:02:41,743 [INFO] CADModel:114 - Register for checkConnection events
2026-01-11 22:02:41,743 [FATAL] Updater:351 - Updater called before beeing initialized
2026-01-11 22:02:41,744 [ERROR] CADModel:125 - Updater not yet initialized, retry later 
2026-01-11 22:02:42,219 [FATAL] Updater:351 - Updater called before beeing initialized
2026-01-11 22:02:42,225 [INFO] CADModel:165 - CPN selected for project level
2026-01-11 22:02:42,225 [INFO] CADModel:114 - Register for checkConnection events
2026-01-11 22:02:42,225 [FATAL] Updater:351 - Updater called before beeing initialized
2026-01-11 22:02:42,225 [ERROR] CADModel:125 - Updater not yet initialized, retry later 
2026-01-11 22:02:42,233 [FATAL] Updater:351 - Updater called before beeing initialized
2026-01-11 22:02:42,529 [FATAL] Updater:351 - Updater called before beeing initialized
2026-01-11 22:02:42,537 [INFO] DbMcusAds:53 - JSON generation date=Fri Dec 05 10:13:14 CET 2025 (1764925994568)
2026-01-11 22:02:42,537 [FATAL] Updater:351 - Updater called before beeing initialized
2026-01-11 22:02:42,623 [WARN] DetailPanel:346 - Failed to get advertising image, set to default
2026-01-11 22:02:42,626 [INFO] ThirdPartyUpdaterWithRetryManager:70 - Updater plugin not ready yet. [2/15]
2026-01-11 22:02:42,822 [FATAL] Updater:351 - Updater called before beeing initialized
2026-01-11 22:02:42,825 [FATAL] Updater:351 - Updater called before beeing initialized
2026-01-11 22:02:42,825 [FATAL] Updater:351 - Updater called before beeing initialized
2026-01-11 22:02:42,825 [WARN] DetailPanel:346 - Failed to get advertising image, set to default
2026-01-11 22:02:42,827 [FATAL] Updater:351 - Updater called before beeing initialized
2026-01-11 22:02:42,934 [ERROR] Updater:1198 - MainUpdater not yet initialized. External WinMGr cannot be set.
2026-01-11 22:02:42,939 [INFO] Updater:1134 - Updater Version found : 6.15.0
2026-01-11 22:02:42,971 [INFO] ApplicationProperties:184 - Using Application install path: D:\Programy Potrzebne\STM32CubeIDE_Folder\STM32CubeIDE_1.19.0\STM32CubeIDE\plugins\com.st.stm32cube.common.mx_6.15.0.202507011659
2026-01-11 22:02:44,616 [ERROR] LogOutputStream:75 - [STDERR_REDIRECT] Jan 11, 2026 10:02:44 PM java.util.prefs.WindowsPreferences <init>
2026-01-11 22:02:44,625 [ERROR] LogOutputStream:75 - [STDERR_REDIRECT] WARNING: Could not open/create prefs root node Software\JavaSoft\Prefs at root 0xffffffff80000002. Windows RegCreateKeyEx(...) returned error code 5.
2026-01-11 22:02:44,626 [ERROR] LogOutputStream:75 - [STDERR_REDIRECT] 
2026-01-11 22:02:45,460 [INFO] MainUpdater:2872 - connection check result : 10
2026-01-11 22:02:45,461 [INFO] MainUpdater:289 - Updater Check For Update Now.
2026-01-11 22:02:45,461 [INFO] MicroXplorer:498 - Change Database Version : DB.6.0.150
2026-01-11 22:02:45,480 [INFO] McuFinderGlobals:63 - Set McuFinder mode to 2 (CubeIDE integrated)
2026-01-11 22:02:45,481 [INFO] UserAuth:171 - activating auth plugin
2026-01-11 22:02:45,490 [INFO] UserAuth:487 - Internet connection configuration mode: 1
2026-01-11 22:02:45,543 [INFO] JxBrowserEngine:152 - Initiate JxBrowser Engine with user profile folder
2026-01-11 22:02:45,637 [WARN] MainUpdater:1193 - Updater busy. Cannot search thirdparties
2026-01-11 22:02:45,638 [INFO] ThirdPartyUpdaterWithRetryManager:96 - Updater plugin is busy. [1/15]
2026-01-11 22:02:45,894 [INFO] CheckServerUpdateThread:120 - End of CheckServer Thread
2026-01-11 22:02:47,893 [INFO] WebApp:169 - Instantiating new browser for Auth
2026-01-11 22:02:49,544 [WARN] PackLoader:240 - Cannot read IP mode file for STMicroelectronics.FP-SNS-MOTENVWB1.1.4.0
2026-01-11 22:02:49,570 [WARN] PackLoader:240 - Cannot read IP mode file for STMicroelectronics.FP-ATR-ASTRA1.2.0.2
2026-01-11 22:02:49,619 [WARN] PackLoader:240 - Cannot read IP mode file for STMicroelectronics.X-CUBE-SMBUS.2.1.0
2026-01-11 22:02:49,725 [WARN] PackLoader:240 - Cannot read IP mode file for STMicroelectronics.X-CUBE-AZRTOS-F7.1.1.0
2026-01-11 22:02:49,752 [WARN] PackLoader:240 - Cannot read IP mode file for Cesanta.I-CUBE-Mongoose.7.19.0
2026-01-11 22:02:49,796 [WARN] PackLoader:240 - Cannot read IP mode file for WES.I-CUBE-Cesium.1.4.0
2026-01-11 22:02:49,864 [INFO] WebApp:463 - Apply proxy settings
2026-01-11 22:02:49,864 [INFO] WebApp:548 - Chromium requires no authentication
2026-01-11 22:02:49,890 [WARN] PackLoader:240 - Cannot read IP mode file for Infineon.AIROC-Wi-Fi-Bluetooth-STM32.1.7.1
2026-01-11 22:02:49,904 [INFO] WebApp:491 - Direct internet connection detected
2026-01-11 22:02:49,998 [WARN] PackLoader:240 - Cannot read IP mode file for STMicroelectronics.X-CUBE-AZRTOS-H7.3.4.0
2026-01-11 22:02:50,033 [WARN] PackLoader:240 - Cannot read IP mode file for STMicroelectronics.X-CUBE-DISPLAY.3.0.0
2026-01-11 22:02:50,038 [INFO] WebApp:900 - Register for checkConnection events
2026-01-11 22:02:50,038 [INFO] WebApp:463 - Apply proxy settings
2026-01-11 22:02:50,039 [INFO] WebApp:548 - Chromium requires no authentication
2026-01-11 22:02:50,039 [INFO] WebApp:491 - Direct internet connection detected
2026-01-11 22:02:50,064 [WARN] PackLoader:240 - Cannot read IP mode file for STMicroelectronics.X-CUBE-NFC10.1.0.0
2026-01-11 22:02:50,085 [WARN] PackLoader:240 - Cannot read IP mode file for STMicroelectronics.X-CUBE-ST60.1.1.0
2026-01-11 22:02:50,102 [WARN] PackLoader:240 - Cannot read IP mode file for emotas.I-CUBE-CANOPEN.1.3.0
2026-01-11 22:02:50,119 [WARN] PackLoader:240 - Cannot read IP mode file for STMicroelectronics.FP-SNS-SMARTAG2.1.2.0
2026-01-11 22:02:50,133 [WARN] PackLoader:240 - Cannot read IP mode file for STMicroelectronics.FP-SNS-FLIGHT1.5.1.0
2026-01-11 22:02:50,166 [INFO] LogOutputStream:77 - [STDOUT_REDIRECT] 1 : Invalid condition id : UX_CORESTACK_Condition cause : null
2026-01-11 22:02:50,169 [INFO] LogOutputStream:77 - [STDOUT_REDIRECT] 1 : Invalid condition id : UX_CORESTACK_Condition cause : null
2026-01-11 22:02:50,176 [INFO] LogOutputStream:77 - [STDOUT_REDIRECT] 1 : Invalid condition id : UX_CORESTACK_Condition cause : null
2026-01-11 22:02:50,183 [INFO] LogOutputStream:77 - [STDOUT_REDIRECT] 1 : Invalid condition id : UX_CORESTACK_Condition cause : null
2026-01-11 22:02:50,189 [INFO] LogOutputStream:77 - [STDOUT_REDIRECT] 1 : Invalid condition id : UX_CORESTACK_Condition cause : null
2026-01-11 22:02:50,200 [WARN] PackLoader:240 - Cannot read IP mode file for STMicroelectronics.X-CUBE-AZRTOS-WL.2.0.0
2026-01-11 22:02:50,219 [INFO] WebApp:191 - Connection restablished
2026-01-11 22:02:50,268 [WARN] PackLoader:240 - Cannot read IP mode file for STMicroelectronics.X-CUBE-AZRTOS-H7RS.1.2.0
2026-01-11 22:02:50,293 [WARN] PackLoader:240 - Cannot read IP mode file for STMicroelectronics.X-CUBE-BLE2.3.3.0
2026-01-11 22:02:50,312 [WARN] PackLoader:240 - Cannot read IP mode file for STMicroelectronics.X-CUBE-NFC9.1.0.0
2026-01-11 22:02:50,330 [WARN] PackLoader:240 - Cannot read IP mode file for wolfSSL.I-CUBE-wolfSSL.5.8.2
2026-01-11 22:02:50,343 [WARN] PackLoader:240 - Cannot read IP mode file for STMicroelectronics.X-CUBE-BLE1.7.1.0
2026-01-11 22:02:50,353 [WARN] PackLoader:240 - Cannot read IP mode file for wolfSSL.I-CUBE-wolfMQTT.1.19.2
2026-01-11 22:02:50,371 [WARN] PackLoader:240 - Cannot read IP mode file for STMicroelectronics.X-CUBE-FREERTOS.1.4.0
2026-01-11 22:02:50,387 [WARN] PackLoader:240 - Cannot read IP mode file for STMicroelectronics.X-CUBE-ST67W61.1.1.0
2026-01-11 22:02:50,551 [WARN] PackLoader:240 - Cannot read IP mode file for STMicroelectronics.X-CUBE-MEMS1.12.0.0
2026-01-11 22:02:50,914 [WARN] PackLoader:240 - Cannot read IP mode file for STMicroelectronics.X-CUBE-AZRTOS-G0.1.1.0
2026-01-11 22:02:50,933 [WARN] PackLoader:240 - Cannot read IP mode file for STMicroelectronics.X-CUBE-NFC4.3.0.0
2026-01-11 22:02:50,956 [WARN] PackLoader:240 - Cannot read IP mode file for EmbeddedOffice.I-CUBE-FS-RTOS.1.0.1
2026-01-11 22:02:50,971 [WARN] PackLoader:240 - Cannot read IP mode file for STMicroelectronics.X-CUBE-WB05N.2.0.0
2026-01-11 22:02:50,983 [WARN] PackLoader:240 - Cannot read IP mode file for wolfSSL.I-CUBE-wolfTPM.3.8.0
2026-01-11 22:02:50,996 [WARN] PackLoader:240 - Cannot read IP mode file for STMicroelectronics.X-CUBE-TCPP.4.2.0
2026-01-11 22:02:51,012 [WARN] PackLoader:240 - Cannot read IP mode file for RealThread.X-CUBE-RT-Thread_Nano.4.1.1
2026-01-11 22:02:51,025 [WARN] PackLoader:240 - Cannot read IP mode file for STMicroelectronics.FP-ATR-SIGFOX1.3.2.0
2026-01-11 22:02:51,067 [WARN] PackLoader:240 - Cannot read IP mode file for ITTIA_DB.I-CUBE-ITTIADB.8.9.0
2026-01-11 22:02:51,094 [INFO] WebApp:225 - Starting web application
2026-01-11 22:02:51,094 [INFO] WebApp:593 - Web application path used D:\Programy Potrzebne\STM32CubeIDE_Folder\STM32CubeIDE_1.19.0\STM32CubeIDE\plugins\com.st.stm32cube.common.mx_6.15.0.202507011659\db\plugins\mcufinder\reactClient1\index.html
2026-01-11 22:02:51,181 [WARN] PackLoader:240 - Cannot read IP mode file for SEGGER.I-CUBE-embOS.1.3.1
2026-01-11 22:02:51,369 [WARN] PackLoader:240 - Cannot read IP mode file for STMicroelectronics.X-CUBE-ALGOBUILD.1.4.0
2026-01-11 22:02:51,515 [WARN] PackLoader:240 - Cannot read IP mode file for STMicroelectronics.X-CUBE-MEMS1.11.3.0
2026-01-11 22:02:51,942 [WARN] PackLoader:240 - Cannot read IP mode file for STMicroelectronics.X-CUBE-PM33A1.1.0.0
2026-01-11 22:02:51,994 [WARN] PackLoader:240 - Cannot read IP mode file for STMicroelectronics.X-CUBE-AZRTOS-F4.1.1.0
2026-01-11 22:02:52,011 [WARN] PackLoader:240 - Cannot read IP mode file for STMicroelectronics.X-CUBE-ISPU.2.1.0
2026-01-11 22:02:52,048 [WARN] PackLoader:240 - Cannot read IP mode file for STMicroelectronics.X-CUBE-IPS.3.2.0
2026-01-11 22:02:52,080 [WARN] PackLoader:240 - Cannot read IP mode file for STMicroelectronics.X-CUBE-NFC12.1.0.0
2026-01-11 22:02:52,122 [WARN] PackLoader:240 - Cannot read IP mode file for STMicroelectronics.X-CUBE-AZRTOS-L5.2.0.0
2026-01-11 22:02:52,146 [WARN] PackLoader:240 - Cannot read IP mode file for STMicroelectronics.X-CUBE-NFC6.3.1.0
2026-01-11 22:02:52,162 [WARN] PackLoader:240 - Cannot read IP mode file for STMicroelectronics.X-CUBE-FREERTOS.1.3.1
2026-01-11 22:02:52,175 [WARN] PackLoader:240 - Cannot read IP mode file for STMicroelectronics.X-CUBE-TOUCHGFX.4.26.0
2026-01-11 22:02:52,190 [WARN] PackLoader:240 - Cannot read IP mode file for STMicroelectronics.X-CUBE-DPower.1.3.0
2026-01-11 22:02:52,248 [WARN] ConditionMgr:438 - getConditionDescription Invalid condition id : LAN8742 Phy interface Condition cause : null
2026-01-11 22:02:52,249 [WARN] PackLoader:240 - Cannot read IP mode file for STMicroelectronics.X-CUBE-AZRTOS-L4.2.0.0
2026-01-11 22:02:52,251 [WARN] ConditionMgr:1044 - genDependencies : Invalid condition id : LAN8742 Phy interface Condition cause : null
2026-01-11 22:02:52,251 [WARN] ConditionMgr:1044 - genDependencies : Invalid condition id : LAN8742 Phy interface Condition cause : null
2026-01-11 22:02:52,254 [WARN] ConditionMgr:1044 - genDependencies : Invalid condition id : LAN8742 Phy interface Condition cause : null
2026-01-11 22:02:52,273 [WARN] PackLoader:240 - Cannot read IP mode file for STMicroelectronics.X-CUBE-SFXS2LP1.4.0.0
2026-01-11 22:02:52,309 [WARN] ConditionMgr:438 - getConditionDescription Invalid condition id : UX DEVICE CLASS RTOS Condition cause : null
2026-01-11 22:02:52,309 [WARN] ConditionMgr:438 - getConditionDescription Invalid condition id : UX DEVICE CLASS RTOS Condition cause : null
2026-01-11 22:02:52,315 [WARN] PackLoader:240 - Cannot read IP mode file for STMicroelectronics.X-CUBE-AZRTOS-WB.2.0.0
2026-01-11 22:02:52,316 [WARN] ConditionMgr:1044 - genDependencies : Invalid condition id : UX DEVICE CLASS RTOS Condition cause : null
2026-01-11 22:02:52,317 [WARN] ConditionMgr:1044 - genDependencies : Invalid condition id : UX DEVICE CLASS RTOS Condition cause : null
2026-01-11 22:02:52,319 [WARN] ConditionMgr:1044 - genDependencies : Invalid condition id : UX DEVICE CLASS RTOS Condition cause : null
2026-01-11 22:02:52,319 [WARN] ConditionMgr:1044 - genDependencies : Invalid condition id : UX DEVICE CLASS RTOS Condition cause : null
2026-01-11 22:02:52,320 [WARN] ConditionMgr:1044 - genDependencies : Invalid condition id : UX DEVICE CLASS RTOS Condition cause : null
2026-01-11 22:02:52,335 [WARN] ConditionMgr:438 - getConditionDescription Invalid condition id : Cortex-A Device cause : null
2026-01-11 22:02:52,373 [WARN] ConditionMgr:1044 - genDependencies : Invalid condition id : Cortex-A Device cause : null
2026-01-11 22:02:52,373 [WARN] ConditionMgr:1044 - genDependencies : Invalid condition id : Cortex-A Device cause : null
2026-01-11 22:02:52,373 [WARN] ConditionMgr:1044 - genDependencies : Invalid condition id : Cortex-A Device cause : null
2026-01-11 22:02:52,406 [WARN] PackLoader:240 - Cannot read IP mode file for STMicroelectronics.X-CUBE-SUBG2.5.0.0
2026-01-11 22:02:52,475 [WARN] PackLoader:240 - Cannot read IP mode file for STMicroelectronics.X-CUBE-AZRTOS-H7RS.1.1.0
2026-01-11 22:02:52,534 [WARN] PackLoader:240 - Cannot read IP mode file for STMicroelectronics.X-CUBE-AZRTOS-G4.2.0.0
2026-01-11 22:02:52,548 [WARN] PackLoader:240 - Cannot read IP mode file for wolfSSL.I-CUBE-wolfSSH.1.4.20
2026-01-11 22:02:52,561 [WARN] PackLoader:240 - Cannot read IP mode file for STMicroelectronics.X-CUBE-NFC7.2.0.0
2026-01-11 22:02:52,573 [WARN] PackLoader:240 - Cannot read IP mode file for STMicroelectronics.X-CUBE-ALS.1.0.2
2026-01-11 22:02:52,589 [WARN] PackLoader:240 - Cannot read IP mode file for STMicroelectronics.X-CUBE-STSE01.1.0.0
2026-01-11 22:02:52,620 [WARN] PackLoader:240 - Cannot read IP mode file for STMicroelectronics.X-CUBE-TOF1.3.4.3
2026-01-11 22:02:52,644 [INFO] ThirdParty:978 - Integrity check success = true
2026-01-11 22:02:52,644 [INFO] IntegrityCheckThread:100 - exiting critical section [integrity check]
2026-01-11 22:02:52,644 [INFO] IntegrityCheckThread:103 - End integrity checks thread
