2025-11-26 23:34:14,492 [INFO] Activator:176 - 


2025-11-26 23:34:14,500 [INFO] Activator:177 - !SESSION log4j initialized
2025-11-26 23:34:23,879 [INFO] LogOutputStream:77 - [STDOUT_REDIRECT] 
2025-11-26 23:34:26,162 [INFO] ApplicationProperties:184 - Using Application install path: D:\Programy Potrzebne\STM32CubeIDE_Folder\STM32CubeIDE_1.19.0\STM32CubeIDE\plugins\com.st.stm32cube.common.mx_6.15.0.202507011659
2025-11-26 23:34:26,191 [INFO] DbMcusXml:78 - Set database path to: D:\Programy Potrzebne\STM32CubeIDE_Folder\STM32CubeIDE_1.19.0\STM32CubeIDE\plugins\com.st.stm32cube.common.mx_6.15.0.202507011659\\db\/mcu/
2025-11-26 23:34:26,191 [INFO] ApiDb:274 - Set plugin database path to: D:\Programy Potrzebne\STM32CubeIDE_Folder\STM32CubeIDE_1.19.0\STM32CubeIDE\plugins\com.st.stm32cube.common.mx_6.15.0.202507011659\\db\/plugins/boardmanager/
2025-11-26 23:34:26,192 [WARN] ApiDb:259 - Overriding images path with different value:  => D:\Programy Potrzebne\STM32CubeIDE_Folder\STM32CubeIDE_1.19.0\STM32CubeIDE\plugins\com.st.stm32cube.common.mx_6.15.0.202507011659\\db\/plugins/mcufinder/images/
2025-11-26 23:34:26,205 [INFO] ApiDb:250 - Set database path to: C:\Users\dryla\.stmcufinder\plugins\mcufinder//mcu/
2025-11-26 23:34:26,207 [INFO] DbMcusAds:125 - Set database path to: C:\Users\dryla\.stmcufinder\plugins\mcufinder//mcu/
2025-11-26 23:34:26,210 [INFO] CrossReferenceDbSqlite:203 - Set database path to: C:\Users\dryla\.stmcufinder\plugins\mcufinder//mcu/cs/
2025-11-26 23:34:26,402 [INFO] RulesReader:64 - Compatibility file has been processed (317 Rules)
2025-11-26 23:34:26,551 [INFO] DbMcusXml:78 - Set database path to: D:\Programy Potrzebne\STM32CubeIDE_Folder\STM32CubeIDE_1.19.0\STM32CubeIDE\plugins\com.st.stm32cube.common.mx_6.15.0.202507011659\\db\/mcu/
2025-11-26 23:34:26,551 [INFO] ApiDb:274 - Set plugin database path to: D:\Programy Potrzebne\STM32CubeIDE_Folder\STM32CubeIDE_1.19.0\STM32CubeIDE\plugins\com.st.stm32cube.common.mx_6.15.0.202507011659\\db\/plugins/boardmanager/
2025-11-26 23:34:26,552 [INFO] ApiDb:261 - Set plugin images path to: D:\Programy Potrzebne\STM32CubeIDE_Folder\STM32CubeIDE_1.19.0\STM32CubeIDE\plugins\com.st.stm32cube.common.mx_6.15.0.202507011659\\db\/plugins/mcufinder/images/
2025-11-26 23:34:26,552 [WARN] DbFile:41 - Overriding database path with different value: C:\Users\dryla\.stmcufinder\plugins\mcufinder/ => C:\Users\dryla\.stmcufinder\plugins\mcufinder
2025-11-26 23:34:26,552 [INFO] ApiDb:250 - Set database path to: C:\Users\dryla\.stmcufinder\plugins\mcufinder//mcu/
2025-11-26 23:34:26,552 [WARN] DbFile:41 - Overriding database path with different value: C:\Users\dryla\.stmcufinder\plugins\mcufinder/ => C:\Users\dryla\.stmcufinder\plugins\mcufinder
2025-11-26 23:34:26,552 [INFO] DbMcusAds:125 - Set database path to: C:\Users\dryla\.stmcufinder\plugins\mcufinder//mcu/
2025-11-26 23:34:26,552 [WARN] DbFile:41 - Overriding database path with different value: C:\Users\dryla\.stmcufinder\plugins\mcufinder/ => C:\Users\dryla\.stmcufinder\plugins\mcufinder
2025-11-26 23:34:26,553 [WARN] DbFile:41 - Overriding database path with different value: C:\Users\dryla\.stmcufinder\plugins\mcufinder/ => C:\Users\dryla\.stmcufinder\plugins\mcufinder
2025-11-26 23:34:26,553 [INFO] CrossReferenceDbSqlite:203 - Set database path to: C:\Users\dryla\.stmcufinder\plugins\mcufinder//mcu/cs/
2025-11-26 23:34:26,670 [INFO] MainPanel:274 - HeapMemory: 268435456
2025-11-26 23:34:26,839 [INFO] DbMcusXml:78 - Set database path to: D:\Programy Potrzebne\STM32CubeIDE_Folder\STM32CubeIDE_1.19.0\STM32CubeIDE\plugins\com.st.stm32cube.common.mx_6.15.0.202507011659\\db\/mcu/
2025-11-26 23:34:26,839 [INFO] ApiDb:274 - Set plugin database path to: D:\Programy Potrzebne\STM32CubeIDE_Folder\STM32CubeIDE_1.19.0\STM32CubeIDE\plugins\com.st.stm32cube.common.mx_6.15.0.202507011659\\db\/plugins/boardmanager/
2025-11-26 23:34:26,840 [INFO] ApiDb:261 - Set plugin images path to: D:\Programy Potrzebne\STM32CubeIDE_Folder\STM32CubeIDE_1.19.0\STM32CubeIDE\plugins\com.st.stm32cube.common.mx_6.15.0.202507011659\\db\/plugins/mcufinder/images/
2025-11-26 23:34:26,841 [WARN] DbFile:41 - Overriding database path with different value: C:\Users\dryla\.stmcufinder\plugins\mcufinder/ => C:\Users\dryla\.stmcufinder\plugins\mcufinder
2025-11-26 23:34:26,841 [INFO] ApiDb:250 - Set database path to: C:\Users\dryla\.stmcufinder\plugins\mcufinder//mcu/
2025-11-26 23:34:26,841 [WARN] DbFile:41 - Overriding database path with different value: C:\Users\dryla\.stmcufinder\plugins\mcufinder/ => C:\Users\dryla\.stmcufinder\plugins\mcufinder
2025-11-26 23:34:26,841 [INFO] DbMcusAds:125 - Set database path to: C:\Users\dryla\.stmcufinder\plugins\mcufinder//mcu/
2025-11-26 23:34:26,841 [WARN] DbFile:41 - Overriding database path with different value: C:\Users\dryla\.stmcufinder\plugins\mcufinder/ => C:\Users\dryla\.stmcufinder\plugins\mcufinder
2025-11-26 23:34:26,841 [WARN] DbFile:41 - Overriding database path with different value: C:\Users\dryla\.stmcufinder\plugins\mcufinder/ => C:\Users\dryla\.stmcufinder\plugins\mcufinder
2025-11-26 23:34:26,841 [INFO] CrossReferenceDbSqlite:203 - Set database path to: C:\Users\dryla\.stmcufinder\plugins\mcufinder//mcu/cs/
2025-11-26 23:34:26,869 [INFO] ApplicationProperties:184 - Using Application install path: D:\Programy Potrzebne\STM32CubeIDE_Folder\STM32CubeIDE_1.19.0\STM32CubeIDE\plugins\com.st.stm32cube.common.mx_6.15.0.202507011659
2025-11-26 23:34:26,870 [INFO] PluginManage:196 - Search for loadable plugins [exclusion list=, ]
2025-11-26 23:34:26,872 [INFO] PluginManage:310 - Check plugin analytics
2025-11-26 23:34:27,189 [INFO] AnalyticsPlugin:253 - Accepted Software Licenses: 
2025-11-26 23:34:27,189 [INFO] AnalyticsPlugin:255 - Accepted CMSIS Pack Licenses: 
2025-11-26 23:34:27,190 [INFO] AnalyticsPlugin:257 - Accepted Firmware Licenses: FW.F4.1.28.0,FW.G4.1.6.0
2025-11-26 23:34:27,197 [INFO] PluginManage:359 - Loaded plugin analytics (category:tool,tabindex:-1)
2025-11-26 23:34:27,198 [INFO] PluginManage:310 - Check plugin cadmodel
2025-11-26 23:34:27,207 [INFO] CADModel:105 - Init CAD model plugin
2025-11-26 23:34:27,207 [INFO] PluginManage:359 - Loaded plugin cadmodel (category:power,tabindex:5)
2025-11-26 23:34:27,208 [INFO] PluginManage:310 - Check plugin clock
2025-11-26 23:34:27,229 [INFO] PluginManage:359 - Loaded plugin clock (category:base,tabindex:2)
2025-11-26 23:34:27,229 [INFO] PluginManage:310 - Check plugin ddr
2025-11-26 23:34:27,234 [INFO] PluginManage:359 - Loaded plugin ddr (category:tool,tabindex:6)
2025-11-26 23:34:27,234 [INFO] PluginManage:310 - Check plugin filemanager
2025-11-26 23:34:27,465 [INFO] PluginManage:359 - Loaded plugin filemanager (category:base,tabindex:10)
2025-11-26 23:34:27,465 [INFO] PluginManage:310 - Check plugin ipmanager
2025-11-26 23:34:27,476 [INFO] PluginManage:359 - Loaded plugin ipmanager (category:base,tabindex:5)
2025-11-26 23:34:27,476 [INFO] PluginManage:310 - Check plugin lpbam
2025-11-26 23:34:27,487 [INFO] PluginManage:359 - Loaded plugin lpbam (category:base,tabindex:0)
2025-11-26 23:34:27,487 [INFO] PluginManage:310 - Check plugin memorymap
2025-11-26 23:34:27,510 [INFO] PluginManage:359 - Loaded plugin memorymap (category:base,tabindex:4)
2025-11-26 23:34:27,510 [INFO] PluginManage:310 - Check plugin pinoutandconfiguration
2025-11-26 23:34:27,522 [INFO] PluginManage:359 - Loaded plugin pinoutandconfiguration (category:base,tabindex:1)
2025-11-26 23:34:27,522 [INFO] PluginManage:310 - Check plugin pinoutconfig
2025-11-26 23:34:27,695 [WARN] SupportedApi:132 - Cannot load RTOS API schema: s4s-elt-must-match.1: The content of 'definitions' must match (annotation?, (simpleType | complexType)?, (unique | key | keyref)*)). A problem was found starting at: attribute.
2025-11-26 23:34:27,963 [INFO] PluginManage:359 - Loaded plugin pinoutconfig (category:base,tabindex:0)
2025-11-26 23:34:27,964 [INFO] PluginManage:310 - Check plugin power
2025-11-26 23:34:27,984 [INFO] PluginManage:359 - Loaded plugin power (category:power,tabindex:4)
2025-11-26 23:34:27,984 [INFO] PluginManage:310 - Check plugin projectmanager
2025-11-26 23:34:28,011 [INFO] PluginManage:359 - Loaded plugin projectmanager (category:projectmanager,tabindex:4)
2025-11-26 23:34:28,011 [INFO] PluginManage:310 - Check plugin rif
2025-11-26 23:34:28,026 [INFO] PluginManage:359 - Loaded plugin rif (category:base,tabindex:3)
2025-11-26 23:34:28,026 [INFO] PluginManage:310 - Check plugin thirdparty
2025-11-26 23:34:28,282 [WARN] IntegrityCheckThread:84 - waiting for thirdparty lock release [integrity check]
2025-11-26 23:34:28,282 [INFO] IntegrityCheckThread:86 - entering critical section [integrity check]
2025-11-26 23:34:28,282 [INFO] PluginManage:359 - Loaded plugin thirdparty (category:base,tabindex:-1)
2025-11-26 23:34:28,282 [INFO] PluginManage:310 - Check plugin tools
2025-11-26 23:34:28,283 [INFO] ThirdPartyUpdaterWithRetryManager:70 - Updater plugin not ready yet. [1/15]
2025-11-26 23:34:28,291 [INFO] PluginManage:359 - Loaded plugin tools (category:base,tabindex:7)
2025-11-26 23:34:28,292 [INFO] PluginManage:310 - Check plugin tutovideos
2025-11-26 23:34:28,654 [INFO] PluginManage:359 - Loaded plugin tutovideos (category:base,tabindex:-1)
2025-11-26 23:34:28,654 [INFO] PluginManage:310 - Check plugin updater
2025-11-26 23:34:28,687 [INFO] PluginManage:359 - Loaded plugin updater (category:base,tabindex:12)
2025-11-26 23:34:28,688 [INFO] PluginManage:310 - Check plugin userauth
2025-11-26 23:34:28,695 [INFO] UserAuth:118 - Init User Auth plugin
2025-11-26 23:34:28,696 [INFO] PluginManage:359 - Loaded plugin userauth (category:base,tabindex:14)
2025-11-26 23:34:28,697 [INFO] PluginManage:283 - PluginManage : Loaded plugins [18]
2025-11-26 23:34:29,054 [INFO] PinOutPanel:1589 - setPackage(No Configuration,No Configuration)
2025-11-26 23:34:29,192 [INFO] CADModel:165 - CPN selected for project level
2025-11-26 23:34:29,192 [INFO] CADModel:114 - Register for checkConnection events
2025-11-26 23:34:29,219 [INFO] IPUIPlugin:80 - create IPUIPlugin
2025-11-26 23:34:29,219 [INFO] PluginManager:220 - loadIPPluginJar : add adc
2025-11-26 23:34:29,223 [INFO] IPUIPlugin:80 - create IPUIPlugin
2025-11-26 23:34:29,223 [INFO] PluginManager:220 - loadIPPluginJar : add aes
2025-11-26 23:34:29,226 [INFO] IPUIPlugin:80 - create IPUIPlugin
2025-11-26 23:34:29,227 [INFO] PluginManager:220 - loadIPPluginJar : add can
2025-11-26 23:34:29,229 [INFO] IPUIPlugin:80 - create IPUIPlugin
2025-11-26 23:34:29,229 [INFO] PluginManager:220 - loadIPPluginJar : add comp
2025-11-26 23:34:29,232 [INFO] IPUIPlugin:80 - create IPUIPlugin
2025-11-26 23:34:29,232 [INFO] PluginManager:220 - loadIPPluginJar : add cryp
2025-11-26 23:34:29,238 [INFO] IPUIPlugin:80 - create IPUIPlugin
2025-11-26 23:34:29,238 [INFO] PluginManager:220 - loadIPPluginJar : add ddr_ctrl_phy
2025-11-26 23:34:29,242 [INFO] IPUIPlugin:80 - create IPUIPlugin
2025-11-26 23:34:29,242 [INFO] PluginManager:220 - loadIPPluginJar : add dfsdm
2025-11-26 23:34:29,252 [INFO] IPUIPlugin:80 - create IPUIPlugin
2025-11-26 23:34:29,252 [INFO] PluginManager:220 - loadIPPluginJar : add dma
2025-11-26 23:34:29,260 [INFO] IPUIPlugin:80 - create IPUIPlugin
2025-11-26 23:34:29,260 [INFO] PluginManager:220 - loadIPPluginJar : add dma3
2025-11-26 23:34:29,264 [INFO] IPUIPlugin:80 - create IPUIPlugin
2025-11-26 23:34:29,264 [INFO] PluginManager:220 - loadIPPluginJar : add extmemmanager
2025-11-26 23:34:29,266 [INFO] IPUIPlugin:80 - create IPUIPlugin
2025-11-26 23:34:29,266 [INFO] PluginManager:220 - loadIPPluginJar : add fatfs
2025-11-26 23:34:29,273 [INFO] IPUIPlugin:80 - create IPUIPlugin
2025-11-26 23:34:29,273 [INFO] PluginManager:220 - loadIPPluginJar : add fmc
2025-11-26 23:34:29,283 [INFO] IPUIPlugin:80 - create IPUIPlugin
2025-11-26 23:34:29,283 [INFO] PluginManager:220 - loadIPPluginJar : add freertos
2025-11-26 23:34:29,285 [INFO] IPUIPlugin:80 - create IPUIPlugin
2025-11-26 23:34:29,285 [INFO] PluginManager:220 - loadIPPluginJar : add genericplugin
2025-11-26 23:34:29,290 [INFO] IPUIPlugin:80 - create IPUIPlugin
2025-11-26 23:34:29,290 [INFO] PluginManager:220 - loadIPPluginJar : add gfxmmu
2025-11-26 23:34:29,296 [INFO] IPUIPlugin:80 - create IPUIPlugin
2025-11-26 23:34:29,297 [INFO] PluginManager:220 - loadIPPluginJar : add gic
2025-11-26 23:34:29,303 [INFO] IPUIPlugin:80 - create IPUIPlugin
2025-11-26 23:34:29,303 [INFO] PluginManager:220 - loadIPPluginJar : add gpio
2025-11-26 23:34:29,308 [INFO] IPUIPlugin:80 - create IPUIPlugin
2025-11-26 23:34:29,308 [INFO] PluginManager:220 - loadIPPluginJar : add gtzc
2025-11-26 23:34:29,314 [INFO] IPUIPlugin:80 - create IPUIPlugin
2025-11-26 23:34:29,314 [INFO] PluginManager:220 - loadIPPluginJar : add hash
2025-11-26 23:34:29,319 [INFO] IPUIPlugin:80 - create IPUIPlugin
2025-11-26 23:34:29,319 [INFO] PluginManager:220 - loadIPPluginJar : add i2c
2025-11-26 23:34:29,322 [INFO] IPUIPlugin:80 - create IPUIPlugin
2025-11-26 23:34:29,322 [INFO] PluginManager:220 - loadIPPluginJar : add i2s
2025-11-26 23:34:29,327 [INFO] IPUIPlugin:80 - create IPUIPlugin
2025-11-26 23:34:29,328 [INFO] PluginManager:220 - loadIPPluginJar : add i3c
2025-11-26 23:34:29,333 [INFO] IPUIPlugin:80 - create IPUIPlugin
2025-11-26 23:34:29,333 [INFO] PluginManager:220 - loadIPPluginJar : add ipddr
2025-11-26 23:34:29,345 [INFO] IPUIPlugin:80 - create IPUIPlugin
2025-11-26 23:34:29,345 [INFO] PluginManager:220 - loadIPPluginJar : add linkedlist
2025-11-26 23:34:29,350 [INFO] IPUIPlugin:80 - create IPUIPlugin
2025-11-26 23:34:29,350 [INFO] PluginManager:220 - loadIPPluginJar : add lorawan
2025-11-26 23:34:29,354 [INFO] IPUIPlugin:80 - create IPUIPlugin
2025-11-26 23:34:29,354 [INFO] PluginManager:220 - loadIPPluginJar : add ltdc
2025-11-26 23:34:29,362 [INFO] IPUIPlugin:80 - create IPUIPlugin
2025-11-26 23:34:29,362 [INFO] PluginManager:220 - loadIPPluginJar : add mdma
2025-11-26 23:34:29,367 [INFO] IPUIPlugin:80 - create IPUIPlugin
2025-11-26 23:34:29,367 [INFO] PluginManager:220 - loadIPPluginJar : add nvic
2025-11-26 23:34:29,372 [INFO] IPUIPlugin:80 - create IPUIPlugin
2025-11-26 23:34:29,372 [INFO] PluginManager:220 - loadIPPluginJar : add opamp
2025-11-26 23:34:29,377 [INFO] IPUIPlugin:80 - create IPUIPlugin
2025-11-26 23:34:29,377 [INFO] PluginManager:220 - loadIPPluginJar : add openamp
2025-11-26 23:34:29,382 [INFO] IPUIPlugin:80 - create IPUIPlugin
2025-11-26 23:34:29,382 [INFO] PluginManager:220 - loadIPPluginJar : add pdm2pcm
2025-11-26 23:34:29,390 [INFO] IPUIPlugin:80 - create IPUIPlugin
2025-11-26 23:34:29,394 [INFO] PluginManager:220 - loadIPPluginJar : add plateformsettings
2025-11-26 23:34:29,397 [INFO] IPUIPlugin:80 - create IPUIPlugin
2025-11-26 23:34:29,397 [INFO] PluginManager:220 - loadIPPluginJar : add quadspi
2025-11-26 23:34:29,400 [INFO] IPUIPlugin:80 - create IPUIPlugin
2025-11-26 23:34:29,400 [INFO] PluginManager:220 - loadIPPluginJar : add radio
2025-11-26 23:34:29,406 [INFO] IPUIPlugin:80 - create IPUIPlugin
2025-11-26 23:34:29,406 [INFO] PluginManager:220 - loadIPPluginJar : add resmgrutility
2025-11-26 23:34:29,411 [INFO] IPUIPlugin:80 - create IPUIPlugin
2025-11-26 23:34:29,411 [INFO] PluginManager:220 - loadIPPluginJar : add sai
2025-11-26 23:34:29,414 [INFO] IPUIPlugin:80 - create IPUIPlugin
2025-11-26 23:34:29,415 [INFO] PluginManager:220 - loadIPPluginJar : add spi
2025-11-26 23:34:29,422 [INFO] IPUIPlugin:80 - create IPUIPlugin
2025-11-26 23:34:29,422 [INFO] PluginManager:220 - loadIPPluginJar : add stm32_wpan
2025-11-26 23:34:29,426 [INFO] IPUIPlugin:80 - create IPUIPlugin
2025-11-26 23:34:29,426 [INFO] PluginManager:220 - loadIPPluginJar : add tim
2025-11-26 23:34:29,430 [INFO] IPUIPlugin:80 - create IPUIPlugin
2025-11-26 23:34:29,431 [INFO] PluginManager:220 - loadIPPluginJar : add touchsensing
2025-11-26 23:34:29,434 [INFO] IPUIPlugin:80 - create IPUIPlugin
2025-11-26 23:34:29,434 [INFO] PluginManager:220 - loadIPPluginJar : add tracer_emb
2025-11-26 23:34:29,437 [INFO] IPUIPlugin:80 - create IPUIPlugin
2025-11-26 23:34:29,437 [INFO] PluginManager:220 - loadIPPluginJar : add ts
2025-11-26 23:34:29,440 [INFO] IPUIPlugin:80 - create IPUIPlugin
2025-11-26 23:34:29,440 [INFO] PluginManager:220 - loadIPPluginJar : add tsc
2025-11-26 23:34:29,442 [INFO] IPUIPlugin:80 - create IPUIPlugin
2025-11-26 23:34:29,442 [INFO] PluginManager:220 - loadIPPluginJar : add ucpd
2025-11-26 23:34:29,447 [INFO] IPUIPlugin:80 - create IPUIPlugin
2025-11-26 23:34:29,447 [INFO] PluginManager:220 - loadIPPluginJar : add usart
2025-11-26 23:34:29,452 [INFO] IPUIPlugin:80 - create IPUIPlugin
2025-11-26 23:34:29,452 [INFO] PluginManager:220 - loadIPPluginJar : add usbx
2025-11-26 23:34:29,622 [FATAL] Updater:351 - Updater called before beeing initialized
2025-11-26 23:34:29,669 [INFO] RulesReader:64 - Compatibility file has been processed (317 Rules)
2025-11-26 23:34:29,684 [INFO] RulesReader:64 - Compatibility file has been processed (317 Rules)
2025-11-26 23:34:29,702 [INFO] CADModel:165 - CPN selected for project level
2025-11-26 23:34:29,702 [INFO] CADModel:114 - Register for checkConnection events
2025-11-26 23:34:29,702 [FATAL] Updater:351 - Updater called before beeing initialized
2025-11-26 23:34:29,702 [ERROR] CADModel:125 - Updater not yet initialized, retry later 
2025-11-26 23:34:29,980 [FATAL] Updater:351 - Updater called before beeing initialized
2025-11-26 23:34:29,983 [INFO] CADModel:165 - CPN selected for project level
2025-11-26 23:34:29,983 [INFO] CADModel:114 - Register for checkConnection events
2025-11-26 23:34:29,984 [FATAL] Updater:351 - Updater called before beeing initialized
2025-11-26 23:34:29,984 [ERROR] CADModel:125 - Updater not yet initialized, retry later 
2025-11-26 23:34:29,989 [FATAL] Updater:351 - Updater called before beeing initialized
2025-11-26 23:34:30,220 [FATAL] Updater:351 - Updater called before beeing initialized
2025-11-26 23:34:30,231 [INFO] DbMcusAds:53 - JSON generation date=Mon Nov 10 11:43:01 CET 2025 (1762771381118)
2025-11-26 23:34:30,231 [FATAL] Updater:351 - Updater called before beeing initialized
2025-11-26 23:34:30,416 [WARN] DetailPanel:346 - Failed to get advertising image, set to default
2025-11-26 23:34:30,577 [FATAL] Updater:351 - Updater called before beeing initialized
2025-11-26 23:34:30,578 [FATAL] Updater:351 - Updater called before beeing initialized
2025-11-26 23:34:30,578 [FATAL] Updater:351 - Updater called before beeing initialized
2025-11-26 23:34:30,579 [WARN] DetailPanel:346 - Failed to get advertising image, set to default
2025-11-26 23:34:30,580 [FATAL] Updater:351 - Updater called before beeing initialized
2025-11-26 23:34:30,658 [ERROR] Updater:1198 - MainUpdater not yet initialized. External WinMGr cannot be set.
2025-11-26 23:34:30,662 [INFO] Updater:1134 - Updater Version found : 6.15.0
2025-11-26 23:34:30,684 [INFO] ApplicationProperties:184 - Using Application install path: D:\Programy Potrzebne\STM32CubeIDE_Folder\STM32CubeIDE_1.19.0\STM32CubeIDE\plugins\com.st.stm32cube.common.mx_6.15.0.202507011659
2025-11-26 23:34:31,283 [INFO] ThirdPartyUpdaterWithRetryManager:70 - Updater plugin not ready yet. [2/15]
2025-11-26 23:34:32,272 [ERROR] LogOutputStream:75 - [STDERR_REDIRECT] Nov 26, 2025 11:34:32 PM java.util.prefs.WindowsPreferences <init>
2025-11-26 23:34:32,275 [ERROR] LogOutputStream:75 - [STDERR_REDIRECT] WARNING: Could not open/create prefs root node Software\JavaSoft\Prefs at root 0xffffffff80000002. Windows RegCreateKeyEx(...) returned error code 5.
2025-11-26 23:34:32,276 [ERROR] LogOutputStream:75 - [STDERR_REDIRECT] 
2025-11-26 23:34:32,777 [INFO] MainUpdater:2872 - connection check result : 10
2025-11-26 23:34:32,778 [INFO] MainUpdater:289 - Updater Check For Update Now.
2025-11-26 23:34:32,778 [INFO] MicroXplorer:498 - Change Database Version : DB.6.0.150
2025-11-26 23:34:32,789 [INFO] McuFinderGlobals:63 - Set McuFinder mode to 2 (CubeIDE integrated)
2025-11-26 23:34:32,790 [INFO] UserAuth:171 - activating auth plugin
2025-11-26 23:34:32,795 [INFO] UserAuth:487 - Internet connection configuration mode: 1
2025-11-26 23:34:32,843 [INFO] JxBrowserEngine:152 - Initiate JxBrowser Engine with user profile folder
2025-11-26 23:34:33,022 [INFO] CheckServerUpdateThread:120 - End of CheckServer Thread
2025-11-26 23:34:34,664 [INFO] WebApp:169 - Instantiating new browser for Auth
2025-11-26 23:34:34,789 [WARN] PackLoader:240 - Cannot read IP mode file for STMicroelectronics.FP-SNS-MOTENVWB1.1.4.0
2025-11-26 23:34:34,805 [WARN] PackLoader:240 - Cannot read IP mode file for STMicroelectronics.FP-ATR-ASTRA1.2.0.2
2025-11-26 23:34:34,836 [WARN] PackLoader:240 - Cannot read IP mode file for STMicroelectronics.X-CUBE-SMBUS.2.1.0
2025-11-26 23:34:34,894 [WARN] PackLoader:240 - Cannot read IP mode file for STMicroelectronics.X-CUBE-AZRTOS-F7.1.1.0
2025-11-26 23:34:34,923 [WARN] PackLoader:240 - Cannot read IP mode file for Cesanta.I-CUBE-Mongoose.7.19.0
2025-11-26 23:34:34,948 [WARN] PackLoader:240 - Cannot read IP mode file for WES.I-CUBE-Cesium.1.4.0
2025-11-26 23:34:34,990 [WARN] PackLoader:240 - Cannot read IP mode file for Infineon.AIROC-Wi-Fi-Bluetooth-STM32.1.7.1
2025-11-26 23:34:35,039 [WARN] PackLoader:240 - Cannot read IP mode file for STMicroelectronics.X-CUBE-AZRTOS-H7.3.4.0
2025-11-26 23:34:35,054 [WARN] PackLoader:240 - Cannot read IP mode file for STMicroelectronics.X-CUBE-DISPLAY.3.0.0
2025-11-26 23:34:35,074 [WARN] PackLoader:240 - Cannot read IP mode file for STMicroelectronics.X-CUBE-NFC10.1.0.0
2025-11-26 23:34:35,083 [WARN] PackLoader:240 - Cannot read IP mode file for STMicroelectronics.X-CUBE-ST60.1.1.0
2025-11-26 23:34:35,092 [WARN] PackLoader:240 - Cannot read IP mode file for emotas.I-CUBE-CANOPEN.1.3.0
2025-11-26 23:34:35,100 [WARN] PackLoader:240 - Cannot read IP mode file for STMicroelectronics.FP-SNS-SMARTAG2.1.2.0
2025-11-26 23:34:35,108 [WARN] PackLoader:240 - Cannot read IP mode file for STMicroelectronics.FP-SNS-FLIGHT1.5.1.0
2025-11-26 23:34:35,125 [INFO] LogOutputStream:77 - [STDOUT_REDIRECT] 1 : Invalid condition id : UX_CORESTACK_Condition cause : null
2025-11-26 23:34:35,125 [INFO] LogOutputStream:77 - [STDOUT_REDIRECT] 1 : Invalid condition id : UX_CORESTACK_Condition cause : null
2025-11-26 23:34:35,128 [INFO] LogOutputStream:77 - [STDOUT_REDIRECT] 1 : Invalid condition id : UX_CORESTACK_Condition cause : null
2025-11-26 23:34:35,130 [INFO] LogOutputStream:77 - [STDOUT_REDIRECT] 1 : Invalid condition id : UX_CORESTACK_Condition cause : null
2025-11-26 23:34:35,132 [INFO] LogOutputStream:77 - [STDOUT_REDIRECT] 1 : Invalid condition id : UX_CORESTACK_Condition cause : null
2025-11-26 23:34:35,135 [WARN] PackLoader:240 - Cannot read IP mode file for STMicroelectronics.X-CUBE-AZRTOS-WL.2.0.0
2025-11-26 23:34:35,172 [WARN] PackLoader:240 - Cannot read IP mode file for STMicroelectronics.X-CUBE-AZRTOS-H7RS.1.2.0
2025-11-26 23:34:35,184 [WARN] PackLoader:240 - Cannot read IP mode file for STMicroelectronics.X-CUBE-BLE2.3.3.0
2025-11-26 23:34:35,195 [WARN] PackLoader:240 - Cannot read IP mode file for STMicroelectronics.X-CUBE-NFC9.1.0.0
2025-11-26 23:34:35,205 [WARN] PackLoader:240 - Cannot read IP mode file for wolfSSL.I-CUBE-wolfSSL.5.8.2
2025-11-26 23:34:35,213 [WARN] PackLoader:240 - Cannot read IP mode file for STMicroelectronics.X-CUBE-BLE1.7.1.0
2025-11-26 23:34:35,220 [WARN] PackLoader:240 - Cannot read IP mode file for wolfSSL.I-CUBE-wolfMQTT.1.19.2
2025-11-26 23:34:35,229 [WARN] PackLoader:240 - Cannot read IP mode file for STMicroelectronics.X-CUBE-FREERTOS.1.4.0
2025-11-26 23:34:35,239 [WARN] PackLoader:240 - Cannot read IP mode file for STMicroelectronics.X-CUBE-ST67W61.1.1.0
2025-11-26 23:34:35,319 [WARN] PackLoader:240 - Cannot read IP mode file for STMicroelectronics.X-CUBE-MEMS1.12.0.0
2025-11-26 23:34:35,459 [WARN] PackLoader:240 - Cannot read IP mode file for STMicroelectronics.X-CUBE-AZRTOS-G0.1.1.0
2025-11-26 23:34:35,469 [WARN] PackLoader:240 - Cannot read IP mode file for STMicroelectronics.X-CUBE-NFC4.3.0.0
2025-11-26 23:34:35,481 [WARN] PackLoader:240 - Cannot read IP mode file for EmbeddedOffice.I-CUBE-FS-RTOS.1.0.1
2025-11-26 23:34:35,489 [WARN] PackLoader:240 - Cannot read IP mode file for STMicroelectronics.X-CUBE-WB05N.2.0.0
2025-11-26 23:34:35,495 [WARN] PackLoader:240 - Cannot read IP mode file for wolfSSL.I-CUBE-wolfTPM.3.8.0
2025-11-26 23:34:35,503 [WARN] PackLoader:240 - Cannot read IP mode file for STMicroelectronics.X-CUBE-TCPP.4.2.0
2025-11-26 23:34:35,511 [WARN] PackLoader:240 - Cannot read IP mode file for RealThread.X-CUBE-RT-Thread_Nano.4.1.1
2025-11-26 23:34:35,528 [WARN] PackLoader:240 - Cannot read IP mode file for STMicroelectronics.FP-ATR-SIGFOX1.3.2.0
2025-11-26 23:34:35,543 [WARN] PackLoader:240 - Cannot read IP mode file for ITTIA_DB.I-CUBE-ITTIADB.8.9.0
2025-11-26 23:34:35,589 [WARN] PackLoader:240 - Cannot read IP mode file for SEGGER.I-CUBE-embOS.1.3.1
2025-11-26 23:34:35,703 [WARN] PackLoader:240 - Cannot read IP mode file for STMicroelectronics.X-CUBE-ALGOBUILD.1.4.0
2025-11-26 23:34:35,776 [WARN] PackLoader:240 - Cannot read IP mode file for STMicroelectronics.X-CUBE-MEMS1.11.3.0
2025-11-26 23:34:36,003 [WARN] PackLoader:240 - Cannot read IP mode file for STMicroelectronics.X-CUBE-PM33A1.1.0.0
2025-11-26 23:34:36,024 [WARN] PackLoader:240 - Cannot read IP mode file for STMicroelectronics.X-CUBE-AZRTOS-F4.1.1.0
2025-11-26 23:34:36,034 [WARN] PackLoader:240 - Cannot read IP mode file for STMicroelectronics.X-CUBE-ISPU.2.1.0
2025-11-26 23:34:36,050 [WARN] PackLoader:240 - Cannot read IP mode file for STMicroelectronics.X-CUBE-IPS.3.2.0
2025-11-26 23:34:36,065 [WARN] PackLoader:240 - Cannot read IP mode file for STMicroelectronics.X-CUBE-NFC12.1.0.0
2025-11-26 23:34:36,087 [WARN] PackLoader:240 - Cannot read IP mode file for STMicroelectronics.X-CUBE-AZRTOS-L5.2.0.0
2025-11-26 23:34:36,099 [WARN] PackLoader:240 - Cannot read IP mode file for STMicroelectronics.X-CUBE-NFC6.3.1.0
2025-11-26 23:34:36,108 [WARN] PackLoader:240 - Cannot read IP mode file for STMicroelectronics.X-CUBE-FREERTOS.1.3.1
2025-11-26 23:34:36,118 [WARN] PackLoader:240 - Cannot read IP mode file for STMicroelectronics.X-CUBE-TOUCHGFX.4.26.0
2025-11-26 23:34:36,125 [WARN] PackLoader:240 - Cannot read IP mode file for STMicroelectronics.X-CUBE-DPower.1.3.0
2025-11-26 23:34:36,148 [WARN] ConditionMgr:438 - getConditionDescription Invalid condition id : LAN8742 Phy interface Condition cause : null
2025-11-26 23:34:36,149 [WARN] PackLoader:240 - Cannot read IP mode file for STMicroelectronics.X-CUBE-AZRTOS-L4.2.0.0
2025-11-26 23:34:36,150 [WARN] ConditionMgr:1044 - genDependencies : Invalid condition id : LAN8742 Phy interface Condition cause : null
2025-11-26 23:34:36,150 [WARN] ConditionMgr:1044 - genDependencies : Invalid condition id : LAN8742 Phy interface Condition cause : null
2025-11-26 23:34:36,151 [WARN] ConditionMgr:1044 - genDependencies : Invalid condition id : LAN8742 Phy interface Condition cause : null
2025-11-26 23:34:36,161 [WARN] PackLoader:240 - Cannot read IP mode file for STMicroelectronics.X-CUBE-SFXS2LP1.4.0.0
2025-11-26 23:34:36,187 [WARN] ConditionMgr:438 - getConditionDescription Invalid condition id : UX DEVICE CLASS RTOS Condition cause : null
2025-11-26 23:34:36,187 [WARN] ConditionMgr:438 - getConditionDescription Invalid condition id : UX DEVICE CLASS RTOS Condition cause : null
2025-11-26 23:34:36,190 [WARN] PackLoader:240 - Cannot read IP mode file for STMicroelectronics.X-CUBE-AZRTOS-WB.2.0.0
2025-11-26 23:34:36,190 [WARN] ConditionMgr:1044 - genDependencies : Invalid condition id : UX DEVICE CLASS RTOS Condition cause : null
2025-11-26 23:34:36,191 [WARN] ConditionMgr:1044 - genDependencies : Invalid condition id : UX DEVICE CLASS RTOS Condition cause : null
2025-11-26 23:34:36,191 [WARN] ConditionMgr:1044 - genDependencies : Invalid condition id : UX DEVICE CLASS RTOS Condition cause : null
2025-11-26 23:34:36,191 [WARN] ConditionMgr:1044 - genDependencies : Invalid condition id : UX DEVICE CLASS RTOS Condition cause : null
2025-11-26 23:34:36,191 [WARN] ConditionMgr:1044 - genDependencies : Invalid condition id : UX DEVICE CLASS RTOS Condition cause : null
2025-11-26 23:34:36,198 [WARN] ConditionMgr:438 - getConditionDescription Invalid condition id : Cortex-A Device cause : null
2025-11-26 23:34:36,217 [WARN] ConditionMgr:1044 - genDependencies : Invalid condition id : Cortex-A Device cause : null
2025-11-26 23:34:36,217 [WARN] ConditionMgr:1044 - genDependencies : Invalid condition id : Cortex-A Device cause : null
2025-11-26 23:34:36,217 [WARN] ConditionMgr:1044 - genDependencies : Invalid condition id : Cortex-A Device cause : null
2025-11-26 23:34:36,229 [WARN] PackLoader:240 - Cannot read IP mode file for STMicroelectronics.X-CUBE-SUBG2.5.0.0
2025-11-26 23:34:36,254 [WARN] PackLoader:240 - Cannot read IP mode file for STMicroelectronics.X-CUBE-AZRTOS-H7RS.1.1.0
2025-11-26 23:34:36,273 [WARN] PackLoader:240 - Cannot read IP mode file for STMicroelectronics.X-CUBE-AZRTOS-G4.2.0.0
2025-11-26 23:34:36,281 [WARN] PackLoader:240 - Cannot read IP mode file for wolfSSL.I-CUBE-wolfSSH.1.4.20
2025-11-26 23:34:36,286 [WARN] PackLoader:240 - Cannot read IP mode file for STMicroelectronics.X-CUBE-NFC7.2.0.0
2025-11-26 23:34:36,293 [WARN] PackLoader:240 - Cannot read IP mode file for STMicroelectronics.X-CUBE-ALS.1.0.2
2025-11-26 23:34:36,301 [WARN] PackLoader:240 - Cannot read IP mode file for STMicroelectronics.X-CUBE-STSE01.1.0.0
2025-11-26 23:34:36,315 [WARN] PackLoader:240 - Cannot read IP mode file for STMicroelectronics.X-CUBE-TOF1.3.4.3
2025-11-26 23:34:36,329 [INFO] ThirdParty:978 - Integrity check success = true
2025-11-26 23:34:36,329 [INFO] IntegrityCheckThread:100 - exiting critical section [integrity check]
2025-11-26 23:34:36,329 [INFO] IntegrityCheckThread:103 - End integrity checks thread
2025-11-26 23:34:36,689 [INFO] WebApp:463 - Apply proxy settings
2025-11-26 23:34:36,689 [INFO] WebApp:548 - Chromium requires no authentication
2025-11-26 23:34:36,708 [INFO] WebApp:491 - Direct internet connection detected
2025-11-26 23:34:36,757 [INFO] WebApp:900 - Register for checkConnection events
2025-11-26 23:34:36,757 [INFO] WebApp:463 - Apply proxy settings
2025-11-26 23:34:36,757 [INFO] WebApp:548 - Chromium requires no authentication
2025-11-26 23:34:36,758 [INFO] WebApp:491 - Direct internet connection detected
2025-11-26 23:34:36,992 [INFO] WebApp:191 - Connection restablished
2025-11-26 23:34:37,176 [INFO] WebApp:225 - Starting web application
2025-11-26 23:34:37,176 [INFO] WebApp:593 - Web application path used D:\Programy Potrzebne\STM32CubeIDE_Folder\STM32CubeIDE_1.19.0\STM32CubeIDE\plugins\com.st.stm32cube.common.mx_6.15.0.202507011659\db\plugins\mcufinder\reactClient1\index.html
2025-11-26 23:47:53,190 [ERROR] LogOutputStream:75 - [STDERR_REDIRECT] 
