2026-01-02 13:52:44,025 [INFO] Activator:176 - 


2026-01-02 13:52:44,052 [INFO] Activator:177 - !SESSION log4j initialized
2026-01-02 13:52:58,745 [INFO] LogOutputStream:77 - [STDOUT_REDIRECT] 
2026-01-02 13:53:07,865 [INFO] ApplicationProperties:184 - Using Application install path: D:\Programy Potrzebne\STM32CubeIDE_Folder\STM32CubeIDE_1.19.0\STM32CubeIDE\plugins\com.st.stm32cube.common.mx_6.15.0.202507011659
2026-01-02 13:53:07,897 [INFO] DbMcusXml:78 - Set database path to: D:\Programy Potrzebne\STM32CubeIDE_Folder\STM32CubeIDE_1.19.0\STM32CubeIDE\plugins\com.st.stm32cube.common.mx_6.15.0.202507011659\\db\/mcu/
2026-01-02 13:53:07,897 [INFO] ApiDb:274 - Set plugin database path to: D:\Programy Potrzebne\STM32CubeIDE_Folder\STM32CubeIDE_1.19.0\STM32CubeIDE\plugins\com.st.stm32cube.common.mx_6.15.0.202507011659\\db\/plugins/boardmanager/
2026-01-02 13:53:07,912 [WARN] ApiDb:259 - Overriding images path with different value:  => D:\Programy Potrzebne\STM32CubeIDE_Folder\STM32CubeIDE_1.19.0\STM32CubeIDE\plugins\com.st.stm32cube.common.mx_6.15.0.202507011659\\db\/plugins/mcufinder/images/
2026-01-02 13:53:07,912 [INFO] ApiDb:250 - Set database path to: C:\Users\dryla\.stmcufinder\plugins\mcufinder//mcu/
2026-01-02 13:53:07,928 [INFO] DbMcusAds:125 - Set database path to: C:\Users\dryla\.stmcufinder\plugins\mcufinder//mcu/
2026-01-02 13:53:07,931 [INFO] CrossReferenceDbSqlite:203 - Set database path to: C:\Users\dryla\.stmcufinder\plugins\mcufinder//mcu/cs/
2026-01-02 13:53:08,234 [INFO] RulesReader:64 - Compatibility file has been processed (317 Rules)
2026-01-02 13:53:08,436 [INFO] DbMcusXml:78 - Set database path to: D:\Programy Potrzebne\STM32CubeIDE_Folder\STM32CubeIDE_1.19.0\STM32CubeIDE\plugins\com.st.stm32cube.common.mx_6.15.0.202507011659\\db\/mcu/
2026-01-02 13:53:08,436 [INFO] ApiDb:274 - Set plugin database path to: D:\Programy Potrzebne\STM32CubeIDE_Folder\STM32CubeIDE_1.19.0\STM32CubeIDE\plugins\com.st.stm32cube.common.mx_6.15.0.202507011659\\db\/plugins/boardmanager/
2026-01-02 13:53:08,436 [INFO] ApiDb:261 - Set plugin images path to: D:\Programy Potrzebne\STM32CubeIDE_Folder\STM32CubeIDE_1.19.0\STM32CubeIDE\plugins\com.st.stm32cube.common.mx_6.15.0.202507011659\\db\/plugins/mcufinder/images/
2026-01-02 13:53:08,436 [WARN] DbFile:41 - Overriding database path with different value: C:\Users\dryla\.stmcufinder\plugins\mcufinder/ => C:\Users\dryla\.stmcufinder\plugins\mcufinder
2026-01-02 13:53:08,436 [INFO] ApiDb:250 - Set database path to: C:\Users\dryla\.stmcufinder\plugins\mcufinder//mcu/
2026-01-02 13:53:08,436 [WARN] DbFile:41 - Overriding database path with different value: C:\Users\dryla\.stmcufinder\plugins\mcufinder/ => C:\Users\dryla\.stmcufinder\plugins\mcufinder
2026-01-02 13:53:08,436 [INFO] DbMcusAds:125 - Set database path to: C:\Users\dryla\.stmcufinder\plugins\mcufinder//mcu/
2026-01-02 13:53:08,436 [WARN] DbFile:41 - Overriding database path with different value: C:\Users\dryla\.stmcufinder\plugins\mcufinder/ => C:\Users\dryla\.stmcufinder\plugins\mcufinder
2026-01-02 13:53:08,436 [WARN] DbFile:41 - Overriding database path with different value: C:\Users\dryla\.stmcufinder\plugins\mcufinder/ => C:\Users\dryla\.stmcufinder\plugins\mcufinder
2026-01-02 13:53:08,436 [INFO] CrossReferenceDbSqlite:203 - Set database path to: C:\Users\dryla\.stmcufinder\plugins\mcufinder//mcu/cs/
2026-01-02 13:53:08,610 [INFO] MainPanel:274 - HeapMemory: 268435456
2026-01-02 13:53:08,834 [INFO] DbMcusXml:78 - Set database path to: D:\Programy Potrzebne\STM32CubeIDE_Folder\STM32CubeIDE_1.19.0\STM32CubeIDE\plugins\com.st.stm32cube.common.mx_6.15.0.202507011659\\db\/mcu/
2026-01-02 13:53:08,834 [INFO] ApiDb:274 - Set plugin database path to: D:\Programy Potrzebne\STM32CubeIDE_Folder\STM32CubeIDE_1.19.0\STM32CubeIDE\plugins\com.st.stm32cube.common.mx_6.15.0.202507011659\\db\/plugins/boardmanager/
2026-01-02 13:53:08,834 [INFO] ApiDb:261 - Set plugin images path to: D:\Programy Potrzebne\STM32CubeIDE_Folder\STM32CubeIDE_1.19.0\STM32CubeIDE\plugins\com.st.stm32cube.common.mx_6.15.0.202507011659\\db\/plugins/mcufinder/images/
2026-01-02 13:53:08,834 [WARN] DbFile:41 - Overriding database path with different value: C:\Users\dryla\.stmcufinder\plugins\mcufinder/ => C:\Users\dryla\.stmcufinder\plugins\mcufinder
2026-01-02 13:53:08,834 [INFO] ApiDb:250 - Set database path to: C:\Users\dryla\.stmcufinder\plugins\mcufinder//mcu/
2026-01-02 13:53:08,834 [WARN] DbFile:41 - Overriding database path with different value: C:\Users\dryla\.stmcufinder\plugins\mcufinder/ => C:\Users\dryla\.stmcufinder\plugins\mcufinder
2026-01-02 13:53:08,834 [INFO] DbMcusAds:125 - Set database path to: C:\Users\dryla\.stmcufinder\plugins\mcufinder//mcu/
2026-01-02 13:53:08,834 [WARN] DbFile:41 - Overriding database path with different value: C:\Users\dryla\.stmcufinder\plugins\mcufinder/ => C:\Users\dryla\.stmcufinder\plugins\mcufinder
2026-01-02 13:53:08,834 [WARN] DbFile:41 - Overriding database path with different value: C:\Users\dryla\.stmcufinder\plugins\mcufinder/ => C:\Users\dryla\.stmcufinder\plugins\mcufinder
2026-01-02 13:53:08,834 [INFO] CrossReferenceDbSqlite:203 - Set database path to: C:\Users\dryla\.stmcufinder\plugins\mcufinder//mcu/cs/
2026-01-02 13:53:08,879 [INFO] ApplicationProperties:184 - Using Application install path: D:\Programy Potrzebne\STM32CubeIDE_Folder\STM32CubeIDE_1.19.0\STM32CubeIDE\plugins\com.st.stm32cube.common.mx_6.15.0.202507011659
2026-01-02 13:53:08,879 [INFO] PluginManage:196 - Search for loadable plugins [exclusion list=, ]
2026-01-02 13:53:08,879 [INFO] PluginManage:310 - Check plugin analytics
2026-01-02 13:53:09,512 [INFO] AnalyticsPlugin:253 - Accepted Software Licenses: 
2026-01-02 13:53:09,513 [INFO] AnalyticsPlugin:255 - Accepted CMSIS Pack Licenses: 
2026-01-02 13:53:09,513 [INFO] AnalyticsPlugin:257 - Accepted Firmware Licenses: FW.F4.1.28.0,FW.G4.1.6.0
2026-01-02 13:53:09,524 [INFO] PluginManage:359 - Loaded plugin analytics (category:tool,tabindex:-1)
2026-01-02 13:53:09,524 [INFO] PluginManage:310 - Check plugin cadmodel
2026-01-02 13:53:09,539 [INFO] CADModel:105 - Init CAD model plugin
2026-01-02 13:53:09,539 [INFO] PluginManage:359 - Loaded plugin cadmodel (category:power,tabindex:5)
2026-01-02 13:53:09,539 [INFO] PluginManage:310 - Check plugin clock
2026-01-02 13:53:09,560 [INFO] PluginManage:359 - Loaded plugin clock (category:base,tabindex:2)
2026-01-02 13:53:09,560 [INFO] PluginManage:310 - Check plugin ddr
2026-01-02 13:53:09,560 [INFO] PluginManage:359 - Loaded plugin ddr (category:tool,tabindex:6)
2026-01-02 13:53:09,560 [INFO] PluginManage:310 - Check plugin filemanager
2026-01-02 13:53:09,964 [INFO] PluginManage:359 - Loaded plugin filemanager (category:base,tabindex:10)
2026-01-02 13:53:09,964 [INFO] PluginManage:310 - Check plugin ipmanager
2026-01-02 13:53:09,982 [INFO] PluginManage:359 - Loaded plugin ipmanager (category:base,tabindex:5)
2026-01-02 13:53:09,984 [INFO] PluginManage:310 - Check plugin lpbam
2026-01-02 13:53:10,005 [INFO] PluginManage:359 - Loaded plugin lpbam (category:base,tabindex:0)
2026-01-02 13:53:10,005 [INFO] PluginManage:310 - Check plugin memorymap
2026-01-02 13:53:10,057 [INFO] PluginManage:359 - Loaded plugin memorymap (category:base,tabindex:4)
2026-01-02 13:53:10,057 [INFO] PluginManage:310 - Check plugin pinoutandconfiguration
2026-01-02 13:53:10,083 [INFO] PluginManage:359 - Loaded plugin pinoutandconfiguration (category:base,tabindex:1)
2026-01-02 13:53:10,083 [INFO] PluginManage:310 - Check plugin pinoutconfig
2026-01-02 13:53:10,288 [WARN] SupportedApi:132 - Cannot load RTOS API schema: s4s-elt-must-match.1: The content of 'definitions' must match (annotation?, (simpleType | complexType)?, (unique | key | keyref)*)). A problem was found starting at: attribute.
2026-01-02 13:53:10,749 [INFO] PluginManage:359 - Loaded plugin pinoutconfig (category:base,tabindex:0)
2026-01-02 13:53:10,749 [INFO] PluginManage:310 - Check plugin power
2026-01-02 13:53:10,781 [INFO] PluginManage:359 - Loaded plugin power (category:power,tabindex:4)
2026-01-02 13:53:10,781 [INFO] PluginManage:310 - Check plugin projectmanager
2026-01-02 13:53:10,816 [INFO] PluginManage:359 - Loaded plugin projectmanager (category:projectmanager,tabindex:4)
2026-01-02 13:53:10,816 [INFO] PluginManage:310 - Check plugin rif
2026-01-02 13:53:10,828 [INFO] PluginManage:359 - Loaded plugin rif (category:base,tabindex:3)
2026-01-02 13:53:10,828 [INFO] PluginManage:310 - Check plugin thirdparty
2026-01-02 13:53:11,161 [WARN] IntegrityCheckThread:84 - waiting for thirdparty lock release [integrity check]
2026-01-02 13:53:11,161 [INFO] IntegrityCheckThread:86 - entering critical section [integrity check]
2026-01-02 13:53:11,161 [INFO] ThirdPartyUpdaterWithRetryManager:70 - Updater plugin not ready yet. [1/15]
2026-01-02 13:53:11,161 [INFO] PluginManage:359 - Loaded plugin thirdparty (category:base,tabindex:-1)
2026-01-02 13:53:11,161 [INFO] PluginManage:310 - Check plugin tools
2026-01-02 13:53:11,161 [INFO] PluginManage:359 - Loaded plugin tools (category:base,tabindex:7)
2026-01-02 13:53:11,161 [INFO] PluginManage:310 - Check plugin tutovideos
2026-01-02 13:53:11,562 [INFO] PluginManage:359 - Loaded plugin tutovideos (category:base,tabindex:-1)
2026-01-02 13:53:11,562 [INFO] PluginManage:310 - Check plugin updater
2026-01-02 13:53:11,606 [INFO] PluginManage:359 - Loaded plugin updater (category:base,tabindex:12)
2026-01-02 13:53:11,606 [INFO] PluginManage:310 - Check plugin userauth
2026-01-02 13:53:11,606 [INFO] UserAuth:118 - Init User Auth plugin
2026-01-02 13:53:11,606 [INFO] PluginManage:359 - Loaded plugin userauth (category:base,tabindex:14)
2026-01-02 13:53:11,622 [INFO] PluginManage:283 - PluginManage : Loaded plugins [18]
2026-01-02 13:53:12,034 [INFO] PinOutPanel:1589 - setPackage(No Configuration,No Configuration)
2026-01-02 13:53:12,209 [INFO] CADModel:165 - CPN selected for project level
2026-01-02 13:53:12,209 [INFO] CADModel:114 - Register for checkConnection events
2026-01-02 13:53:12,256 [INFO] IPUIPlugin:80 - create IPUIPlugin
2026-01-02 13:53:12,256 [INFO] PluginManager:220 - loadIPPluginJar : add adc
2026-01-02 13:53:12,264 [INFO] IPUIPlugin:80 - create IPUIPlugin
2026-01-02 13:53:12,264 [INFO] PluginManager:220 - loadIPPluginJar : add aes
2026-01-02 13:53:12,266 [INFO] IPUIPlugin:80 - create IPUIPlugin
2026-01-02 13:53:12,266 [INFO] PluginManager:220 - loadIPPluginJar : add can
2026-01-02 13:53:12,272 [INFO] IPUIPlugin:80 - create IPUIPlugin
2026-01-02 13:53:12,272 [INFO] PluginManager:220 - loadIPPluginJar : add comp
2026-01-02 13:53:12,279 [INFO] IPUIPlugin:80 - create IPUIPlugin
2026-01-02 13:53:12,279 [INFO] PluginManager:220 - loadIPPluginJar : add cryp
2026-01-02 13:53:12,289 [INFO] IPUIPlugin:80 - create IPUIPlugin
2026-01-02 13:53:12,289 [INFO] PluginManager:220 - loadIPPluginJar : add ddr_ctrl_phy
2026-01-02 13:53:12,291 [INFO] IPUIPlugin:80 - create IPUIPlugin
2026-01-02 13:53:12,291 [INFO] PluginManager:220 - loadIPPluginJar : add dfsdm
2026-01-02 13:53:12,306 [INFO] IPUIPlugin:80 - create IPUIPlugin
2026-01-02 13:53:12,308 [INFO] PluginManager:220 - loadIPPluginJar : add dma
2026-01-02 13:53:12,314 [INFO] IPUIPlugin:80 - create IPUIPlugin
2026-01-02 13:53:12,314 [INFO] PluginManager:220 - loadIPPluginJar : add dma3
2026-01-02 13:53:12,314 [INFO] IPUIPlugin:80 - create IPUIPlugin
2026-01-02 13:53:12,314 [INFO] PluginManager:220 - loadIPPluginJar : add extmemmanager
2026-01-02 13:53:12,322 [INFO] IPUIPlugin:80 - create IPUIPlugin
2026-01-02 13:53:12,322 [INFO] PluginManager:220 - loadIPPluginJar : add fatfs
2026-01-02 13:53:12,326 [INFO] IPUIPlugin:80 - create IPUIPlugin
2026-01-02 13:53:12,326 [INFO] PluginManager:220 - loadIPPluginJar : add fmc
2026-01-02 13:53:12,335 [INFO] IPUIPlugin:80 - create IPUIPlugin
2026-01-02 13:53:12,335 [INFO] PluginManager:220 - loadIPPluginJar : add freertos
2026-01-02 13:53:12,335 [INFO] IPUIPlugin:80 - create IPUIPlugin
2026-01-02 13:53:12,335 [INFO] PluginManager:220 - loadIPPluginJar : add genericplugin
2026-01-02 13:53:12,351 [INFO] IPUIPlugin:80 - create IPUIPlugin
2026-01-02 13:53:12,351 [INFO] PluginManager:220 - loadIPPluginJar : add gfxmmu
2026-01-02 13:53:12,351 [INFO] IPUIPlugin:80 - create IPUIPlugin
2026-01-02 13:53:12,351 [INFO] PluginManager:220 - loadIPPluginJar : add gic
2026-01-02 13:53:12,367 [INFO] IPUIPlugin:80 - create IPUIPlugin
2026-01-02 13:53:12,367 [INFO] PluginManager:220 - loadIPPluginJar : add gpio
2026-01-02 13:53:12,383 [INFO] IPUIPlugin:80 - create IPUIPlugin
2026-01-02 13:53:12,383 [INFO] PluginManager:220 - loadIPPluginJar : add gtzc
2026-01-02 13:53:12,383 [INFO] IPUIPlugin:80 - create IPUIPlugin
2026-01-02 13:53:12,383 [INFO] PluginManager:220 - loadIPPluginJar : add hash
2026-01-02 13:53:12,383 [INFO] IPUIPlugin:80 - create IPUIPlugin
2026-01-02 13:53:12,383 [INFO] PluginManager:220 - loadIPPluginJar : add i2c
2026-01-02 13:53:12,400 [INFO] IPUIPlugin:80 - create IPUIPlugin
2026-01-02 13:53:12,400 [INFO] PluginManager:220 - loadIPPluginJar : add i2s
2026-01-02 13:53:12,400 [INFO] IPUIPlugin:80 - create IPUIPlugin
2026-01-02 13:53:12,400 [INFO] PluginManager:220 - loadIPPluginJar : add i3c
2026-01-02 13:53:12,415 [INFO] IPUIPlugin:80 - create IPUIPlugin
2026-01-02 13:53:12,415 [INFO] PluginManager:220 - loadIPPluginJar : add ipddr
2026-01-02 13:53:12,431 [INFO] IPUIPlugin:80 - create IPUIPlugin
2026-01-02 13:53:12,431 [INFO] PluginManager:220 - loadIPPluginJar : add linkedlist
2026-01-02 13:53:12,431 [INFO] IPUIPlugin:80 - create IPUIPlugin
2026-01-02 13:53:12,431 [INFO] PluginManager:220 - loadIPPluginJar : add lorawan
2026-01-02 13:53:12,431 [INFO] IPUIPlugin:80 - create IPUIPlugin
2026-01-02 13:53:12,443 [INFO] PluginManager:220 - loadIPPluginJar : add ltdc
2026-01-02 13:53:12,447 [INFO] IPUIPlugin:80 - create IPUIPlugin
2026-01-02 13:53:12,447 [INFO] PluginManager:220 - loadIPPluginJar : add mdma
2026-01-02 13:53:12,462 [INFO] IPUIPlugin:80 - create IPUIPlugin
2026-01-02 13:53:12,462 [INFO] PluginManager:220 - loadIPPluginJar : add nvic
2026-01-02 13:53:12,462 [INFO] IPUIPlugin:80 - create IPUIPlugin
2026-01-02 13:53:12,462 [INFO] PluginManager:220 - loadIPPluginJar : add opamp
2026-01-02 13:53:12,462 [INFO] IPUIPlugin:80 - create IPUIPlugin
2026-01-02 13:53:12,462 [INFO] PluginManager:220 - loadIPPluginJar : add openamp
2026-01-02 13:53:12,478 [INFO] IPUIPlugin:80 - create IPUIPlugin
2026-01-02 13:53:12,478 [INFO] PluginManager:220 - loadIPPluginJar : add pdm2pcm
2026-01-02 13:53:12,490 [INFO] IPUIPlugin:80 - create IPUIPlugin
2026-01-02 13:53:12,494 [INFO] PluginManager:220 - loadIPPluginJar : add plateformsettings
2026-01-02 13:53:12,494 [INFO] IPUIPlugin:80 - create IPUIPlugin
2026-01-02 13:53:12,494 [INFO] PluginManager:220 - loadIPPluginJar : add quadspi
2026-01-02 13:53:12,500 [INFO] IPUIPlugin:80 - create IPUIPlugin
2026-01-02 13:53:12,500 [INFO] PluginManager:220 - loadIPPluginJar : add radio
2026-01-02 13:53:12,509 [INFO] IPUIPlugin:80 - create IPUIPlugin
2026-01-02 13:53:12,509 [INFO] PluginManager:220 - loadIPPluginJar : add resmgrutility
2026-01-02 13:53:12,509 [INFO] IPUIPlugin:80 - create IPUIPlugin
2026-01-02 13:53:12,509 [INFO] PluginManager:220 - loadIPPluginJar : add sai
2026-01-02 13:53:12,518 [INFO] IPUIPlugin:80 - create IPUIPlugin
2026-01-02 13:53:12,518 [INFO] PluginManager:220 - loadIPPluginJar : add spi
2026-01-02 13:53:12,535 [INFO] IPUIPlugin:80 - create IPUIPlugin
2026-01-02 13:53:12,535 [INFO] PluginManager:220 - loadIPPluginJar : add stm32_wpan
2026-01-02 13:53:12,541 [INFO] IPUIPlugin:80 - create IPUIPlugin
2026-01-02 13:53:12,541 [INFO] PluginManager:220 - loadIPPluginJar : add tim
2026-01-02 13:53:12,541 [INFO] IPUIPlugin:80 - create IPUIPlugin
2026-01-02 13:53:12,557 [INFO] PluginManager:220 - loadIPPluginJar : add touchsensing
2026-01-02 13:53:12,557 [INFO] IPUIPlugin:80 - create IPUIPlugin
2026-01-02 13:53:12,557 [INFO] PluginManager:220 - loadIPPluginJar : add tracer_emb
2026-01-02 13:53:12,557 [INFO] IPUIPlugin:80 - create IPUIPlugin
2026-01-02 13:53:12,557 [INFO] PluginManager:220 - loadIPPluginJar : add ts
2026-01-02 13:53:12,557 [INFO] IPUIPlugin:80 - create IPUIPlugin
2026-01-02 13:53:12,557 [INFO] PluginManager:220 - loadIPPluginJar : add tsc
2026-01-02 13:53:12,573 [INFO] IPUIPlugin:80 - create IPUIPlugin
2026-01-02 13:53:12,573 [INFO] PluginManager:220 - loadIPPluginJar : add ucpd
2026-01-02 13:53:12,576 [INFO] IPUIPlugin:80 - create IPUIPlugin
2026-01-02 13:53:12,576 [INFO] PluginManager:220 - loadIPPluginJar : add usart
2026-01-02 13:53:12,576 [INFO] IPUIPlugin:80 - create IPUIPlugin
2026-01-02 13:53:12,576 [INFO] PluginManager:220 - loadIPPluginJar : add usbx
2026-01-02 13:53:12,796 [FATAL] Updater:351 - Updater called before beeing initialized
2026-01-02 13:53:12,860 [INFO] RulesReader:64 - Compatibility file has been processed (317 Rules)
2026-01-02 13:53:12,892 [INFO] RulesReader:64 - Compatibility file has been processed (317 Rules)
2026-01-02 13:53:12,908 [INFO] CADModel:165 - CPN selected for project level
2026-01-02 13:53:12,908 [INFO] CADModel:114 - Register for checkConnection events
2026-01-02 13:53:12,908 [FATAL] Updater:351 - Updater called before beeing initialized
2026-01-02 13:53:12,908 [ERROR] CADModel:125 - Updater not yet initialized, retry later 
2026-01-02 13:53:13,288 [FATAL] Updater:351 - Updater called before beeing initialized
2026-01-02 13:53:13,304 [INFO] CADModel:165 - CPN selected for project level
2026-01-02 13:53:13,304 [INFO] CADModel:114 - Register for checkConnection events
2026-01-02 13:53:13,304 [FATAL] Updater:351 - Updater called before beeing initialized
2026-01-02 13:53:13,304 [ERROR] CADModel:125 - Updater not yet initialized, retry later 
2026-01-02 13:53:13,304 [FATAL] Updater:351 - Updater called before beeing initialized
2026-01-02 13:53:13,582 [FATAL] Updater:351 - Updater called before beeing initialized
2026-01-02 13:53:13,601 [INFO] DbMcusAds:53 - JSON generation date=Fri Dec 05 10:13:14 CET 2025 (1764925994568)
2026-01-02 13:53:13,601 [FATAL] Updater:351 - Updater called before beeing initialized
2026-01-02 13:53:13,759 [WARN] DetailPanel:346 - Failed to get advertising image, set to default
2026-01-02 13:53:14,113 [FATAL] Updater:351 - Updater called before beeing initialized
2026-01-02 13:53:14,117 [FATAL] Updater:351 - Updater called before beeing initialized
2026-01-02 13:53:14,117 [FATAL] Updater:351 - Updater called before beeing initialized
2026-01-02 13:53:14,117 [WARN] DetailPanel:346 - Failed to get advertising image, set to default
2026-01-02 13:53:14,120 [FATAL] Updater:351 - Updater called before beeing initialized
2026-01-02 13:53:14,175 [INFO] ThirdPartyUpdaterWithRetryManager:70 - Updater plugin not ready yet. [2/15]
2026-01-02 13:53:14,287 [ERROR] Updater:1198 - MainUpdater not yet initialized. External WinMGr cannot be set.
2026-01-02 13:53:14,287 [INFO] Updater:1134 - Updater Version found : 6.15.0
2026-01-02 13:53:14,340 [INFO] ApplicationProperties:184 - Using Application install path: D:\Programy Potrzebne\STM32CubeIDE_Folder\STM32CubeIDE_1.19.0\STM32CubeIDE\plugins\com.st.stm32cube.common.mx_6.15.0.202507011659
2026-01-02 13:53:15,987 [ERROR] LogOutputStream:75 - [STDERR_REDIRECT] Jan 02, 2026 1:53:15 PM java.util.prefs.WindowsPreferences <init>
2026-01-02 13:53:15,997 [ERROR] LogOutputStream:75 - [STDERR_REDIRECT] WARNING: Could not open/create prefs root node Software\JavaSoft\Prefs at root 0xffffffff80000002. Windows RegCreateKeyEx(...) returned error code 5.
2026-01-02 13:53:15,997 [ERROR] LogOutputStream:75 - [STDERR_REDIRECT] 
2026-01-02 13:53:16,885 [INFO] MainUpdater:2872 - connection check result : 10
2026-01-02 13:53:16,886 [INFO] MainUpdater:289 - Updater Check For Update Now.
2026-01-02 13:53:16,886 [INFO] MicroXplorer:498 - Change Database Version : DB.6.0.150
2026-01-02 13:53:16,894 [INFO] McuFinderGlobals:63 - Set McuFinder mode to 2 (CubeIDE integrated)
2026-01-02 13:53:16,894 [INFO] UserAuth:171 - activating auth plugin
2026-01-02 13:53:16,906 [INFO] UserAuth:487 - Internet connection configuration mode: 1
2026-01-02 13:53:16,942 [INFO] JxBrowserEngine:152 - Initiate JxBrowser Engine with user profile folder
2026-01-02 13:53:17,180 [WARN] MainUpdater:1193 - Updater busy. Cannot search thirdparties
2026-01-02 13:53:17,180 [INFO] ThirdPartyUpdaterWithRetryManager:96 - Updater plugin is busy. [1/15]
2026-01-02 13:53:17,292 [INFO] CheckServerUpdateThread:120 - End of CheckServer Thread
2026-01-02 13:53:19,341 [INFO] WebApp:169 - Instantiating new browser for Auth
2026-01-02 13:53:20,934 [WARN] PackLoader:240 - Cannot read IP mode file for STMicroelectronics.FP-SNS-MOTENVWB1.1.4.0
2026-01-02 13:53:20,955 [WARN] PackLoader:240 - Cannot read IP mode file for STMicroelectronics.FP-ATR-ASTRA1.2.0.2
2026-01-02 13:53:20,976 [WARN] PackLoader:240 - Cannot read IP mode file for STMicroelectronics.X-CUBE-SMBUS.2.1.0
2026-01-02 13:53:21,059 [WARN] PackLoader:240 - Cannot read IP mode file for STMicroelectronics.X-CUBE-AZRTOS-F7.1.1.0
2026-01-02 13:53:21,090 [WARN] PackLoader:240 - Cannot read IP mode file for Cesanta.I-CUBE-Mongoose.7.19.0
2026-01-02 13:53:21,134 [WARN] PackLoader:240 - Cannot read IP mode file for WES.I-CUBE-Cesium.1.4.0
2026-01-02 13:53:21,160 [INFO] WebApp:463 - Apply proxy settings
2026-01-02 13:53:21,160 [INFO] WebApp:548 - Chromium requires no authentication
2026-01-02 13:53:21,205 [INFO] WebApp:491 - Direct internet connection detected
2026-01-02 13:53:21,232 [WARN] PackLoader:240 - Cannot read IP mode file for Infineon.AIROC-Wi-Fi-Bluetooth-STM32.1.7.1
2026-01-02 13:53:21,364 [WARN] PackLoader:240 - Cannot read IP mode file for STMicroelectronics.X-CUBE-AZRTOS-H7.3.4.0
2026-01-02 13:53:21,411 [WARN] PackLoader:240 - Cannot read IP mode file for STMicroelectronics.X-CUBE-DISPLAY.3.0.0
2026-01-02 13:53:21,470 [WARN] PackLoader:240 - Cannot read IP mode file for STMicroelectronics.X-CUBE-NFC10.1.0.0
2026-01-02 13:53:21,486 [INFO] WebApp:900 - Register for checkConnection events
2026-01-02 13:53:21,487 [INFO] WebApp:463 - Apply proxy settings
2026-01-02 13:53:21,487 [INFO] WebApp:548 - Chromium requires no authentication
2026-01-02 13:53:21,489 [INFO] WebApp:491 - Direct internet connection detected
2026-01-02 13:53:21,497 [WARN] PackLoader:240 - Cannot read IP mode file for STMicroelectronics.X-CUBE-ST60.1.1.0
2026-01-02 13:53:21,523 [WARN] PackLoader:240 - Cannot read IP mode file for emotas.I-CUBE-CANOPEN.1.3.0
2026-01-02 13:53:21,540 [WARN] PackLoader:240 - Cannot read IP mode file for STMicroelectronics.FP-SNS-SMARTAG2.1.2.0
2026-01-02 13:53:21,560 [WARN] PackLoader:240 - Cannot read IP mode file for STMicroelectronics.FP-SNS-FLIGHT1.5.1.0
2026-01-02 13:53:21,591 [INFO] WebApp:191 - Connection restablished
2026-01-02 13:53:21,591 [INFO] LogOutputStream:77 - [STDOUT_REDIRECT] 1 : Invalid condition id : UX_CORESTACK_Condition cause : null
2026-01-02 13:53:21,591 [INFO] LogOutputStream:77 - [STDOUT_REDIRECT] 1 : Invalid condition id : UX_CORESTACK_Condition cause : null
2026-01-02 13:53:21,604 [INFO] LogOutputStream:77 - [STDOUT_REDIRECT] 1 : Invalid condition id : UX_CORESTACK_Condition cause : null
2026-01-02 13:53:21,608 [INFO] LogOutputStream:77 - [STDOUT_REDIRECT] 1 : Invalid condition id : UX_CORESTACK_Condition cause : null
2026-01-02 13:53:21,616 [INFO] LogOutputStream:77 - [STDOUT_REDIRECT] 1 : Invalid condition id : UX_CORESTACK_Condition cause : null
2026-01-02 13:53:21,626 [WARN] PackLoader:240 - Cannot read IP mode file for STMicroelectronics.X-CUBE-AZRTOS-WL.2.0.0
2026-01-02 13:53:21,711 [WARN] PackLoader:240 - Cannot read IP mode file for STMicroelectronics.X-CUBE-AZRTOS-H7RS.1.2.0
2026-01-02 13:53:21,736 [WARN] PackLoader:240 - Cannot read IP mode file for STMicroelectronics.X-CUBE-BLE2.3.3.0
2026-01-02 13:53:21,753 [WARN] PackLoader:240 - Cannot read IP mode file for STMicroelectronics.X-CUBE-NFC9.1.0.0
2026-01-02 13:53:21,773 [WARN] PackLoader:240 - Cannot read IP mode file for wolfSSL.I-CUBE-wolfSSL.5.8.2
2026-01-02 13:53:21,788 [WARN] PackLoader:240 - Cannot read IP mode file for STMicroelectronics.X-CUBE-BLE1.7.1.0
2026-01-02 13:53:21,796 [WARN] PackLoader:240 - Cannot read IP mode file for wolfSSL.I-CUBE-wolfMQTT.1.19.2
2026-01-02 13:53:21,816 [WARN] PackLoader:240 - Cannot read IP mode file for STMicroelectronics.X-CUBE-FREERTOS.1.4.0
2026-01-02 13:53:21,829 [WARN] PackLoader:240 - Cannot read IP mode file for STMicroelectronics.X-CUBE-ST67W61.1.1.0
2026-01-02 13:53:22,004 [WARN] PackLoader:240 - Cannot read IP mode file for STMicroelectronics.X-CUBE-MEMS1.12.0.0
2026-01-02 13:53:22,316 [WARN] PackLoader:240 - Cannot read IP mode file for STMicroelectronics.X-CUBE-AZRTOS-G0.1.1.0
2026-01-02 13:53:22,336 [WARN] PackLoader:240 - Cannot read IP mode file for STMicroelectronics.X-CUBE-NFC4.3.0.0
2026-01-02 13:53:22,366 [WARN] PackLoader:240 - Cannot read IP mode file for EmbeddedOffice.I-CUBE-FS-RTOS.1.0.1
2026-01-02 13:53:22,378 [WARN] PackLoader:240 - Cannot read IP mode file for STMicroelectronics.X-CUBE-WB05N.2.0.0
2026-01-02 13:53:22,393 [WARN] PackLoader:240 - Cannot read IP mode file for wolfSSL.I-CUBE-wolfTPM.3.8.0
2026-01-02 13:53:22,412 [WARN] PackLoader:240 - Cannot read IP mode file for STMicroelectronics.X-CUBE-TCPP.4.2.0
2026-01-02 13:53:22,433 [WARN] PackLoader:240 - Cannot read IP mode file for RealThread.X-CUBE-RT-Thread_Nano.4.1.1
2026-01-02 13:53:22,444 [WARN] PackLoader:240 - Cannot read IP mode file for STMicroelectronics.FP-ATR-SIGFOX1.3.2.0
2026-01-02 13:53:22,457 [WARN] PackLoader:240 - Cannot read IP mode file for ITTIA_DB.I-CUBE-ITTIADB.8.9.0
2026-01-02 13:53:22,550 [INFO] WebApp:225 - Starting web application
2026-01-02 13:53:22,551 [INFO] WebApp:593 - Web application path used D:\Programy Potrzebne\STM32CubeIDE_Folder\STM32CubeIDE_1.19.0\STM32CubeIDE\plugins\com.st.stm32cube.common.mx_6.15.0.202507011659\db\plugins\mcufinder\reactClient1\index.html
2026-01-02 13:53:22,566 [WARN] PackLoader:240 - Cannot read IP mode file for SEGGER.I-CUBE-embOS.1.3.1
2026-01-02 13:53:22,775 [WARN] PackLoader:240 - Cannot read IP mode file for STMicroelectronics.X-CUBE-ALGOBUILD.1.4.0
2026-01-02 13:53:22,940 [WARN] PackLoader:240 - Cannot read IP mode file for STMicroelectronics.X-CUBE-MEMS1.11.3.0
2026-01-02 13:53:23,379 [WARN] PackLoader:240 - Cannot read IP mode file for STMicroelectronics.X-CUBE-PM33A1.1.0.0
2026-01-02 13:53:23,424 [WARN] PackLoader:240 - Cannot read IP mode file for STMicroelectronics.X-CUBE-AZRTOS-F4.1.1.0
2026-01-02 13:53:23,440 [WARN] PackLoader:240 - Cannot read IP mode file for STMicroelectronics.X-CUBE-ISPU.2.1.0
2026-01-02 13:53:23,477 [WARN] PackLoader:240 - Cannot read IP mode file for STMicroelectronics.X-CUBE-IPS.3.2.0
2026-01-02 13:53:23,498 [WARN] PackLoader:240 - Cannot read IP mode file for STMicroelectronics.X-CUBE-NFC12.1.0.0
2026-01-02 13:53:23,552 [WARN] PackLoader:240 - Cannot read IP mode file for STMicroelectronics.X-CUBE-AZRTOS-L5.2.0.0
2026-01-02 13:53:23,578 [WARN] PackLoader:240 - Cannot read IP mode file for STMicroelectronics.X-CUBE-NFC6.3.1.0
2026-01-02 13:53:23,592 [WARN] PackLoader:240 - Cannot read IP mode file for STMicroelectronics.X-CUBE-FREERTOS.1.3.1
2026-01-02 13:53:23,610 [WARN] PackLoader:240 - Cannot read IP mode file for STMicroelectronics.X-CUBE-TOUCHGFX.4.26.0
2026-01-02 13:53:23,623 [WARN] PackLoader:240 - Cannot read IP mode file for STMicroelectronics.X-CUBE-DPower.1.3.0
2026-01-02 13:53:23,676 [WARN] ConditionMgr:438 - getConditionDescription Invalid condition id : LAN8742 Phy interface Condition cause : null
2026-01-02 13:53:23,688 [WARN] PackLoader:240 - Cannot read IP mode file for STMicroelectronics.X-CUBE-AZRTOS-L4.2.0.0
2026-01-02 13:53:23,688 [WARN] ConditionMgr:1044 - genDependencies : Invalid condition id : LAN8742 Phy interface Condition cause : null
2026-01-02 13:53:23,688 [WARN] ConditionMgr:1044 - genDependencies : Invalid condition id : LAN8742 Phy interface Condition cause : null
2026-01-02 13:53:23,688 [WARN] ConditionMgr:1044 - genDependencies : Invalid condition id : LAN8742 Phy interface Condition cause : null
2026-01-02 13:53:23,729 [WARN] PackLoader:240 - Cannot read IP mode file for STMicroelectronics.X-CUBE-SFXS2LP1.4.0.0
2026-01-02 13:53:23,754 [WARN] ConditionMgr:438 - getConditionDescription Invalid condition id : UX DEVICE CLASS RTOS Condition cause : null
2026-01-02 13:53:23,759 [WARN] ConditionMgr:438 - getConditionDescription Invalid condition id : UX DEVICE CLASS RTOS Condition cause : null
2026-01-02 13:53:23,765 [WARN] PackLoader:240 - Cannot read IP mode file for STMicroelectronics.X-CUBE-AZRTOS-WB.2.0.0
2026-01-02 13:53:23,765 [WARN] ConditionMgr:1044 - genDependencies : Invalid condition id : UX DEVICE CLASS RTOS Condition cause : null
2026-01-02 13:53:23,765 [WARN] ConditionMgr:1044 - genDependencies : Invalid condition id : UX DEVICE CLASS RTOS Condition cause : null
2026-01-02 13:53:23,765 [WARN] ConditionMgr:1044 - genDependencies : Invalid condition id : UX DEVICE CLASS RTOS Condition cause : null
2026-01-02 13:53:23,769 [WARN] ConditionMgr:1044 - genDependencies : Invalid condition id : UX DEVICE CLASS RTOS Condition cause : null
2026-01-02 13:53:23,769 [WARN] ConditionMgr:1044 - genDependencies : Invalid condition id : UX DEVICE CLASS RTOS Condition cause : null
2026-01-02 13:53:23,781 [WARN] ConditionMgr:438 - getConditionDescription Invalid condition id : Cortex-A Device cause : null
2026-01-02 13:53:23,817 [WARN] ConditionMgr:1044 - genDependencies : Invalid condition id : Cortex-A Device cause : null
2026-01-02 13:53:23,817 [WARN] ConditionMgr:1044 - genDependencies : Invalid condition id : Cortex-A Device cause : null
2026-01-02 13:53:23,817 [WARN] ConditionMgr:1044 - genDependencies : Invalid condition id : Cortex-A Device cause : null
2026-01-02 13:53:23,845 [WARN] PackLoader:240 - Cannot read IP mode file for STMicroelectronics.X-CUBE-SUBG2.5.0.0
2026-01-02 13:53:23,913 [WARN] PackLoader:240 - Cannot read IP mode file for STMicroelectronics.X-CUBE-AZRTOS-H7RS.1.1.0
2026-01-02 13:53:23,958 [WARN] PackLoader:240 - Cannot read IP mode file for STMicroelectronics.X-CUBE-AZRTOS-G4.2.0.0
2026-01-02 13:53:23,970 [WARN] PackLoader:240 - Cannot read IP mode file for wolfSSL.I-CUBE-wolfSSH.1.4.20
2026-01-02 13:53:23,972 [WARN] PackLoader:240 - Cannot read IP mode file for STMicroelectronics.X-CUBE-NFC7.2.0.0
2026-01-02 13:53:23,993 [WARN] PackLoader:240 - Cannot read IP mode file for STMicroelectronics.X-CUBE-ALS.1.0.2
2026-01-02 13:53:24,003 [WARN] PackLoader:240 - Cannot read IP mode file for STMicroelectronics.X-CUBE-STSE01.1.0.0
2026-01-02 13:53:24,041 [WARN] PackLoader:240 - Cannot read IP mode file for STMicroelectronics.X-CUBE-TOF1.3.4.3
2026-01-02 13:53:24,063 [INFO] ThirdParty:978 - Integrity check success = true
2026-01-02 13:53:24,063 [INFO] IntegrityCheckThread:100 - exiting critical section [integrity check]
2026-01-02 13:53:24,063 [INFO] IntegrityCheckThread:103 - End integrity checks thread
