2025-12-03 21:24:32,745 [INFO] Activator:176 - 


2025-12-03 21:24:32,769 [INFO] Activator:177 - !SESSION log4j initialized
2025-12-03 21:24:44,840 [INFO] LogOutputStream:77 - [STDOUT_REDIRECT] 
2025-12-03 21:24:47,522 [INFO] ApplicationProperties:184 - Using Application install path: D:\Programy Potrzebne\STM32CubeIDE_Folder\STM32CubeIDE_1.19.0\STM32CubeIDE\plugins\com.st.stm32cube.common.mx_6.15.0.202507011659
2025-12-03 21:24:47,576 [INFO] DbMcusXml:78 - Set database path to: D:\Programy Potrzebne\STM32CubeIDE_Folder\STM32CubeIDE_1.19.0\STM32CubeIDE\plugins\com.st.stm32cube.common.mx_6.15.0.202507011659\\db\/mcu/
2025-12-03 21:24:47,576 [INFO] ApiDb:274 - Set plugin database path to: D:\Programy Potrzebne\STM32CubeIDE_Folder\STM32CubeIDE_1.19.0\STM32CubeIDE\plugins\com.st.stm32cube.common.mx_6.15.0.202507011659\\db\/plugins/boardmanager/
2025-12-03 21:24:47,577 [WARN] ApiDb:259 - Overriding images path with different value:  => D:\Programy Potrzebne\STM32CubeIDE_Folder\STM32CubeIDE_1.19.0\STM32CubeIDE\plugins\com.st.stm32cube.common.mx_6.15.0.202507011659\\db\/plugins/mcufinder/images/
2025-12-03 21:24:47,593 [INFO] ApiDb:250 - Set database path to: C:\Users\dryla\.stmcufinder\plugins\mcufinder//mcu/
2025-12-03 21:24:47,596 [INFO] DbMcusAds:125 - Set database path to: C:\Users\dryla\.stmcufinder\plugins\mcufinder//mcu/
2025-12-03 21:24:47,601 [INFO] CrossReferenceDbSqlite:203 - Set database path to: C:\Users\dryla\.stmcufinder\plugins\mcufinder//mcu/cs/
2025-12-03 21:24:47,900 [INFO] RulesReader:64 - Compatibility file has been processed (317 Rules)
2025-12-03 21:24:48,111 [INFO] DbMcusXml:78 - Set database path to: D:\Programy Potrzebne\STM32CubeIDE_Folder\STM32CubeIDE_1.19.0\STM32CubeIDE\plugins\com.st.stm32cube.common.mx_6.15.0.202507011659\\db\/mcu/
2025-12-03 21:24:48,111 [INFO] ApiDb:274 - Set plugin database path to: D:\Programy Potrzebne\STM32CubeIDE_Folder\STM32CubeIDE_1.19.0\STM32CubeIDE\plugins\com.st.stm32cube.common.mx_6.15.0.202507011659\\db\/plugins/boardmanager/
2025-12-03 21:24:48,111 [INFO] ApiDb:261 - Set plugin images path to: D:\Programy Potrzebne\STM32CubeIDE_Folder\STM32CubeIDE_1.19.0\STM32CubeIDE\plugins\com.st.stm32cube.common.mx_6.15.0.202507011659\\db\/plugins/mcufinder/images/
2025-12-03 21:24:48,112 [WARN] DbFile:41 - Overriding database path with different value: C:\Users\dryla\.stmcufinder\plugins\mcufinder/ => C:\Users\dryla\.stmcufinder\plugins\mcufinder
2025-12-03 21:24:48,112 [INFO] ApiDb:250 - Set database path to: C:\Users\dryla\.stmcufinder\plugins\mcufinder//mcu/
2025-12-03 21:24:48,112 [WARN] DbFile:41 - Overriding database path with different value: C:\Users\dryla\.stmcufinder\plugins\mcufinder/ => C:\Users\dryla\.stmcufinder\plugins\mcufinder
2025-12-03 21:24:48,112 [INFO] DbMcusAds:125 - Set database path to: C:\Users\dryla\.stmcufinder\plugins\mcufinder//mcu/
2025-12-03 21:24:48,113 [WARN] DbFile:41 - Overriding database path with different value: C:\Users\dryla\.stmcufinder\plugins\mcufinder/ => C:\Users\dryla\.stmcufinder\plugins\mcufinder
2025-12-03 21:24:48,113 [WARN] DbFile:41 - Overriding database path with different value: C:\Users\dryla\.stmcufinder\plugins\mcufinder/ => C:\Users\dryla\.stmcufinder\plugins\mcufinder
2025-12-03 21:24:48,113 [INFO] CrossReferenceDbSqlite:203 - Set database path to: C:\Users\dryla\.stmcufinder\plugins\mcufinder//mcu/cs/
2025-12-03 21:24:48,270 [INFO] MainPanel:274 - HeapMemory: 268435456
2025-12-03 21:24:48,512 [INFO] DbMcusXml:78 - Set database path to: D:\Programy Potrzebne\STM32CubeIDE_Folder\STM32CubeIDE_1.19.0\STM32CubeIDE\plugins\com.st.stm32cube.common.mx_6.15.0.202507011659\\db\/mcu/
2025-12-03 21:24:48,513 [INFO] ApiDb:274 - Set plugin database path to: D:\Programy Potrzebne\STM32CubeIDE_Folder\STM32CubeIDE_1.19.0\STM32CubeIDE\plugins\com.st.stm32cube.common.mx_6.15.0.202507011659\\db\/plugins/boardmanager/
2025-12-03 21:24:48,513 [INFO] ApiDb:261 - Set plugin images path to: D:\Programy Potrzebne\STM32CubeIDE_Folder\STM32CubeIDE_1.19.0\STM32CubeIDE\plugins\com.st.stm32cube.common.mx_6.15.0.202507011659\\db\/plugins/mcufinder/images/
2025-12-03 21:24:48,515 [WARN] DbFile:41 - Overriding database path with different value: C:\Users\dryla\.stmcufinder\plugins\mcufinder/ => C:\Users\dryla\.stmcufinder\plugins\mcufinder
2025-12-03 21:24:48,515 [INFO] ApiDb:250 - Set database path to: C:\Users\dryla\.stmcufinder\plugins\mcufinder//mcu/
2025-12-03 21:24:48,515 [WARN] DbFile:41 - Overriding database path with different value: C:\Users\dryla\.stmcufinder\plugins\mcufinder/ => C:\Users\dryla\.stmcufinder\plugins\mcufinder
2025-12-03 21:24:48,515 [INFO] DbMcusAds:125 - Set database path to: C:\Users\dryla\.stmcufinder\plugins\mcufinder//mcu/
2025-12-03 21:24:48,516 [WARN] DbFile:41 - Overriding database path with different value: C:\Users\dryla\.stmcufinder\plugins\mcufinder/ => C:\Users\dryla\.stmcufinder\plugins\mcufinder
2025-12-03 21:24:48,516 [WARN] DbFile:41 - Overriding database path with different value: C:\Users\dryla\.stmcufinder\plugins\mcufinder/ => C:\Users\dryla\.stmcufinder\plugins\mcufinder
2025-12-03 21:24:48,516 [INFO] CrossReferenceDbSqlite:203 - Set database path to: C:\Users\dryla\.stmcufinder\plugins\mcufinder//mcu/cs/
2025-12-03 21:24:48,553 [INFO] ApplicationProperties:184 - Using Application install path: D:\Programy Potrzebne\STM32CubeIDE_Folder\STM32CubeIDE_1.19.0\STM32CubeIDE\plugins\com.st.stm32cube.common.mx_6.15.0.202507011659
2025-12-03 21:24:48,557 [INFO] PluginManage:196 - Search for loadable plugins [exclusion list=, ]
2025-12-03 21:24:48,561 [INFO] PluginManage:310 - Check plugin analytics
2025-12-03 21:24:49,023 [INFO] AnalyticsPlugin:253 - Accepted Software Licenses: 
2025-12-03 21:24:49,023 [INFO] AnalyticsPlugin:255 - Accepted CMSIS Pack Licenses: 
2025-12-03 21:24:49,025 [INFO] AnalyticsPlugin:257 - Accepted Firmware Licenses: FW.F4.1.28.0,FW.G4.1.6.0
2025-12-03 21:24:49,033 [INFO] PluginManage:359 - Loaded plugin analytics (category:tool,tabindex:-1)
2025-12-03 21:24:49,034 [INFO] PluginManage:310 - Check plugin cadmodel
2025-12-03 21:24:49,046 [INFO] CADModel:105 - Init CAD model plugin
2025-12-03 21:24:49,046 [INFO] PluginManage:359 - Loaded plugin cadmodel (category:power,tabindex:5)
2025-12-03 21:24:49,047 [INFO] PluginManage:310 - Check plugin clock
2025-12-03 21:24:49,068 [INFO] PluginManage:359 - Loaded plugin clock (category:base,tabindex:2)
2025-12-03 21:24:49,068 [INFO] PluginManage:310 - Check plugin ddr
2025-12-03 21:24:49,074 [INFO] PluginManage:359 - Loaded plugin ddr (category:tool,tabindex:6)
2025-12-03 21:24:49,074 [INFO] PluginManage:310 - Check plugin filemanager
2025-12-03 21:24:49,383 [INFO] PluginManage:359 - Loaded plugin filemanager (category:base,tabindex:10)
2025-12-03 21:24:49,385 [INFO] PluginManage:310 - Check plugin ipmanager
2025-12-03 21:24:49,399 [INFO] PluginManage:359 - Loaded plugin ipmanager (category:base,tabindex:5)
2025-12-03 21:24:49,401 [INFO] PluginManage:310 - Check plugin lpbam
2025-12-03 21:24:49,419 [INFO] PluginManage:359 - Loaded plugin lpbam (category:base,tabindex:0)
2025-12-03 21:24:49,419 [INFO] PluginManage:310 - Check plugin memorymap
2025-12-03 21:24:49,451 [INFO] PluginManage:359 - Loaded plugin memorymap (category:base,tabindex:4)
2025-12-03 21:24:49,451 [INFO] PluginManage:310 - Check plugin pinoutandconfiguration
2025-12-03 21:24:49,472 [INFO] PluginManage:359 - Loaded plugin pinoutandconfiguration (category:base,tabindex:1)
2025-12-03 21:24:49,473 [INFO] PluginManage:310 - Check plugin pinoutconfig
2025-12-03 21:24:49,689 [WARN] SupportedApi:132 - Cannot load RTOS API schema: s4s-elt-must-match.1: The content of 'definitions' must match (annotation?, (simpleType | complexType)?, (unique | key | keyref)*)). A problem was found starting at: attribute.
2025-12-03 21:24:49,982 [INFO] PluginManage:359 - Loaded plugin pinoutconfig (category:base,tabindex:0)
2025-12-03 21:24:49,982 [INFO] PluginManage:310 - Check plugin power
2025-12-03 21:24:50,003 [INFO] PluginManage:359 - Loaded plugin power (category:power,tabindex:4)
2025-12-03 21:24:50,003 [INFO] PluginManage:310 - Check plugin projectmanager
2025-12-03 21:24:50,040 [INFO] PluginManage:359 - Loaded plugin projectmanager (category:projectmanager,tabindex:4)
2025-12-03 21:24:50,040 [INFO] PluginManage:310 - Check plugin rif
2025-12-03 21:24:50,063 [INFO] PluginManage:359 - Loaded plugin rif (category:base,tabindex:3)
2025-12-03 21:24:50,063 [INFO] PluginManage:310 - Check plugin thirdparty
2025-12-03 21:24:50,329 [WARN] IntegrityCheckThread:84 - waiting for thirdparty lock release [integrity check]
2025-12-03 21:24:50,329 [INFO] IntegrityCheckThread:86 - entering critical section [integrity check]
2025-12-03 21:24:50,329 [INFO] PluginManage:359 - Loaded plugin thirdparty (category:base,tabindex:-1)
2025-12-03 21:24:50,331 [INFO] PluginManage:310 - Check plugin tools
2025-12-03 21:24:50,331 [INFO] ThirdPartyUpdaterWithRetryManager:70 - Updater plugin not ready yet. [1/15]
2025-12-03 21:24:50,340 [INFO] PluginManage:359 - Loaded plugin tools (category:base,tabindex:7)
2025-12-03 21:24:50,340 [INFO] PluginManage:310 - Check plugin tutovideos
2025-12-03 21:24:50,830 [INFO] PluginManage:359 - Loaded plugin tutovideos (category:base,tabindex:-1)
2025-12-03 21:24:50,830 [INFO] PluginManage:310 - Check plugin updater
2025-12-03 21:24:50,877 [INFO] PluginManage:359 - Loaded plugin updater (category:base,tabindex:12)
2025-12-03 21:24:50,877 [INFO] PluginManage:310 - Check plugin userauth
2025-12-03 21:24:50,885 [INFO] UserAuth:118 - Init User Auth plugin
2025-12-03 21:24:50,887 [INFO] PluginManage:359 - Loaded plugin userauth (category:base,tabindex:14)
2025-12-03 21:24:50,888 [INFO] PluginManage:283 - PluginManage : Loaded plugins [18]
2025-12-03 21:24:51,405 [INFO] PinOutPanel:1589 - setPackage(No Configuration,No Configuration)
2025-12-03 21:24:51,609 [INFO] CADModel:165 - CPN selected for project level
2025-12-03 21:24:51,610 [INFO] CADModel:114 - Register for checkConnection events
2025-12-03 21:24:51,647 [INFO] IPUIPlugin:80 - create IPUIPlugin
2025-12-03 21:24:51,647 [INFO] PluginManager:220 - loadIPPluginJar : add adc
2025-12-03 21:24:51,655 [INFO] IPUIPlugin:80 - create IPUIPlugin
2025-12-03 21:24:51,656 [INFO] PluginManager:220 - loadIPPluginJar : add aes
2025-12-03 21:24:51,661 [INFO] IPUIPlugin:80 - create IPUIPlugin
2025-12-03 21:24:51,661 [INFO] PluginManager:220 - loadIPPluginJar : add can
2025-12-03 21:24:51,664 [INFO] IPUIPlugin:80 - create IPUIPlugin
2025-12-03 21:24:51,664 [INFO] PluginManager:220 - loadIPPluginJar : add comp
2025-12-03 21:24:51,670 [INFO] IPUIPlugin:80 - create IPUIPlugin
2025-12-03 21:24:51,670 [INFO] PluginManager:220 - loadIPPluginJar : add cryp
2025-12-03 21:24:51,676 [INFO] IPUIPlugin:80 - create IPUIPlugin
2025-12-03 21:24:51,676 [INFO] PluginManager:220 - loadIPPluginJar : add ddr_ctrl_phy
2025-12-03 21:24:51,680 [INFO] IPUIPlugin:80 - create IPUIPlugin
2025-12-03 21:24:51,680 [INFO] PluginManager:220 - loadIPPluginJar : add dfsdm
2025-12-03 21:24:51,691 [INFO] IPUIPlugin:80 - create IPUIPlugin
2025-12-03 21:24:51,692 [INFO] PluginManager:220 - loadIPPluginJar : add dma
2025-12-03 21:24:51,698 [INFO] IPUIPlugin:80 - create IPUIPlugin
2025-12-03 21:24:51,698 [INFO] PluginManager:220 - loadIPPluginJar : add dma3
2025-12-03 21:24:51,704 [INFO] IPUIPlugin:80 - create IPUIPlugin
2025-12-03 21:24:51,704 [INFO] PluginManager:220 - loadIPPluginJar : add extmemmanager
2025-12-03 21:24:51,707 [INFO] IPUIPlugin:80 - create IPUIPlugin
2025-12-03 21:24:51,708 [INFO] PluginManager:220 - loadIPPluginJar : add fatfs
2025-12-03 21:24:51,719 [INFO] IPUIPlugin:80 - create IPUIPlugin
2025-12-03 21:24:51,719 [INFO] PluginManager:220 - loadIPPluginJar : add fmc
2025-12-03 21:24:51,732 [INFO] IPUIPlugin:80 - create IPUIPlugin
2025-12-03 21:24:51,732 [INFO] PluginManager:220 - loadIPPluginJar : add freertos
2025-12-03 21:24:51,737 [INFO] IPUIPlugin:80 - create IPUIPlugin
2025-12-03 21:24:51,737 [INFO] PluginManager:220 - loadIPPluginJar : add genericplugin
2025-12-03 21:24:51,742 [INFO] IPUIPlugin:80 - create IPUIPlugin
2025-12-03 21:24:51,743 [INFO] PluginManager:220 - loadIPPluginJar : add gfxmmu
2025-12-03 21:24:51,752 [INFO] IPUIPlugin:80 - create IPUIPlugin
2025-12-03 21:24:51,753 [INFO] PluginManager:220 - loadIPPluginJar : add gic
2025-12-03 21:24:51,760 [INFO] IPUIPlugin:80 - create IPUIPlugin
2025-12-03 21:24:51,760 [INFO] PluginManager:220 - loadIPPluginJar : add gpio
2025-12-03 21:24:51,766 [INFO] IPUIPlugin:80 - create IPUIPlugin
2025-12-03 21:24:51,766 [INFO] PluginManager:220 - loadIPPluginJar : add gtzc
2025-12-03 21:24:51,773 [INFO] IPUIPlugin:80 - create IPUIPlugin
2025-12-03 21:24:51,773 [INFO] PluginManager:220 - loadIPPluginJar : add hash
2025-12-03 21:24:51,778 [INFO] IPUIPlugin:80 - create IPUIPlugin
2025-12-03 21:24:51,778 [INFO] PluginManager:220 - loadIPPluginJar : add i2c
2025-12-03 21:24:51,784 [INFO] IPUIPlugin:80 - create IPUIPlugin
2025-12-03 21:24:51,784 [INFO] PluginManager:220 - loadIPPluginJar : add i2s
2025-12-03 21:24:51,791 [INFO] IPUIPlugin:80 - create IPUIPlugin
2025-12-03 21:24:51,791 [INFO] PluginManager:220 - loadIPPluginJar : add i3c
2025-12-03 21:24:51,799 [INFO] IPUIPlugin:80 - create IPUIPlugin
2025-12-03 21:24:51,799 [INFO] PluginManager:220 - loadIPPluginJar : add ipddr
2025-12-03 21:24:51,810 [INFO] IPUIPlugin:80 - create IPUIPlugin
2025-12-03 21:24:51,811 [INFO] PluginManager:220 - loadIPPluginJar : add linkedlist
2025-12-03 21:24:51,816 [INFO] IPUIPlugin:80 - create IPUIPlugin
2025-12-03 21:24:51,816 [INFO] PluginManager:220 - loadIPPluginJar : add lorawan
2025-12-03 21:24:51,819 [INFO] IPUIPlugin:80 - create IPUIPlugin
2025-12-03 21:24:51,819 [INFO] PluginManager:220 - loadIPPluginJar : add ltdc
2025-12-03 21:24:51,833 [INFO] IPUIPlugin:80 - create IPUIPlugin
2025-12-03 21:24:51,833 [INFO] PluginManager:220 - loadIPPluginJar : add mdma
2025-12-03 21:24:51,840 [INFO] IPUIPlugin:80 - create IPUIPlugin
2025-12-03 21:24:51,840 [INFO] PluginManager:220 - loadIPPluginJar : add nvic
2025-12-03 21:24:51,847 [INFO] IPUIPlugin:80 - create IPUIPlugin
2025-12-03 21:24:51,847 [INFO] PluginManager:220 - loadIPPluginJar : add opamp
2025-12-03 21:24:51,851 [INFO] IPUIPlugin:80 - create IPUIPlugin
2025-12-03 21:24:51,853 [INFO] PluginManager:220 - loadIPPluginJar : add openamp
2025-12-03 21:24:51,860 [INFO] IPUIPlugin:80 - create IPUIPlugin
2025-12-03 21:24:51,860 [INFO] PluginManager:220 - loadIPPluginJar : add pdm2pcm
2025-12-03 21:24:51,871 [INFO] IPUIPlugin:80 - create IPUIPlugin
2025-12-03 21:24:51,876 [INFO] PluginManager:220 - loadIPPluginJar : add plateformsettings
2025-12-03 21:24:51,879 [INFO] IPUIPlugin:80 - create IPUIPlugin
2025-12-03 21:24:51,879 [INFO] PluginManager:220 - loadIPPluginJar : add quadspi
2025-12-03 21:24:51,882 [INFO] IPUIPlugin:80 - create IPUIPlugin
2025-12-03 21:24:51,883 [INFO] PluginManager:220 - loadIPPluginJar : add radio
2025-12-03 21:24:51,893 [INFO] IPUIPlugin:80 - create IPUIPlugin
2025-12-03 21:24:51,893 [INFO] PluginManager:220 - loadIPPluginJar : add resmgrutility
2025-12-03 21:24:51,903 [INFO] IPUIPlugin:80 - create IPUIPlugin
2025-12-03 21:24:51,903 [INFO] PluginManager:220 - loadIPPluginJar : add sai
2025-12-03 21:24:51,908 [INFO] IPUIPlugin:80 - create IPUIPlugin
2025-12-03 21:24:51,908 [INFO] PluginManager:220 - loadIPPluginJar : add spi
2025-12-03 21:24:51,921 [INFO] IPUIPlugin:80 - create IPUIPlugin
2025-12-03 21:24:51,921 [INFO] PluginManager:220 - loadIPPluginJar : add stm32_wpan
2025-12-03 21:24:51,925 [INFO] IPUIPlugin:80 - create IPUIPlugin
2025-12-03 21:24:51,925 [INFO] PluginManager:220 - loadIPPluginJar : add tim
2025-12-03 21:24:51,931 [INFO] IPUIPlugin:80 - create IPUIPlugin
2025-12-03 21:24:51,931 [INFO] PluginManager:220 - loadIPPluginJar : add touchsensing
2025-12-03 21:24:51,935 [INFO] IPUIPlugin:80 - create IPUIPlugin
2025-12-03 21:24:51,935 [INFO] PluginManager:220 - loadIPPluginJar : add tracer_emb
2025-12-03 21:24:51,940 [INFO] IPUIPlugin:80 - create IPUIPlugin
2025-12-03 21:24:51,940 [INFO] PluginManager:220 - loadIPPluginJar : add ts
2025-12-03 21:24:51,943 [INFO] IPUIPlugin:80 - create IPUIPlugin
2025-12-03 21:24:51,943 [INFO] PluginManager:220 - loadIPPluginJar : add tsc
2025-12-03 21:24:51,947 [INFO] IPUIPlugin:80 - create IPUIPlugin
2025-12-03 21:24:51,947 [INFO] PluginManager:220 - loadIPPluginJar : add ucpd
2025-12-03 21:24:51,952 [INFO] IPUIPlugin:80 - create IPUIPlugin
2025-12-03 21:24:51,953 [INFO] PluginManager:220 - loadIPPluginJar : add usart
2025-12-03 21:24:51,958 [INFO] IPUIPlugin:80 - create IPUIPlugin
2025-12-03 21:24:51,959 [INFO] PluginManager:220 - loadIPPluginJar : add usbx
2025-12-03 21:24:52,156 [FATAL] Updater:351 - Updater called before beeing initialized
2025-12-03 21:24:52,224 [INFO] RulesReader:64 - Compatibility file has been processed (317 Rules)
2025-12-03 21:24:52,251 [INFO] RulesReader:64 - Compatibility file has been processed (317 Rules)
2025-12-03 21:24:52,268 [INFO] CADModel:165 - CPN selected for project level
2025-12-03 21:24:52,268 [INFO] CADModel:114 - Register for checkConnection events
2025-12-03 21:24:52,269 [FATAL] Updater:351 - Updater called before beeing initialized
2025-12-03 21:24:52,269 [ERROR] CADModel:125 - Updater not yet initialized, retry later 
2025-12-03 21:24:52,637 [FATAL] Updater:351 - Updater called before beeing initialized
2025-12-03 21:24:52,642 [INFO] CADModel:165 - CPN selected for project level
2025-12-03 21:24:52,643 [INFO] CADModel:114 - Register for checkConnection events
2025-12-03 21:24:52,643 [FATAL] Updater:351 - Updater called before beeing initialized
2025-12-03 21:24:52,643 [ERROR] CADModel:125 - Updater not yet initialized, retry later 
2025-12-03 21:24:52,647 [FATAL] Updater:351 - Updater called before beeing initialized
2025-12-03 21:24:52,969 [FATAL] Updater:351 - Updater called before beeing initialized
2025-12-03 21:24:52,978 [INFO] DbMcusAds:53 - JSON generation date=Tue Nov 25 15:08:32 CET 2025 (1764079712287)
2025-12-03 21:24:52,978 [FATAL] Updater:351 - Updater called before beeing initialized
2025-12-03 21:24:53,060 [WARN] DetailPanel:346 - Failed to get advertising image, set to default
2025-12-03 21:24:53,283 [FATAL] Updater:351 - Updater called before beeing initialized
2025-12-03 21:24:53,284 [FATAL] Updater:351 - Updater called before beeing initialized
2025-12-03 21:24:53,285 [FATAL] Updater:351 - Updater called before beeing initialized
2025-12-03 21:24:53,285 [WARN] DetailPanel:346 - Failed to get advertising image, set to default
2025-12-03 21:24:53,286 [FATAL] Updater:351 - Updater called before beeing initialized
2025-12-03 21:24:53,337 [INFO] ThirdPartyUpdaterWithRetryManager:70 - Updater plugin not ready yet. [2/15]
2025-12-03 21:24:53,380 [ERROR] Updater:1198 - MainUpdater not yet initialized. External WinMGr cannot be set.
2025-12-03 21:24:53,383 [INFO] Updater:1134 - Updater Version found : 6.15.0
2025-12-03 21:24:53,416 [INFO] ApplicationProperties:184 - Using Application install path: D:\Programy Potrzebne\STM32CubeIDE_Folder\STM32CubeIDE_1.19.0\STM32CubeIDE\plugins\com.st.stm32cube.common.mx_6.15.0.202507011659
2025-12-03 21:24:55,060 [ERROR] LogOutputStream:75 - [STDERR_REDIRECT] Dec 03, 2025 9:24:55 PM java.util.prefs.WindowsPreferences <init>
2025-12-03 21:24:55,065 [ERROR] LogOutputStream:75 - [STDERR_REDIRECT] WARNING: Could not open/create prefs root node Software\JavaSoft\Prefs at root 0xffffffff80000002. Windows RegCreateKeyEx(...) returned error code 5.
2025-12-03 21:24:55,066 [ERROR] LogOutputStream:75 - [STDERR_REDIRECT] 
2025-12-03 21:24:55,759 [INFO] MainUpdater:2872 - connection check result : 10
2025-12-03 21:24:55,759 [INFO] MainUpdater:289 - Updater Check For Update Now.
2025-12-03 21:24:55,760 [INFO] MicroXplorer:498 - Change Database Version : DB.6.0.150
2025-12-03 21:24:55,771 [INFO] McuFinderGlobals:63 - Set McuFinder mode to 2 (CubeIDE integrated)
2025-12-03 21:24:55,771 [INFO] UserAuth:171 - activating auth plugin
2025-12-03 21:24:55,775 [INFO] UserAuth:487 - Internet connection configuration mode: 1
2025-12-03 21:24:55,822 [INFO] JxBrowserEngine:152 - Initiate JxBrowser Engine with user profile folder
2025-12-03 21:24:56,083 [INFO] CheckServerUpdateThread:120 - End of CheckServer Thread
2025-12-03 21:24:57,039 [WARN] PackLoader:240 - Cannot read IP mode file for STMicroelectronics.FP-SNS-MOTENVWB1.1.4.0
2025-12-03 21:24:57,064 [WARN] PackLoader:240 - Cannot read IP mode file for STMicroelectronics.FP-ATR-ASTRA1.2.0.2
2025-12-03 21:24:57,091 [WARN] PackLoader:240 - Cannot read IP mode file for STMicroelectronics.X-CUBE-SMBUS.2.1.0
2025-12-03 21:24:57,235 [WARN] PackLoader:240 - Cannot read IP mode file for STMicroelectronics.X-CUBE-AZRTOS-F7.1.1.0
2025-12-03 21:24:57,257 [WARN] PackLoader:240 - Cannot read IP mode file for Cesanta.I-CUBE-Mongoose.7.19.0
2025-12-03 21:24:57,283 [WARN] PackLoader:240 - Cannot read IP mode file for WES.I-CUBE-Cesium.1.4.0
2025-12-03 21:24:57,358 [WARN] PackLoader:240 - Cannot read IP mode file for Infineon.AIROC-Wi-Fi-Bluetooth-STM32.1.7.1
2025-12-03 21:24:57,432 [WARN] PackLoader:240 - Cannot read IP mode file for STMicroelectronics.X-CUBE-AZRTOS-H7.3.4.0
2025-12-03 21:24:57,460 [WARN] PackLoader:240 - Cannot read IP mode file for STMicroelectronics.X-CUBE-DISPLAY.3.0.0
2025-12-03 21:24:57,493 [WARN] PackLoader:240 - Cannot read IP mode file for STMicroelectronics.X-CUBE-NFC10.1.0.0
2025-12-03 21:24:57,508 [WARN] PackLoader:240 - Cannot read IP mode file for STMicroelectronics.X-CUBE-ST60.1.1.0
2025-12-03 21:24:57,522 [WARN] PackLoader:240 - Cannot read IP mode file for emotas.I-CUBE-CANOPEN.1.3.0
2025-12-03 21:24:57,532 [WARN] PackLoader:240 - Cannot read IP mode file for STMicroelectronics.FP-SNS-SMARTAG2.1.2.0
2025-12-03 21:24:57,541 [WARN] PackLoader:240 - Cannot read IP mode file for STMicroelectronics.FP-SNS-FLIGHT1.5.1.0
2025-12-03 21:24:57,564 [INFO] LogOutputStream:77 - [STDOUT_REDIRECT] 1 : Invalid condition id : UX_CORESTACK_Condition cause : null
2025-12-03 21:24:57,565 [INFO] LogOutputStream:77 - [STDOUT_REDIRECT] 1 : Invalid condition id : UX_CORESTACK_Condition cause : null
2025-12-03 21:24:57,569 [INFO] LogOutputStream:77 - [STDOUT_REDIRECT] 1 : Invalid condition id : UX_CORESTACK_Condition cause : null
2025-12-03 21:24:57,573 [INFO] LogOutputStream:77 - [STDOUT_REDIRECT] 1 : Invalid condition id : UX_CORESTACK_Condition cause : null
2025-12-03 21:24:57,576 [INFO] LogOutputStream:77 - [STDOUT_REDIRECT] 1 : Invalid condition id : UX_CORESTACK_Condition cause : null
2025-12-03 21:24:57,583 [WARN] PackLoader:240 - Cannot read IP mode file for STMicroelectronics.X-CUBE-AZRTOS-WL.2.0.0
2025-12-03 21:24:57,634 [WARN] PackLoader:240 - Cannot read IP mode file for STMicroelectronics.X-CUBE-AZRTOS-H7RS.1.2.0
2025-12-03 21:24:57,655 [WARN] PackLoader:240 - Cannot read IP mode file for STMicroelectronics.X-CUBE-BLE2.3.3.0
2025-12-03 21:24:57,671 [WARN] PackLoader:240 - Cannot read IP mode file for STMicroelectronics.X-CUBE-NFC9.1.0.0
2025-12-03 21:24:57,686 [WARN] PackLoader:240 - Cannot read IP mode file for wolfSSL.I-CUBE-wolfSSL.5.8.2
2025-12-03 21:24:57,698 [WARN] PackLoader:240 - Cannot read IP mode file for STMicroelectronics.X-CUBE-BLE1.7.1.0
2025-12-03 21:24:57,708 [WARN] PackLoader:240 - Cannot read IP mode file for wolfSSL.I-CUBE-wolfMQTT.1.19.2
2025-12-03 21:24:57,722 [WARN] PackLoader:240 - Cannot read IP mode file for STMicroelectronics.X-CUBE-FREERTOS.1.4.0
2025-12-03 21:24:57,735 [WARN] PackLoader:240 - Cannot read IP mode file for STMicroelectronics.X-CUBE-ST67W61.1.1.0
2025-12-03 21:24:57,848 [WARN] PackLoader:240 - Cannot read IP mode file for STMicroelectronics.X-CUBE-MEMS1.12.0.0
2025-12-03 21:24:57,886 [INFO] WebApp:169 - Instantiating new browser for Auth
2025-12-03 21:24:58,126 [WARN] PackLoader:240 - Cannot read IP mode file for STMicroelectronics.X-CUBE-AZRTOS-G0.1.1.0
2025-12-03 21:24:58,140 [WARN] PackLoader:240 - Cannot read IP mode file for STMicroelectronics.X-CUBE-NFC4.3.0.0
2025-12-03 21:24:58,161 [WARN] PackLoader:240 - Cannot read IP mode file for EmbeddedOffice.I-CUBE-FS-RTOS.1.0.1
2025-12-03 21:24:58,173 [WARN] PackLoader:240 - Cannot read IP mode file for STMicroelectronics.X-CUBE-WB05N.2.0.0
2025-12-03 21:24:58,183 [WARN] PackLoader:240 - Cannot read IP mode file for wolfSSL.I-CUBE-wolfTPM.3.8.0
2025-12-03 21:24:58,195 [WARN] PackLoader:240 - Cannot read IP mode file for STMicroelectronics.X-CUBE-TCPP.4.2.0
2025-12-03 21:24:58,209 [WARN] PackLoader:240 - Cannot read IP mode file for RealThread.X-CUBE-RT-Thread_Nano.4.1.1
2025-12-03 21:24:58,218 [WARN] PackLoader:240 - Cannot read IP mode file for STMicroelectronics.FP-ATR-SIGFOX1.3.2.0
2025-12-03 21:24:58,231 [WARN] PackLoader:240 - Cannot read IP mode file for ITTIA_DB.I-CUBE-ITTIADB.8.9.0
2025-12-03 21:24:58,315 [WARN] PackLoader:240 - Cannot read IP mode file for SEGGER.I-CUBE-embOS.1.3.1
2025-12-03 21:24:58,463 [WARN] PackLoader:240 - Cannot read IP mode file for STMicroelectronics.X-CUBE-ALGOBUILD.1.4.0
2025-12-03 21:24:58,581 [WARN] PackLoader:240 - Cannot read IP mode file for STMicroelectronics.X-CUBE-MEMS1.11.3.0
2025-12-03 21:24:58,853 [WARN] PackLoader:240 - Cannot read IP mode file for STMicroelectronics.X-CUBE-PM33A1.1.0.0
2025-12-03 21:24:58,884 [WARN] PackLoader:240 - Cannot read IP mode file for STMicroelectronics.X-CUBE-AZRTOS-F4.1.1.0
2025-12-03 21:24:58,895 [WARN] PackLoader:240 - Cannot read IP mode file for STMicroelectronics.X-CUBE-ISPU.2.1.0
2025-12-03 21:24:58,918 [WARN] PackLoader:240 - Cannot read IP mode file for STMicroelectronics.X-CUBE-IPS.3.2.0
2025-12-03 21:24:58,941 [WARN] PackLoader:240 - Cannot read IP mode file for STMicroelectronics.X-CUBE-NFC12.1.0.0
2025-12-03 21:24:58,972 [WARN] PackLoader:240 - Cannot read IP mode file for STMicroelectronics.X-CUBE-AZRTOS-L5.2.0.0
2025-12-03 21:24:58,989 [WARN] PackLoader:240 - Cannot read IP mode file for STMicroelectronics.X-CUBE-NFC6.3.1.0
2025-12-03 21:24:58,999 [WARN] PackLoader:240 - Cannot read IP mode file for STMicroelectronics.X-CUBE-FREERTOS.1.3.1
2025-12-03 21:24:59,009 [WARN] PackLoader:240 - Cannot read IP mode file for STMicroelectronics.X-CUBE-TOUCHGFX.4.26.0
2025-12-03 21:24:59,027 [WARN] PackLoader:240 - Cannot read IP mode file for STMicroelectronics.X-CUBE-DPower.1.3.0
2025-12-03 21:24:59,060 [WARN] ConditionMgr:438 - getConditionDescription Invalid condition id : LAN8742 Phy interface Condition cause : null
2025-12-03 21:24:59,062 [WARN] PackLoader:240 - Cannot read IP mode file for STMicroelectronics.X-CUBE-AZRTOS-L4.2.0.0
2025-12-03 21:24:59,064 [WARN] ConditionMgr:1044 - genDependencies : Invalid condition id : LAN8742 Phy interface Condition cause : null
2025-12-03 21:24:59,064 [WARN] ConditionMgr:1044 - genDependencies : Invalid condition id : LAN8742 Phy interface Condition cause : null
2025-12-03 21:24:59,065 [WARN] ConditionMgr:1044 - genDependencies : Invalid condition id : LAN8742 Phy interface Condition cause : null
2025-12-03 21:24:59,078 [WARN] PackLoader:240 - Cannot read IP mode file for STMicroelectronics.X-CUBE-SFXS2LP1.4.0.0
2025-12-03 21:24:59,102 [WARN] ConditionMgr:438 - getConditionDescription Invalid condition id : UX DEVICE CLASS RTOS Condition cause : null
2025-12-03 21:24:59,103 [WARN] ConditionMgr:438 - getConditionDescription Invalid condition id : UX DEVICE CLASS RTOS Condition cause : null
2025-12-03 21:24:59,106 [WARN] PackLoader:240 - Cannot read IP mode file for STMicroelectronics.X-CUBE-AZRTOS-WB.2.0.0
2025-12-03 21:24:59,108 [WARN] ConditionMgr:1044 - genDependencies : Invalid condition id : UX DEVICE CLASS RTOS Condition cause : null
2025-12-03 21:24:59,108 [WARN] ConditionMgr:1044 - genDependencies : Invalid condition id : UX DEVICE CLASS RTOS Condition cause : null
2025-12-03 21:24:59,109 [WARN] ConditionMgr:1044 - genDependencies : Invalid condition id : UX DEVICE CLASS RTOS Condition cause : null
2025-12-03 21:24:59,109 [WARN] ConditionMgr:1044 - genDependencies : Invalid condition id : UX DEVICE CLASS RTOS Condition cause : null
2025-12-03 21:24:59,109 [WARN] ConditionMgr:1044 - genDependencies : Invalid condition id : UX DEVICE CLASS RTOS Condition cause : null
2025-12-03 21:24:59,119 [WARN] ConditionMgr:438 - getConditionDescription Invalid condition id : Cortex-A Device cause : null
2025-12-03 21:24:59,139 [WARN] ConditionMgr:1044 - genDependencies : Invalid condition id : Cortex-A Device cause : null
2025-12-03 21:24:59,139 [WARN] ConditionMgr:1044 - genDependencies : Invalid condition id : Cortex-A Device cause : null
2025-12-03 21:24:59,139 [WARN] ConditionMgr:1044 - genDependencies : Invalid condition id : Cortex-A Device cause : null
2025-12-03 21:24:59,157 [WARN] PackLoader:240 - Cannot read IP mode file for STMicroelectronics.X-CUBE-SUBG2.5.0.0
2025-12-03 21:24:59,208 [WARN] PackLoader:240 - Cannot read IP mode file for STMicroelectronics.X-CUBE-AZRTOS-H7RS.1.1.0
2025-12-03 21:24:59,240 [WARN] PackLoader:240 - Cannot read IP mode file for STMicroelectronics.X-CUBE-AZRTOS-G4.2.0.0
2025-12-03 21:24:59,251 [WARN] PackLoader:240 - Cannot read IP mode file for wolfSSL.I-CUBE-wolfSSH.1.4.20
2025-12-03 21:24:59,260 [WARN] PackLoader:240 - Cannot read IP mode file for STMicroelectronics.X-CUBE-NFC7.2.0.0
2025-12-03 21:24:59,269 [WARN] PackLoader:240 - Cannot read IP mode file for STMicroelectronics.X-CUBE-ALS.1.0.2
2025-12-03 21:24:59,280 [WARN] PackLoader:240 - Cannot read IP mode file for STMicroelectronics.X-CUBE-STSE01.1.0.0
2025-12-03 21:24:59,304 [WARN] PackLoader:240 - Cannot read IP mode file for STMicroelectronics.X-CUBE-TOF1.3.4.3
2025-12-03 21:24:59,326 [INFO] ThirdParty:978 - Integrity check success = true
2025-12-03 21:24:59,326 [INFO] IntegrityCheckThread:100 - exiting critical section [integrity check]
2025-12-03 21:24:59,326 [INFO] IntegrityCheckThread:103 - End integrity checks thread
2025-12-03 21:24:59,902 [INFO] WebApp:463 - Apply proxy settings
2025-12-03 21:24:59,903 [INFO] WebApp:548 - Chromium requires no authentication
2025-12-03 21:24:59,919 [INFO] WebApp:491 - Direct internet connection detected
2025-12-03 21:24:59,972 [INFO] WebApp:900 - Register for checkConnection events
2025-12-03 21:24:59,973 [INFO] WebApp:463 - Apply proxy settings
2025-12-03 21:24:59,973 [INFO] WebApp:548 - Chromium requires no authentication
2025-12-03 21:24:59,973 [INFO] WebApp:491 - Direct internet connection detected
2025-12-03 21:25:00,338 [INFO] WebApp:225 - Starting web application
2025-12-03 21:25:00,338 [INFO] WebApp:593 - Web application path used D:\Programy Potrzebne\STM32CubeIDE_Folder\STM32CubeIDE_1.19.0\STM32CubeIDE\plugins\com.st.stm32cube.common.mx_6.15.0.202507011659\db\plugins\mcufinder\reactClient1\index.html
2025-12-03 21:25:00,661 [INFO] WebApp:191 - Connection restablished
2025-12-03 23:41:54,346 [ERROR] LogOutputStream:75 - [STDERR_REDIRECT] 
2025-12-03 23:41:54,346 [ERROR] LogOutputStream:75 - [STDERR_REDIRECT] 
