2026-01-01 17:08:42,995 [ERROR] LogOutputStream:75 - [STDERR_REDIRECT] 
2026-01-01 21:22:14,528 [INFO] Activator:176 - 


2026-01-01 21:22:14,533 [INFO] Activator:177 - !SESSION log4j initialized
2026-01-01 21:22:30,149 [INFO] LogOutputStream:77 - [STDOUT_REDIRECT] 
2026-01-01 21:22:32,536 [INFO] ApplicationProperties:184 - Using Application install path: D:\Programy Potrzebne\STM32CubeIDE_Folder\STM32CubeIDE_1.19.0\STM32CubeIDE\plugins\com.st.stm32cube.common.mx_6.15.0.202507011659
2026-01-01 21:22:32,562 [INFO] DbMcusXml:78 - Set database path to: D:\Programy Potrzebne\STM32CubeIDE_Folder\STM32CubeIDE_1.19.0\STM32CubeIDE\plugins\com.st.stm32cube.common.mx_6.15.0.202507011659\\db\/mcu/
2026-01-01 21:22:32,562 [INFO] ApiDb:274 - Set plugin database path to: D:\Programy Potrzebne\STM32CubeIDE_Folder\STM32CubeIDE_1.19.0\STM32CubeIDE\plugins\com.st.stm32cube.common.mx_6.15.0.202507011659\\db\/plugins/boardmanager/
2026-01-01 21:22:32,563 [WARN] ApiDb:259 - Overriding images path with different value:  => D:\Programy Potrzebne\STM32CubeIDE_Folder\STM32CubeIDE_1.19.0\STM32CubeIDE\plugins\com.st.stm32cube.common.mx_6.15.0.202507011659\\db\/plugins/mcufinder/images/
2026-01-01 21:22:32,573 [INFO] ApiDb:250 - Set database path to: C:\Users\dryla\.stmcufinder\plugins\mcufinder//mcu/
2026-01-01 21:22:32,575 [INFO] DbMcusAds:125 - Set database path to: C:\Users\dryla\.stmcufinder\plugins\mcufinder//mcu/
2026-01-01 21:22:32,578 [INFO] CrossReferenceDbSqlite:203 - Set database path to: C:\Users\dryla\.stmcufinder\plugins\mcufinder//mcu/cs/
2026-01-01 21:22:32,832 [INFO] RulesReader:64 - Compatibility file has been processed (317 Rules)
2026-01-01 21:22:33,034 [INFO] DbMcusXml:78 - Set database path to: D:\Programy Potrzebne\STM32CubeIDE_Folder\STM32CubeIDE_1.19.0\STM32CubeIDE\plugins\com.st.stm32cube.common.mx_6.15.0.202507011659\\db\/mcu/
2026-01-01 21:22:33,034 [INFO] ApiDb:274 - Set plugin database path to: D:\Programy Potrzebne\STM32CubeIDE_Folder\STM32CubeIDE_1.19.0\STM32CubeIDE\plugins\com.st.stm32cube.common.mx_6.15.0.202507011659\\db\/plugins/boardmanager/
2026-01-01 21:22:33,034 [INFO] ApiDb:261 - Set plugin images path to: D:\Programy Potrzebne\STM32CubeIDE_Folder\STM32CubeIDE_1.19.0\STM32CubeIDE\plugins\com.st.stm32cube.common.mx_6.15.0.202507011659\\db\/plugins/mcufinder/images/
2026-01-01 21:22:33,034 [WARN] DbFile:41 - Overriding database path with different value: C:\Users\dryla\.stmcufinder\plugins\mcufinder/ => C:\Users\dryla\.stmcufinder\plugins\mcufinder
2026-01-01 21:22:33,035 [INFO] ApiDb:250 - Set database path to: C:\Users\dryla\.stmcufinder\plugins\mcufinder//mcu/
2026-01-01 21:22:33,035 [WARN] DbFile:41 - Overriding database path with different value: C:\Users\dryla\.stmcufinder\plugins\mcufinder/ => C:\Users\dryla\.stmcufinder\plugins\mcufinder
2026-01-01 21:22:33,035 [INFO] DbMcusAds:125 - Set database path to: C:\Users\dryla\.stmcufinder\plugins\mcufinder//mcu/
2026-01-01 21:22:33,035 [WARN] DbFile:41 - Overriding database path with different value: C:\Users\dryla\.stmcufinder\plugins\mcufinder/ => C:\Users\dryla\.stmcufinder\plugins\mcufinder
2026-01-01 21:22:33,035 [WARN] DbFile:41 - Overriding database path with different value: C:\Users\dryla\.stmcufinder\plugins\mcufinder/ => C:\Users\dryla\.stmcufinder\plugins\mcufinder
2026-01-01 21:22:33,035 [INFO] CrossReferenceDbSqlite:203 - Set database path to: C:\Users\dryla\.stmcufinder\plugins\mcufinder//mcu/cs/
2026-01-01 21:22:33,192 [INFO] MainPanel:274 - HeapMemory: 268435456
2026-01-01 21:22:33,462 [INFO] DbMcusXml:78 - Set database path to: D:\Programy Potrzebne\STM32CubeIDE_Folder\STM32CubeIDE_1.19.0\STM32CubeIDE\plugins\com.st.stm32cube.common.mx_6.15.0.202507011659\\db\/mcu/
2026-01-01 21:22:33,462 [INFO] ApiDb:274 - Set plugin database path to: D:\Programy Potrzebne\STM32CubeIDE_Folder\STM32CubeIDE_1.19.0\STM32CubeIDE\plugins\com.st.stm32cube.common.mx_6.15.0.202507011659\\db\/plugins/boardmanager/
2026-01-01 21:22:33,462 [INFO] ApiDb:261 - Set plugin images path to: D:\Programy Potrzebne\STM32CubeIDE_Folder\STM32CubeIDE_1.19.0\STM32CubeIDE\plugins\com.st.stm32cube.common.mx_6.15.0.202507011659\\db\/plugins/mcufinder/images/
2026-01-01 21:22:33,462 [WARN] DbFile:41 - Overriding database path with different value: C:\Users\dryla\.stmcufinder\plugins\mcufinder/ => C:\Users\dryla\.stmcufinder\plugins\mcufinder
2026-01-01 21:22:33,462 [INFO] ApiDb:250 - Set database path to: C:\Users\dryla\.stmcufinder\plugins\mcufinder//mcu/
2026-01-01 21:22:33,462 [WARN] DbFile:41 - Overriding database path with different value: C:\Users\dryla\.stmcufinder\plugins\mcufinder/ => C:\Users\dryla\.stmcufinder\plugins\mcufinder
2026-01-01 21:22:33,462 [INFO] DbMcusAds:125 - Set database path to: C:\Users\dryla\.stmcufinder\plugins\mcufinder//mcu/
2026-01-01 21:22:33,462 [WARN] DbFile:41 - Overriding database path with different value: C:\Users\dryla\.stmcufinder\plugins\mcufinder/ => C:\Users\dryla\.stmcufinder\plugins\mcufinder
2026-01-01 21:22:33,462 [WARN] DbFile:41 - Overriding database path with different value: C:\Users\dryla\.stmcufinder\plugins\mcufinder/ => C:\Users\dryla\.stmcufinder\plugins\mcufinder
2026-01-01 21:22:33,462 [INFO] CrossReferenceDbSqlite:203 - Set database path to: C:\Users\dryla\.stmcufinder\plugins\mcufinder//mcu/cs/
2026-01-01 21:22:33,516 [INFO] ApplicationProperties:184 - Using Application install path: D:\Programy Potrzebne\STM32CubeIDE_Folder\STM32CubeIDE_1.19.0\STM32CubeIDE\plugins\com.st.stm32cube.common.mx_6.15.0.202507011659
2026-01-01 21:22:33,526 [INFO] PluginManage:196 - Search for loadable plugins [exclusion list=, ]
2026-01-01 21:22:33,526 [INFO] PluginManage:310 - Check plugin analytics
2026-01-01 21:22:34,049 [INFO] AnalyticsPlugin:253 - Accepted Software Licenses: 
2026-01-01 21:22:34,049 [INFO] AnalyticsPlugin:255 - Accepted CMSIS Pack Licenses: 
2026-01-01 21:22:34,051 [INFO] AnalyticsPlugin:257 - Accepted Firmware Licenses: FW.F4.1.28.0,FW.G4.1.6.0
2026-01-01 21:22:34,053 [INFO] PluginManage:359 - Loaded plugin analytics (category:tool,tabindex:-1)
2026-01-01 21:22:34,065 [INFO] PluginManage:310 - Check plugin cadmodel
2026-01-01 21:22:34,081 [INFO] CADModel:105 - Init CAD model plugin
2026-01-01 21:22:34,081 [INFO] PluginManage:359 - Loaded plugin cadmodel (category:power,tabindex:5)
2026-01-01 21:22:34,081 [INFO] PluginManage:310 - Check plugin clock
2026-01-01 21:22:34,097 [INFO] PluginManage:359 - Loaded plugin clock (category:base,tabindex:2)
2026-01-01 21:22:34,097 [INFO] PluginManage:310 - Check plugin ddr
2026-01-01 21:22:34,112 [INFO] PluginManage:359 - Loaded plugin ddr (category:tool,tabindex:6)
2026-01-01 21:22:34,112 [INFO] PluginManage:310 - Check plugin filemanager
2026-01-01 21:22:34,478 [INFO] PluginManage:359 - Loaded plugin filemanager (category:base,tabindex:10)
2026-01-01 21:22:34,478 [INFO] PluginManage:310 - Check plugin ipmanager
2026-01-01 21:22:34,504 [INFO] PluginManage:359 - Loaded plugin ipmanager (category:base,tabindex:5)
2026-01-01 21:22:34,504 [INFO] PluginManage:310 - Check plugin lpbam
2026-01-01 21:22:34,525 [INFO] PluginManage:359 - Loaded plugin lpbam (category:base,tabindex:0)
2026-01-01 21:22:34,525 [INFO] PluginManage:310 - Check plugin memorymap
2026-01-01 21:22:34,543 [INFO] PluginManage:359 - Loaded plugin memorymap (category:base,tabindex:4)
2026-01-01 21:22:34,557 [INFO] PluginManage:310 - Check plugin pinoutandconfiguration
2026-01-01 21:22:34,557 [INFO] PluginManage:359 - Loaded plugin pinoutandconfiguration (category:base,tabindex:1)
2026-01-01 21:22:34,557 [INFO] PluginManage:310 - Check plugin pinoutconfig
2026-01-01 21:22:34,828 [WARN] SupportedApi:132 - Cannot load RTOS API schema: s4s-elt-must-match.1: The content of 'definitions' must match (annotation?, (simpleType | complexType)?, (unique | key | keyref)*)). A problem was found starting at: attribute.
2026-01-01 21:22:35,280 [INFO] PluginManage:359 - Loaded plugin pinoutconfig (category:base,tabindex:0)
2026-01-01 21:22:35,280 [INFO] PluginManage:310 - Check plugin power
2026-01-01 21:22:35,304 [INFO] PluginManage:359 - Loaded plugin power (category:power,tabindex:4)
2026-01-01 21:22:35,304 [INFO] PluginManage:310 - Check plugin projectmanager
2026-01-01 21:22:35,342 [INFO] PluginManage:359 - Loaded plugin projectmanager (category:projectmanager,tabindex:4)
2026-01-01 21:22:35,343 [INFO] PluginManage:310 - Check plugin rif
2026-01-01 21:22:35,356 [INFO] PluginManage:359 - Loaded plugin rif (category:base,tabindex:3)
2026-01-01 21:22:35,356 [INFO] PluginManage:310 - Check plugin thirdparty
2026-01-01 21:22:35,793 [INFO] PluginManage:359 - Loaded plugin thirdparty (category:base,tabindex:-1)
2026-01-01 21:22:35,793 [WARN] IntegrityCheckThread:84 - waiting for thirdparty lock release [integrity check]
2026-01-01 21:22:35,793 [INFO] PluginManage:310 - Check plugin tools
2026-01-01 21:22:35,793 [INFO] IntegrityCheckThread:86 - entering critical section [integrity check]
2026-01-01 21:22:35,793 [INFO] ThirdPartyUpdaterWithRetryManager:70 - Updater plugin not ready yet. [1/15]
2026-01-01 21:22:35,793 [INFO] PluginManage:359 - Loaded plugin tools (category:base,tabindex:7)
2026-01-01 21:22:35,793 [INFO] PluginManage:310 - Check plugin tutovideos
2026-01-01 21:22:36,382 [INFO] PluginManage:359 - Loaded plugin tutovideos (category:base,tabindex:-1)
2026-01-01 21:22:36,382 [INFO] PluginManage:310 - Check plugin updater
2026-01-01 21:22:36,445 [INFO] PluginManage:359 - Loaded plugin updater (category:base,tabindex:12)
2026-01-01 21:22:36,445 [INFO] PluginManage:310 - Check plugin userauth
2026-01-01 21:22:36,459 [INFO] UserAuth:118 - Init User Auth plugin
2026-01-01 21:22:36,471 [INFO] PluginManage:359 - Loaded plugin userauth (category:base,tabindex:14)
2026-01-01 21:22:36,471 [INFO] PluginManage:283 - PluginManage : Loaded plugins [18]
2026-01-01 21:22:37,122 [INFO] PinOutPanel:1589 - setPackage(No Configuration,No Configuration)
2026-01-01 21:22:37,419 [INFO] CADModel:165 - CPN selected for project level
2026-01-01 21:22:37,419 [INFO] CADModel:114 - Register for checkConnection events
2026-01-01 21:22:37,454 [INFO] IPUIPlugin:80 - create IPUIPlugin
2026-01-01 21:22:37,454 [INFO] PluginManager:220 - loadIPPluginJar : add adc
2026-01-01 21:22:37,475 [INFO] IPUIPlugin:80 - create IPUIPlugin
2026-01-01 21:22:37,475 [INFO] PluginManager:220 - loadIPPluginJar : add aes
2026-01-01 21:22:37,479 [INFO] IPUIPlugin:80 - create IPUIPlugin
2026-01-01 21:22:37,479 [INFO] PluginManager:220 - loadIPPluginJar : add can
2026-01-01 21:22:37,486 [INFO] IPUIPlugin:80 - create IPUIPlugin
2026-01-01 21:22:37,486 [INFO] PluginManager:220 - loadIPPluginJar : add comp
2026-01-01 21:22:37,492 [INFO] IPUIPlugin:80 - create IPUIPlugin
2026-01-01 21:22:37,492 [INFO] PluginManager:220 - loadIPPluginJar : add cryp
2026-01-01 21:22:37,504 [INFO] IPUIPlugin:80 - create IPUIPlugin
2026-01-01 21:22:37,504 [INFO] PluginManager:220 - loadIPPluginJar : add ddr_ctrl_phy
2026-01-01 21:22:37,506 [INFO] IPUIPlugin:80 - create IPUIPlugin
2026-01-01 21:22:37,506 [INFO] PluginManager:220 - loadIPPluginJar : add dfsdm
2026-01-01 21:22:37,518 [INFO] IPUIPlugin:80 - create IPUIPlugin
2026-01-01 21:22:37,518 [INFO] PluginManager:220 - loadIPPluginJar : add dma
2026-01-01 21:22:37,526 [INFO] IPUIPlugin:80 - create IPUIPlugin
2026-01-01 21:22:37,526 [INFO] PluginManager:220 - loadIPPluginJar : add dma3
2026-01-01 21:22:37,534 [INFO] IPUIPlugin:80 - create IPUIPlugin
2026-01-01 21:22:37,534 [INFO] PluginManager:220 - loadIPPluginJar : add extmemmanager
2026-01-01 21:22:37,534 [INFO] IPUIPlugin:80 - create IPUIPlugin
2026-01-01 21:22:37,534 [INFO] PluginManager:220 - loadIPPluginJar : add fatfs
2026-01-01 21:22:37,555 [INFO] IPUIPlugin:80 - create IPUIPlugin
2026-01-01 21:22:37,555 [INFO] PluginManager:220 - loadIPPluginJar : add fmc
2026-01-01 21:22:37,565 [INFO] IPUIPlugin:80 - create IPUIPlugin
2026-01-01 21:22:37,565 [INFO] PluginManager:220 - loadIPPluginJar : add freertos
2026-01-01 21:22:37,565 [INFO] IPUIPlugin:80 - create IPUIPlugin
2026-01-01 21:22:37,565 [INFO] PluginManager:220 - loadIPPluginJar : add genericplugin
2026-01-01 21:22:37,576 [INFO] IPUIPlugin:80 - create IPUIPlugin
2026-01-01 21:22:37,581 [INFO] PluginManager:220 - loadIPPluginJar : add gfxmmu
2026-01-01 21:22:37,581 [INFO] IPUIPlugin:80 - create IPUIPlugin
2026-01-01 21:22:37,581 [INFO] PluginManager:220 - loadIPPluginJar : add gic
2026-01-01 21:22:37,601 [INFO] IPUIPlugin:80 - create IPUIPlugin
2026-01-01 21:22:37,601 [INFO] PluginManager:220 - loadIPPluginJar : add gpio
2026-01-01 21:22:37,608 [INFO] IPUIPlugin:80 - create IPUIPlugin
2026-01-01 21:22:37,608 [INFO] PluginManager:220 - loadIPPluginJar : add gtzc
2026-01-01 21:22:37,613 [INFO] IPUIPlugin:80 - create IPUIPlugin
2026-01-01 21:22:37,613 [INFO] PluginManager:220 - loadIPPluginJar : add hash
2026-01-01 21:22:37,621 [INFO] IPUIPlugin:80 - create IPUIPlugin
2026-01-01 21:22:37,621 [INFO] PluginManager:220 - loadIPPluginJar : add i2c
2026-01-01 21:22:37,623 [INFO] IPUIPlugin:80 - create IPUIPlugin
2026-01-01 21:22:37,623 [INFO] PluginManager:220 - loadIPPluginJar : add i2s
2026-01-01 21:22:37,635 [INFO] IPUIPlugin:80 - create IPUIPlugin
2026-01-01 21:22:37,635 [INFO] PluginManager:220 - loadIPPluginJar : add i3c
2026-01-01 21:22:37,646 [INFO] IPUIPlugin:80 - create IPUIPlugin
2026-01-01 21:22:37,646 [INFO] PluginManager:220 - loadIPPluginJar : add ipddr
2026-01-01 21:22:37,663 [INFO] IPUIPlugin:80 - create IPUIPlugin
2026-01-01 21:22:37,663 [INFO] PluginManager:220 - loadIPPluginJar : add linkedlist
2026-01-01 21:22:37,673 [INFO] IPUIPlugin:80 - create IPUIPlugin
2026-01-01 21:22:37,673 [INFO] PluginManager:220 - loadIPPluginJar : add lorawan
2026-01-01 21:22:37,676 [INFO] IPUIPlugin:80 - create IPUIPlugin
2026-01-01 21:22:37,678 [INFO] PluginManager:220 - loadIPPluginJar : add ltdc
2026-01-01 21:22:37,684 [INFO] IPUIPlugin:80 - create IPUIPlugin
2026-01-01 21:22:37,684 [INFO] PluginManager:220 - loadIPPluginJar : add mdma
2026-01-01 21:22:37,696 [INFO] IPUIPlugin:80 - create IPUIPlugin
2026-01-01 21:22:37,696 [INFO] PluginManager:220 - loadIPPluginJar : add nvic
2026-01-01 21:22:37,705 [INFO] IPUIPlugin:80 - create IPUIPlugin
2026-01-01 21:22:37,705 [INFO] PluginManager:220 - loadIPPluginJar : add opamp
2026-01-01 21:22:37,712 [INFO] IPUIPlugin:80 - create IPUIPlugin
2026-01-01 21:22:37,712 [INFO] PluginManager:220 - loadIPPluginJar : add openamp
2026-01-01 21:22:37,712 [INFO] IPUIPlugin:80 - create IPUIPlugin
2026-01-01 21:22:37,712 [INFO] PluginManager:220 - loadIPPluginJar : add pdm2pcm
2026-01-01 21:22:37,724 [INFO] IPUIPlugin:80 - create IPUIPlugin
2026-01-01 21:22:37,740 [INFO] PluginManager:220 - loadIPPluginJar : add plateformsettings
2026-01-01 21:22:37,744 [INFO] IPUIPlugin:80 - create IPUIPlugin
2026-01-01 21:22:37,744 [INFO] PluginManager:220 - loadIPPluginJar : add quadspi
2026-01-01 21:22:37,747 [INFO] IPUIPlugin:80 - create IPUIPlugin
2026-01-01 21:22:37,747 [INFO] PluginManager:220 - loadIPPluginJar : add radio
2026-01-01 21:22:37,757 [INFO] IPUIPlugin:80 - create IPUIPlugin
2026-01-01 21:22:37,757 [INFO] PluginManager:220 - loadIPPluginJar : add resmgrutility
2026-01-01 21:22:37,757 [INFO] IPUIPlugin:80 - create IPUIPlugin
2026-01-01 21:22:37,757 [INFO] PluginManager:220 - loadIPPluginJar : add sai
2026-01-01 21:22:37,768 [INFO] IPUIPlugin:80 - create IPUIPlugin
2026-01-01 21:22:37,768 [INFO] PluginManager:220 - loadIPPluginJar : add spi
2026-01-01 21:22:37,772 [INFO] IPUIPlugin:80 - create IPUIPlugin
2026-01-01 21:22:37,772 [INFO] PluginManager:220 - loadIPPluginJar : add stm32_wpan
2026-01-01 21:22:37,772 [INFO] IPUIPlugin:80 - create IPUIPlugin
2026-01-01 21:22:37,772 [INFO] PluginManager:220 - loadIPPluginJar : add tim
2026-01-01 21:22:37,788 [INFO] IPUIPlugin:80 - create IPUIPlugin
2026-01-01 21:22:37,788 [INFO] PluginManager:220 - loadIPPluginJar : add touchsensing
2026-01-01 21:22:37,788 [INFO] IPUIPlugin:80 - create IPUIPlugin
2026-01-01 21:22:37,788 [INFO] PluginManager:220 - loadIPPluginJar : add tracer_emb
2026-01-01 21:22:37,788 [INFO] IPUIPlugin:80 - create IPUIPlugin
2026-01-01 21:22:37,788 [INFO] PluginManager:220 - loadIPPluginJar : add ts
2026-01-01 21:22:37,788 [INFO] IPUIPlugin:80 - create IPUIPlugin
2026-01-01 21:22:37,788 [INFO] PluginManager:220 - loadIPPluginJar : add tsc
2026-01-01 21:22:37,804 [INFO] IPUIPlugin:80 - create IPUIPlugin
2026-01-01 21:22:37,804 [INFO] PluginManager:220 - loadIPPluginJar : add ucpd
2026-01-01 21:22:37,804 [INFO] IPUIPlugin:80 - create IPUIPlugin
2026-01-01 21:22:37,804 [INFO] PluginManager:220 - loadIPPluginJar : add usart
2026-01-01 21:22:37,804 [INFO] IPUIPlugin:80 - create IPUIPlugin
2026-01-01 21:22:37,804 [INFO] PluginManager:220 - loadIPPluginJar : add usbx
2026-01-01 21:22:38,060 [FATAL] Updater:351 - Updater called before beeing initialized
2026-01-01 21:22:38,153 [INFO] RulesReader:64 - Compatibility file has been processed (317 Rules)
2026-01-01 21:22:38,201 [INFO] RulesReader:64 - Compatibility file has been processed (317 Rules)
2026-01-01 21:22:38,232 [INFO] CADModel:165 - CPN selected for project level
2026-01-01 21:22:38,232 [INFO] CADModel:114 - Register for checkConnection events
2026-01-01 21:22:38,232 [FATAL] Updater:351 - Updater called before beeing initialized
2026-01-01 21:22:38,232 [ERROR] CADModel:125 - Updater not yet initialized, retry later 
2026-01-01 21:22:38,750 [FATAL] Updater:351 - Updater called before beeing initialized
2026-01-01 21:22:38,755 [INFO] CADModel:165 - CPN selected for project level
2026-01-01 21:22:38,755 [INFO] CADModel:114 - Register for checkConnection events
2026-01-01 21:22:38,755 [FATAL] Updater:351 - Updater called before beeing initialized
2026-01-01 21:22:38,755 [ERROR] CADModel:125 - Updater not yet initialized, retry later 
2026-01-01 21:22:38,772 [FATAL] Updater:351 - Updater called before beeing initialized
2026-01-01 21:22:38,802 [INFO] ThirdPartyUpdaterWithRetryManager:70 - Updater plugin not ready yet. [2/15]
2026-01-01 21:22:39,134 [FATAL] Updater:351 - Updater called before beeing initialized
2026-01-01 21:22:39,146 [INFO] DbMcusAds:53 - JSON generation date=Fri Dec 05 10:13:14 CET 2025 (1764925994568)
2026-01-01 21:22:39,146 [FATAL] Updater:351 - Updater called before beeing initialized
2026-01-01 21:22:39,277 [WARN] DetailPanel:346 - Failed to get advertising image, set to default
2026-01-01 21:22:39,536 [FATAL] Updater:351 - Updater called before beeing initialized
2026-01-01 21:22:39,545 [FATAL] Updater:351 - Updater called before beeing initialized
2026-01-01 21:22:39,545 [FATAL] Updater:351 - Updater called before beeing initialized
2026-01-01 21:22:39,545 [WARN] DetailPanel:346 - Failed to get advertising image, set to default
2026-01-01 21:22:39,547 [FATAL] Updater:351 - Updater called before beeing initialized
2026-01-01 21:22:39,680 [ERROR] Updater:1198 - MainUpdater not yet initialized. External WinMGr cannot be set.
2026-01-01 21:22:39,691 [INFO] Updater:1134 - Updater Version found : 6.15.0
2026-01-01 21:22:39,743 [INFO] ApplicationProperties:184 - Using Application install path: D:\Programy Potrzebne\STM32CubeIDE_Folder\STM32CubeIDE_1.19.0\STM32CubeIDE\plugins\com.st.stm32cube.common.mx_6.15.0.202507011659
2026-01-01 21:22:41,392 [ERROR] LogOutputStream:75 - [STDERR_REDIRECT] Jan 01, 2026 9:22:41 PM java.util.prefs.WindowsPreferences <init>
2026-01-01 21:22:41,392 [ERROR] LogOutputStream:75 - [STDERR_REDIRECT] WARNING: Could not open/create prefs root node Software\JavaSoft\Prefs at root 0xffffffff80000002. Windows RegCreateKeyEx(...) returned error code 5.
2026-01-01 21:22:41,392 [ERROR] LogOutputStream:75 - [STDERR_REDIRECT] 
2026-01-01 21:22:41,817 [FATAL] Updater:351 - Updater called before beeing initialized
2026-01-01 21:22:41,817 [ERROR] IntegrityCheckThread:130 - Cannot retrieve database content from updater: error 21
2026-01-01 21:22:41,817 [INFO] ThirdParty:978 - Integrity check success = false
2026-01-01 21:22:41,817 [INFO] IntegrityCheckThread:100 - exiting critical section [integrity check]
2026-01-01 21:22:41,817 [INFO] IntegrityCheckThread:103 - End integrity checks thread
2026-01-01 21:22:43,234 [INFO] MainUpdater:2872 - connection check result : 10
2026-01-01 21:22:43,234 [INFO] MainUpdater:289 - Updater Check For Update Now.
2026-01-01 21:22:43,234 [INFO] MicroXplorer:498 - Change Database Version : DB.6.0.150
2026-01-01 21:22:43,256 [INFO] McuFinderGlobals:63 - Set McuFinder mode to 2 (CubeIDE integrated)
2026-01-01 21:22:43,256 [INFO] UserAuth:171 - activating auth plugin
2026-01-01 21:22:43,270 [INFO] UserAuth:487 - Internet connection configuration mode: 1
2026-01-01 21:22:43,330 [INFO] JxBrowserEngine:152 - Initiate JxBrowser Engine with user profile folder
2026-01-01 21:22:43,630 [INFO] CheckServerUpdateThread:120 - End of CheckServer Thread
2026-01-01 21:22:45,369 [INFO] WebApp:169 - Instantiating new browser for Auth
2026-01-01 21:22:47,108 [INFO] WebApp:463 - Apply proxy settings
2026-01-01 21:22:47,108 [INFO] WebApp:548 - Chromium requires no authentication
2026-01-01 21:22:47,136 [INFO] WebApp:491 - Direct internet connection detected
2026-01-01 21:22:47,197 [INFO] WebApp:900 - Register for checkConnection events
2026-01-01 21:22:47,197 [INFO] WebApp:463 - Apply proxy settings
2026-01-01 21:22:47,197 [INFO] WebApp:548 - Chromium requires no authentication
2026-01-01 21:22:47,197 [INFO] WebApp:491 - Direct internet connection detected
2026-01-01 21:22:47,714 [INFO] WebApp:225 - Starting web application
2026-01-01 21:22:47,714 [INFO] WebApp:593 - Web application path used D:\Programy Potrzebne\STM32CubeIDE_Folder\STM32CubeIDE_1.19.0\STM32CubeIDE\plugins\com.st.stm32cube.common.mx_6.15.0.202507011659\db\plugins\mcufinder\reactClient1\index.html
2026-01-01 21:22:48,095 [INFO] WebApp:191 - Connection restablished
2026-01-01 22:14:19,671 [ERROR] LogOutputStream:75 - [STDERR_REDIRECT] 
