2025-12-14 09:43:26,436 [ERROR] LogOutputStream:75 - [STDERR_REDIRECT] 
2025-12-14 22:55:14,996 [INFO] Activator:176 - 


2025-12-14 22:55:15,001 [INFO] Activator:177 - !SESSION log4j initialized
2025-12-14 22:55:23,802 [INFO] LogOutputStream:77 - [STDOUT_REDIRECT] 
2025-12-14 22:55:26,443 [INFO] ApplicationProperties:184 - Using Application install path: D:\Programy Potrzebne\STM32CubeIDE_Folder\STM32CubeIDE_1.19.0\STM32CubeIDE\plugins\com.st.stm32cube.common.mx_6.15.0.202507011659
2025-12-14 22:55:26,475 [INFO] DbMcusXml:78 - Set database path to: D:\Programy Potrzebne\STM32CubeIDE_Folder\STM32CubeIDE_1.19.0\STM32CubeIDE\plugins\com.st.stm32cube.common.mx_6.15.0.202507011659\\db\/mcu/
2025-12-14 22:55:26,475 [INFO] ApiDb:274 - Set plugin database path to: D:\Programy Potrzebne\STM32CubeIDE_Folder\STM32CubeIDE_1.19.0\STM32CubeIDE\plugins\com.st.stm32cube.common.mx_6.15.0.202507011659\\db\/plugins/boardmanager/
2025-12-14 22:55:26,475 [WARN] ApiDb:259 - Overriding images path with different value:  => D:\Programy Potrzebne\STM32CubeIDE_Folder\STM32CubeIDE_1.19.0\STM32CubeIDE\plugins\com.st.stm32cube.common.mx_6.15.0.202507011659\\db\/plugins/mcufinder/images/
2025-12-14 22:55:26,495 [INFO] ApiDb:250 - Set database path to: C:\Users\dryla\.stmcufinder\plugins\mcufinder//mcu/
2025-12-14 22:55:26,495 [INFO] DbMcusAds:125 - Set database path to: C:\Users\dryla\.stmcufinder\plugins\mcufinder//mcu/
2025-12-14 22:55:26,495 [INFO] CrossReferenceDbSqlite:203 - Set database path to: C:\Users\dryla\.stmcufinder\plugins\mcufinder//mcu/cs/
2025-12-14 22:55:26,722 [INFO] RulesReader:64 - Compatibility file has been processed (317 Rules)
2025-12-14 22:55:26,873 [INFO] DbMcusXml:78 - Set database path to: D:\Programy Potrzebne\STM32CubeIDE_Folder\STM32CubeIDE_1.19.0\STM32CubeIDE\plugins\com.st.stm32cube.common.mx_6.15.0.202507011659\\db\/mcu/
2025-12-14 22:55:26,873 [INFO] ApiDb:274 - Set plugin database path to: D:\Programy Potrzebne\STM32CubeIDE_Folder\STM32CubeIDE_1.19.0\STM32CubeIDE\plugins\com.st.stm32cube.common.mx_6.15.0.202507011659\\db\/plugins/boardmanager/
2025-12-14 22:55:26,873 [INFO] ApiDb:261 - Set plugin images path to: D:\Programy Potrzebne\STM32CubeIDE_Folder\STM32CubeIDE_1.19.0\STM32CubeIDE\plugins\com.st.stm32cube.common.mx_6.15.0.202507011659\\db\/plugins/mcufinder/images/
2025-12-14 22:55:26,873 [WARN] DbFile:41 - Overriding database path with different value: C:\Users\dryla\.stmcufinder\plugins\mcufinder/ => C:\Users\dryla\.stmcufinder\plugins\mcufinder
2025-12-14 22:55:26,873 [INFO] ApiDb:250 - Set database path to: C:\Users\dryla\.stmcufinder\plugins\mcufinder//mcu/
2025-12-14 22:55:26,873 [WARN] DbFile:41 - Overriding database path with different value: C:\Users\dryla\.stmcufinder\plugins\mcufinder/ => C:\Users\dryla\.stmcufinder\plugins\mcufinder
2025-12-14 22:55:26,873 [INFO] DbMcusAds:125 - Set database path to: C:\Users\dryla\.stmcufinder\plugins\mcufinder//mcu/
2025-12-14 22:55:26,873 [WARN] DbFile:41 - Overriding database path with different value: C:\Users\dryla\.stmcufinder\plugins\mcufinder/ => C:\Users\dryla\.stmcufinder\plugins\mcufinder
2025-12-14 22:55:26,873 [WARN] DbFile:41 - Overriding database path with different value: C:\Users\dryla\.stmcufinder\plugins\mcufinder/ => C:\Users\dryla\.stmcufinder\plugins\mcufinder
2025-12-14 22:55:26,873 [INFO] CrossReferenceDbSqlite:203 - Set database path to: C:\Users\dryla\.stmcufinder\plugins\mcufinder//mcu/cs/
2025-12-14 22:55:26,999 [INFO] MainPanel:274 - HeapMemory: 268435456
2025-12-14 22:55:27,155 [INFO] DbMcusXml:78 - Set database path to: D:\Programy Potrzebne\STM32CubeIDE_Folder\STM32CubeIDE_1.19.0\STM32CubeIDE\plugins\com.st.stm32cube.common.mx_6.15.0.202507011659\\db\/mcu/
2025-12-14 22:55:27,155 [INFO] ApiDb:274 - Set plugin database path to: D:\Programy Potrzebne\STM32CubeIDE_Folder\STM32CubeIDE_1.19.0\STM32CubeIDE\plugins\com.st.stm32cube.common.mx_6.15.0.202507011659\\db\/plugins/boardmanager/
2025-12-14 22:55:27,155 [INFO] ApiDb:261 - Set plugin images path to: D:\Programy Potrzebne\STM32CubeIDE_Folder\STM32CubeIDE_1.19.0\STM32CubeIDE\plugins\com.st.stm32cube.common.mx_6.15.0.202507011659\\db\/plugins/mcufinder/images/
2025-12-14 22:55:27,155 [WARN] DbFile:41 - Overriding database path with different value: C:\Users\dryla\.stmcufinder\plugins\mcufinder/ => C:\Users\dryla\.stmcufinder\plugins\mcufinder
2025-12-14 22:55:27,155 [INFO] ApiDb:250 - Set database path to: C:\Users\dryla\.stmcufinder\plugins\mcufinder//mcu/
2025-12-14 22:55:27,155 [WARN] DbFile:41 - Overriding database path with different value: C:\Users\dryla\.stmcufinder\plugins\mcufinder/ => C:\Users\dryla\.stmcufinder\plugins\mcufinder
2025-12-14 22:55:27,155 [INFO] DbMcusAds:125 - Set database path to: C:\Users\dryla\.stmcufinder\plugins\mcufinder//mcu/
2025-12-14 22:55:27,155 [WARN] DbFile:41 - Overriding database path with different value: C:\Users\dryla\.stmcufinder\plugins\mcufinder/ => C:\Users\dryla\.stmcufinder\plugins\mcufinder
2025-12-14 22:55:27,155 [WARN] DbFile:41 - Overriding database path with different value: C:\Users\dryla\.stmcufinder\plugins\mcufinder/ => C:\Users\dryla\.stmcufinder\plugins\mcufinder
2025-12-14 22:55:27,155 [INFO] CrossReferenceDbSqlite:203 - Set database path to: C:\Users\dryla\.stmcufinder\plugins\mcufinder//mcu/cs/
2025-12-14 22:55:27,187 [INFO] ApplicationProperties:184 - Using Application install path: D:\Programy Potrzebne\STM32CubeIDE_Folder\STM32CubeIDE_1.19.0\STM32CubeIDE\plugins\com.st.stm32cube.common.mx_6.15.0.202507011659
2025-12-14 22:55:27,187 [INFO] PluginManage:196 - Search for loadable plugins [exclusion list=, ]
2025-12-14 22:55:27,192 [INFO] PluginManage:310 - Check plugin analytics
2025-12-14 22:55:27,504 [INFO] AnalyticsPlugin:253 - Accepted Software Licenses: 
2025-12-14 22:55:27,504 [INFO] AnalyticsPlugin:255 - Accepted CMSIS Pack Licenses: 
2025-12-14 22:55:27,507 [INFO] AnalyticsPlugin:257 - Accepted Firmware Licenses: FW.F4.1.28.0,FW.G4.1.6.0
2025-12-14 22:55:27,507 [INFO] PluginManage:359 - Loaded plugin analytics (category:tool,tabindex:-1)
2025-12-14 22:55:27,507 [INFO] PluginManage:310 - Check plugin cadmodel
2025-12-14 22:55:27,520 [INFO] CADModel:105 - Init CAD model plugin
2025-12-14 22:55:27,520 [INFO] PluginManage:359 - Loaded plugin cadmodel (category:power,tabindex:5)
2025-12-14 22:55:27,520 [INFO] PluginManage:310 - Check plugin clock
2025-12-14 22:55:27,520 [INFO] PluginManage:359 - Loaded plugin clock (category:base,tabindex:2)
2025-12-14 22:55:27,520 [INFO] PluginManage:310 - Check plugin ddr
2025-12-14 22:55:27,536 [INFO] PluginManage:359 - Loaded plugin ddr (category:tool,tabindex:6)
2025-12-14 22:55:27,536 [INFO] PluginManage:310 - Check plugin filemanager
2025-12-14 22:55:27,775 [INFO] PluginManage:359 - Loaded plugin filemanager (category:base,tabindex:10)
2025-12-14 22:55:27,775 [INFO] PluginManage:310 - Check plugin ipmanager
2025-12-14 22:55:27,791 [INFO] PluginManage:359 - Loaded plugin ipmanager (category:base,tabindex:5)
2025-12-14 22:55:27,791 [INFO] PluginManage:310 - Check plugin lpbam
2025-12-14 22:55:27,791 [INFO] PluginManage:359 - Loaded plugin lpbam (category:base,tabindex:0)
2025-12-14 22:55:27,807 [INFO] PluginManage:310 - Check plugin memorymap
2025-12-14 22:55:27,822 [INFO] PluginManage:359 - Loaded plugin memorymap (category:base,tabindex:4)
2025-12-14 22:55:27,822 [INFO] PluginManage:310 - Check plugin pinoutandconfiguration
2025-12-14 22:55:27,847 [INFO] PluginManage:359 - Loaded plugin pinoutandconfiguration (category:base,tabindex:1)
2025-12-14 22:55:27,854 [INFO] PluginManage:310 - Check plugin pinoutconfig
2025-12-14 22:55:28,142 [WARN] SupportedApi:132 - Cannot load RTOS API schema: s4s-elt-must-match.1: The content of 'definitions' must match (annotation?, (simpleType | complexType)?, (unique | key | keyref)*)). A problem was found starting at: attribute.
2025-12-14 22:55:28,453 [INFO] PluginManage:359 - Loaded plugin pinoutconfig (category:base,tabindex:0)
2025-12-14 22:55:28,453 [INFO] PluginManage:310 - Check plugin power
2025-12-14 22:55:28,475 [INFO] PluginManage:359 - Loaded plugin power (category:power,tabindex:4)
2025-12-14 22:55:28,475 [INFO] PluginManage:310 - Check plugin projectmanager
2025-12-14 22:55:28,509 [INFO] PluginManage:359 - Loaded plugin projectmanager (category:projectmanager,tabindex:4)
2025-12-14 22:55:28,509 [INFO] PluginManage:310 - Check plugin rif
2025-12-14 22:55:28,525 [INFO] PluginManage:359 - Loaded plugin rif (category:base,tabindex:3)
2025-12-14 22:55:28,525 [INFO] PluginManage:310 - Check plugin thirdparty
2025-12-14 22:55:28,810 [WARN] IntegrityCheckThread:84 - waiting for thirdparty lock release [integrity check]
2025-12-14 22:55:28,810 [INFO] IntegrityCheckThread:86 - entering critical section [integrity check]
2025-12-14 22:55:28,810 [INFO] ThirdPartyUpdaterWithRetryManager:70 - Updater plugin not ready yet. [1/15]
2025-12-14 22:55:28,810 [INFO] PluginManage:359 - Loaded plugin thirdparty (category:base,tabindex:-1)
2025-12-14 22:55:28,810 [INFO] PluginManage:310 - Check plugin tools
2025-12-14 22:55:28,810 [INFO] PluginManage:359 - Loaded plugin tools (category:base,tabindex:7)
2025-12-14 22:55:28,826 [INFO] PluginManage:310 - Check plugin tutovideos
2025-12-14 22:55:29,234 [INFO] PluginManage:359 - Loaded plugin tutovideos (category:base,tabindex:-1)
2025-12-14 22:55:29,234 [INFO] PluginManage:310 - Check plugin updater
2025-12-14 22:55:29,290 [INFO] PluginManage:359 - Loaded plugin updater (category:base,tabindex:12)
2025-12-14 22:55:29,290 [INFO] PluginManage:310 - Check plugin userauth
2025-12-14 22:55:29,299 [INFO] UserAuth:118 - Init User Auth plugin
2025-12-14 22:55:29,301 [INFO] PluginManage:359 - Loaded plugin userauth (category:base,tabindex:14)
2025-12-14 22:55:29,302 [INFO] PluginManage:283 - PluginManage : Loaded plugins [18]
2025-12-14 22:55:29,737 [INFO] PinOutPanel:1589 - setPackage(No Configuration,No Configuration)
2025-12-14 22:55:29,911 [INFO] CADModel:165 - CPN selected for project level
2025-12-14 22:55:29,911 [INFO] CADModel:114 - Register for checkConnection events
2025-12-14 22:55:29,959 [INFO] IPUIPlugin:80 - create IPUIPlugin
2025-12-14 22:55:29,959 [INFO] PluginManager:220 - loadIPPluginJar : add adc
2025-12-14 22:55:29,959 [INFO] IPUIPlugin:80 - create IPUIPlugin
2025-12-14 22:55:29,959 [INFO] PluginManager:220 - loadIPPluginJar : add aes
2025-12-14 22:55:29,971 [INFO] IPUIPlugin:80 - create IPUIPlugin
2025-12-14 22:55:29,971 [INFO] PluginManager:220 - loadIPPluginJar : add can
2025-12-14 22:55:29,975 [INFO] IPUIPlugin:80 - create IPUIPlugin
2025-12-14 22:55:29,975 [INFO] PluginManager:220 - loadIPPluginJar : add comp
2025-12-14 22:55:29,982 [INFO] IPUIPlugin:80 - create IPUIPlugin
2025-12-14 22:55:29,982 [INFO] PluginManager:220 - loadIPPluginJar : add cryp
2025-12-14 22:55:29,984 [INFO] IPUIPlugin:80 - create IPUIPlugin
2025-12-14 22:55:29,984 [INFO] PluginManager:220 - loadIPPluginJar : add ddr_ctrl_phy
2025-12-14 22:55:29,995 [INFO] IPUIPlugin:80 - create IPUIPlugin
2025-12-14 22:55:29,995 [INFO] PluginManager:220 - loadIPPluginJar : add dfsdm
2025-12-14 22:55:30,007 [INFO] IPUIPlugin:80 - create IPUIPlugin
2025-12-14 22:55:30,009 [INFO] PluginManager:220 - loadIPPluginJar : add dma
2025-12-14 22:55:30,009 [INFO] IPUIPlugin:80 - create IPUIPlugin
2025-12-14 22:55:30,009 [INFO] PluginManager:220 - loadIPPluginJar : add dma3
2025-12-14 22:55:30,018 [INFO] IPUIPlugin:80 - create IPUIPlugin
2025-12-14 22:55:30,018 [INFO] PluginManager:220 - loadIPPluginJar : add extmemmanager
2025-12-14 22:55:30,023 [INFO] IPUIPlugin:80 - create IPUIPlugin
2025-12-14 22:55:30,023 [INFO] PluginManager:220 - loadIPPluginJar : add fatfs
2025-12-14 22:55:30,034 [INFO] IPUIPlugin:80 - create IPUIPlugin
2025-12-14 22:55:30,034 [INFO] PluginManager:220 - loadIPPluginJar : add fmc
2025-12-14 22:55:30,046 [INFO] IPUIPlugin:80 - create IPUIPlugin
2025-12-14 22:55:30,046 [INFO] PluginManager:220 - loadIPPluginJar : add freertos
2025-12-14 22:55:30,051 [INFO] IPUIPlugin:80 - create IPUIPlugin
2025-12-14 22:55:30,051 [INFO] PluginManager:220 - loadIPPluginJar : add genericplugin
2025-12-14 22:55:30,056 [INFO] IPUIPlugin:80 - create IPUIPlugin
2025-12-14 22:55:30,057 [INFO] PluginManager:220 - loadIPPluginJar : add gfxmmu
2025-12-14 22:55:30,065 [INFO] IPUIPlugin:80 - create IPUIPlugin
2025-12-14 22:55:30,065 [INFO] PluginManager:220 - loadIPPluginJar : add gic
2025-12-14 22:55:30,072 [INFO] IPUIPlugin:80 - create IPUIPlugin
2025-12-14 22:55:30,072 [INFO] PluginManager:220 - loadIPPluginJar : add gpio
2025-12-14 22:55:30,078 [INFO] IPUIPlugin:80 - create IPUIPlugin
2025-12-14 22:55:30,078 [INFO] PluginManager:220 - loadIPPluginJar : add gtzc
2025-12-14 22:55:30,084 [INFO] IPUIPlugin:80 - create IPUIPlugin
2025-12-14 22:55:30,084 [INFO] PluginManager:220 - loadIPPluginJar : add hash
2025-12-14 22:55:30,089 [INFO] IPUIPlugin:80 - create IPUIPlugin
2025-12-14 22:55:30,089 [INFO] PluginManager:220 - loadIPPluginJar : add i2c
2025-12-14 22:55:30,093 [INFO] IPUIPlugin:80 - create IPUIPlugin
2025-12-14 22:55:30,093 [INFO] PluginManager:220 - loadIPPluginJar : add i2s
2025-12-14 22:55:30,099 [INFO] IPUIPlugin:80 - create IPUIPlugin
2025-12-14 22:55:30,099 [INFO] PluginManager:220 - loadIPPluginJar : add i3c
2025-12-14 22:55:30,105 [INFO] IPUIPlugin:80 - create IPUIPlugin
2025-12-14 22:55:30,105 [INFO] PluginManager:220 - loadIPPluginJar : add ipddr
2025-12-14 22:55:30,117 [INFO] IPUIPlugin:80 - create IPUIPlugin
2025-12-14 22:55:30,119 [INFO] PluginManager:220 - loadIPPluginJar : add linkedlist
2025-12-14 22:55:30,121 [INFO] IPUIPlugin:80 - create IPUIPlugin
2025-12-14 22:55:30,121 [INFO] PluginManager:220 - loadIPPluginJar : add lorawan
2025-12-14 22:55:30,127 [INFO] IPUIPlugin:80 - create IPUIPlugin
2025-12-14 22:55:30,127 [INFO] PluginManager:220 - loadIPPluginJar : add ltdc
2025-12-14 22:55:30,138 [INFO] IPUIPlugin:80 - create IPUIPlugin
2025-12-14 22:55:30,138 [INFO] PluginManager:220 - loadIPPluginJar : add mdma
2025-12-14 22:55:30,143 [INFO] IPUIPlugin:80 - create IPUIPlugin
2025-12-14 22:55:30,143 [INFO] PluginManager:220 - loadIPPluginJar : add nvic
2025-12-14 22:55:30,150 [INFO] IPUIPlugin:80 - create IPUIPlugin
2025-12-14 22:55:30,150 [INFO] PluginManager:220 - loadIPPluginJar : add opamp
2025-12-14 22:55:30,152 [INFO] IPUIPlugin:80 - create IPUIPlugin
2025-12-14 22:55:30,152 [INFO] PluginManager:220 - loadIPPluginJar : add openamp
2025-12-14 22:55:30,302 [INFO] IPUIPlugin:80 - create IPUIPlugin
2025-12-14 22:55:30,303 [INFO] PluginManager:220 - loadIPPluginJar : add pdm2pcm
2025-12-14 22:55:30,313 [INFO] IPUIPlugin:80 - create IPUIPlugin
2025-12-14 22:55:30,319 [INFO] PluginManager:220 - loadIPPluginJar : add plateformsettings
2025-12-14 22:55:30,321 [INFO] IPUIPlugin:80 - create IPUIPlugin
2025-12-14 22:55:30,321 [INFO] PluginManager:220 - loadIPPluginJar : add quadspi
2025-12-14 22:55:30,325 [INFO] IPUIPlugin:80 - create IPUIPlugin
2025-12-14 22:55:30,325 [INFO] PluginManager:220 - loadIPPluginJar : add radio
2025-12-14 22:55:30,325 [INFO] IPUIPlugin:80 - create IPUIPlugin
2025-12-14 22:55:30,325 [INFO] PluginManager:220 - loadIPPluginJar : add resmgrutility
2025-12-14 22:55:30,325 [INFO] IPUIPlugin:80 - create IPUIPlugin
2025-12-14 22:55:30,325 [INFO] PluginManager:220 - loadIPPluginJar : add sai
2025-12-14 22:55:30,341 [INFO] IPUIPlugin:80 - create IPUIPlugin
2025-12-14 22:55:30,341 [INFO] PluginManager:220 - loadIPPluginJar : add spi
2025-12-14 22:55:30,341 [INFO] IPUIPlugin:80 - create IPUIPlugin
2025-12-14 22:55:30,341 [INFO] PluginManager:220 - loadIPPluginJar : add stm32_wpan
2025-12-14 22:55:30,341 [INFO] IPUIPlugin:80 - create IPUIPlugin
2025-12-14 22:55:30,341 [INFO] PluginManager:220 - loadIPPluginJar : add tim
2025-12-14 22:55:30,357 [INFO] IPUIPlugin:80 - create IPUIPlugin
2025-12-14 22:55:30,357 [INFO] PluginManager:220 - loadIPPluginJar : add touchsensing
2025-12-14 22:55:30,357 [INFO] IPUIPlugin:80 - create IPUIPlugin
2025-12-14 22:55:30,357 [INFO] PluginManager:220 - loadIPPluginJar : add tracer_emb
2025-12-14 22:55:30,357 [INFO] IPUIPlugin:80 - create IPUIPlugin
2025-12-14 22:55:30,357 [INFO] PluginManager:220 - loadIPPluginJar : add ts
2025-12-14 22:55:30,357 [INFO] IPUIPlugin:80 - create IPUIPlugin
2025-12-14 22:55:30,357 [INFO] PluginManager:220 - loadIPPluginJar : add tsc
2025-12-14 22:55:30,372 [INFO] IPUIPlugin:80 - create IPUIPlugin
2025-12-14 22:55:30,372 [INFO] PluginManager:220 - loadIPPluginJar : add ucpd
2025-12-14 22:55:30,372 [INFO] IPUIPlugin:80 - create IPUIPlugin
2025-12-14 22:55:30,372 [INFO] PluginManager:220 - loadIPPluginJar : add usart
2025-12-14 22:55:30,372 [INFO] IPUIPlugin:80 - create IPUIPlugin
2025-12-14 22:55:30,372 [INFO] PluginManager:220 - loadIPPluginJar : add usbx
2025-12-14 22:55:30,575 [FATAL] Updater:351 - Updater called before beeing initialized
2025-12-14 22:55:30,636 [INFO] RulesReader:64 - Compatibility file has been processed (317 Rules)
2025-12-14 22:55:30,668 [INFO] RulesReader:64 - Compatibility file has been processed (317 Rules)
2025-12-14 22:55:30,684 [INFO] CADModel:165 - CPN selected for project level
2025-12-14 22:55:30,684 [INFO] CADModel:114 - Register for checkConnection events
2025-12-14 22:55:30,684 [FATAL] Updater:351 - Updater called before beeing initialized
2025-12-14 22:55:30,684 [ERROR] CADModel:125 - Updater not yet initialized, retry later 
2025-12-14 22:55:31,026 [FATAL] Updater:351 - Updater called before beeing initialized
2025-12-14 22:55:31,038 [INFO] CADModel:165 - CPN selected for project level
2025-12-14 22:55:31,038 [INFO] CADModel:114 - Register for checkConnection events
2025-12-14 22:55:31,038 [FATAL] Updater:351 - Updater called before beeing initialized
2025-12-14 22:55:31,038 [ERROR] CADModel:125 - Updater not yet initialized, retry later 
2025-12-14 22:55:31,038 [FATAL] Updater:351 - Updater called before beeing initialized
2025-12-14 22:55:31,291 [FATAL] Updater:351 - Updater called before beeing initialized
2025-12-14 22:55:31,307 [INFO] DbMcusAds:53 - JSON generation date=Fri Dec 05 10:13:14 CET 2025 (1764925994568)
2025-12-14 22:55:31,307 [FATAL] Updater:351 - Updater called before beeing initialized
2025-12-14 22:55:31,410 [WARN] DetailPanel:346 - Failed to get advertising image, set to default
2025-12-14 22:55:31,641 [FATAL] Updater:351 - Updater called before beeing initialized
2025-12-14 22:55:31,641 [FATAL] Updater:351 - Updater called before beeing initialized
2025-12-14 22:55:31,641 [FATAL] Updater:351 - Updater called before beeing initialized
2025-12-14 22:55:31,641 [WARN] DetailPanel:346 - Failed to get advertising image, set to default
2025-12-14 22:55:31,641 [FATAL] Updater:351 - Updater called before beeing initialized
2025-12-14 22:55:31,750 [ERROR] Updater:1198 - MainUpdater not yet initialized. External WinMGr cannot be set.
2025-12-14 22:55:31,765 [INFO] Updater:1134 - Updater Version found : 6.15.0
2025-12-14 22:55:31,798 [INFO] ApplicationProperties:184 - Using Application install path: D:\Programy Potrzebne\STM32CubeIDE_Folder\STM32CubeIDE_1.19.0\STM32CubeIDE\plugins\com.st.stm32cube.common.mx_6.15.0.202507011659
2025-12-14 22:55:31,828 [INFO] ThirdPartyUpdaterWithRetryManager:70 - Updater plugin not ready yet. [2/15]
2025-12-14 22:55:33,442 [ERROR] LogOutputStream:75 - [STDERR_REDIRECT] Dec 14, 2025 10:55:33 PM java.util.prefs.WindowsPreferences <init>
2025-12-14 22:55:33,446 [ERROR] LogOutputStream:75 - [STDERR_REDIRECT] WARNING: Could not open/create prefs root node Software\JavaSoft\Prefs at root 0xffffffff80000002. Windows RegCreateKeyEx(...) returned error code 5.
2025-12-14 22:55:33,446 [ERROR] LogOutputStream:75 - [STDERR_REDIRECT] 
2025-12-14 22:55:34,031 [INFO] MainUpdater:2872 - connection check result : 10
2025-12-14 22:55:34,031 [INFO] MainUpdater:289 - Updater Check For Update Now.
2025-12-14 22:55:34,031 [INFO] MicroXplorer:498 - Change Database Version : DB.6.0.150
2025-12-14 22:55:34,047 [INFO] McuFinderGlobals:63 - Set McuFinder mode to 2 (CubeIDE integrated)
2025-12-14 22:55:34,047 [INFO] UserAuth:171 - activating auth plugin
2025-12-14 22:55:34,047 [INFO] UserAuth:487 - Internet connection configuration mode: 1
2025-12-14 22:55:34,079 [INFO] JxBrowserEngine:152 - Initiate JxBrowser Engine with user profile folder
2025-12-14 22:55:34,348 [INFO] CheckServerUpdateThread:120 - End of CheckServer Thread
2025-12-14 22:55:35,706 [WARN] PackLoader:240 - Cannot read IP mode file for STMicroelectronics.FP-SNS-MOTENVWB1.1.4.0
2025-12-14 22:55:35,761 [WARN] PackLoader:240 - Cannot read IP mode file for STMicroelectronics.FP-ATR-ASTRA1.2.0.2
2025-12-14 22:55:35,804 [WARN] PackLoader:240 - Cannot read IP mode file for STMicroelectronics.X-CUBE-SMBUS.2.1.0
2025-12-14 22:55:36,031 [WARN] PackLoader:240 - Cannot read IP mode file for STMicroelectronics.X-CUBE-AZRTOS-F7.1.1.0
2025-12-14 22:55:36,062 [WARN] PackLoader:240 - Cannot read IP mode file for Cesanta.I-CUBE-Mongoose.7.19.0
2025-12-14 22:55:36,092 [WARN] PackLoader:240 - Cannot read IP mode file for WES.I-CUBE-Cesium.1.4.0
2025-12-14 22:55:36,212 [WARN] PackLoader:240 - Cannot read IP mode file for Infineon.AIROC-Wi-Fi-Bluetooth-STM32.1.7.1
2025-12-14 22:55:36,359 [WARN] PackLoader:240 - Cannot read IP mode file for STMicroelectronics.X-CUBE-AZRTOS-H7.3.4.0
2025-12-14 22:55:36,391 [WARN] PackLoader:240 - Cannot read IP mode file for STMicroelectronics.X-CUBE-DISPLAY.3.0.0
2025-12-14 22:55:36,435 [WARN] PackLoader:240 - Cannot read IP mode file for STMicroelectronics.X-CUBE-NFC10.1.0.0
2025-12-14 22:55:36,459 [WARN] PackLoader:240 - Cannot read IP mode file for STMicroelectronics.X-CUBE-ST60.1.1.0
2025-12-14 22:55:36,485 [WARN] PackLoader:240 - Cannot read IP mode file for emotas.I-CUBE-CANOPEN.1.3.0
2025-12-14 22:55:36,501 [WARN] PackLoader:240 - Cannot read IP mode file for STMicroelectronics.FP-SNS-SMARTAG2.1.2.0
2025-12-14 22:55:36,517 [WARN] PackLoader:240 - Cannot read IP mode file for STMicroelectronics.FP-SNS-FLIGHT1.5.1.0
2025-12-14 22:55:36,555 [INFO] LogOutputStream:77 - [STDOUT_REDIRECT] 1 : Invalid condition id : UX_CORESTACK_Condition cause : null
2025-12-14 22:55:36,560 [INFO] LogOutputStream:77 - [STDOUT_REDIRECT] 1 : Invalid condition id : UX_CORESTACK_Condition cause : null
2025-12-14 22:55:36,573 [INFO] LogOutputStream:77 - [STDOUT_REDIRECT] 1 : Invalid condition id : UX_CORESTACK_Condition cause : null
2025-12-14 22:55:36,578 [INFO] LogOutputStream:77 - [STDOUT_REDIRECT] 1 : Invalid condition id : UX_CORESTACK_Condition cause : null
2025-12-14 22:55:36,585 [INFO] LogOutputStream:77 - [STDOUT_REDIRECT] 1 : Invalid condition id : UX_CORESTACK_Condition cause : null
2025-12-14 22:55:36,600 [WARN] PackLoader:240 - Cannot read IP mode file for STMicroelectronics.X-CUBE-AZRTOS-WL.2.0.0
2025-12-14 22:55:36,617 [INFO] WebApp:169 - Instantiating new browser for Auth
2025-12-14 22:55:36,759 [WARN] PackLoader:240 - Cannot read IP mode file for STMicroelectronics.X-CUBE-AZRTOS-H7RS.1.2.0
2025-12-14 22:55:36,798 [WARN] PackLoader:240 - Cannot read IP mode file for STMicroelectronics.X-CUBE-BLE2.3.3.0
2025-12-14 22:55:36,824 [WARN] PackLoader:240 - Cannot read IP mode file for STMicroelectronics.X-CUBE-NFC9.1.0.0
2025-12-14 22:55:36,851 [WARN] PackLoader:240 - Cannot read IP mode file for wolfSSL.I-CUBE-wolfSSL.5.8.2
2025-12-14 22:55:36,867 [WARN] PackLoader:240 - Cannot read IP mode file for STMicroelectronics.X-CUBE-BLE1.7.1.0
2025-12-14 22:55:36,883 [WARN] PackLoader:240 - Cannot read IP mode file for wolfSSL.I-CUBE-wolfMQTT.1.19.2
2025-12-14 22:55:36,900 [WARN] PackLoader:240 - Cannot read IP mode file for STMicroelectronics.X-CUBE-FREERTOS.1.4.0
2025-12-14 22:55:36,931 [WARN] PackLoader:240 - Cannot read IP mode file for STMicroelectronics.X-CUBE-ST67W61.1.1.0
2025-12-14 22:55:37,199 [WARN] PackLoader:240 - Cannot read IP mode file for STMicroelectronics.X-CUBE-MEMS1.12.0.0
2025-12-14 22:55:37,723 [WARN] PackLoader:240 - Cannot read IP mode file for STMicroelectronics.X-CUBE-AZRTOS-G0.1.1.0
2025-12-14 22:55:37,757 [WARN] PackLoader:240 - Cannot read IP mode file for STMicroelectronics.X-CUBE-NFC4.3.0.0
2025-12-14 22:55:37,827 [WARN] PackLoader:240 - Cannot read IP mode file for EmbeddedOffice.I-CUBE-FS-RTOS.1.0.1
2025-12-14 22:55:37,902 [WARN] PackLoader:240 - Cannot read IP mode file for STMicroelectronics.X-CUBE-WB05N.2.0.0
2025-12-14 22:55:37,917 [WARN] PackLoader:240 - Cannot read IP mode file for wolfSSL.I-CUBE-wolfTPM.3.8.0
2025-12-14 22:55:37,955 [WARN] PackLoader:240 - Cannot read IP mode file for STMicroelectronics.X-CUBE-TCPP.4.2.0
2025-12-14 22:55:37,977 [WARN] PackLoader:240 - Cannot read IP mode file for RealThread.X-CUBE-RT-Thread_Nano.4.1.1
2025-12-14 22:55:37,992 [WARN] PackLoader:240 - Cannot read IP mode file for STMicroelectronics.FP-ATR-SIGFOX1.3.2.0
2025-12-14 22:55:38,027 [WARN] PackLoader:240 - Cannot read IP mode file for ITTIA_DB.I-CUBE-ITTIADB.8.9.0
2025-12-14 22:55:38,133 [WARN] PackLoader:240 - Cannot read IP mode file for SEGGER.I-CUBE-embOS.1.3.1
2025-12-14 22:55:38,361 [WARN] PackLoader:240 - Cannot read IP mode file for STMicroelectronics.X-CUBE-ALGOBUILD.1.4.0
2025-12-14 22:55:38,566 [WARN] PackLoader:240 - Cannot read IP mode file for STMicroelectronics.X-CUBE-MEMS1.11.3.0
2025-12-14 22:55:39,015 [WARN] PackLoader:240 - Cannot read IP mode file for STMicroelectronics.X-CUBE-PM33A1.1.0.0
2025-12-14 22:55:39,070 [WARN] PackLoader:240 - Cannot read IP mode file for STMicroelectronics.X-CUBE-AZRTOS-F4.1.1.0
2025-12-14 22:55:39,090 [WARN] PackLoader:240 - Cannot read IP mode file for STMicroelectronics.X-CUBE-ISPU.2.1.0
2025-12-14 22:55:39,133 [WARN] PackLoader:240 - Cannot read IP mode file for STMicroelectronics.X-CUBE-IPS.3.2.0
2025-12-14 22:55:39,196 [WARN] PackLoader:240 - Cannot read IP mode file for STMicroelectronics.X-CUBE-NFC12.1.0.0
2025-12-14 22:55:39,262 [WARN] PackLoader:240 - Cannot read IP mode file for STMicroelectronics.X-CUBE-AZRTOS-L5.2.0.0
2025-12-14 22:55:39,298 [WARN] PackLoader:240 - Cannot read IP mode file for STMicroelectronics.X-CUBE-NFC6.3.1.0
2025-12-14 22:55:39,325 [WARN] PackLoader:240 - Cannot read IP mode file for STMicroelectronics.X-CUBE-FREERTOS.1.3.1
2025-12-14 22:55:39,345 [WARN] PackLoader:240 - Cannot read IP mode file for STMicroelectronics.X-CUBE-TOUCHGFX.4.26.0
2025-12-14 22:55:39,364 [WARN] PackLoader:240 - Cannot read IP mode file for STMicroelectronics.X-CUBE-DPower.1.3.0
2025-12-14 22:55:39,433 [WARN] ConditionMgr:438 - getConditionDescription Invalid condition id : LAN8742 Phy interface Condition cause : null
2025-12-14 22:55:39,435 [WARN] PackLoader:240 - Cannot read IP mode file for STMicroelectronics.X-CUBE-AZRTOS-L4.2.0.0
2025-12-14 22:55:39,439 [WARN] ConditionMgr:1044 - genDependencies : Invalid condition id : LAN8742 Phy interface Condition cause : null
2025-12-14 22:55:39,441 [WARN] ConditionMgr:1044 - genDependencies : Invalid condition id : LAN8742 Phy interface Condition cause : null
2025-12-14 22:55:39,442 [WARN] ConditionMgr:1044 - genDependencies : Invalid condition id : LAN8742 Phy interface Condition cause : null
2025-12-14 22:55:39,474 [WARN] PackLoader:240 - Cannot read IP mode file for STMicroelectronics.X-CUBE-SFXS2LP1.4.0.0
2025-12-14 22:55:39,535 [WARN] ConditionMgr:438 - getConditionDescription Invalid condition id : UX DEVICE CLASS RTOS Condition cause : null
2025-12-14 22:55:39,535 [WARN] ConditionMgr:438 - getConditionDescription Invalid condition id : UX DEVICE CLASS RTOS Condition cause : null
2025-12-14 22:55:39,543 [WARN] PackLoader:240 - Cannot read IP mode file for STMicroelectronics.X-CUBE-AZRTOS-WB.2.0.0
2025-12-14 22:55:39,548 [WARN] ConditionMgr:1044 - genDependencies : Invalid condition id : UX DEVICE CLASS RTOS Condition cause : null
2025-12-14 22:55:39,548 [WARN] ConditionMgr:1044 - genDependencies : Invalid condition id : UX DEVICE CLASS RTOS Condition cause : null
2025-12-14 22:55:39,550 [WARN] ConditionMgr:1044 - genDependencies : Invalid condition id : UX DEVICE CLASS RTOS Condition cause : null
2025-12-14 22:55:39,550 [WARN] ConditionMgr:1044 - genDependencies : Invalid condition id : UX DEVICE CLASS RTOS Condition cause : null
2025-12-14 22:55:39,550 [WARN] ConditionMgr:1044 - genDependencies : Invalid condition id : UX DEVICE CLASS RTOS Condition cause : null
2025-12-14 22:55:39,575 [WARN] ConditionMgr:438 - getConditionDescription Invalid condition id : Cortex-A Device cause : null
2025-12-14 22:55:39,634 [WARN] ConditionMgr:1044 - genDependencies : Invalid condition id : Cortex-A Device cause : null
2025-12-14 22:55:39,634 [WARN] ConditionMgr:1044 - genDependencies : Invalid condition id : Cortex-A Device cause : null
2025-12-14 22:55:39,634 [WARN] ConditionMgr:1044 - genDependencies : Invalid condition id : Cortex-A Device cause : null
2025-12-14 22:55:39,683 [WARN] PackLoader:240 - Cannot read IP mode file for STMicroelectronics.X-CUBE-SUBG2.5.0.0
2025-12-14 22:55:39,745 [WARN] PackLoader:240 - Cannot read IP mode file for STMicroelectronics.X-CUBE-AZRTOS-H7RS.1.1.0
2025-12-14 22:55:39,806 [WARN] PackLoader:240 - Cannot read IP mode file for STMicroelectronics.X-CUBE-AZRTOS-G4.2.0.0
2025-12-14 22:55:39,824 [WARN] PackLoader:240 - Cannot read IP mode file for wolfSSL.I-CUBE-wolfSSH.1.4.20
2025-12-14 22:55:39,834 [WARN] PackLoader:240 - Cannot read IP mode file for STMicroelectronics.X-CUBE-NFC7.2.0.0
2025-12-14 22:55:39,846 [WARN] PackLoader:240 - Cannot read IP mode file for STMicroelectronics.X-CUBE-ALS.1.0.2
2025-12-14 22:55:39,856 [WARN] PackLoader:240 - Cannot read IP mode file for STMicroelectronics.X-CUBE-STSE01.1.0.0
2025-12-14 22:55:39,878 [WARN] PackLoader:240 - Cannot read IP mode file for STMicroelectronics.X-CUBE-TOF1.3.4.3
2025-12-14 22:55:39,888 [INFO] ThirdParty:978 - Integrity check success = true
2025-12-14 22:55:39,888 [INFO] IntegrityCheckThread:100 - exiting critical section [integrity check]
2025-12-14 22:55:39,888 [INFO] IntegrityCheckThread:103 - End integrity checks thread
2025-12-14 22:55:39,903 [INFO] WebApp:463 - Apply proxy settings
2025-12-14 22:55:39,903 [INFO] WebApp:548 - Chromium requires no authentication
2025-12-14 22:55:39,932 [INFO] WebApp:491 - Direct internet connection detected
2025-12-14 22:55:40,049 [INFO] WebApp:900 - Register for checkConnection events
2025-12-14 22:55:40,049 [INFO] WebApp:463 - Apply proxy settings
2025-12-14 22:55:40,049 [INFO] WebApp:548 - Chromium requires no authentication
2025-12-14 22:55:40,049 [INFO] WebApp:491 - Direct internet connection detected
2025-12-14 22:55:40,220 [INFO] WebApp:191 - Connection restablished
2025-12-14 22:55:40,736 [INFO] WebApp:225 - Starting web application
2025-12-14 22:55:40,736 [INFO] WebApp:593 - Web application path used D:\Programy Potrzebne\STM32CubeIDE_Folder\STM32CubeIDE_1.19.0\STM32CubeIDE\plugins\com.st.stm32cube.common.mx_6.15.0.202507011659\db\plugins\mcufinder\reactClient1\index.html
2025-12-14 23:12:23,035 [ERROR] LogOutputStream:75 - [STDERR_REDIRECT] 
