2025-11-27 13:29:02,246 [INFO] Activator:176 - 


2025-11-27 13:29:02,254 [INFO] Activator:177 - !SESSION log4j initialized
2025-11-27 13:29:13,740 [INFO] LogOutputStream:77 - [STDOUT_REDIRECT] 
2025-11-27 13:29:16,511 [INFO] ApplicationProperties:184 - Using Application install path: D:\Programy Potrzebne\STM32CubeIDE_Folder\STM32CubeIDE_1.19.0\STM32CubeIDE\plugins\com.st.stm32cube.common.mx_6.15.0.202507011659
2025-11-27 13:29:16,547 [INFO] DbMcusXml:78 - Set database path to: D:\Programy Potrzebne\STM32CubeIDE_Folder\STM32CubeIDE_1.19.0\STM32CubeIDE\plugins\com.st.stm32cube.common.mx_6.15.0.202507011659\\db\/mcu/
2025-11-27 13:29:16,547 [INFO] ApiDb:274 - Set plugin database path to: D:\Programy Potrzebne\STM32CubeIDE_Folder\STM32CubeIDE_1.19.0\STM32CubeIDE\plugins\com.st.stm32cube.common.mx_6.15.0.202507011659\\db\/plugins/boardmanager/
2025-11-27 13:29:16,548 [WARN] ApiDb:259 - Overriding images path with different value:  => D:\Programy Potrzebne\STM32CubeIDE_Folder\STM32CubeIDE_1.19.0\STM32CubeIDE\plugins\com.st.stm32cube.common.mx_6.15.0.202507011659\\db\/plugins/mcufinder/images/
2025-11-27 13:29:16,564 [INFO] ApiDb:250 - Set database path to: C:\Users\dryla\.stmcufinder\plugins\mcufinder//mcu/
2025-11-27 13:29:16,566 [INFO] DbMcusAds:125 - Set database path to: C:\Users\dryla\.stmcufinder\plugins\mcufinder//mcu/
2025-11-27 13:29:16,570 [INFO] CrossReferenceDbSqlite:203 - Set database path to: C:\Users\dryla\.stmcufinder\plugins\mcufinder//mcu/cs/
2025-11-27 13:29:16,835 [INFO] RulesReader:64 - Compatibility file has been processed (317 Rules)
2025-11-27 13:29:17,171 [INFO] DbMcusXml:78 - Set database path to: D:\Programy Potrzebne\STM32CubeIDE_Folder\STM32CubeIDE_1.19.0\STM32CubeIDE\plugins\com.st.stm32cube.common.mx_6.15.0.202507011659\\db\/mcu/
2025-11-27 13:29:17,171 [INFO] ApiDb:274 - Set plugin database path to: D:\Programy Potrzebne\STM32CubeIDE_Folder\STM32CubeIDE_1.19.0\STM32CubeIDE\plugins\com.st.stm32cube.common.mx_6.15.0.202507011659\\db\/plugins/boardmanager/
2025-11-27 13:29:17,171 [INFO] ApiDb:261 - Set plugin images path to: D:\Programy Potrzebne\STM32CubeIDE_Folder\STM32CubeIDE_1.19.0\STM32CubeIDE\plugins\com.st.stm32cube.common.mx_6.15.0.202507011659\\db\/plugins/mcufinder/images/
2025-11-27 13:29:17,171 [WARN] DbFile:41 - Overriding database path with different value: C:\Users\dryla\.stmcufinder\plugins\mcufinder/ => C:\Users\dryla\.stmcufinder\plugins\mcufinder
2025-11-27 13:29:17,171 [INFO] ApiDb:250 - Set database path to: C:\Users\dryla\.stmcufinder\plugins\mcufinder//mcu/
2025-11-27 13:29:17,171 [WARN] DbFile:41 - Overriding database path with different value: C:\Users\dryla\.stmcufinder\plugins\mcufinder/ => C:\Users\dryla\.stmcufinder\plugins\mcufinder
2025-11-27 13:29:17,171 [INFO] DbMcusAds:125 - Set database path to: C:\Users\dryla\.stmcufinder\plugins\mcufinder//mcu/
2025-11-27 13:29:17,172 [WARN] DbFile:41 - Overriding database path with different value: C:\Users\dryla\.stmcufinder\plugins\mcufinder/ => C:\Users\dryla\.stmcufinder\plugins\mcufinder
2025-11-27 13:29:17,172 [WARN] DbFile:41 - Overriding database path with different value: C:\Users\dryla\.stmcufinder\plugins\mcufinder/ => C:\Users\dryla\.stmcufinder\plugins\mcufinder
2025-11-27 13:29:17,172 [INFO] CrossReferenceDbSqlite:203 - Set database path to: C:\Users\dryla\.stmcufinder\plugins\mcufinder//mcu/cs/
2025-11-27 13:29:17,406 [INFO] MainPanel:274 - HeapMemory: 268435456
2025-11-27 13:29:17,820 [INFO] DbMcusXml:78 - Set database path to: D:\Programy Potrzebne\STM32CubeIDE_Folder\STM32CubeIDE_1.19.0\STM32CubeIDE\plugins\com.st.stm32cube.common.mx_6.15.0.202507011659\\db\/mcu/
2025-11-27 13:29:17,820 [INFO] ApiDb:274 - Set plugin database path to: D:\Programy Potrzebne\STM32CubeIDE_Folder\STM32CubeIDE_1.19.0\STM32CubeIDE\plugins\com.st.stm32cube.common.mx_6.15.0.202507011659\\db\/plugins/boardmanager/
2025-11-27 13:29:17,820 [INFO] ApiDb:261 - Set plugin images path to: D:\Programy Potrzebne\STM32CubeIDE_Folder\STM32CubeIDE_1.19.0\STM32CubeIDE\plugins\com.st.stm32cube.common.mx_6.15.0.202507011659\\db\/plugins/mcufinder/images/
2025-11-27 13:29:17,824 [WARN] DbFile:41 - Overriding database path with different value: C:\Users\dryla\.stmcufinder\plugins\mcufinder/ => C:\Users\dryla\.stmcufinder\plugins\mcufinder
2025-11-27 13:29:17,824 [INFO] ApiDb:250 - Set database path to: C:\Users\dryla\.stmcufinder\plugins\mcufinder//mcu/
2025-11-27 13:29:17,824 [WARN] DbFile:41 - Overriding database path with different value: C:\Users\dryla\.stmcufinder\plugins\mcufinder/ => C:\Users\dryla\.stmcufinder\plugins\mcufinder
2025-11-27 13:29:17,824 [INFO] DbMcusAds:125 - Set database path to: C:\Users\dryla\.stmcufinder\plugins\mcufinder//mcu/
2025-11-27 13:29:17,824 [WARN] DbFile:41 - Overriding database path with different value: C:\Users\dryla\.stmcufinder\plugins\mcufinder/ => C:\Users\dryla\.stmcufinder\plugins\mcufinder
2025-11-27 13:29:17,824 [WARN] DbFile:41 - Overriding database path with different value: C:\Users\dryla\.stmcufinder\plugins\mcufinder/ => C:\Users\dryla\.stmcufinder\plugins\mcufinder
2025-11-27 13:29:17,824 [INFO] CrossReferenceDbSqlite:203 - Set database path to: C:\Users\dryla\.stmcufinder\plugins\mcufinder//mcu/cs/
2025-11-27 13:29:17,884 [INFO] ApplicationProperties:184 - Using Application install path: D:\Programy Potrzebne\STM32CubeIDE_Folder\STM32CubeIDE_1.19.0\STM32CubeIDE\plugins\com.st.stm32cube.common.mx_6.15.0.202507011659
2025-11-27 13:29:17,890 [INFO] PluginManage:196 - Search for loadable plugins [exclusion list=, ]
2025-11-27 13:29:17,895 [INFO] PluginManage:310 - Check plugin analytics
2025-11-27 13:29:18,607 [INFO] AnalyticsPlugin:253 - Accepted Software Licenses: 
2025-11-27 13:29:18,608 [INFO] AnalyticsPlugin:255 - Accepted CMSIS Pack Licenses: 
2025-11-27 13:29:18,608 [INFO] AnalyticsPlugin:257 - Accepted Firmware Licenses: FW.F4.1.28.0,FW.G4.1.6.0
2025-11-27 13:29:18,619 [INFO] PluginManage:359 - Loaded plugin analytics (category:tool,tabindex:-1)
2025-11-27 13:29:18,619 [INFO] PluginManage:310 - Check plugin cadmodel
2025-11-27 13:29:18,634 [INFO] CADModel:105 - Init CAD model plugin
2025-11-27 13:29:18,634 [INFO] PluginManage:359 - Loaded plugin cadmodel (category:power,tabindex:5)
2025-11-27 13:29:18,634 [INFO] PluginManage:310 - Check plugin clock
2025-11-27 13:29:18,668 [INFO] PluginManage:359 - Loaded plugin clock (category:base,tabindex:2)
2025-11-27 13:29:18,669 [INFO] PluginManage:310 - Check plugin ddr
2025-11-27 13:29:18,677 [INFO] PluginManage:359 - Loaded plugin ddr (category:tool,tabindex:6)
2025-11-27 13:29:18,678 [INFO] PluginManage:310 - Check plugin filemanager
2025-11-27 13:29:19,169 [INFO] PluginManage:359 - Loaded plugin filemanager (category:base,tabindex:10)
2025-11-27 13:29:19,170 [INFO] PluginManage:310 - Check plugin ipmanager
2025-11-27 13:29:19,191 [INFO] PluginManage:359 - Loaded plugin ipmanager (category:base,tabindex:5)
2025-11-27 13:29:19,191 [INFO] PluginManage:310 - Check plugin lpbam
2025-11-27 13:29:19,212 [INFO] PluginManage:359 - Loaded plugin lpbam (category:base,tabindex:0)
2025-11-27 13:29:19,212 [INFO] PluginManage:310 - Check plugin memorymap
2025-11-27 13:29:19,288 [INFO] PluginManage:359 - Loaded plugin memorymap (category:base,tabindex:4)
2025-11-27 13:29:19,289 [INFO] PluginManage:310 - Check plugin pinoutandconfiguration
2025-11-27 13:29:19,308 [INFO] PluginManage:359 - Loaded plugin pinoutandconfiguration (category:base,tabindex:1)
2025-11-27 13:29:19,308 [INFO] PluginManage:310 - Check plugin pinoutconfig
2025-11-27 13:29:19,677 [WARN] SupportedApi:132 - Cannot load RTOS API schema: s4s-elt-must-match.1: The content of 'definitions' must match (annotation?, (simpleType | complexType)?, (unique | key | keyref)*)). A problem was found starting at: attribute.
2025-11-27 13:29:20,186 [INFO] PluginManage:359 - Loaded plugin pinoutconfig (category:base,tabindex:0)
2025-11-27 13:29:20,186 [INFO] PluginManage:310 - Check plugin power
2025-11-27 13:29:20,216 [INFO] PluginManage:359 - Loaded plugin power (category:power,tabindex:4)
2025-11-27 13:29:20,216 [INFO] PluginManage:310 - Check plugin projectmanager
2025-11-27 13:29:20,253 [INFO] PluginManage:359 - Loaded plugin projectmanager (category:projectmanager,tabindex:4)
2025-11-27 13:29:20,253 [INFO] PluginManage:310 - Check plugin rif
2025-11-27 13:29:20,275 [INFO] PluginManage:359 - Loaded plugin rif (category:base,tabindex:3)
2025-11-27 13:29:20,275 [INFO] PluginManage:310 - Check plugin thirdparty
2025-11-27 13:29:20,603 [WARN] IntegrityCheckThread:84 - waiting for thirdparty lock release [integrity check]
2025-11-27 13:29:20,603 [INFO] IntegrityCheckThread:86 - entering critical section [integrity check]
2025-11-27 13:29:20,604 [INFO] ThirdPartyUpdaterWithRetryManager:70 - Updater plugin not ready yet. [1/15]
2025-11-27 13:29:20,606 [INFO] PluginManage:359 - Loaded plugin thirdparty (category:base,tabindex:-1)
2025-11-27 13:29:20,606 [INFO] PluginManage:310 - Check plugin tools
2025-11-27 13:29:20,617 [INFO] PluginManage:359 - Loaded plugin tools (category:base,tabindex:7)
2025-11-27 13:29:20,617 [INFO] PluginManage:310 - Check plugin tutovideos
2025-11-27 13:29:21,278 [INFO] PluginManage:359 - Loaded plugin tutovideos (category:base,tabindex:-1)
2025-11-27 13:29:21,278 [INFO] PluginManage:310 - Check plugin updater
2025-11-27 13:29:21,327 [INFO] PluginManage:359 - Loaded plugin updater (category:base,tabindex:12)
2025-11-27 13:29:21,327 [INFO] PluginManage:310 - Check plugin userauth
2025-11-27 13:29:21,342 [INFO] UserAuth:118 - Init User Auth plugin
2025-11-27 13:29:21,345 [INFO] PluginManage:359 - Loaded plugin userauth (category:base,tabindex:14)
2025-11-27 13:29:21,347 [INFO] PluginManage:283 - PluginManage : Loaded plugins [18]
2025-11-27 13:29:21,904 [INFO] PinOutPanel:1589 - setPackage(No Configuration,No Configuration)
2025-11-27 13:29:22,069 [INFO] CADModel:165 - CPN selected for project level
2025-11-27 13:29:22,069 [INFO] CADModel:114 - Register for checkConnection events
2025-11-27 13:29:22,098 [INFO] IPUIPlugin:80 - create IPUIPlugin
2025-11-27 13:29:22,098 [INFO] PluginManager:220 - loadIPPluginJar : add adc
2025-11-27 13:29:22,102 [INFO] IPUIPlugin:80 - create IPUIPlugin
2025-11-27 13:29:22,102 [INFO] PluginManager:220 - loadIPPluginJar : add aes
2025-11-27 13:29:22,108 [INFO] IPUIPlugin:80 - create IPUIPlugin
2025-11-27 13:29:22,108 [INFO] PluginManager:220 - loadIPPluginJar : add can
2025-11-27 13:29:22,114 [INFO] IPUIPlugin:80 - create IPUIPlugin
2025-11-27 13:29:22,114 [INFO] PluginManager:220 - loadIPPluginJar : add comp
2025-11-27 13:29:22,117 [INFO] IPUIPlugin:80 - create IPUIPlugin
2025-11-27 13:29:22,117 [INFO] PluginManager:220 - loadIPPluginJar : add cryp
2025-11-27 13:29:22,122 [INFO] IPUIPlugin:80 - create IPUIPlugin
2025-11-27 13:29:22,122 [INFO] PluginManager:220 - loadIPPluginJar : add ddr_ctrl_phy
2025-11-27 13:29:22,126 [INFO] IPUIPlugin:80 - create IPUIPlugin
2025-11-27 13:29:22,127 [INFO] PluginManager:220 - loadIPPluginJar : add dfsdm
2025-11-27 13:29:22,133 [INFO] IPUIPlugin:80 - create IPUIPlugin
2025-11-27 13:29:22,134 [INFO] PluginManager:220 - loadIPPluginJar : add dma
2025-11-27 13:29:22,138 [INFO] IPUIPlugin:80 - create IPUIPlugin
2025-11-27 13:29:22,138 [INFO] PluginManager:220 - loadIPPluginJar : add dma3
2025-11-27 13:29:22,142 [INFO] IPUIPlugin:80 - create IPUIPlugin
2025-11-27 13:29:22,142 [INFO] PluginManager:220 - loadIPPluginJar : add extmemmanager
2025-11-27 13:29:22,145 [INFO] IPUIPlugin:80 - create IPUIPlugin
2025-11-27 13:29:22,145 [INFO] PluginManager:220 - loadIPPluginJar : add fatfs
2025-11-27 13:29:22,151 [INFO] IPUIPlugin:80 - create IPUIPlugin
2025-11-27 13:29:22,151 [INFO] PluginManager:220 - loadIPPluginJar : add fmc
2025-11-27 13:29:22,162 [INFO] IPUIPlugin:80 - create IPUIPlugin
2025-11-27 13:29:22,162 [INFO] PluginManager:220 - loadIPPluginJar : add freertos
2025-11-27 13:29:22,166 [INFO] IPUIPlugin:80 - create IPUIPlugin
2025-11-27 13:29:22,166 [INFO] PluginManager:220 - loadIPPluginJar : add genericplugin
2025-11-27 13:29:22,171 [INFO] IPUIPlugin:80 - create IPUIPlugin
2025-11-27 13:29:22,171 [INFO] PluginManager:220 - loadIPPluginJar : add gfxmmu
2025-11-27 13:29:22,180 [INFO] IPUIPlugin:80 - create IPUIPlugin
2025-11-27 13:29:22,180 [INFO] PluginManager:220 - loadIPPluginJar : add gic
2025-11-27 13:29:22,187 [INFO] IPUIPlugin:80 - create IPUIPlugin
2025-11-27 13:29:22,187 [INFO] PluginManager:220 - loadIPPluginJar : add gpio
2025-11-27 13:29:22,191 [INFO] IPUIPlugin:80 - create IPUIPlugin
2025-11-27 13:29:22,191 [INFO] PluginManager:220 - loadIPPluginJar : add gtzc
2025-11-27 13:29:22,196 [INFO] IPUIPlugin:80 - create IPUIPlugin
2025-11-27 13:29:22,196 [INFO] PluginManager:220 - loadIPPluginJar : add hash
2025-11-27 13:29:22,201 [INFO] IPUIPlugin:80 - create IPUIPlugin
2025-11-27 13:29:22,201 [INFO] PluginManager:220 - loadIPPluginJar : add i2c
2025-11-27 13:29:22,208 [INFO] IPUIPlugin:80 - create IPUIPlugin
2025-11-27 13:29:22,208 [INFO] PluginManager:220 - loadIPPluginJar : add i2s
2025-11-27 13:29:22,224 [INFO] IPUIPlugin:80 - create IPUIPlugin
2025-11-27 13:29:22,224 [INFO] PluginManager:220 - loadIPPluginJar : add i3c
2025-11-27 13:29:22,232 [INFO] IPUIPlugin:80 - create IPUIPlugin
2025-11-27 13:29:22,232 [INFO] PluginManager:220 - loadIPPluginJar : add ipddr
2025-11-27 13:29:22,242 [INFO] IPUIPlugin:80 - create IPUIPlugin
2025-11-27 13:29:22,242 [INFO] PluginManager:220 - loadIPPluginJar : add linkedlist
2025-11-27 13:29:22,249 [INFO] IPUIPlugin:80 - create IPUIPlugin
2025-11-27 13:29:22,249 [INFO] PluginManager:220 - loadIPPluginJar : add lorawan
2025-11-27 13:29:22,254 [INFO] IPUIPlugin:80 - create IPUIPlugin
2025-11-27 13:29:22,254 [INFO] PluginManager:220 - loadIPPluginJar : add ltdc
2025-11-27 13:29:22,268 [INFO] IPUIPlugin:80 - create IPUIPlugin
2025-11-27 13:29:22,268 [INFO] PluginManager:220 - loadIPPluginJar : add mdma
2025-11-27 13:29:22,276 [INFO] IPUIPlugin:80 - create IPUIPlugin
2025-11-27 13:29:22,276 [INFO] PluginManager:220 - loadIPPluginJar : add nvic
2025-11-27 13:29:22,284 [INFO] IPUIPlugin:80 - create IPUIPlugin
2025-11-27 13:29:22,284 [INFO] PluginManager:220 - loadIPPluginJar : add opamp
2025-11-27 13:29:22,295 [INFO] IPUIPlugin:80 - create IPUIPlugin
2025-11-27 13:29:22,295 [INFO] PluginManager:220 - loadIPPluginJar : add openamp
2025-11-27 13:29:22,304 [INFO] IPUIPlugin:80 - create IPUIPlugin
2025-11-27 13:29:22,304 [INFO] PluginManager:220 - loadIPPluginJar : add pdm2pcm
2025-11-27 13:29:22,312 [INFO] IPUIPlugin:80 - create IPUIPlugin
2025-11-27 13:29:22,322 [INFO] PluginManager:220 - loadIPPluginJar : add plateformsettings
2025-11-27 13:29:22,325 [INFO] IPUIPlugin:80 - create IPUIPlugin
2025-11-27 13:29:22,325 [INFO] PluginManager:220 - loadIPPluginJar : add quadspi
2025-11-27 13:29:22,329 [INFO] IPUIPlugin:80 - create IPUIPlugin
2025-11-27 13:29:22,330 [INFO] PluginManager:220 - loadIPPluginJar : add radio
2025-11-27 13:29:22,335 [INFO] IPUIPlugin:80 - create IPUIPlugin
2025-11-27 13:29:22,335 [INFO] PluginManager:220 - loadIPPluginJar : add resmgrutility
2025-11-27 13:29:22,341 [INFO] IPUIPlugin:80 - create IPUIPlugin
2025-11-27 13:29:22,341 [INFO] PluginManager:220 - loadIPPluginJar : add sai
2025-11-27 13:29:22,345 [INFO] IPUIPlugin:80 - create IPUIPlugin
2025-11-27 13:29:22,345 [INFO] PluginManager:220 - loadIPPluginJar : add spi
2025-11-27 13:29:22,353 [INFO] IPUIPlugin:80 - create IPUIPlugin
2025-11-27 13:29:22,353 [INFO] PluginManager:220 - loadIPPluginJar : add stm32_wpan
2025-11-27 13:29:22,357 [INFO] IPUIPlugin:80 - create IPUIPlugin
2025-11-27 13:29:22,357 [INFO] PluginManager:220 - loadIPPluginJar : add tim
2025-11-27 13:29:22,360 [INFO] IPUIPlugin:80 - create IPUIPlugin
2025-11-27 13:29:22,360 [INFO] PluginManager:220 - loadIPPluginJar : add touchsensing
2025-11-27 13:29:22,368 [INFO] IPUIPlugin:80 - create IPUIPlugin
2025-11-27 13:29:22,368 [INFO] PluginManager:220 - loadIPPluginJar : add tracer_emb
2025-11-27 13:29:22,373 [INFO] IPUIPlugin:80 - create IPUIPlugin
2025-11-27 13:29:22,374 [INFO] PluginManager:220 - loadIPPluginJar : add ts
2025-11-27 13:29:22,377 [INFO] IPUIPlugin:80 - create IPUIPlugin
2025-11-27 13:29:22,377 [INFO] PluginManager:220 - loadIPPluginJar : add tsc
2025-11-27 13:29:22,380 [INFO] IPUIPlugin:80 - create IPUIPlugin
2025-11-27 13:29:22,380 [INFO] PluginManager:220 - loadIPPluginJar : add ucpd
2025-11-27 13:29:22,385 [INFO] IPUIPlugin:80 - create IPUIPlugin
2025-11-27 13:29:22,385 [INFO] PluginManager:220 - loadIPPluginJar : add usart
2025-11-27 13:29:22,390 [INFO] IPUIPlugin:80 - create IPUIPlugin
2025-11-27 13:29:22,390 [INFO] PluginManager:220 - loadIPPluginJar : add usbx
2025-11-27 13:29:22,569 [FATAL] Updater:351 - Updater called before beeing initialized
2025-11-27 13:29:22,633 [INFO] RulesReader:64 - Compatibility file has been processed (317 Rules)
2025-11-27 13:29:22,652 [INFO] RulesReader:64 - Compatibility file has been processed (317 Rules)
2025-11-27 13:29:22,672 [INFO] CADModel:165 - CPN selected for project level
2025-11-27 13:29:22,672 [INFO] CADModel:114 - Register for checkConnection events
2025-11-27 13:29:22,672 [FATAL] Updater:351 - Updater called before beeing initialized
2025-11-27 13:29:22,672 [ERROR] CADModel:125 - Updater not yet initialized, retry later 
2025-11-27 13:29:23,045 [FATAL] Updater:351 - Updater called before beeing initialized
2025-11-27 13:29:23,049 [INFO] CADModel:165 - CPN selected for project level
2025-11-27 13:29:23,049 [INFO] CADModel:114 - Register for checkConnection events
2025-11-27 13:29:23,050 [FATAL] Updater:351 - Updater called before beeing initialized
2025-11-27 13:29:23,050 [ERROR] CADModel:125 - Updater not yet initialized, retry later 
2025-11-27 13:29:23,057 [FATAL] Updater:351 - Updater called before beeing initialized
2025-11-27 13:29:23,250 [FATAL] Updater:351 - Updater called before beeing initialized
2025-11-27 13:29:23,280 [INFO] DbMcusAds:53 - JSON generation date=Mon Nov 10 11:43:01 CET 2025 (1762771381118)
2025-11-27 13:29:23,280 [FATAL] Updater:351 - Updater called before beeing initialized
2025-11-27 13:29:23,374 [WARN] DetailPanel:346 - Failed to get advertising image, set to default
2025-11-27 13:29:23,550 [FATAL] Updater:351 - Updater called before beeing initialized
2025-11-27 13:29:23,552 [FATAL] Updater:351 - Updater called before beeing initialized
2025-11-27 13:29:23,552 [FATAL] Updater:351 - Updater called before beeing initialized
2025-11-27 13:29:23,552 [WARN] DetailPanel:346 - Failed to get advertising image, set to default
2025-11-27 13:29:23,553 [FATAL] Updater:351 - Updater called before beeing initialized
2025-11-27 13:29:23,605 [INFO] ThirdPartyUpdaterWithRetryManager:70 - Updater plugin not ready yet. [2/15]
2025-11-27 13:29:23,642 [ERROR] Updater:1198 - MainUpdater not yet initialized. External WinMGr cannot be set.
2025-11-27 13:29:23,652 [INFO] Updater:1134 - Updater Version found : 6.15.0
2025-11-27 13:29:23,677 [INFO] ApplicationProperties:184 - Using Application install path: D:\Programy Potrzebne\STM32CubeIDE_Folder\STM32CubeIDE_1.19.0\STM32CubeIDE\plugins\com.st.stm32cube.common.mx_6.15.0.202507011659
2025-11-27 13:29:25,268 [ERROR] LogOutputStream:75 - [STDERR_REDIRECT] Nov 27, 2025 1:29:25 PM java.util.prefs.WindowsPreferences <init>
2025-11-27 13:29:25,274 [ERROR] LogOutputStream:75 - [STDERR_REDIRECT] WARNING: Could not open/create prefs root node Software\JavaSoft\Prefs at root 0xffffffff80000002. Windows RegCreateKeyEx(...) returned error code 5.
2025-11-27 13:29:25,277 [ERROR] LogOutputStream:75 - [STDERR_REDIRECT] 
2025-11-27 13:29:25,914 [INFO] MainUpdater:2872 - connection check result : 10
2025-11-27 13:29:25,915 [INFO] MainUpdater:289 - Updater Check For Update Now.
2025-11-27 13:29:25,915 [INFO] MicroXplorer:498 - Change Database Version : DB.6.0.150
2025-11-27 13:29:25,926 [INFO] McuFinderGlobals:63 - Set McuFinder mode to 2 (CubeIDE integrated)
2025-11-27 13:29:25,927 [INFO] UserAuth:171 - activating auth plugin
2025-11-27 13:29:25,931 [INFO] UserAuth:487 - Internet connection configuration mode: 1
2025-11-27 13:29:26,015 [INFO] JxBrowserEngine:152 - Initiate JxBrowser Engine with user profile folder
2025-11-27 13:29:26,194 [INFO] CheckServerUpdateThread:120 - End of CheckServer Thread
2025-11-27 13:29:27,251 [WARN] PackLoader:240 - Cannot read IP mode file for STMicroelectronics.FP-SNS-MOTENVWB1.1.4.0
2025-11-27 13:29:27,281 [WARN] PackLoader:240 - Cannot read IP mode file for STMicroelectronics.FP-ATR-ASTRA1.2.0.2
2025-11-27 13:29:27,313 [WARN] PackLoader:240 - Cannot read IP mode file for STMicroelectronics.X-CUBE-SMBUS.2.1.0
2025-11-27 13:29:27,376 [WARN] PackLoader:240 - Cannot read IP mode file for STMicroelectronics.X-CUBE-AZRTOS-F7.1.1.0
2025-11-27 13:29:27,389 [WARN] PackLoader:240 - Cannot read IP mode file for Cesanta.I-CUBE-Mongoose.7.19.0
2025-11-27 13:29:27,416 [WARN] PackLoader:240 - Cannot read IP mode file for WES.I-CUBE-Cesium.1.4.0
2025-11-27 13:29:27,484 [WARN] PackLoader:240 - Cannot read IP mode file for Infineon.AIROC-Wi-Fi-Bluetooth-STM32.1.7.1
2025-11-27 13:29:27,541 [WARN] PackLoader:240 - Cannot read IP mode file for STMicroelectronics.X-CUBE-AZRTOS-H7.3.4.0
2025-11-27 13:29:27,729 [WARN] PackLoader:240 - Cannot read IP mode file for STMicroelectronics.X-CUBE-DISPLAY.3.0.0
2025-11-27 13:29:27,746 [WARN] PackLoader:240 - Cannot read IP mode file for STMicroelectronics.X-CUBE-NFC10.1.0.0
2025-11-27 13:29:27,757 [WARN] PackLoader:240 - Cannot read IP mode file for STMicroelectronics.X-CUBE-ST60.1.1.0
2025-11-27 13:29:27,768 [WARN] PackLoader:240 - Cannot read IP mode file for emotas.I-CUBE-CANOPEN.1.3.0
2025-11-27 13:29:27,776 [WARN] PackLoader:240 - Cannot read IP mode file for STMicroelectronics.FP-SNS-SMARTAG2.1.2.0
2025-11-27 13:29:27,784 [WARN] PackLoader:240 - Cannot read IP mode file for STMicroelectronics.FP-SNS-FLIGHT1.5.1.0
2025-11-27 13:29:27,796 [INFO] LogOutputStream:77 - [STDOUT_REDIRECT] 1 : Invalid condition id : UX_CORESTACK_Condition cause : null
2025-11-27 13:29:27,797 [INFO] LogOutputStream:77 - [STDOUT_REDIRECT] 1 : Invalid condition id : UX_CORESTACK_Condition cause : null
2025-11-27 13:29:27,801 [INFO] LogOutputStream:77 - [STDOUT_REDIRECT] 1 : Invalid condition id : UX_CORESTACK_Condition cause : null
2025-11-27 13:29:27,804 [INFO] LogOutputStream:77 - [STDOUT_REDIRECT] 1 : Invalid condition id : UX_CORESTACK_Condition cause : null
2025-11-27 13:29:27,807 [INFO] LogOutputStream:77 - [STDOUT_REDIRECT] 1 : Invalid condition id : UX_CORESTACK_Condition cause : null
2025-11-27 13:29:27,811 [WARN] PackLoader:240 - Cannot read IP mode file for STMicroelectronics.X-CUBE-AZRTOS-WL.2.0.0
2025-11-27 13:29:27,836 [WARN] PackLoader:240 - Cannot read IP mode file for STMicroelectronics.X-CUBE-AZRTOS-H7RS.1.2.0
2025-11-27 13:29:27,850 [WARN] PackLoader:240 - Cannot read IP mode file for STMicroelectronics.X-CUBE-BLE2.3.3.0
2025-11-27 13:29:27,857 [WARN] PackLoader:240 - Cannot read IP mode file for STMicroelectronics.X-CUBE-NFC9.1.0.0
2025-11-27 13:29:27,954 [WARN] PackLoader:240 - Cannot read IP mode file for wolfSSL.I-CUBE-wolfSSL.5.8.2
2025-11-27 13:29:27,969 [WARN] PackLoader:240 - Cannot read IP mode file for STMicroelectronics.X-CUBE-BLE1.7.1.0
2025-11-27 13:29:27,975 [WARN] PackLoader:240 - Cannot read IP mode file for wolfSSL.I-CUBE-wolfMQTT.1.19.2
2025-11-27 13:29:27,982 [WARN] PackLoader:240 - Cannot read IP mode file for STMicroelectronics.X-CUBE-FREERTOS.1.4.0
2025-11-27 13:29:27,991 [WARN] PackLoader:240 - Cannot read IP mode file for STMicroelectronics.X-CUBE-ST67W61.1.1.0
2025-11-27 13:29:28,070 [WARN] PackLoader:240 - Cannot read IP mode file for STMicroelectronics.X-CUBE-MEMS1.12.0.0
2025-11-27 13:29:28,384 [WARN] PackLoader:240 - Cannot read IP mode file for STMicroelectronics.X-CUBE-AZRTOS-G0.1.1.0
2025-11-27 13:29:28,395 [WARN] PackLoader:240 - Cannot read IP mode file for STMicroelectronics.X-CUBE-NFC4.3.0.0
2025-11-27 13:29:28,414 [WARN] PackLoader:240 - Cannot read IP mode file for EmbeddedOffice.I-CUBE-FS-RTOS.1.0.1
2025-11-27 13:29:28,423 [WARN] PackLoader:240 - Cannot read IP mode file for STMicroelectronics.X-CUBE-WB05N.2.0.0
2025-11-27 13:29:28,431 [WARN] PackLoader:240 - Cannot read IP mode file for wolfSSL.I-CUBE-wolfTPM.3.8.0
2025-11-27 13:29:28,439 [WARN] PackLoader:240 - Cannot read IP mode file for STMicroelectronics.X-CUBE-TCPP.4.2.0
2025-11-27 13:29:28,450 [WARN] PackLoader:240 - Cannot read IP mode file for RealThread.X-CUBE-RT-Thread_Nano.4.1.1
2025-11-27 13:29:28,458 [WARN] PackLoader:240 - Cannot read IP mode file for STMicroelectronics.FP-ATR-SIGFOX1.3.2.0
2025-11-27 13:29:28,466 [WARN] PackLoader:240 - Cannot read IP mode file for ITTIA_DB.I-CUBE-ITTIADB.8.9.0
2025-11-27 13:29:28,502 [WARN] PackLoader:240 - Cannot read IP mode file for SEGGER.I-CUBE-embOS.1.3.1
2025-11-27 13:29:28,554 [WARN] PackLoader:240 - Cannot read IP mode file for STMicroelectronics.X-CUBE-ALGOBUILD.1.4.0
2025-11-27 13:29:28,609 [WARN] PackLoader:240 - Cannot read IP mode file for STMicroelectronics.X-CUBE-MEMS1.11.3.0
2025-11-27 13:29:28,793 [WARN] PackLoader:240 - Cannot read IP mode file for STMicroelectronics.X-CUBE-PM33A1.1.0.0
2025-11-27 13:29:28,814 [WARN] PackLoader:240 - Cannot read IP mode file for STMicroelectronics.X-CUBE-AZRTOS-F4.1.1.0
2025-11-27 13:29:28,823 [WARN] PackLoader:240 - Cannot read IP mode file for STMicroelectronics.X-CUBE-ISPU.2.1.0
2025-11-27 13:29:28,839 [WARN] PackLoader:240 - Cannot read IP mode file for STMicroelectronics.X-CUBE-IPS.3.2.0
2025-11-27 13:29:28,858 [WARN] PackLoader:240 - Cannot read IP mode file for STMicroelectronics.X-CUBE-NFC12.1.0.0
2025-11-27 13:29:28,884 [WARN] PackLoader:240 - Cannot read IP mode file for STMicroelectronics.X-CUBE-AZRTOS-L5.2.0.0
2025-11-27 13:29:28,898 [WARN] PackLoader:240 - Cannot read IP mode file for STMicroelectronics.X-CUBE-NFC6.3.1.0
2025-11-27 13:29:28,906 [WARN] PackLoader:240 - Cannot read IP mode file for STMicroelectronics.X-CUBE-FREERTOS.1.3.1
2025-11-27 13:29:28,918 [WARN] PackLoader:240 - Cannot read IP mode file for STMicroelectronics.X-CUBE-TOUCHGFX.4.26.0
2025-11-27 13:29:28,925 [WARN] PackLoader:240 - Cannot read IP mode file for STMicroelectronics.X-CUBE-DPower.1.3.0
2025-11-27 13:29:28,960 [WARN] ConditionMgr:438 - getConditionDescription Invalid condition id : LAN8742 Phy interface Condition cause : null
2025-11-27 13:29:28,961 [WARN] PackLoader:240 - Cannot read IP mode file for STMicroelectronics.X-CUBE-AZRTOS-L4.2.0.0
2025-11-27 13:29:28,964 [WARN] ConditionMgr:1044 - genDependencies : Invalid condition id : LAN8742 Phy interface Condition cause : null
2025-11-27 13:29:28,964 [WARN] ConditionMgr:1044 - genDependencies : Invalid condition id : LAN8742 Phy interface Condition cause : null
2025-11-27 13:29:28,964 [WARN] ConditionMgr:1044 - genDependencies : Invalid condition id : LAN8742 Phy interface Condition cause : null
2025-11-27 13:29:28,978 [WARN] PackLoader:240 - Cannot read IP mode file for STMicroelectronics.X-CUBE-SFXS2LP1.4.0.0
2025-11-27 13:29:29,001 [WARN] ConditionMgr:438 - getConditionDescription Invalid condition id : UX DEVICE CLASS RTOS Condition cause : null
2025-11-27 13:29:29,001 [WARN] ConditionMgr:438 - getConditionDescription Invalid condition id : UX DEVICE CLASS RTOS Condition cause : null
2025-11-27 13:29:29,006 [WARN] PackLoader:240 - Cannot read IP mode file for STMicroelectronics.X-CUBE-AZRTOS-WB.2.0.0
2025-11-27 13:29:29,007 [WARN] ConditionMgr:1044 - genDependencies : Invalid condition id : UX DEVICE CLASS RTOS Condition cause : null
2025-11-27 13:29:29,007 [WARN] ConditionMgr:1044 - genDependencies : Invalid condition id : UX DEVICE CLASS RTOS Condition cause : null
2025-11-27 13:29:29,008 [WARN] ConditionMgr:1044 - genDependencies : Invalid condition id : UX DEVICE CLASS RTOS Condition cause : null
2025-11-27 13:29:29,009 [WARN] ConditionMgr:1044 - genDependencies : Invalid condition id : UX DEVICE CLASS RTOS Condition cause : null
2025-11-27 13:29:29,009 [WARN] ConditionMgr:1044 - genDependencies : Invalid condition id : UX DEVICE CLASS RTOS Condition cause : null
2025-11-27 13:29:29,019 [WARN] ConditionMgr:438 - getConditionDescription Invalid condition id : Cortex-A Device cause : null
2025-11-27 13:29:29,044 [WARN] ConditionMgr:1044 - genDependencies : Invalid condition id : Cortex-A Device cause : null
2025-11-27 13:29:29,044 [WARN] ConditionMgr:1044 - genDependencies : Invalid condition id : Cortex-A Device cause : null
2025-11-27 13:29:29,044 [WARN] ConditionMgr:1044 - genDependencies : Invalid condition id : Cortex-A Device cause : null
2025-11-27 13:29:29,094 [INFO] WebApp:169 - Instantiating new browser for Auth
2025-11-27 13:29:29,097 [WARN] PackLoader:240 - Cannot read IP mode file for STMicroelectronics.X-CUBE-SUBG2.5.0.0
2025-11-27 13:29:29,148 [WARN] PackLoader:240 - Cannot read IP mode file for STMicroelectronics.X-CUBE-AZRTOS-H7RS.1.1.0
2025-11-27 13:29:29,191 [WARN] PackLoader:240 - Cannot read IP mode file for STMicroelectronics.X-CUBE-AZRTOS-G4.2.0.0
2025-11-27 13:29:29,205 [WARN] PackLoader:240 - Cannot read IP mode file for wolfSSL.I-CUBE-wolfSSH.1.4.20
2025-11-27 13:29:29,214 [WARN] PackLoader:240 - Cannot read IP mode file for STMicroelectronics.X-CUBE-NFC7.2.0.0
2025-11-27 13:29:29,222 [WARN] PackLoader:240 - Cannot read IP mode file for STMicroelectronics.X-CUBE-ALS.1.0.2
2025-11-27 13:29:29,233 [WARN] PackLoader:240 - Cannot read IP mode file for STMicroelectronics.X-CUBE-STSE01.1.0.0
2025-11-27 13:29:29,250 [WARN] PackLoader:240 - Cannot read IP mode file for STMicroelectronics.X-CUBE-TOF1.3.4.3
2025-11-27 13:29:29,265 [INFO] ThirdParty:978 - Integrity check success = true
2025-11-27 13:29:29,265 [INFO] IntegrityCheckThread:100 - exiting critical section [integrity check]
2025-11-27 13:29:29,266 [INFO] IntegrityCheckThread:103 - End integrity checks thread
2025-11-27 13:29:30,786 [INFO] WebApp:463 - Apply proxy settings
2025-11-27 13:29:30,786 [INFO] WebApp:548 - Chromium requires no authentication
2025-11-27 13:29:30,806 [INFO] WebApp:491 - Direct internet connection detected
2025-11-27 13:29:30,850 [INFO] WebApp:900 - Register for checkConnection events
2025-11-27 13:29:30,850 [INFO] WebApp:463 - Apply proxy settings
2025-11-27 13:29:30,851 [INFO] WebApp:548 - Chromium requires no authentication
2025-11-27 13:29:30,851 [INFO] WebApp:491 - Direct internet connection detected
2025-11-27 13:29:31,313 [INFO] WebApp:225 - Starting web application
2025-11-27 13:29:31,313 [INFO] WebApp:593 - Web application path used D:\Programy Potrzebne\STM32CubeIDE_Folder\STM32CubeIDE_1.19.0\STM32CubeIDE\plugins\com.st.stm32cube.common.mx_6.15.0.202507011659\db\plugins\mcufinder\reactClient1\index.html
2025-11-27 13:29:31,319 [INFO] WebApp:191 - Connection restablished
2025-11-27 13:53:07,168 [ERROR] ConfigurationRetriever:142 - IOException on connection: PKIX path building failed: sun.security.provider.certpath.SunCertPathBuilderException: unable to find valid certification path to requested target
2025-11-27 13:53:07,272 [ERROR] ConfigurationRetriever:142 - IOException on connection: PKIX path building failed: sun.security.provider.certpath.SunCertPathBuilderException: unable to find valid certification path to requested target
2025-11-27 13:53:07,332 [ERROR] ConfigurationRetriever:142 - IOException on connection: PKIX path building failed: sun.security.provider.certpath.SunCertPathBuilderException: unable to find valid certification path to requested target
2025-11-27 13:56:55,242 [ERROR] ConfigurationRetriever:142 - IOException on connection: PKIX path building failed: sun.security.provider.certpath.SunCertPathBuilderException: unable to find valid certification path to requested target
2025-11-27 13:56:55,280 [ERROR] ConfigurationRetriever:142 - IOException on connection: PKIX path building failed: sun.security.provider.certpath.SunCertPathBuilderException: unable to find valid certification path to requested target
2025-11-27 13:56:55,484 [ERROR] ConfigurationRetriever:142 - IOException on connection: PKIX path building failed: sun.security.provider.certpath.SunCertPathBuilderException: unable to find valid certification path to requested target
