2025-11-18 00:02:08,030 [INFO] NvicIntPanel:101 - NVIC parent = com.st.microxplorer.plugins.ip.nvic.MultiNvicIntPanel[,0,0,0x0,invalid,layout=javax.swing.BoxLayout,alignmentX=0.0,alignmentY=0.0,border=,flags=9,maximumSize=,minimumSize=,preferredSize=]
2025-11-18 00:02:27,617 [INFO] NvicIntPanel:101 - NVIC parent = com.st.microxplorer.plugins.ip.nvic.MultiNvicIntPanel[,0,0,0x0,invalid,layout=javax.swing.BoxLayout,alignmentX=0.0,alignmentY=0.0,border=,flags=9,maximumSize=,minimumSize=,preferredSize=]
2025-11-18 00:02:49,525 [INFO] UtilMem:75 - End SaveConfig() Used Memory: 469384840 Bytes (1073741824)
2025-11-18 00:02:50,691 [INFO] UtilMem:75 - End SaveConfig() Used Memory: 505036424 Bytes (1073741824)
2025-11-18 00:02:52,629 [INFO] UtilMem:75 - End SaveConfig() Used Memory: 602553992 Bytes (1073741824)
2025-11-18 00:02:53,626 [INFO] BlockDiagram:2775 - set Specific Code input for plugin: TIM1_8G4
2025-11-18 00:02:53,628 [INFO] BlockDiagram:2775 - set Specific Code input for plugin: SYS
2025-11-18 00:02:53,628 [INFO] BlockDiagram:2775 - set Specific Code input for plugin: RCC
2025-11-18 00:02:53,628 [INFO] BlockDiagram:2775 - set Specific Code input for plugin: I2C
2025-11-18 00:02:53,628 [INFO] BlockDiagram:2775 - set Specific Code input for plugin: LPUART
2025-11-18 00:02:53,629 [INFO] BlockDiagram:2775 - set Specific Code input for plugin: NVIC
2025-11-18 00:02:53,629 [INFO] BlockDiagram:2775 - set Specific Code input for plugin: TIM1_8G4
2025-11-18 00:02:53,629 [INFO] BlockDiagram:2775 - set Specific Code input for plugin: TIM1_8G4
2025-11-18 00:02:53,630 [INFO] BlockDiagram:2775 - set Specific Code input for plugin: GPIO
2025-11-18 00:02:53,630 [INFO] BlockDiagram:2775 - set Specific Code input for plugin: TIM1_8G4
2025-11-18 00:02:53,631 [INFO] CodeGenerator:892 - code generatio: config db path: D:\Programy Potrzebne\STM32CubeIDE_Folder\STM32CubeIDE_1.19.0\STM32CubeIDE\plugins\com.st.stm32cube.common.mx_6.15.0.202507011659\\db\
2025-11-18 00:02:53,835 [INFO] CodeEngine:265 - oldGeneratedFile, D:\GithubRepo\Inzynierka_pliki\Serwomotor_V1\MXTmpFiles\license.tmp_save
2025-11-18 00:02:54,266 [INFO] CodeEngine:289 - Generated code: D:\GithubRepo\Inzynierka_pliki\Serwomotor_V1\MXTmpFiles\license.tmp
2025-11-18 00:02:54,383 [INFO] CodeEngine:265 - oldGeneratedFile, D:\GithubRepo\Inzynierka_pliki\Serwomotor_V1\Core\Src\gpio.c_save
2025-11-18 00:02:54,632 [INFO] CodeEngine:289 - Generated code: D:\GithubRepo\Inzynierka_pliki\Serwomotor_V1\Core\Src\gpio.c
2025-11-18 00:02:54,640 [INFO] CodeEngine:265 - oldGeneratedFile, D:\GithubRepo\Inzynierka_pliki\Serwomotor_V1\Core\Inc\gpio.h_save
2025-11-18 00:02:54,803 [INFO] CodeEngine:289 - Generated code: D:\GithubRepo\Inzynierka_pliki\Serwomotor_V1\Core\Inc\gpio.h
2025-11-18 00:02:55,923 [INFO] CodeEngine:265 - oldGeneratedFile, D:\GithubRepo\Inzynierka_pliki\Serwomotor_V1\Core\Src\i2c.c_save
2025-11-18 00:02:56,204 [INFO] CodeEngine:289 - Generated code: D:\GithubRepo\Inzynierka_pliki\Serwomotor_V1\Core\Src\i2c.c
2025-11-18 00:02:56,213 [INFO] CodeEngine:265 - oldGeneratedFile, D:\GithubRepo\Inzynierka_pliki\Serwomotor_V1\Core\Inc\i2c.h_save
2025-11-18 00:02:56,337 [INFO] CodeEngine:289 - Generated code: D:\GithubRepo\Inzynierka_pliki\Serwomotor_V1\Core\Inc\i2c.h
2025-11-18 00:02:56,355 [INFO] CodeEngine:265 - oldGeneratedFile, D:\GithubRepo\Inzynierka_pliki\Serwomotor_V1\Core\Src\usart.c_save
2025-11-18 00:02:56,517 [INFO] CodeEngine:289 - Generated code: D:\GithubRepo\Inzynierka_pliki\Serwomotor_V1\Core\Src\usart.c
2025-11-18 00:02:56,527 [INFO] CodeEngine:265 - oldGeneratedFile, D:\GithubRepo\Inzynierka_pliki\Serwomotor_V1\Core\Inc\usart.h_save
2025-11-18 00:02:56,632 [INFO] CodeEngine:289 - Generated code: D:\GithubRepo\Inzynierka_pliki\Serwomotor_V1\Core\Inc\usart.h
2025-11-18 00:02:56,653 [INFO] CodeEngine:265 - oldGeneratedFile, D:\GithubRepo\Inzynierka_pliki\Serwomotor_V1\Core\Src\tim.c_save
2025-11-18 00:02:56,847 [INFO] CodeEngine:289 - Generated code: D:\GithubRepo\Inzynierka_pliki\Serwomotor_V1\Core\Src\tim.c
2025-11-18 00:02:56,863 [INFO] CodeEngine:265 - oldGeneratedFile, D:\GithubRepo\Inzynierka_pliki\Serwomotor_V1\Core\Inc\tim.h_save
2025-11-18 00:02:56,966 [INFO] CodeEngine:289 - Generated code: D:\GithubRepo\Inzynierka_pliki\Serwomotor_V1\Core\Inc\tim.h
2025-11-18 00:02:57,005 [INFO] CodeEngine:265 - oldGeneratedFile, D:\GithubRepo\Inzynierka_pliki\Serwomotor_V1\Core\Src\stm32g4xx_it.c_save
2025-11-18 00:02:57,295 [INFO] CodeEngine:289 - Generated code: D:\GithubRepo\Inzynierka_pliki\Serwomotor_V1\Core\Src\stm32g4xx_it.c
2025-11-18 00:02:57,303 [INFO] CodeEngine:265 - oldGeneratedFile, D:\GithubRepo\Inzynierka_pliki\Serwomotor_V1\Core\Inc\stm32g4xx_it.h_save
2025-11-18 00:02:57,530 [INFO] CodeEngine:289 - Generated code: D:\GithubRepo\Inzynierka_pliki\Serwomotor_V1\Core\Inc\stm32g4xx_it.h
2025-11-18 00:02:57,577 [INFO] CodeEngine:265 - oldGeneratedFile, D:\GithubRepo\Inzynierka_pliki\Serwomotor_V1\Core\Src\stm32g4xx_hal_msp.c_save
2025-11-18 00:02:57,791 [INFO] CodeEngine:289 - Generated code: D:\GithubRepo\Inzynierka_pliki\Serwomotor_V1\Core\Src\stm32g4xx_hal_msp.c
2025-11-18 00:02:57,800 [INFO] CodeEngine:265 - oldGeneratedFile, D:\GithubRepo\Inzynierka_pliki\Serwomotor_V1\MXTmpFiles\system.tmp_save
2025-11-18 00:02:58,003 [INFO] CodeEngine:289 - Generated code: D:\GithubRepo\Inzynierka_pliki\Serwomotor_V1\MXTmpFiles\system.tmp
2025-11-18 00:02:58,028 [INFO] CodeEngine:321 - oldGeneratedFile, D:\GithubRepo\Inzynierka_pliki\Serwomotor_V1\Core\Inc\stm32g4xx_hal_conf.h_save
2025-11-18 00:02:58,252 [INFO] CodeEngine:345 - Generated code: D:\GithubRepo\Inzynierka_pliki\Serwomotor_V1\Core\Inc\stm32g4xx_hal_conf.h
2025-11-18 00:02:58,311 [WARN] IPConfigManager:3238 - Warning: the RefConfig RCC_CommonPeriphClockConfig is not available in your config.xml file
2025-11-18 00:02:58,335 [INFO] CodeEngine:265 - oldGeneratedFile, D:\GithubRepo\Inzynierka_pliki\Serwomotor_V1\Core\Inc\main.h_save
2025-11-18 00:02:58,638 [INFO] CodeEngine:289 - Generated code: D:\GithubRepo\Inzynierka_pliki\Serwomotor_V1\Core\Inc\main.h
2025-11-18 00:02:58,652 [INFO] CodeEngine:265 - oldGeneratedFile, D:\GithubRepo\Inzynierka_pliki\Serwomotor_V1\Core\Src\main.c_save
2025-11-18 00:02:58,971 [INFO] CodeEngine:289 - Generated code: D:\GithubRepo\Inzynierka_pliki\Serwomotor_V1\Core\Src\main.c
2025-11-18 00:02:59,901 [INFO] ProjectBuilder:3606 - Time for Copy HAL[1] : 339mS.
2025-11-18 00:02:59,908 [INFO] ProjectBuilder:5216 - Project Generator version: 4.7.0-B52
2025-11-18 00:03:00,077 [INFO] ConfigFileManager:1595 - The Die is : DIE469
2025-11-18 00:03:01,702 [INFO] ProjectBuilder:5496 - Time for Generating toolchain IDE Files: 1794mS.
2025-11-18 00:03:01,703 [INFO] ProjectBuilder:3463 - Time for Copy CMSIS : 1mS.
2025-11-18 00:03:01,707 [INFO] ProjectBuilder:3463 - Time for Copy CMSIS : 0mS.
2025-11-18 00:05:58,203 [INFO] NvicIntPanel:101 - NVIC parent = com.st.microxplorer.plugins.ip.nvic.MultiNvicIntPanel[,0,0,0x0,invalid,layout=javax.swing.BoxLayout,alignmentX=0.0,alignmentY=0.0,border=,flags=9,maximumSize=,minimumSize=,preferredSize=]
2025-11-18 00:07:32,405 [INFO] UtilMem:75 - End SaveConfig() Used Memory: 586534088 Bytes (1073741824)
2025-11-18 00:07:33,505 [INFO] UtilMem:75 - End SaveConfig() Used Memory: 618513608 Bytes (1073741824)
2025-11-18 00:07:35,829 [INFO] UtilMem:75 - End SaveConfig() Used Memory: 724419784 Bytes (1073741824)
2025-11-18 00:07:36,287 [INFO] BlockDiagram:2775 - set Specific Code input for plugin: TIM1_8G4
2025-11-18 00:07:36,287 [INFO] BlockDiagram:2775 - set Specific Code input for plugin: SYS
2025-11-18 00:07:36,287 [INFO] BlockDiagram:2775 - set Specific Code input for plugin: RCC
2025-11-18 00:07:36,287 [INFO] BlockDiagram:2775 - set Specific Code input for plugin: I2C
2025-11-18 00:07:36,287 [INFO] BlockDiagram:2775 - set Specific Code input for plugin: LPUART
2025-11-18 00:07:36,287 [INFO] BlockDiagram:2775 - set Specific Code input for plugin: NVIC
2025-11-18 00:07:36,288 [INFO] BlockDiagram:2775 - set Specific Code input for plugin: TIM1_8G4
2025-11-18 00:07:36,288 [INFO] BlockDiagram:2775 - set Specific Code input for plugin: TIM1_8G4
2025-11-18 00:07:36,288 [INFO] BlockDiagram:2775 - set Specific Code input for plugin: GPIO
2025-11-18 00:07:36,288 [INFO] BlockDiagram:2775 - set Specific Code input for plugin: TIM1_8G4
2025-11-18 00:07:36,292 [INFO] CodeGenerator:892 - code generatio: config db path: D:\Programy Potrzebne\STM32CubeIDE_Folder\STM32CubeIDE_1.19.0\STM32CubeIDE\plugins\com.st.stm32cube.common.mx_6.15.0.202507011659\\db\
2025-11-18 00:07:36,463 [INFO] CodeEngine:265 - oldGeneratedFile, D:\GithubRepo\Inzynierka_pliki\Serwomotor_V1\MXTmpFiles\license.tmp_save
2025-11-18 00:07:36,557 [INFO] CodeEngine:289 - Generated code: D:\GithubRepo\Inzynierka_pliki\Serwomotor_V1\MXTmpFiles\license.tmp
2025-11-18 00:07:36,615 [INFO] CodeEngine:265 - oldGeneratedFile, D:\GithubRepo\Inzynierka_pliki\Serwomotor_V1\Core\Src\gpio.c_save
2025-11-18 00:07:36,704 [INFO] CodeEngine:289 - Generated code: D:\GithubRepo\Inzynierka_pliki\Serwomotor_V1\Core\Src\gpio.c
2025-11-18 00:07:36,712 [INFO] CodeEngine:265 - oldGeneratedFile, D:\GithubRepo\Inzynierka_pliki\Serwomotor_V1\Core\Inc\gpio.h_save
2025-11-18 00:07:36,793 [INFO] CodeEngine:289 - Generated code: D:\GithubRepo\Inzynierka_pliki\Serwomotor_V1\Core\Inc\gpio.h
2025-11-18 00:07:37,285 [INFO] CodeEngine:265 - oldGeneratedFile, D:\GithubRepo\Inzynierka_pliki\Serwomotor_V1\Core\Src\i2c.c_save
2025-11-18 00:07:37,417 [INFO] CodeEngine:289 - Generated code: D:\GithubRepo\Inzynierka_pliki\Serwomotor_V1\Core\Src\i2c.c
2025-11-18 00:07:37,427 [INFO] CodeEngine:265 - oldGeneratedFile, D:\GithubRepo\Inzynierka_pliki\Serwomotor_V1\Core\Inc\i2c.h_save
2025-11-18 00:07:37,514 [INFO] CodeEngine:289 - Generated code: D:\GithubRepo\Inzynierka_pliki\Serwomotor_V1\Core\Inc\i2c.h
2025-11-18 00:07:37,532 [INFO] CodeEngine:265 - oldGeneratedFile, D:\GithubRepo\Inzynierka_pliki\Serwomotor_V1\Core\Src\usart.c_save
2025-11-18 00:07:37,651 [INFO] CodeEngine:289 - Generated code: D:\GithubRepo\Inzynierka_pliki\Serwomotor_V1\Core\Src\usart.c
2025-11-18 00:07:37,658 [INFO] CodeEngine:265 - oldGeneratedFile, D:\GithubRepo\Inzynierka_pliki\Serwomotor_V1\Core\Inc\usart.h_save
2025-11-18 00:07:37,745 [INFO] CodeEngine:289 - Generated code: D:\GithubRepo\Inzynierka_pliki\Serwomotor_V1\Core\Inc\usart.h
2025-11-18 00:07:37,761 [INFO] CodeEngine:265 - oldGeneratedFile, D:\GithubRepo\Inzynierka_pliki\Serwomotor_V1\Core\Src\tim.c_save
2025-11-18 00:07:37,914 [INFO] CodeEngine:289 - Generated code: D:\GithubRepo\Inzynierka_pliki\Serwomotor_V1\Core\Src\tim.c
2025-11-18 00:07:37,924 [INFO] CodeEngine:265 - oldGeneratedFile, D:\GithubRepo\Inzynierka_pliki\Serwomotor_V1\Core\Inc\tim.h_save
2025-11-18 00:07:38,005 [INFO] CodeEngine:289 - Generated code: D:\GithubRepo\Inzynierka_pliki\Serwomotor_V1\Core\Inc\tim.h
2025-11-18 00:07:38,034 [INFO] CodeEngine:265 - oldGeneratedFile, D:\GithubRepo\Inzynierka_pliki\Serwomotor_V1\Core\Src\stm32g4xx_it.c_save
2025-11-18 00:07:38,145 [INFO] CodeEngine:289 - Generated code: D:\GithubRepo\Inzynierka_pliki\Serwomotor_V1\Core\Src\stm32g4xx_it.c
2025-11-18 00:07:38,154 [INFO] CodeEngine:265 - oldGeneratedFile, D:\GithubRepo\Inzynierka_pliki\Serwomotor_V1\Core\Inc\stm32g4xx_it.h_save
2025-11-18 00:07:38,235 [INFO] CodeEngine:289 - Generated code: D:\GithubRepo\Inzynierka_pliki\Serwomotor_V1\Core\Inc\stm32g4xx_it.h
2025-11-18 00:07:38,264 [INFO] CodeEngine:265 - oldGeneratedFile, D:\GithubRepo\Inzynierka_pliki\Serwomotor_V1\Core\Src\stm32g4xx_hal_msp.c_save
2025-11-18 00:07:38,380 [INFO] CodeEngine:289 - Generated code: D:\GithubRepo\Inzynierka_pliki\Serwomotor_V1\Core\Src\stm32g4xx_hal_msp.c
2025-11-18 00:07:38,386 [INFO] CodeEngine:265 - oldGeneratedFile, D:\GithubRepo\Inzynierka_pliki\Serwomotor_V1\MXTmpFiles\system.tmp_save
2025-11-18 00:07:38,463 [INFO] CodeEngine:289 - Generated code: D:\GithubRepo\Inzynierka_pliki\Serwomotor_V1\MXTmpFiles\system.tmp
2025-11-18 00:07:38,478 [INFO] CodeEngine:321 - oldGeneratedFile, D:\GithubRepo\Inzynierka_pliki\Serwomotor_V1\Core\Inc\stm32g4xx_hal_conf.h_save
2025-11-18 00:07:38,564 [INFO] CodeEngine:345 - Generated code: D:\GithubRepo\Inzynierka_pliki\Serwomotor_V1\Core\Inc\stm32g4xx_hal_conf.h
2025-11-18 00:07:38,585 [WARN] IPConfigManager:3238 - Warning: the RefConfig RCC_CommonPeriphClockConfig is not available in your config.xml file
2025-11-18 00:07:38,600 [INFO] CodeEngine:265 - oldGeneratedFile, D:\GithubRepo\Inzynierka_pliki\Serwomotor_V1\Core\Inc\main.h_save
2025-11-18 00:07:38,687 [INFO] CodeEngine:289 - Generated code: D:\GithubRepo\Inzynierka_pliki\Serwomotor_V1\Core\Inc\main.h
2025-11-18 00:07:38,694 [INFO] CodeEngine:265 - oldGeneratedFile, D:\GithubRepo\Inzynierka_pliki\Serwomotor_V1\Core\Src\main.c_save
2025-11-18 00:07:38,819 [INFO] CodeEngine:289 - Generated code: D:\GithubRepo\Inzynierka_pliki\Serwomotor_V1\Core\Src\main.c
2025-11-18 00:07:39,481 [INFO] ProjectBuilder:3606 - Time for Copy HAL[1] : 250mS.
2025-11-18 00:07:39,486 [INFO] ProjectBuilder:5216 - Project Generator version: 4.7.0-B52
2025-11-18 00:07:39,608 [INFO] ConfigFileManager:1595 - The Die is : DIE469
2025-11-18 00:07:40,573 [INFO] ProjectBuilder:5496 - Time for Generating toolchain IDE Files: 1086mS.
2025-11-18 00:07:40,573 [INFO] ProjectBuilder:3463 - Time for Copy CMSIS : 0mS.
2025-11-18 00:07:40,576 [INFO] ProjectBuilder:3463 - Time for Copy CMSIS : 0mS.
2025-11-18 00:07:47,618 [INFO] NvicIntPanel:101 - NVIC parent = com.st.microxplorer.plugins.ip.nvic.MultiNvicIntPanel[,0,0,0x0,invalid,layout=javax.swing.BoxLayout,alignmentX=0.0,alignmentY=0.0,border=,flags=9,maximumSize=,minimumSize=,preferredSize=]
2025-11-18 00:08:02,806 [INFO] UtilMem:75 - End SaveConfig() Used Memory: 853472528 Bytes (1073741824)
2025-11-18 00:08:03,997 [INFO] UtilMem:75 - End SaveConfig() Used Memory: 882832656 Bytes (1073741824)
2025-11-18 00:08:04,336 [INFO] UtilMem:75 - End SaveConfig() Used Memory: 911670544 Bytes (1073741824)
2025-11-18 00:08:04,632 [INFO] BlockDiagram:2775 - set Specific Code input for plugin: TIM1_8G4
2025-11-18 00:08:04,633 [INFO] BlockDiagram:2775 - set Specific Code input for plugin: SYS
2025-11-18 00:08:04,633 [INFO] BlockDiagram:2775 - set Specific Code input for plugin: RCC
2025-11-18 00:08:04,633 [INFO] BlockDiagram:2775 - set Specific Code input for plugin: I2C
2025-11-18 00:08:04,633 [INFO] BlockDiagram:2775 - set Specific Code input for plugin: LPUART
2025-11-18 00:08:04,633 [INFO] BlockDiagram:2775 - set Specific Code input for plugin: NVIC
2025-11-18 00:08:04,633 [INFO] BlockDiagram:2775 - set Specific Code input for plugin: TIM1_8G4
2025-11-18 00:08:04,633 [INFO] BlockDiagram:2775 - set Specific Code input for plugin: TIM1_8G4
2025-11-18 00:08:04,634 [INFO] BlockDiagram:2775 - set Specific Code input for plugin: GPIO
2025-11-18 00:08:04,634 [INFO] BlockDiagram:2775 - set Specific Code input for plugin: TIM1_8G4
2025-11-18 00:08:04,634 [INFO] CodeGenerator:892 - code generatio: config db path: D:\Programy Potrzebne\STM32CubeIDE_Folder\STM32CubeIDE_1.19.0\STM32CubeIDE\plugins\com.st.stm32cube.common.mx_6.15.0.202507011659\\db\
2025-11-18 00:08:04,874 [INFO] CodeEngine:265 - oldGeneratedFile, D:\GithubRepo\Inzynierka_pliki\Serwomotor_V1\MXTmpFiles\license.tmp_save
2025-11-18 00:08:04,971 [INFO] CodeEngine:289 - Generated code: D:\GithubRepo\Inzynierka_pliki\Serwomotor_V1\MXTmpFiles\license.tmp
2025-11-18 00:08:05,089 [INFO] CodeEngine:265 - oldGeneratedFile, D:\GithubRepo\Inzynierka_pliki\Serwomotor_V1\Core\Src\gpio.c_save
2025-11-18 00:08:05,189 [INFO] CodeEngine:289 - Generated code: D:\GithubRepo\Inzynierka_pliki\Serwomotor_V1\Core\Src\gpio.c
2025-11-18 00:08:05,199 [INFO] CodeEngine:265 - oldGeneratedFile, D:\GithubRepo\Inzynierka_pliki\Serwomotor_V1\Core\Inc\gpio.h_save
2025-11-18 00:08:05,284 [INFO] CodeEngine:289 - Generated code: D:\GithubRepo\Inzynierka_pliki\Serwomotor_V1\Core\Inc\gpio.h
2025-11-18 00:08:05,711 [INFO] CodeEngine:265 - oldGeneratedFile, D:\GithubRepo\Inzynierka_pliki\Serwomotor_V1\Core\Src\i2c.c_save
2025-11-18 00:08:05,831 [INFO] CodeEngine:289 - Generated code: D:\GithubRepo\Inzynierka_pliki\Serwomotor_V1\Core\Src\i2c.c
2025-11-18 00:08:05,839 [INFO] CodeEngine:265 - oldGeneratedFile, D:\GithubRepo\Inzynierka_pliki\Serwomotor_V1\Core\Inc\i2c.h_save
2025-11-18 00:08:05,921 [INFO] CodeEngine:289 - Generated code: D:\GithubRepo\Inzynierka_pliki\Serwomotor_V1\Core\Inc\i2c.h
2025-11-18 00:08:05,937 [INFO] CodeEngine:265 - oldGeneratedFile, D:\GithubRepo\Inzynierka_pliki\Serwomotor_V1\Core\Src\usart.c_save
2025-11-18 00:08:06,051 [INFO] CodeEngine:289 - Generated code: D:\GithubRepo\Inzynierka_pliki\Serwomotor_V1\Core\Src\usart.c
2025-11-18 00:08:06,058 [INFO] CodeEngine:265 - oldGeneratedFile, D:\GithubRepo\Inzynierka_pliki\Serwomotor_V1\Core\Inc\usart.h_save
2025-11-18 00:08:06,140 [INFO] CodeEngine:289 - Generated code: D:\GithubRepo\Inzynierka_pliki\Serwomotor_V1\Core\Inc\usart.h
2025-11-18 00:08:06,155 [INFO] CodeEngine:265 - oldGeneratedFile, D:\GithubRepo\Inzynierka_pliki\Serwomotor_V1\Core\Src\tim.c_save
2025-11-18 00:08:06,298 [INFO] CodeEngine:289 - Generated code: D:\GithubRepo\Inzynierka_pliki\Serwomotor_V1\Core\Src\tim.c
2025-11-18 00:08:06,308 [INFO] CodeEngine:265 - oldGeneratedFile, D:\GithubRepo\Inzynierka_pliki\Serwomotor_V1\Core\Inc\tim.h_save
2025-11-18 00:08:06,388 [INFO] CodeEngine:289 - Generated code: D:\GithubRepo\Inzynierka_pliki\Serwomotor_V1\Core\Inc\tim.h
2025-11-18 00:08:06,419 [INFO] CodeEngine:265 - oldGeneratedFile, D:\GithubRepo\Inzynierka_pliki\Serwomotor_V1\Core\Src\stm32g4xx_it.c_save
2025-11-18 00:08:06,530 [INFO] CodeEngine:289 - Generated code: D:\GithubRepo\Inzynierka_pliki\Serwomotor_V1\Core\Src\stm32g4xx_it.c
2025-11-18 00:08:06,538 [INFO] CodeEngine:265 - oldGeneratedFile, D:\GithubRepo\Inzynierka_pliki\Serwomotor_V1\Core\Inc\stm32g4xx_it.h_save
2025-11-18 00:08:06,621 [INFO] CodeEngine:289 - Generated code: D:\GithubRepo\Inzynierka_pliki\Serwomotor_V1\Core\Inc\stm32g4xx_it.h
2025-11-18 00:08:06,649 [INFO] CodeEngine:265 - oldGeneratedFile, D:\GithubRepo\Inzynierka_pliki\Serwomotor_V1\Core\Src\stm32g4xx_hal_msp.c_save
2025-11-18 00:08:06,768 [INFO] CodeEngine:289 - Generated code: D:\GithubRepo\Inzynierka_pliki\Serwomotor_V1\Core\Src\stm32g4xx_hal_msp.c
2025-11-18 00:08:06,775 [INFO] CodeEngine:265 - oldGeneratedFile, D:\GithubRepo\Inzynierka_pliki\Serwomotor_V1\MXTmpFiles\system.tmp_save
2025-11-18 00:08:06,851 [INFO] CodeEngine:289 - Generated code: D:\GithubRepo\Inzynierka_pliki\Serwomotor_V1\MXTmpFiles\system.tmp
2025-11-18 00:08:06,866 [INFO] CodeEngine:321 - oldGeneratedFile, D:\GithubRepo\Inzynierka_pliki\Serwomotor_V1\Core\Inc\stm32g4xx_hal_conf.h_save
2025-11-18 00:08:06,957 [INFO] CodeEngine:345 - Generated code: D:\GithubRepo\Inzynierka_pliki\Serwomotor_V1\Core\Inc\stm32g4xx_hal_conf.h
2025-11-18 00:08:06,977 [WARN] IPConfigManager:3238 - Warning: the RefConfig RCC_CommonPeriphClockConfig is not available in your config.xml file
2025-11-18 00:08:06,993 [INFO] CodeEngine:265 - oldGeneratedFile, D:\GithubRepo\Inzynierka_pliki\Serwomotor_V1\Core\Inc\main.h_save
2025-11-18 00:08:07,084 [INFO] CodeEngine:289 - Generated code: D:\GithubRepo\Inzynierka_pliki\Serwomotor_V1\Core\Inc\main.h
2025-11-18 00:08:07,092 [INFO] CodeEngine:265 - oldGeneratedFile, D:\GithubRepo\Inzynierka_pliki\Serwomotor_V1\Core\Src\main.c_save
2025-11-18 00:08:07,223 [INFO] CodeEngine:289 - Generated code: D:\GithubRepo\Inzynierka_pliki\Serwomotor_V1\Core\Src\main.c
2025-11-18 00:08:07,737 [INFO] ProjectBuilder:3606 - Time for Copy HAL[1] : 242mS.
2025-11-18 00:08:07,741 [INFO] ProjectBuilder:5216 - Project Generator version: 4.7.0-B52
2025-11-18 00:08:07,863 [INFO] ConfigFileManager:1595 - The Die is : DIE469
2025-11-18 00:08:08,841 [INFO] ProjectBuilder:5496 - Time for Generating toolchain IDE Files: 1100mS.
2025-11-18 00:08:08,841 [INFO] ProjectBuilder:3463 - Time for Copy CMSIS : 0mS.
2025-11-18 00:08:08,845 [INFO] ProjectBuilder:3463 - Time for Copy CMSIS : 0mS.
2025-11-18 00:09:25,149 [INFO] NvicIntPanel:101 - NVIC parent = com.st.microxplorer.plugins.ip.nvic.MultiNvicIntPanel[,0,0,0x0,invalid,layout=javax.swing.BoxLayout,alignmentX=0.0,alignmentY=0.0,border=,flags=9,maximumSize=,minimumSize=,preferredSize=]
2025-11-18 00:09:39,855 [INFO] NvicIntPanel:101 - NVIC parent = com.st.microxplorer.plugins.ip.nvic.MultiNvicIntPanel[,0,0,0x0,invalid,layout=javax.swing.BoxLayout,alignmentX=0.0,alignmentY=0.0,border=,flags=9,maximumSize=,minimumSize=,preferredSize=]
2025-11-18 00:09:44,388 [INFO] NvicIntPanel:101 - NVIC parent = com.st.microxplorer.plugins.ip.nvic.MultiNvicIntPanel[,0,0,0x0,invalid,layout=javax.swing.BoxLayout,alignmentX=0.0,alignmentY=0.0,border=,flags=9,maximumSize=,minimumSize=,preferredSize=]
2025-11-18 00:09:45,481 [INFO] UtilMem:75 - End SaveConfig() Used Memory: 938996016 Bytes (1073741824)
2025-11-18 00:09:46,461 [INFO] UtilMem:75 - End SaveConfig() Used Memory: 362562824 Bytes (1073741824)
2025-11-18 00:09:48,067 [INFO] UtilMem:75 - End SaveConfig() Used Memory: 456934664 Bytes (1073741824)
2025-11-18 00:09:48,479 [INFO] BlockDiagram:2775 - set Specific Code input for plugin: TIM1_8G4
2025-11-18 00:09:48,479 [INFO] BlockDiagram:2775 - set Specific Code input for plugin: SYS
2025-11-18 00:09:48,479 [INFO] BlockDiagram:2775 - set Specific Code input for plugin: RCC
2025-11-18 00:09:48,479 [INFO] BlockDiagram:2775 - set Specific Code input for plugin: I2C
2025-11-18 00:09:48,479 [INFO] BlockDiagram:2775 - set Specific Code input for plugin: LPUART
2025-11-18 00:09:48,479 [INFO] BlockDiagram:2775 - set Specific Code input for plugin: NVIC
2025-11-18 00:09:48,481 [INFO] BlockDiagram:2775 - set Specific Code input for plugin: TIM1_8G4
2025-11-18 00:09:48,481 [INFO] BlockDiagram:2775 - set Specific Code input for plugin: TIM1_8G4
2025-11-18 00:09:48,481 [INFO] BlockDiagram:2775 - set Specific Code input for plugin: GPIO
2025-11-18 00:09:48,481 [INFO] BlockDiagram:2775 - set Specific Code input for plugin: TIM1_8G4
2025-11-18 00:09:48,482 [INFO] CodeGenerator:892 - code generatio: config db path: D:\Programy Potrzebne\STM32CubeIDE_Folder\STM32CubeIDE_1.19.0\STM32CubeIDE\plugins\com.st.stm32cube.common.mx_6.15.0.202507011659\\db\
2025-11-18 00:09:48,649 [INFO] CodeEngine:265 - oldGeneratedFile, D:\GithubRepo\Inzynierka_pliki\Serwomotor_V1\MXTmpFiles\license.tmp_save
2025-11-18 00:09:48,732 [INFO] CodeEngine:289 - Generated code: D:\GithubRepo\Inzynierka_pliki\Serwomotor_V1\MXTmpFiles\license.tmp
2025-11-18 00:09:48,787 [INFO] CodeEngine:265 - oldGeneratedFile, D:\GithubRepo\Inzynierka_pliki\Serwomotor_V1\Core\Src\gpio.c_save
2025-11-18 00:09:48,874 [INFO] CodeEngine:289 - Generated code: D:\GithubRepo\Inzynierka_pliki\Serwomotor_V1\Core\Src\gpio.c
2025-11-18 00:09:48,881 [INFO] CodeEngine:265 - oldGeneratedFile, D:\GithubRepo\Inzynierka_pliki\Serwomotor_V1\Core\Inc\gpio.h_save
2025-11-18 00:09:48,962 [INFO] CodeEngine:289 - Generated code: D:\GithubRepo\Inzynierka_pliki\Serwomotor_V1\Core\Inc\gpio.h
2025-11-18 00:09:49,364 [INFO] CodeEngine:265 - oldGeneratedFile, D:\GithubRepo\Inzynierka_pliki\Serwomotor_V1\Core\Src\i2c.c_save
2025-11-18 00:09:49,481 [INFO] CodeEngine:289 - Generated code: D:\GithubRepo\Inzynierka_pliki\Serwomotor_V1\Core\Src\i2c.c
2025-11-18 00:09:49,488 [INFO] CodeEngine:265 - oldGeneratedFile, D:\GithubRepo\Inzynierka_pliki\Serwomotor_V1\Core\Inc\i2c.h_save
2025-11-18 00:09:49,570 [INFO] CodeEngine:289 - Generated code: D:\GithubRepo\Inzynierka_pliki\Serwomotor_V1\Core\Inc\i2c.h
2025-11-18 00:09:49,586 [INFO] CodeEngine:265 - oldGeneratedFile, D:\GithubRepo\Inzynierka_pliki\Serwomotor_V1\Core\Src\usart.c_save
2025-11-18 00:09:49,699 [INFO] CodeEngine:289 - Generated code: D:\GithubRepo\Inzynierka_pliki\Serwomotor_V1\Core\Src\usart.c
2025-11-18 00:09:49,707 [INFO] CodeEngine:265 - oldGeneratedFile, D:\GithubRepo\Inzynierka_pliki\Serwomotor_V1\Core\Inc\usart.h_save
2025-11-18 00:09:49,789 [INFO] CodeEngine:289 - Generated code: D:\GithubRepo\Inzynierka_pliki\Serwomotor_V1\Core\Inc\usart.h
2025-11-18 00:09:49,805 [INFO] CodeEngine:265 - oldGeneratedFile, D:\GithubRepo\Inzynierka_pliki\Serwomotor_V1\Core\Src\tim.c_save
2025-11-18 00:09:49,955 [INFO] CodeEngine:289 - Generated code: D:\GithubRepo\Inzynierka_pliki\Serwomotor_V1\Core\Src\tim.c
2025-11-18 00:09:49,963 [INFO] CodeEngine:265 - oldGeneratedFile, D:\GithubRepo\Inzynierka_pliki\Serwomotor_V1\Core\Inc\tim.h_save
2025-11-18 00:09:50,047 [INFO] CodeEngine:289 - Generated code: D:\GithubRepo\Inzynierka_pliki\Serwomotor_V1\Core\Inc\tim.h
2025-11-18 00:09:50,074 [INFO] CodeEngine:265 - oldGeneratedFile, D:\GithubRepo\Inzynierka_pliki\Serwomotor_V1\Core\Src\stm32g4xx_it.c_save
2025-11-18 00:09:50,187 [INFO] CodeEngine:289 - Generated code: D:\GithubRepo\Inzynierka_pliki\Serwomotor_V1\Core\Src\stm32g4xx_it.c
2025-11-18 00:09:50,195 [INFO] CodeEngine:265 - oldGeneratedFile, D:\GithubRepo\Inzynierka_pliki\Serwomotor_V1\Core\Inc\stm32g4xx_it.h_save
2025-11-18 00:09:50,277 [INFO] CodeEngine:289 - Generated code: D:\GithubRepo\Inzynierka_pliki\Serwomotor_V1\Core\Inc\stm32g4xx_it.h
2025-11-18 00:09:50,305 [INFO] CodeEngine:265 - oldGeneratedFile, D:\GithubRepo\Inzynierka_pliki\Serwomotor_V1\Core\Src\stm32g4xx_hal_msp.c_save
2025-11-18 00:09:50,430 [INFO] CodeEngine:289 - Generated code: D:\GithubRepo\Inzynierka_pliki\Serwomotor_V1\Core\Src\stm32g4xx_hal_msp.c
2025-11-18 00:09:50,438 [INFO] CodeEngine:265 - oldGeneratedFile, D:\GithubRepo\Inzynierka_pliki\Serwomotor_V1\MXTmpFiles\system.tmp_save
2025-11-18 00:09:50,515 [INFO] CodeEngine:289 - Generated code: D:\GithubRepo\Inzynierka_pliki\Serwomotor_V1\MXTmpFiles\system.tmp
2025-11-18 00:09:50,530 [INFO] CodeEngine:321 - oldGeneratedFile, D:\GithubRepo\Inzynierka_pliki\Serwomotor_V1\Core\Inc\stm32g4xx_hal_conf.h_save
2025-11-18 00:09:50,615 [INFO] CodeEngine:345 - Generated code: D:\GithubRepo\Inzynierka_pliki\Serwomotor_V1\Core\Inc\stm32g4xx_hal_conf.h
2025-11-18 00:09:50,635 [WARN] IPConfigManager:3238 - Warning: the RefConfig RCC_CommonPeriphClockConfig is not available in your config.xml file
2025-11-18 00:09:50,649 [INFO] CodeEngine:265 - oldGeneratedFile, D:\GithubRepo\Inzynierka_pliki\Serwomotor_V1\Core\Inc\main.h_save
2025-11-18 00:09:50,739 [INFO] CodeEngine:289 - Generated code: D:\GithubRepo\Inzynierka_pliki\Serwomotor_V1\Core\Inc\main.h
2025-11-18 00:09:50,747 [INFO] CodeEngine:265 - oldGeneratedFile, D:\GithubRepo\Inzynierka_pliki\Serwomotor_V1\Core\Src\main.c_save
2025-11-18 00:09:50,874 [INFO] CodeEngine:289 - Generated code: D:\GithubRepo\Inzynierka_pliki\Serwomotor_V1\Core\Src\main.c
2025-11-18 00:09:51,495 [INFO] ProjectBuilder:3606 - Time for Copy HAL[1] : 296mS.
2025-11-18 00:09:51,499 [INFO] ProjectBuilder:5216 - Project Generator version: 4.7.0-B52
2025-11-18 00:09:51,625 [INFO] ConfigFileManager:1595 - The Die is : DIE469
2025-11-18 00:09:52,534 [INFO] ProjectBuilder:5496 - Time for Generating toolchain IDE Files: 1035mS.
2025-11-18 00:09:52,535 [INFO] ProjectBuilder:3463 - Time for Copy CMSIS : 1mS.
2025-11-18 00:09:52,538 [INFO] ProjectBuilder:3463 - Time for Copy CMSIS : 0mS.
