2025-11-18 00:31:13,742 [ERROR] LogOutputStream:75 - [STDERR_REDIRECT] 
2025-11-18 00:32:12,428 [INFO] Activator:176 - 


2025-11-18 00:32:12,431 [INFO] Activator:177 - !SESSION log4j initialized
2025-11-18 00:32:21,413 [INFO] LogOutputStream:77 - [STDOUT_REDIRECT] 
2025-11-18 00:32:23,043 [INFO] ApplicationProperties:184 - Using Application install path: D:\Programy Potrzebne\STM32CubeIDE_Folder\STM32CubeIDE_1.19.0\STM32CubeIDE\plugins\com.st.stm32cube.common.mx_6.15.0.202507011659
2025-11-18 00:32:23,079 [INFO] DbMcusXml:78 - Set database path to: D:\Programy Potrzebne\STM32CubeIDE_Folder\STM32CubeIDE_1.19.0\STM32CubeIDE\plugins\com.st.stm32cube.common.mx_6.15.0.202507011659\\db\/mcu/
2025-11-18 00:32:23,079 [INFO] ApiDb:274 - Set plugin database path to: D:\Programy Potrzebne\STM32CubeIDE_Folder\STM32CubeIDE_1.19.0\STM32CubeIDE\plugins\com.st.stm32cube.common.mx_6.15.0.202507011659\\db\/plugins/boardmanager/
2025-11-18 00:32:23,079 [WARN] ApiDb:259 - Overriding images path with different value:  => D:\Programy Potrzebne\STM32CubeIDE_Folder\STM32CubeIDE_1.19.0\STM32CubeIDE\plugins\com.st.stm32cube.common.mx_6.15.0.202507011659\\db\/plugins/mcufinder/images/
2025-11-18 00:32:23,089 [INFO] ApiDb:250 - Set database path to: C:\Users\dryla\.stmcufinder\plugins\mcufinder//mcu/
2025-11-18 00:32:23,090 [INFO] DbMcusAds:125 - Set database path to: C:\Users\dryla\.stmcufinder\plugins\mcufinder//mcu/
2025-11-18 00:32:23,094 [INFO] CrossReferenceDbSqlite:203 - Set database path to: C:\Users\dryla\.stmcufinder\plugins\mcufinder//mcu/cs/
2025-11-18 00:32:23,345 [INFO] RulesReader:64 - Compatibility file has been processed (317 Rules)
2025-11-18 00:32:23,506 [INFO] DbMcusXml:78 - Set database path to: D:\Programy Potrzebne\STM32CubeIDE_Folder\STM32CubeIDE_1.19.0\STM32CubeIDE\plugins\com.st.stm32cube.common.mx_6.15.0.202507011659\\db\/mcu/
2025-11-18 00:32:23,506 [INFO] ApiDb:274 - Set plugin database path to: D:\Programy Potrzebne\STM32CubeIDE_Folder\STM32CubeIDE_1.19.0\STM32CubeIDE\plugins\com.st.stm32cube.common.mx_6.15.0.202507011659\\db\/plugins/boardmanager/
2025-11-18 00:32:23,507 [INFO] ApiDb:261 - Set plugin images path to: D:\Programy Potrzebne\STM32CubeIDE_Folder\STM32CubeIDE_1.19.0\STM32CubeIDE\plugins\com.st.stm32cube.common.mx_6.15.0.202507011659\\db\/plugins/mcufinder/images/
2025-11-18 00:32:23,507 [WARN] DbFile:41 - Overriding database path with different value: C:\Users\dryla\.stmcufinder\plugins\mcufinder/ => C:\Users\dryla\.stmcufinder\plugins\mcufinder
2025-11-18 00:32:23,508 [INFO] ApiDb:250 - Set database path to: C:\Users\dryla\.stmcufinder\plugins\mcufinder//mcu/
2025-11-18 00:32:23,508 [WARN] DbFile:41 - Overriding database path with different value: C:\Users\dryla\.stmcufinder\plugins\mcufinder/ => C:\Users\dryla\.stmcufinder\plugins\mcufinder
2025-11-18 00:32:23,508 [INFO] DbMcusAds:125 - Set database path to: C:\Users\dryla\.stmcufinder\plugins\mcufinder//mcu/
2025-11-18 00:32:23,508 [WARN] DbFile:41 - Overriding database path with different value: C:\Users\dryla\.stmcufinder\plugins\mcufinder/ => C:\Users\dryla\.stmcufinder\plugins\mcufinder
2025-11-18 00:32:23,508 [WARN] DbFile:41 - Overriding database path with different value: C:\Users\dryla\.stmcufinder\plugins\mcufinder/ => C:\Users\dryla\.stmcufinder\plugins\mcufinder
2025-11-18 00:32:23,508 [INFO] CrossReferenceDbSqlite:203 - Set database path to: C:\Users\dryla\.stmcufinder\plugins\mcufinder//mcu/cs/
2025-11-18 00:32:23,641 [INFO] MainPanel:274 - HeapMemory: 268435456
2025-11-18 00:32:23,791 [INFO] DbMcusXml:78 - Set database path to: D:\Programy Potrzebne\STM32CubeIDE_Folder\STM32CubeIDE_1.19.0\STM32CubeIDE\plugins\com.st.stm32cube.common.mx_6.15.0.202507011659\\db\/mcu/
2025-11-18 00:32:23,792 [INFO] ApiDb:274 - Set plugin database path to: D:\Programy Potrzebne\STM32CubeIDE_Folder\STM32CubeIDE_1.19.0\STM32CubeIDE\plugins\com.st.stm32cube.common.mx_6.15.0.202507011659\\db\/plugins/boardmanager/
2025-11-18 00:32:23,792 [INFO] ApiDb:261 - Set plugin images path to: D:\Programy Potrzebne\STM32CubeIDE_Folder\STM32CubeIDE_1.19.0\STM32CubeIDE\plugins\com.st.stm32cube.common.mx_6.15.0.202507011659\\db\/plugins/mcufinder/images/
2025-11-18 00:32:23,792 [WARN] DbFile:41 - Overriding database path with different value: C:\Users\dryla\.stmcufinder\plugins\mcufinder/ => C:\Users\dryla\.stmcufinder\plugins\mcufinder
2025-11-18 00:32:23,793 [INFO] ApiDb:250 - Set database path to: C:\Users\dryla\.stmcufinder\plugins\mcufinder//mcu/
2025-11-18 00:32:23,793 [WARN] DbFile:41 - Overriding database path with different value: C:\Users\dryla\.stmcufinder\plugins\mcufinder/ => C:\Users\dryla\.stmcufinder\plugins\mcufinder
2025-11-18 00:32:23,793 [INFO] DbMcusAds:125 - Set database path to: C:\Users\dryla\.stmcufinder\plugins\mcufinder//mcu/
2025-11-18 00:32:23,793 [WARN] DbFile:41 - Overriding database path with different value: C:\Users\dryla\.stmcufinder\plugins\mcufinder/ => C:\Users\dryla\.stmcufinder\plugins\mcufinder
2025-11-18 00:32:23,793 [WARN] DbFile:41 - Overriding database path with different value: C:\Users\dryla\.stmcufinder\plugins\mcufinder/ => C:\Users\dryla\.stmcufinder\plugins\mcufinder
2025-11-18 00:32:23,793 [INFO] CrossReferenceDbSqlite:203 - Set database path to: C:\Users\dryla\.stmcufinder\plugins\mcufinder//mcu/cs/
2025-11-18 00:32:23,828 [INFO] ApplicationProperties:184 - Using Application install path: D:\Programy Potrzebne\STM32CubeIDE_Folder\STM32CubeIDE_1.19.0\STM32CubeIDE\plugins\com.st.stm32cube.common.mx_6.15.0.202507011659
2025-11-18 00:32:23,831 [INFO] PluginManage:196 - Search for loadable plugins [exclusion list=, ]
2025-11-18 00:32:23,832 [INFO] PluginManage:310 - Check plugin analytics
2025-11-18 00:32:24,141 [INFO] AnalyticsPlugin:253 - Accepted Software Licenses: 
2025-11-18 00:32:24,141 [INFO] AnalyticsPlugin:255 - Accepted CMSIS Pack Licenses: 
2025-11-18 00:32:24,142 [INFO] AnalyticsPlugin:257 - Accepted Firmware Licenses: FW.F4.1.28.0,FW.G4.1.6.0
2025-11-18 00:32:24,148 [INFO] PluginManage:359 - Loaded plugin analytics (category:tool,tabindex:-1)
2025-11-18 00:32:24,149 [INFO] PluginManage:310 - Check plugin cadmodel
2025-11-18 00:32:24,154 [INFO] CADModel:105 - Init CAD model plugin
2025-11-18 00:32:24,154 [INFO] PluginManage:359 - Loaded plugin cadmodel (category:power,tabindex:5)
2025-11-18 00:32:24,154 [INFO] PluginManage:310 - Check plugin clock
2025-11-18 00:32:24,166 [INFO] PluginManage:359 - Loaded plugin clock (category:base,tabindex:2)
2025-11-18 00:32:24,167 [INFO] PluginManage:310 - Check plugin ddr
2025-11-18 00:32:24,170 [INFO] PluginManage:359 - Loaded plugin ddr (category:tool,tabindex:6)
2025-11-18 00:32:24,170 [INFO] PluginManage:310 - Check plugin filemanager
2025-11-18 00:32:24,386 [INFO] PluginManage:359 - Loaded plugin filemanager (category:base,tabindex:10)
2025-11-18 00:32:24,387 [INFO] PluginManage:310 - Check plugin ipmanager
2025-11-18 00:32:24,398 [INFO] PluginManage:359 - Loaded plugin ipmanager (category:base,tabindex:5)
2025-11-18 00:32:24,399 [INFO] PluginManage:310 - Check plugin lpbam
2025-11-18 00:32:24,409 [INFO] PluginManage:359 - Loaded plugin lpbam (category:base,tabindex:0)
2025-11-18 00:32:24,409 [INFO] PluginManage:310 - Check plugin memorymap
2025-11-18 00:32:24,427 [INFO] PluginManage:359 - Loaded plugin memorymap (category:base,tabindex:4)
2025-11-18 00:32:24,427 [INFO] PluginManage:310 - Check plugin pinoutandconfiguration
2025-11-18 00:32:24,439 [INFO] PluginManage:359 - Loaded plugin pinoutandconfiguration (category:base,tabindex:1)
2025-11-18 00:32:24,439 [INFO] PluginManage:310 - Check plugin pinoutconfig
2025-11-18 00:32:24,628 [WARN] SupportedApi:132 - Cannot load RTOS API schema: s4s-elt-must-match.1: The content of 'definitions' must match (annotation?, (simpleType | complexType)?, (unique | key | keyref)*)). A problem was found starting at: attribute.
2025-11-18 00:32:24,916 [INFO] PluginManage:359 - Loaded plugin pinoutconfig (category:base,tabindex:0)
2025-11-18 00:32:24,916 [INFO] PluginManage:310 - Check plugin power
2025-11-18 00:32:24,934 [INFO] PluginManage:359 - Loaded plugin power (category:power,tabindex:4)
2025-11-18 00:32:24,936 [INFO] PluginManage:310 - Check plugin projectmanager
2025-11-18 00:32:24,962 [INFO] PluginManage:359 - Loaded plugin projectmanager (category:projectmanager,tabindex:4)
2025-11-18 00:32:24,963 [INFO] PluginManage:310 - Check plugin rif
2025-11-18 00:32:24,981 [INFO] PluginManage:359 - Loaded plugin rif (category:base,tabindex:3)
2025-11-18 00:32:24,982 [INFO] PluginManage:310 - Check plugin thirdparty
2025-11-18 00:32:25,213 [WARN] IntegrityCheckThread:84 - waiting for thirdparty lock release [integrity check]
2025-11-18 00:32:25,214 [INFO] IntegrityCheckThread:86 - entering critical section [integrity check]
2025-11-18 00:32:25,214 [INFO] ThirdPartyUpdaterWithRetryManager:70 - Updater plugin not ready yet. [1/15]
2025-11-18 00:32:25,215 [INFO] PluginManage:359 - Loaded plugin thirdparty (category:base,tabindex:-1)
2025-11-18 00:32:25,215 [INFO] PluginManage:310 - Check plugin tools
2025-11-18 00:32:25,220 [INFO] PluginManage:359 - Loaded plugin tools (category:base,tabindex:7)
2025-11-18 00:32:25,220 [INFO] PluginManage:310 - Check plugin tutovideos
2025-11-18 00:32:25,504 [INFO] PluginManage:359 - Loaded plugin tutovideos (category:base,tabindex:-1)
2025-11-18 00:32:25,505 [INFO] PluginManage:310 - Check plugin updater
2025-11-18 00:32:25,536 [INFO] PluginManage:359 - Loaded plugin updater (category:base,tabindex:12)
2025-11-18 00:32:25,537 [INFO] PluginManage:310 - Check plugin userauth
2025-11-18 00:32:25,542 [INFO] UserAuth:118 - Init User Auth plugin
2025-11-18 00:32:25,543 [INFO] PluginManage:359 - Loaded plugin userauth (category:base,tabindex:14)
2025-11-18 00:32:25,545 [INFO] PluginManage:283 - PluginManage : Loaded plugins [18]
2025-11-18 00:32:25,848 [INFO] PinOutPanel:1589 - setPackage(No Configuration,No Configuration)
2025-11-18 00:32:25,982 [INFO] CADModel:165 - CPN selected for project level
2025-11-18 00:32:25,983 [INFO] CADModel:114 - Register for checkConnection events
2025-11-18 00:32:26,007 [INFO] IPUIPlugin:80 - create IPUIPlugin
2025-11-18 00:32:26,007 [INFO] PluginManager:220 - loadIPPluginJar : add adc
2025-11-18 00:32:26,010 [INFO] IPUIPlugin:80 - create IPUIPlugin
2025-11-18 00:32:26,011 [INFO] PluginManager:220 - loadIPPluginJar : add aes
2025-11-18 00:32:26,014 [INFO] IPUIPlugin:80 - create IPUIPlugin
2025-11-18 00:32:26,014 [INFO] PluginManager:220 - loadIPPluginJar : add can
2025-11-18 00:32:26,017 [INFO] IPUIPlugin:80 - create IPUIPlugin
2025-11-18 00:32:26,017 [INFO] PluginManager:220 - loadIPPluginJar : add comp
2025-11-18 00:32:26,019 [INFO] IPUIPlugin:80 - create IPUIPlugin
2025-11-18 00:32:26,019 [INFO] PluginManager:220 - loadIPPluginJar : add cryp
2025-11-18 00:32:26,023 [INFO] IPUIPlugin:80 - create IPUIPlugin
2025-11-18 00:32:26,023 [INFO] PluginManager:220 - loadIPPluginJar : add ddr_ctrl_phy
2025-11-18 00:32:26,026 [INFO] IPUIPlugin:80 - create IPUIPlugin
2025-11-18 00:32:26,026 [INFO] PluginManager:220 - loadIPPluginJar : add dfsdm
2025-11-18 00:32:26,032 [INFO] IPUIPlugin:80 - create IPUIPlugin
2025-11-18 00:32:26,032 [INFO] PluginManager:220 - loadIPPluginJar : add dma
2025-11-18 00:32:26,036 [INFO] IPUIPlugin:80 - create IPUIPlugin
2025-11-18 00:32:26,036 [INFO] PluginManager:220 - loadIPPluginJar : add dma3
2025-11-18 00:32:26,039 [INFO] IPUIPlugin:80 - create IPUIPlugin
2025-11-18 00:32:26,039 [INFO] PluginManager:220 - loadIPPluginJar : add extmemmanager
2025-11-18 00:32:26,041 [INFO] IPUIPlugin:80 - create IPUIPlugin
2025-11-18 00:32:26,041 [INFO] PluginManager:220 - loadIPPluginJar : add fatfs
2025-11-18 00:32:26,047 [INFO] IPUIPlugin:80 - create IPUIPlugin
2025-11-18 00:32:26,047 [INFO] PluginManager:220 - loadIPPluginJar : add fmc
2025-11-18 00:32:26,064 [INFO] IPUIPlugin:80 - create IPUIPlugin
2025-11-18 00:32:26,064 [INFO] PluginManager:220 - loadIPPluginJar : add freertos
2025-11-18 00:32:26,066 [INFO] IPUIPlugin:80 - create IPUIPlugin
2025-11-18 00:32:26,066 [INFO] PluginManager:220 - loadIPPluginJar : add genericplugin
2025-11-18 00:32:26,069 [INFO] IPUIPlugin:80 - create IPUIPlugin
2025-11-18 00:32:26,069 [INFO] PluginManager:220 - loadIPPluginJar : add gfxmmu
2025-11-18 00:32:26,075 [INFO] IPUIPlugin:80 - create IPUIPlugin
2025-11-18 00:32:26,075 [INFO] PluginManager:220 - loadIPPluginJar : add gic
2025-11-18 00:32:26,080 [INFO] IPUIPlugin:80 - create IPUIPlugin
2025-11-18 00:32:26,080 [INFO] PluginManager:220 - loadIPPluginJar : add gpio
2025-11-18 00:32:26,083 [INFO] IPUIPlugin:80 - create IPUIPlugin
2025-11-18 00:32:26,083 [INFO] PluginManager:220 - loadIPPluginJar : add gtzc
2025-11-18 00:32:26,086 [INFO] IPUIPlugin:80 - create IPUIPlugin
2025-11-18 00:32:26,087 [INFO] PluginManager:220 - loadIPPluginJar : add hash
2025-11-18 00:32:26,090 [INFO] IPUIPlugin:80 - create IPUIPlugin
2025-11-18 00:32:26,090 [INFO] PluginManager:220 - loadIPPluginJar : add i2c
2025-11-18 00:32:26,093 [INFO] IPUIPlugin:80 - create IPUIPlugin
2025-11-18 00:32:26,093 [INFO] PluginManager:220 - loadIPPluginJar : add i2s
2025-11-18 00:32:26,097 [INFO] IPUIPlugin:80 - create IPUIPlugin
2025-11-18 00:32:26,097 [INFO] PluginManager:220 - loadIPPluginJar : add i3c
2025-11-18 00:32:26,101 [INFO] IPUIPlugin:80 - create IPUIPlugin
2025-11-18 00:32:26,101 [INFO] PluginManager:220 - loadIPPluginJar : add ipddr
2025-11-18 00:32:26,109 [INFO] IPUIPlugin:80 - create IPUIPlugin
2025-11-18 00:32:26,110 [INFO] PluginManager:220 - loadIPPluginJar : add linkedlist
2025-11-18 00:32:26,115 [INFO] IPUIPlugin:80 - create IPUIPlugin
2025-11-18 00:32:26,115 [INFO] PluginManager:220 - loadIPPluginJar : add lorawan
2025-11-18 00:32:26,119 [INFO] IPUIPlugin:80 - create IPUIPlugin
2025-11-18 00:32:26,119 [INFO] PluginManager:220 - loadIPPluginJar : add ltdc
2025-11-18 00:32:26,127 [INFO] IPUIPlugin:80 - create IPUIPlugin
2025-11-18 00:32:26,127 [INFO] PluginManager:220 - loadIPPluginJar : add mdma
2025-11-18 00:32:26,134 [INFO] IPUIPlugin:80 - create IPUIPlugin
2025-11-18 00:32:26,134 [INFO] PluginManager:220 - loadIPPluginJar : add nvic
2025-11-18 00:32:26,139 [INFO] IPUIPlugin:80 - create IPUIPlugin
2025-11-18 00:32:26,139 [INFO] PluginManager:220 - loadIPPluginJar : add opamp
2025-11-18 00:32:26,143 [INFO] IPUIPlugin:80 - create IPUIPlugin
2025-11-18 00:32:26,144 [INFO] PluginManager:220 - loadIPPluginJar : add openamp
2025-11-18 00:32:26,147 [INFO] IPUIPlugin:80 - create IPUIPlugin
2025-11-18 00:32:26,147 [INFO] PluginManager:220 - loadIPPluginJar : add pdm2pcm
2025-11-18 00:32:26,154 [INFO] IPUIPlugin:80 - create IPUIPlugin
2025-11-18 00:32:26,159 [INFO] PluginManager:220 - loadIPPluginJar : add plateformsettings
2025-11-18 00:32:26,161 [INFO] IPUIPlugin:80 - create IPUIPlugin
2025-11-18 00:32:26,162 [INFO] PluginManager:220 - loadIPPluginJar : add quadspi
2025-11-18 00:32:26,164 [INFO] IPUIPlugin:80 - create IPUIPlugin
2025-11-18 00:32:26,164 [INFO] PluginManager:220 - loadIPPluginJar : add radio
2025-11-18 00:32:26,168 [INFO] IPUIPlugin:80 - create IPUIPlugin
2025-11-18 00:32:26,168 [INFO] PluginManager:220 - loadIPPluginJar : add resmgrutility
2025-11-18 00:32:26,172 [INFO] IPUIPlugin:80 - create IPUIPlugin
2025-11-18 00:32:26,172 [INFO] PluginManager:220 - loadIPPluginJar : add sai
2025-11-18 00:32:26,174 [INFO] IPUIPlugin:80 - create IPUIPlugin
2025-11-18 00:32:26,176 [INFO] PluginManager:220 - loadIPPluginJar : add spi
2025-11-18 00:32:26,183 [INFO] IPUIPlugin:80 - create IPUIPlugin
2025-11-18 00:32:26,183 [INFO] PluginManager:220 - loadIPPluginJar : add stm32_wpan
2025-11-18 00:32:26,186 [INFO] IPUIPlugin:80 - create IPUIPlugin
2025-11-18 00:32:26,187 [INFO] PluginManager:220 - loadIPPluginJar : add tim
2025-11-18 00:32:26,190 [INFO] IPUIPlugin:80 - create IPUIPlugin
2025-11-18 00:32:26,190 [INFO] PluginManager:220 - loadIPPluginJar : add touchsensing
2025-11-18 00:32:26,193 [INFO] IPUIPlugin:80 - create IPUIPlugin
2025-11-18 00:32:26,193 [INFO] PluginManager:220 - loadIPPluginJar : add tracer_emb
2025-11-18 00:32:26,196 [INFO] IPUIPlugin:80 - create IPUIPlugin
2025-11-18 00:32:26,196 [INFO] PluginManager:220 - loadIPPluginJar : add ts
2025-11-18 00:32:26,197 [INFO] IPUIPlugin:80 - create IPUIPlugin
2025-11-18 00:32:26,197 [INFO] PluginManager:220 - loadIPPluginJar : add tsc
2025-11-18 00:32:26,201 [INFO] IPUIPlugin:80 - create IPUIPlugin
2025-11-18 00:32:26,201 [INFO] PluginManager:220 - loadIPPluginJar : add ucpd
2025-11-18 00:32:26,204 [INFO] IPUIPlugin:80 - create IPUIPlugin
2025-11-18 00:32:26,204 [INFO] PluginManager:220 - loadIPPluginJar : add usart
2025-11-18 00:32:26,212 [INFO] IPUIPlugin:80 - create IPUIPlugin
2025-11-18 00:32:26,212 [INFO] PluginManager:220 - loadIPPluginJar : add usbx
2025-11-18 00:32:26,381 [FATAL] Updater:351 - Updater called before beeing initialized
2025-11-18 00:32:26,420 [INFO] RulesReader:64 - Compatibility file has been processed (317 Rules)
2025-11-18 00:32:26,437 [INFO] RulesReader:64 - Compatibility file has been processed (317 Rules)
2025-11-18 00:32:26,451 [INFO] CADModel:165 - CPN selected for project level
2025-11-18 00:32:26,453 [INFO] CADModel:114 - Register for checkConnection events
2025-11-18 00:32:26,453 [FATAL] Updater:351 - Updater called before beeing initialized
2025-11-18 00:32:26,453 [ERROR] CADModel:125 - Updater not yet initialized, retry later 
2025-11-18 00:32:26,720 [FATAL] Updater:351 - Updater called before beeing initialized
2025-11-18 00:32:26,724 [INFO] CADModel:165 - CPN selected for project level
2025-11-18 00:32:26,724 [INFO] CADModel:114 - Register for checkConnection events
2025-11-18 00:32:26,724 [FATAL] Updater:351 - Updater called before beeing initialized
2025-11-18 00:32:26,724 [ERROR] CADModel:125 - Updater not yet initialized, retry later 
2025-11-18 00:32:26,731 [FATAL] Updater:351 - Updater called before beeing initialized
2025-11-18 00:32:26,975 [FATAL] Updater:351 - Updater called before beeing initialized
2025-11-18 00:32:26,984 [INFO] DbMcusAds:53 - JSON generation date=Mon Nov 10 11:43:00 CET 2025 (1762771380746)
2025-11-18 00:32:26,984 [FATAL] Updater:351 - Updater called before beeing initialized
2025-11-18 00:32:27,055 [WARN] DetailPanel:346 - Failed to get advertising image, set to default
2025-11-18 00:32:27,218 [FATAL] Updater:351 - Updater called before beeing initialized
2025-11-18 00:32:27,221 [FATAL] Updater:351 - Updater called before beeing initialized
2025-11-18 00:32:27,221 [FATAL] Updater:351 - Updater called before beeing initialized
2025-11-18 00:32:27,221 [WARN] DetailPanel:346 - Failed to get advertising image, set to default
2025-11-18 00:32:27,222 [FATAL] Updater:351 - Updater called before beeing initialized
2025-11-18 00:32:27,298 [ERROR] Updater:1198 - MainUpdater not yet initialized. External WinMGr cannot be set.
2025-11-18 00:32:27,299 [INFO] Updater:1134 - Updater Version found : 6.15.0
2025-11-18 00:32:27,319 [INFO] ApplicationProperties:184 - Using Application install path: D:\Programy Potrzebne\STM32CubeIDE_Folder\STM32CubeIDE_1.19.0\STM32CubeIDE\plugins\com.st.stm32cube.common.mx_6.15.0.202507011659
2025-11-18 00:32:28,216 [INFO] ThirdPartyUpdaterWithRetryManager:70 - Updater plugin not ready yet. [2/15]
2025-11-18 00:32:28,907 [ERROR] LogOutputStream:75 - [STDERR_REDIRECT] Nov 18, 2025 12:32:28 AM java.util.prefs.WindowsPreferences <init>
2025-11-18 00:32:28,914 [ERROR] LogOutputStream:75 - [STDERR_REDIRECT] WARNING: Could not open/create prefs root node Software\JavaSoft\Prefs at root 0xffffffff80000002. Windows RegCreateKeyEx(...) returned error code 5.
2025-11-18 00:32:28,914 [ERROR] LogOutputStream:75 - [STDERR_REDIRECT] 
2025-11-18 00:32:29,447 [INFO] MainUpdater:2872 - connection check result : 10
2025-11-18 00:32:29,448 [INFO] MainUpdater:289 - Updater Check For Update Now.
2025-11-18 00:32:29,448 [INFO] MicroXplorer:498 - Change Database Version : DB.6.0.150
2025-11-18 00:32:29,460 [INFO] McuFinderGlobals:63 - Set McuFinder mode to 2 (CubeIDE integrated)
2025-11-18 00:32:29,460 [INFO] UserAuth:171 - activating auth plugin
2025-11-18 00:32:29,464 [INFO] UserAuth:487 - Internet connection configuration mode: 1
2025-11-18 00:32:29,508 [INFO] JxBrowserEngine:152 - Initiate JxBrowser Engine with user profile folder
2025-11-18 00:32:29,703 [INFO] CheckServerUpdateThread:120 - End of CheckServer Thread
2025-11-18 00:32:31,048 [INFO] WebApp:169 - Instantiating new browser for Auth
2025-11-18 00:32:31,670 [WARN] PackLoader:240 - Cannot read IP mode file for STMicroelectronics.FP-SNS-MOTENVWB1.1.4.0
2025-11-18 00:32:31,691 [WARN] PackLoader:240 - Cannot read IP mode file for STMicroelectronics.FP-ATR-ASTRA1.2.0.2
2025-11-18 00:32:31,726 [WARN] PackLoader:240 - Cannot read IP mode file for STMicroelectronics.X-CUBE-SMBUS.2.1.0
2025-11-18 00:32:31,813 [WARN] PackLoader:240 - Cannot read IP mode file for STMicroelectronics.X-CUBE-AZRTOS-F7.1.1.0
2025-11-18 00:32:31,830 [WARN] PackLoader:240 - Cannot read IP mode file for Cesanta.I-CUBE-Mongoose.7.19.0
2025-11-18 00:32:31,857 [WARN] PackLoader:240 - Cannot read IP mode file for WES.I-CUBE-Cesium.1.4.0
2025-11-18 00:32:31,922 [WARN] PackLoader:240 - Cannot read IP mode file for Infineon.AIROC-Wi-Fi-Bluetooth-STM32.1.7.1
2025-11-18 00:32:31,983 [WARN] PackLoader:240 - Cannot read IP mode file for STMicroelectronics.X-CUBE-AZRTOS-H7.3.4.0
2025-11-18 00:32:32,000 [WARN] PackLoader:240 - Cannot read IP mode file for STMicroelectronics.X-CUBE-DISPLAY.3.0.0
2025-11-18 00:32:32,018 [WARN] PackLoader:240 - Cannot read IP mode file for STMicroelectronics.X-CUBE-NFC10.1.0.0
2025-11-18 00:32:32,029 [WARN] PackLoader:240 - Cannot read IP mode file for STMicroelectronics.X-CUBE-ST60.1.1.0
2025-11-18 00:32:32,039 [WARN] PackLoader:240 - Cannot read IP mode file for emotas.I-CUBE-CANOPEN.1.3.0
2025-11-18 00:32:32,046 [WARN] PackLoader:240 - Cannot read IP mode file for STMicroelectronics.FP-SNS-SMARTAG2.1.2.0
2025-11-18 00:32:32,054 [WARN] PackLoader:240 - Cannot read IP mode file for STMicroelectronics.FP-SNS-FLIGHT1.5.1.0
2025-11-18 00:32:32,074 [INFO] LogOutputStream:77 - [STDOUT_REDIRECT] 1 : Invalid condition id : UX_CORESTACK_Condition cause : null
2025-11-18 00:32:32,075 [INFO] LogOutputStream:77 - [STDOUT_REDIRECT] 1 : Invalid condition id : UX_CORESTACK_Condition cause : null
2025-11-18 00:32:32,079 [INFO] LogOutputStream:77 - [STDOUT_REDIRECT] 1 : Invalid condition id : UX_CORESTACK_Condition cause : null
2025-11-18 00:32:32,083 [INFO] LogOutputStream:77 - [STDOUT_REDIRECT] 1 : Invalid condition id : UX_CORESTACK_Condition cause : null
2025-11-18 00:32:32,087 [INFO] LogOutputStream:77 - [STDOUT_REDIRECT] 1 : Invalid condition id : UX_CORESTACK_Condition cause : null
2025-11-18 00:32:32,094 [WARN] PackLoader:240 - Cannot read IP mode file for STMicroelectronics.X-CUBE-AZRTOS-WL.2.0.0
2025-11-18 00:32:32,109 [WARN] PackLoader:240 - Cannot read IP mode file for STMicroelectronics.X-CUBE-BLE2.3.3.0
2025-11-18 00:32:32,124 [WARN] PackLoader:240 - Cannot read IP mode file for STMicroelectronics.X-CUBE-NFC9.1.0.0
2025-11-18 00:32:32,137 [WARN] PackLoader:240 - Cannot read IP mode file for wolfSSL.I-CUBE-wolfSSL.5.8.2
2025-11-18 00:32:32,144 [WARN] PackLoader:240 - Cannot read IP mode file for STMicroelectronics.X-CUBE-BLE1.7.1.0
2025-11-18 00:32:32,150 [WARN] PackLoader:240 - Cannot read IP mode file for wolfSSL.I-CUBE-wolfMQTT.1.19.2
2025-11-18 00:32:32,158 [WARN] PackLoader:240 - Cannot read IP mode file for STMicroelectronics.X-CUBE-ST67W61.1.1.0
2025-11-18 00:32:32,179 [WARN] PackLoader:240 - Cannot read IP mode file for STMicroelectronics.X-CUBE-AZRTOS-G0.1.1.0
2025-11-18 00:32:32,189 [WARN] PackLoader:240 - Cannot read IP mode file for STMicroelectronics.X-CUBE-NFC4.3.0.0
2025-11-18 00:32:32,203 [WARN] PackLoader:240 - Cannot read IP mode file for EmbeddedOffice.I-CUBE-FS-RTOS.1.0.1
2025-11-18 00:32:32,225 [WARN] PackLoader:240 - Cannot read IP mode file for STMicroelectronics.X-CUBE-WB05N.2.0.0
2025-11-18 00:32:32,231 [WARN] PackLoader:240 - Cannot read IP mode file for wolfSSL.I-CUBE-wolfTPM.3.8.0
2025-11-18 00:32:32,242 [WARN] PackLoader:240 - Cannot read IP mode file for STMicroelectronics.X-CUBE-TCPP.4.2.0
2025-11-18 00:32:32,251 [WARN] PackLoader:240 - Cannot read IP mode file for RealThread.X-CUBE-RT-Thread_Nano.4.1.1
2025-11-18 00:32:32,257 [WARN] PackLoader:240 - Cannot read IP mode file for STMicroelectronics.FP-ATR-SIGFOX1.3.2.0
2025-11-18 00:32:32,264 [WARN] PackLoader:240 - Cannot read IP mode file for ITTIA_DB.I-CUBE-ITTIADB.8.9.0
2025-11-18 00:32:32,302 [WARN] PackLoader:240 - Cannot read IP mode file for SEGGER.I-CUBE-embOS.1.3.1
2025-11-18 00:32:32,361 [WARN] PackLoader:240 - Cannot read IP mode file for STMicroelectronics.X-CUBE-ALGOBUILD.1.4.0
2025-11-18 00:32:32,422 [WARN] PackLoader:240 - Cannot read IP mode file for STMicroelectronics.X-CUBE-MEMS1.11.3.0
2025-11-18 00:32:32,803 [WARN] PackLoader:240 - Cannot read IP mode file for STMicroelectronics.X-CUBE-PM33A1.1.0.0
2025-11-18 00:32:32,839 [WARN] PackLoader:240 - Cannot read IP mode file for STMicroelectronics.X-CUBE-AZRTOS-F4.1.1.0
2025-11-18 00:32:32,849 [WARN] PackLoader:240 - Cannot read IP mode file for STMicroelectronics.X-CUBE-ISPU.2.1.0
2025-11-18 00:32:32,871 [WARN] PackLoader:240 - Cannot read IP mode file for STMicroelectronics.X-CUBE-IPS.3.2.0
2025-11-18 00:32:32,913 [WARN] PackLoader:240 - Cannot read IP mode file for STMicroelectronics.X-CUBE-NFC12.1.0.0
2025-11-18 00:32:32,949 [WARN] PackLoader:240 - Cannot read IP mode file for STMicroelectronics.X-CUBE-AZRTOS-L5.2.0.0
2025-11-18 00:32:32,966 [WARN] PackLoader:240 - Cannot read IP mode file for STMicroelectronics.X-CUBE-NFC6.3.1.0
2025-11-18 00:32:32,978 [WARN] PackLoader:240 - Cannot read IP mode file for STMicroelectronics.X-CUBE-FREERTOS.1.3.1
2025-11-18 00:32:32,986 [WARN] PackLoader:240 - Cannot read IP mode file for STMicroelectronics.X-CUBE-TOUCHGFX.4.26.0
2025-11-18 00:32:32,995 [WARN] PackLoader:240 - Cannot read IP mode file for STMicroelectronics.X-CUBE-DPower.1.3.0
2025-11-18 00:32:33,005 [INFO] WebApp:463 - Apply proxy settings
2025-11-18 00:32:33,005 [INFO] WebApp:548 - Chromium requires no authentication
2025-11-18 00:32:33,020 [WARN] ConditionMgr:438 - getConditionDescription Invalid condition id : LAN8742 Phy interface Condition cause : null
2025-11-18 00:32:33,020 [WARN] PackLoader:240 - Cannot read IP mode file for STMicroelectronics.X-CUBE-AZRTOS-L4.2.0.0
2025-11-18 00:32:33,022 [WARN] ConditionMgr:1044 - genDependencies : Invalid condition id : LAN8742 Phy interface Condition cause : null
2025-11-18 00:32:33,022 [WARN] ConditionMgr:1044 - genDependencies : Invalid condition id : LAN8742 Phy interface Condition cause : null
2025-11-18 00:32:33,023 [WARN] ConditionMgr:1044 - genDependencies : Invalid condition id : LAN8742 Phy interface Condition cause : null
2025-11-18 00:32:33,032 [WARN] PackLoader:240 - Cannot read IP mode file for STMicroelectronics.X-CUBE-SFXS2LP1.4.0.0
2025-11-18 00:32:33,033 [INFO] WebApp:491 - Direct internet connection detected
2025-11-18 00:32:33,050 [WARN] ConditionMgr:438 - getConditionDescription Invalid condition id : UX DEVICE CLASS RTOS Condition cause : null
2025-11-18 00:32:33,050 [WARN] ConditionMgr:438 - getConditionDescription Invalid condition id : UX DEVICE CLASS RTOS Condition cause : null
2025-11-18 00:32:33,053 [WARN] PackLoader:240 - Cannot read IP mode file for STMicroelectronics.X-CUBE-AZRTOS-WB.2.0.0
2025-11-18 00:32:33,054 [WARN] ConditionMgr:1044 - genDependencies : Invalid condition id : UX DEVICE CLASS RTOS Condition cause : null
2025-11-18 00:32:33,054 [WARN] ConditionMgr:1044 - genDependencies : Invalid condition id : UX DEVICE CLASS RTOS Condition cause : null
2025-11-18 00:32:33,055 [WARN] ConditionMgr:1044 - genDependencies : Invalid condition id : UX DEVICE CLASS RTOS Condition cause : null
2025-11-18 00:32:33,055 [WARN] ConditionMgr:1044 - genDependencies : Invalid condition id : UX DEVICE CLASS RTOS Condition cause : null
2025-11-18 00:32:33,055 [WARN] ConditionMgr:1044 - genDependencies : Invalid condition id : UX DEVICE CLASS RTOS Condition cause : null
2025-11-18 00:32:33,062 [WARN] ConditionMgr:438 - getConditionDescription Invalid condition id : Cortex-A Device cause : null
2025-11-18 00:32:33,081 [WARN] ConditionMgr:1044 - genDependencies : Invalid condition id : Cortex-A Device cause : null
2025-11-18 00:32:33,081 [WARN] ConditionMgr:1044 - genDependencies : Invalid condition id : Cortex-A Device cause : null
2025-11-18 00:32:33,081 [WARN] ConditionMgr:1044 - genDependencies : Invalid condition id : Cortex-A Device cause : null
2025-11-18 00:32:33,093 [WARN] PackLoader:240 - Cannot read IP mode file for STMicroelectronics.X-CUBE-SUBG2.5.0.0
2025-11-18 00:32:33,118 [WARN] PackLoader:240 - Cannot read IP mode file for STMicroelectronics.X-CUBE-AZRTOS-H7RS.1.1.0
2025-11-18 00:32:33,132 [INFO] WebApp:900 - Register for checkConnection events
2025-11-18 00:32:33,132 [INFO] WebApp:463 - Apply proxy settings
2025-11-18 00:32:33,132 [INFO] WebApp:548 - Chromium requires no authentication
2025-11-18 00:32:33,133 [INFO] WebApp:491 - Direct internet connection detected
2025-11-18 00:32:33,137 [WARN] PackLoader:240 - Cannot read IP mode file for STMicroelectronics.X-CUBE-AZRTOS-G4.2.0.0
2025-11-18 00:32:33,144 [WARN] PackLoader:240 - Cannot read IP mode file for wolfSSL.I-CUBE-wolfSSH.1.4.20
2025-11-18 00:32:33,150 [WARN] PackLoader:240 - Cannot read IP mode file for STMicroelectronics.X-CUBE-NFC7.2.0.0
2025-11-18 00:32:33,156 [WARN] PackLoader:240 - Cannot read IP mode file for STMicroelectronics.X-CUBE-ALS.1.0.2
2025-11-18 00:32:33,164 [WARN] PackLoader:240 - Cannot read IP mode file for STMicroelectronics.X-CUBE-STSE01.1.0.0
2025-11-18 00:32:33,177 [WARN] PackLoader:240 - Cannot read IP mode file for STMicroelectronics.X-CUBE-TOF1.3.4.3
2025-11-18 00:32:33,189 [INFO] ThirdParty:978 - Integrity check success = true
2025-11-18 00:32:33,189 [INFO] IntegrityCheckThread:100 - exiting critical section [integrity check]
2025-11-18 00:32:33,189 [INFO] IntegrityCheckThread:103 - End integrity checks thread
2025-11-18 00:32:33,332 [INFO] WebApp:191 - Connection restablished
2025-11-18 00:32:33,663 [INFO] WebApp:225 - Starting web application
2025-11-18 00:32:33,663 [INFO] WebApp:593 - Web application path used D:\Programy Potrzebne\STM32CubeIDE_Folder\STM32CubeIDE_1.19.0\STM32CubeIDE\plugins\com.st.stm32cube.common.mx_6.15.0.202507011659\db\plugins\mcufinder\reactClient1\index.html
2025-11-18 00:33:44,744 [ERROR] LogOutputStream:75 - [STDERR_REDIRECT] 
2025-11-18 00:33:44,750 [ERROR] LogOutputStream:75 - [STDERR_REDIRECT] 
