2025-12-15 21:57:11,688 [INFO] Activator:176 - 


2025-12-15 21:57:11,704 [INFO] Activator:177 - !SESSION log4j initialized
2025-12-15 21:57:20,744 [INFO] LogOutputStream:77 - [STDOUT_REDIRECT] 
2025-12-15 21:57:23,337 [INFO] ApplicationProperties:184 - Using Application install path: D:\Programy Potrzebne\STM32CubeIDE_Folder\STM32CubeIDE_1.19.0\STM32CubeIDE\plugins\com.st.stm32cube.common.mx_6.15.0.202507011659
2025-12-15 21:57:23,371 [INFO] DbMcusXml:78 - Set database path to: D:\Programy Potrzebne\STM32CubeIDE_Folder\STM32CubeIDE_1.19.0\STM32CubeIDE\plugins\com.st.stm32cube.common.mx_6.15.0.202507011659\\db\/mcu/
2025-12-15 21:57:23,372 [INFO] ApiDb:274 - Set plugin database path to: D:\Programy Potrzebne\STM32CubeIDE_Folder\STM32CubeIDE_1.19.0\STM32CubeIDE\plugins\com.st.stm32cube.common.mx_6.15.0.202507011659\\db\/plugins/boardmanager/
2025-12-15 21:57:23,372 [WARN] ApiDb:259 - Overriding images path with different value:  => D:\Programy Potrzebne\STM32CubeIDE_Folder\STM32CubeIDE_1.19.0\STM32CubeIDE\plugins\com.st.stm32cube.common.mx_6.15.0.202507011659\\db\/plugins/mcufinder/images/
2025-12-15 21:57:23,384 [INFO] ApiDb:250 - Set database path to: C:\Users\dryla\.stmcufinder\plugins\mcufinder//mcu/
2025-12-15 21:57:23,386 [INFO] DbMcusAds:125 - Set database path to: C:\Users\dryla\.stmcufinder\plugins\mcufinder//mcu/
2025-12-15 21:57:23,389 [INFO] CrossReferenceDbSqlite:203 - Set database path to: C:\Users\dryla\.stmcufinder\plugins\mcufinder//mcu/cs/
2025-12-15 21:57:23,588 [INFO] RulesReader:64 - Compatibility file has been processed (317 Rules)
2025-12-15 21:57:23,766 [INFO] DbMcusXml:78 - Set database path to: D:\Programy Potrzebne\STM32CubeIDE_Folder\STM32CubeIDE_1.19.0\STM32CubeIDE\plugins\com.st.stm32cube.common.mx_6.15.0.202507011659\\db\/mcu/
2025-12-15 21:57:23,766 [INFO] ApiDb:274 - Set plugin database path to: D:\Programy Potrzebne\STM32CubeIDE_Folder\STM32CubeIDE_1.19.0\STM32CubeIDE\plugins\com.st.stm32cube.common.mx_6.15.0.202507011659\\db\/plugins/boardmanager/
2025-12-15 21:57:23,766 [INFO] ApiDb:261 - Set plugin images path to: D:\Programy Potrzebne\STM32CubeIDE_Folder\STM32CubeIDE_1.19.0\STM32CubeIDE\plugins\com.st.stm32cube.common.mx_6.15.0.202507011659\\db\/plugins/mcufinder/images/
2025-12-15 21:57:23,766 [WARN] DbFile:41 - Overriding database path with different value: C:\Users\dryla\.stmcufinder\plugins\mcufinder/ => C:\Users\dryla\.stmcufinder\plugins\mcufinder
2025-12-15 21:57:23,766 [INFO] ApiDb:250 - Set database path to: C:\Users\dryla\.stmcufinder\plugins\mcufinder//mcu/
2025-12-15 21:57:23,767 [WARN] DbFile:41 - Overriding database path with different value: C:\Users\dryla\.stmcufinder\plugins\mcufinder/ => C:\Users\dryla\.stmcufinder\plugins\mcufinder
2025-12-15 21:57:23,767 [INFO] DbMcusAds:125 - Set database path to: C:\Users\dryla\.stmcufinder\plugins\mcufinder//mcu/
2025-12-15 21:57:23,767 [WARN] DbFile:41 - Overriding database path with different value: C:\Users\dryla\.stmcufinder\plugins\mcufinder/ => C:\Users\dryla\.stmcufinder\plugins\mcufinder
2025-12-15 21:57:23,767 [WARN] DbFile:41 - Overriding database path with different value: C:\Users\dryla\.stmcufinder\plugins\mcufinder/ => C:\Users\dryla\.stmcufinder\plugins\mcufinder
2025-12-15 21:57:23,767 [INFO] CrossReferenceDbSqlite:203 - Set database path to: C:\Users\dryla\.stmcufinder\plugins\mcufinder//mcu/cs/
2025-12-15 21:57:23,891 [INFO] MainPanel:274 - HeapMemory: 268435456
2025-12-15 21:57:24,053 [INFO] DbMcusXml:78 - Set database path to: D:\Programy Potrzebne\STM32CubeIDE_Folder\STM32CubeIDE_1.19.0\STM32CubeIDE\plugins\com.st.stm32cube.common.mx_6.15.0.202507011659\\db\/mcu/
2025-12-15 21:57:24,054 [INFO] ApiDb:274 - Set plugin database path to: D:\Programy Potrzebne\STM32CubeIDE_Folder\STM32CubeIDE_1.19.0\STM32CubeIDE\plugins\com.st.stm32cube.common.mx_6.15.0.202507011659\\db\/plugins/boardmanager/
2025-12-15 21:57:24,054 [INFO] ApiDb:261 - Set plugin images path to: D:\Programy Potrzebne\STM32CubeIDE_Folder\STM32CubeIDE_1.19.0\STM32CubeIDE\plugins\com.st.stm32cube.common.mx_6.15.0.202507011659\\db\/plugins/mcufinder/images/
2025-12-15 21:57:24,055 [WARN] DbFile:41 - Overriding database path with different value: C:\Users\dryla\.stmcufinder\plugins\mcufinder/ => C:\Users\dryla\.stmcufinder\plugins\mcufinder
2025-12-15 21:57:24,055 [INFO] ApiDb:250 - Set database path to: C:\Users\dryla\.stmcufinder\plugins\mcufinder//mcu/
2025-12-15 21:57:24,055 [WARN] DbFile:41 - Overriding database path with different value: C:\Users\dryla\.stmcufinder\plugins\mcufinder/ => C:\Users\dryla\.stmcufinder\plugins\mcufinder
2025-12-15 21:57:24,056 [INFO] DbMcusAds:125 - Set database path to: C:\Users\dryla\.stmcufinder\plugins\mcufinder//mcu/
2025-12-15 21:57:24,056 [WARN] DbFile:41 - Overriding database path with different value: C:\Users\dryla\.stmcufinder\plugins\mcufinder/ => C:\Users\dryla\.stmcufinder\plugins\mcufinder
2025-12-15 21:57:24,056 [WARN] DbFile:41 - Overriding database path with different value: C:\Users\dryla\.stmcufinder\plugins\mcufinder/ => C:\Users\dryla\.stmcufinder\plugins\mcufinder
2025-12-15 21:57:24,056 [INFO] CrossReferenceDbSqlite:203 - Set database path to: C:\Users\dryla\.stmcufinder\plugins\mcufinder//mcu/cs/
2025-12-15 21:57:24,087 [INFO] ApplicationProperties:184 - Using Application install path: D:\Programy Potrzebne\STM32CubeIDE_Folder\STM32CubeIDE_1.19.0\STM32CubeIDE\plugins\com.st.stm32cube.common.mx_6.15.0.202507011659
2025-12-15 21:57:24,089 [INFO] PluginManage:196 - Search for loadable plugins [exclusion list=, ]
2025-12-15 21:57:24,091 [INFO] PluginManage:310 - Check plugin analytics
2025-12-15 21:57:24,408 [INFO] AnalyticsPlugin:253 - Accepted Software Licenses: 
2025-12-15 21:57:24,408 [INFO] AnalyticsPlugin:255 - Accepted CMSIS Pack Licenses: 
2025-12-15 21:57:24,408 [INFO] AnalyticsPlugin:257 - Accepted Firmware Licenses: FW.F4.1.28.0,FW.G4.1.6.0
2025-12-15 21:57:24,414 [INFO] PluginManage:359 - Loaded plugin analytics (category:tool,tabindex:-1)
2025-12-15 21:57:24,414 [INFO] PluginManage:310 - Check plugin cadmodel
2025-12-15 21:57:24,423 [INFO] CADModel:105 - Init CAD model plugin
2025-12-15 21:57:24,424 [INFO] PluginManage:359 - Loaded plugin cadmodel (category:power,tabindex:5)
2025-12-15 21:57:24,424 [INFO] PluginManage:310 - Check plugin clock
2025-12-15 21:57:24,443 [INFO] PluginManage:359 - Loaded plugin clock (category:base,tabindex:2)
2025-12-15 21:57:24,444 [INFO] PluginManage:310 - Check plugin ddr
2025-12-15 21:57:24,449 [INFO] PluginManage:359 - Loaded plugin ddr (category:tool,tabindex:6)
2025-12-15 21:57:24,450 [INFO] PluginManage:310 - Check plugin filemanager
2025-12-15 21:57:24,720 [INFO] PluginManage:359 - Loaded plugin filemanager (category:base,tabindex:10)
2025-12-15 21:57:24,720 [INFO] PluginManage:310 - Check plugin ipmanager
2025-12-15 21:57:24,732 [INFO] PluginManage:359 - Loaded plugin ipmanager (category:base,tabindex:5)
2025-12-15 21:57:24,732 [INFO] PluginManage:310 - Check plugin lpbam
2025-12-15 21:57:24,745 [INFO] PluginManage:359 - Loaded plugin lpbam (category:base,tabindex:0)
2025-12-15 21:57:24,745 [INFO] PluginManage:310 - Check plugin memorymap
2025-12-15 21:57:24,768 [INFO] PluginManage:359 - Loaded plugin memorymap (category:base,tabindex:4)
2025-12-15 21:57:24,768 [INFO] PluginManage:310 - Check plugin pinoutandconfiguration
2025-12-15 21:57:24,781 [INFO] PluginManage:359 - Loaded plugin pinoutandconfiguration (category:base,tabindex:1)
2025-12-15 21:57:24,781 [INFO] PluginManage:310 - Check plugin pinoutconfig
2025-12-15 21:57:24,959 [WARN] SupportedApi:132 - Cannot load RTOS API schema: s4s-elt-must-match.1: The content of 'definitions' must match (annotation?, (simpleType | complexType)?, (unique | key | keyref)*)). A problem was found starting at: attribute.
2025-12-15 21:57:25,217 [INFO] PluginManage:359 - Loaded plugin pinoutconfig (category:base,tabindex:0)
2025-12-15 21:57:25,218 [INFO] PluginManage:310 - Check plugin power
2025-12-15 21:57:25,244 [INFO] PluginManage:359 - Loaded plugin power (category:power,tabindex:4)
2025-12-15 21:57:25,244 [INFO] PluginManage:310 - Check plugin projectmanager
2025-12-15 21:57:25,276 [INFO] PluginManage:359 - Loaded plugin projectmanager (category:projectmanager,tabindex:4)
2025-12-15 21:57:25,276 [INFO] PluginManage:310 - Check plugin rif
2025-12-15 21:57:25,306 [INFO] PluginManage:359 - Loaded plugin rif (category:base,tabindex:3)
2025-12-15 21:57:25,307 [INFO] PluginManage:310 - Check plugin thirdparty
2025-12-15 21:57:25,532 [INFO] PluginManage:359 - Loaded plugin thirdparty (category:base,tabindex:-1)
2025-12-15 21:57:25,532 [WARN] IntegrityCheckThread:84 - waiting for thirdparty lock release [integrity check]
2025-12-15 21:57:25,532 [INFO] PluginManage:310 - Check plugin tools
2025-12-15 21:57:25,532 [INFO] IntegrityCheckThread:86 - entering critical section [integrity check]
2025-12-15 21:57:25,534 [INFO] ThirdPartyUpdaterWithRetryManager:70 - Updater plugin not ready yet. [1/15]
2025-12-15 21:57:25,539 [INFO] PluginManage:359 - Loaded plugin tools (category:base,tabindex:7)
2025-12-15 21:57:25,540 [INFO] PluginManage:310 - Check plugin tutovideos
2025-12-15 21:57:25,916 [INFO] PluginManage:359 - Loaded plugin tutovideos (category:base,tabindex:-1)
2025-12-15 21:57:25,917 [INFO] PluginManage:310 - Check plugin updater
2025-12-15 21:57:25,950 [INFO] PluginManage:359 - Loaded plugin updater (category:base,tabindex:12)
2025-12-15 21:57:25,951 [INFO] PluginManage:310 - Check plugin userauth
2025-12-15 21:57:25,958 [INFO] UserAuth:118 - Init User Auth plugin
2025-12-15 21:57:25,960 [INFO] PluginManage:359 - Loaded plugin userauth (category:base,tabindex:14)
2025-12-15 21:57:25,961 [INFO] PluginManage:283 - PluginManage : Loaded plugins [18]
2025-12-15 21:57:26,332 [INFO] PinOutPanel:1589 - setPackage(No Configuration,No Configuration)
2025-12-15 21:57:26,481 [INFO] CADModel:165 - CPN selected for project level
2025-12-15 21:57:26,481 [INFO] CADModel:114 - Register for checkConnection events
2025-12-15 21:57:26,511 [INFO] IPUIPlugin:80 - create IPUIPlugin
2025-12-15 21:57:26,512 [INFO] PluginManager:220 - loadIPPluginJar : add adc
2025-12-15 21:57:26,517 [INFO] IPUIPlugin:80 - create IPUIPlugin
2025-12-15 21:57:26,517 [INFO] PluginManager:220 - loadIPPluginJar : add aes
2025-12-15 21:57:26,521 [INFO] IPUIPlugin:80 - create IPUIPlugin
2025-12-15 21:57:26,522 [INFO] PluginManager:220 - loadIPPluginJar : add can
2025-12-15 21:57:26,525 [INFO] IPUIPlugin:80 - create IPUIPlugin
2025-12-15 21:57:26,525 [INFO] PluginManager:220 - loadIPPluginJar : add comp
2025-12-15 21:57:26,532 [INFO] IPUIPlugin:80 - create IPUIPlugin
2025-12-15 21:57:26,532 [INFO] PluginManager:220 - loadIPPluginJar : add cryp
2025-12-15 21:57:26,539 [INFO] IPUIPlugin:80 - create IPUIPlugin
2025-12-15 21:57:26,539 [INFO] PluginManager:220 - loadIPPluginJar : add ddr_ctrl_phy
2025-12-15 21:57:26,543 [INFO] IPUIPlugin:80 - create IPUIPlugin
2025-12-15 21:57:26,543 [INFO] PluginManager:220 - loadIPPluginJar : add dfsdm
2025-12-15 21:57:26,555 [INFO] IPUIPlugin:80 - create IPUIPlugin
2025-12-15 21:57:26,558 [INFO] PluginManager:220 - loadIPPluginJar : add dma
2025-12-15 21:57:26,564 [INFO] IPUIPlugin:80 - create IPUIPlugin
2025-12-15 21:57:26,564 [INFO] PluginManager:220 - loadIPPluginJar : add dma3
2025-12-15 21:57:26,573 [INFO] IPUIPlugin:80 - create IPUIPlugin
2025-12-15 21:57:26,573 [INFO] PluginManager:220 - loadIPPluginJar : add extmemmanager
2025-12-15 21:57:26,576 [INFO] IPUIPlugin:80 - create IPUIPlugin
2025-12-15 21:57:26,576 [INFO] PluginManager:220 - loadIPPluginJar : add fatfs
2025-12-15 21:57:26,583 [INFO] IPUIPlugin:80 - create IPUIPlugin
2025-12-15 21:57:26,583 [INFO] PluginManager:220 - loadIPPluginJar : add fmc
2025-12-15 21:57:26,599 [INFO] IPUIPlugin:80 - create IPUIPlugin
2025-12-15 21:57:26,600 [INFO] PluginManager:220 - loadIPPluginJar : add freertos
2025-12-15 21:57:26,603 [INFO] IPUIPlugin:80 - create IPUIPlugin
2025-12-15 21:57:26,603 [INFO] PluginManager:220 - loadIPPluginJar : add genericplugin
2025-12-15 21:57:26,607 [INFO] IPUIPlugin:80 - create IPUIPlugin
2025-12-15 21:57:26,607 [INFO] PluginManager:220 - loadIPPluginJar : add gfxmmu
2025-12-15 21:57:26,613 [INFO] IPUIPlugin:80 - create IPUIPlugin
2025-12-15 21:57:26,614 [INFO] PluginManager:220 - loadIPPluginJar : add gic
2025-12-15 21:57:26,620 [INFO] IPUIPlugin:80 - create IPUIPlugin
2025-12-15 21:57:26,620 [INFO] PluginManager:220 - loadIPPluginJar : add gpio
2025-12-15 21:57:26,624 [INFO] IPUIPlugin:80 - create IPUIPlugin
2025-12-15 21:57:26,624 [INFO] PluginManager:220 - loadIPPluginJar : add gtzc
2025-12-15 21:57:26,628 [INFO] IPUIPlugin:80 - create IPUIPlugin
2025-12-15 21:57:26,628 [INFO] PluginManager:220 - loadIPPluginJar : add hash
2025-12-15 21:57:26,631 [INFO] IPUIPlugin:80 - create IPUIPlugin
2025-12-15 21:57:26,632 [INFO] PluginManager:220 - loadIPPluginJar : add i2c
2025-12-15 21:57:26,636 [INFO] IPUIPlugin:80 - create IPUIPlugin
2025-12-15 21:57:26,637 [INFO] PluginManager:220 - loadIPPluginJar : add i2s
2025-12-15 21:57:26,644 [INFO] IPUIPlugin:80 - create IPUIPlugin
2025-12-15 21:57:26,644 [INFO] PluginManager:220 - loadIPPluginJar : add i3c
2025-12-15 21:57:26,650 [INFO] IPUIPlugin:80 - create IPUIPlugin
2025-12-15 21:57:26,651 [INFO] PluginManager:220 - loadIPPluginJar : add ipddr
2025-12-15 21:57:26,661 [INFO] IPUIPlugin:80 - create IPUIPlugin
2025-12-15 21:57:26,661 [INFO] PluginManager:220 - loadIPPluginJar : add linkedlist
2025-12-15 21:57:26,665 [INFO] IPUIPlugin:80 - create IPUIPlugin
2025-12-15 21:57:26,666 [INFO] PluginManager:220 - loadIPPluginJar : add lorawan
2025-12-15 21:57:26,668 [INFO] IPUIPlugin:80 - create IPUIPlugin
2025-12-15 21:57:26,668 [INFO] PluginManager:220 - loadIPPluginJar : add ltdc
2025-12-15 21:57:26,676 [INFO] IPUIPlugin:80 - create IPUIPlugin
2025-12-15 21:57:26,677 [INFO] PluginManager:220 - loadIPPluginJar : add mdma
2025-12-15 21:57:26,681 [INFO] IPUIPlugin:80 - create IPUIPlugin
2025-12-15 21:57:26,681 [INFO] PluginManager:220 - loadIPPluginJar : add nvic
2025-12-15 21:57:26,686 [INFO] IPUIPlugin:80 - create IPUIPlugin
2025-12-15 21:57:26,686 [INFO] PluginManager:220 - loadIPPluginJar : add opamp
2025-12-15 21:57:26,692 [INFO] IPUIPlugin:80 - create IPUIPlugin
2025-12-15 21:57:26,692 [INFO] PluginManager:220 - loadIPPluginJar : add openamp
2025-12-15 21:57:26,698 [INFO] IPUIPlugin:80 - create IPUIPlugin
2025-12-15 21:57:26,698 [INFO] PluginManager:220 - loadIPPluginJar : add pdm2pcm
2025-12-15 21:57:26,705 [INFO] IPUIPlugin:80 - create IPUIPlugin
2025-12-15 21:57:26,712 [INFO] PluginManager:220 - loadIPPluginJar : add plateformsettings
2025-12-15 21:57:26,714 [INFO] IPUIPlugin:80 - create IPUIPlugin
2025-12-15 21:57:26,714 [INFO] PluginManager:220 - loadIPPluginJar : add quadspi
2025-12-15 21:57:26,718 [INFO] IPUIPlugin:80 - create IPUIPlugin
2025-12-15 21:57:26,719 [INFO] PluginManager:220 - loadIPPluginJar : add radio
2025-12-15 21:57:26,726 [INFO] IPUIPlugin:80 - create IPUIPlugin
2025-12-15 21:57:26,726 [INFO] PluginManager:220 - loadIPPluginJar : add resmgrutility
2025-12-15 21:57:26,735 [INFO] IPUIPlugin:80 - create IPUIPlugin
2025-12-15 21:57:26,735 [INFO] PluginManager:220 - loadIPPluginJar : add sai
2025-12-15 21:57:26,740 [INFO] IPUIPlugin:80 - create IPUIPlugin
2025-12-15 21:57:26,740 [INFO] PluginManager:220 - loadIPPluginJar : add spi
2025-12-15 21:57:26,749 [INFO] IPUIPlugin:80 - create IPUIPlugin
2025-12-15 21:57:26,749 [INFO] PluginManager:220 - loadIPPluginJar : add stm32_wpan
2025-12-15 21:57:26,753 [INFO] IPUIPlugin:80 - create IPUIPlugin
2025-12-15 21:57:26,753 [INFO] PluginManager:220 - loadIPPluginJar : add tim
2025-12-15 21:57:26,759 [INFO] IPUIPlugin:80 - create IPUIPlugin
2025-12-15 21:57:26,759 [INFO] PluginManager:220 - loadIPPluginJar : add touchsensing
2025-12-15 21:57:26,763 [INFO] IPUIPlugin:80 - create IPUIPlugin
2025-12-15 21:57:26,763 [INFO] PluginManager:220 - loadIPPluginJar : add tracer_emb
2025-12-15 21:57:26,769 [INFO] IPUIPlugin:80 - create IPUIPlugin
2025-12-15 21:57:26,769 [INFO] PluginManager:220 - loadIPPluginJar : add ts
2025-12-15 21:57:26,772 [INFO] IPUIPlugin:80 - create IPUIPlugin
2025-12-15 21:57:26,772 [INFO] PluginManager:220 - loadIPPluginJar : add tsc
2025-12-15 21:57:26,776 [INFO] IPUIPlugin:80 - create IPUIPlugin
2025-12-15 21:57:26,777 [INFO] PluginManager:220 - loadIPPluginJar : add ucpd
2025-12-15 21:57:26,782 [INFO] IPUIPlugin:80 - create IPUIPlugin
2025-12-15 21:57:26,783 [INFO] PluginManager:220 - loadIPPluginJar : add usart
2025-12-15 21:57:26,790 [INFO] IPUIPlugin:80 - create IPUIPlugin
2025-12-15 21:57:26,791 [INFO] PluginManager:220 - loadIPPluginJar : add usbx
2025-12-15 21:57:26,973 [FATAL] Updater:351 - Updater called before beeing initialized
2025-12-15 21:57:27,018 [INFO] RulesReader:64 - Compatibility file has been processed (317 Rules)
2025-12-15 21:57:27,033 [INFO] RulesReader:64 - Compatibility file has been processed (317 Rules)
2025-12-15 21:57:27,045 [INFO] CADModel:165 - CPN selected for project level
2025-12-15 21:57:27,046 [INFO] CADModel:114 - Register for checkConnection events
2025-12-15 21:57:27,046 [FATAL] Updater:351 - Updater called before beeing initialized
2025-12-15 21:57:27,046 [ERROR] CADModel:125 - Updater not yet initialized, retry later 
2025-12-15 21:57:27,336 [FATAL] Updater:351 - Updater called before beeing initialized
2025-12-15 21:57:27,340 [INFO] CADModel:165 - CPN selected for project level
2025-12-15 21:57:27,340 [INFO] CADModel:114 - Register for checkConnection events
2025-12-15 21:57:27,340 [FATAL] Updater:351 - Updater called before beeing initialized
2025-12-15 21:57:27,340 [ERROR] CADModel:125 - Updater not yet initialized, retry later 
2025-12-15 21:57:27,346 [FATAL] Updater:351 - Updater called before beeing initialized
2025-12-15 21:57:27,561 [FATAL] Updater:351 - Updater called before beeing initialized
2025-12-15 21:57:27,572 [INFO] DbMcusAds:53 - JSON generation date=Fri Dec 05 10:13:14 CET 2025 (1764925994568)
2025-12-15 21:57:27,572 [FATAL] Updater:351 - Updater called before beeing initialized
2025-12-15 21:57:27,654 [WARN] DetailPanel:346 - Failed to get advertising image, set to default
2025-12-15 21:57:27,811 [FATAL] Updater:351 - Updater called before beeing initialized
2025-12-15 21:57:27,813 [FATAL] Updater:351 - Updater called before beeing initialized
2025-12-15 21:57:27,813 [FATAL] Updater:351 - Updater called before beeing initialized
2025-12-15 21:57:27,813 [WARN] DetailPanel:346 - Failed to get advertising image, set to default
2025-12-15 21:57:27,814 [FATAL] Updater:351 - Updater called before beeing initialized
2025-12-15 21:57:27,900 [ERROR] Updater:1198 - MainUpdater not yet initialized. External WinMGr cannot be set.
2025-12-15 21:57:27,904 [INFO] Updater:1134 - Updater Version found : 6.15.0
2025-12-15 21:57:27,928 [INFO] ApplicationProperties:184 - Using Application install path: D:\Programy Potrzebne\STM32CubeIDE_Folder\STM32CubeIDE_1.19.0\STM32CubeIDE\plugins\com.st.stm32cube.common.mx_6.15.0.202507011659
2025-12-15 21:57:28,534 [INFO] ThirdPartyUpdaterWithRetryManager:70 - Updater plugin not ready yet. [2/15]
2025-12-15 21:57:29,514 [ERROR] LogOutputStream:75 - [STDERR_REDIRECT] Dec 15, 2025 9:57:29 PM java.util.prefs.WindowsPreferences <init>
2025-12-15 21:57:29,516 [ERROR] LogOutputStream:75 - [STDERR_REDIRECT] WARNING: Could not open/create prefs root node Software\JavaSoft\Prefs at root 0xffffffff80000002. Windows RegCreateKeyEx(...) returned error code 5.
2025-12-15 21:57:29,516 [ERROR] LogOutputStream:75 - [STDERR_REDIRECT] 
2025-12-15 21:57:30,121 [INFO] MainUpdater:2872 - connection check result : 10
2025-12-15 21:57:30,123 [INFO] MainUpdater:289 - Updater Check For Update Now.
2025-12-15 21:57:30,123 [INFO] MicroXplorer:498 - Change Database Version : DB.6.0.150
2025-12-15 21:57:30,141 [INFO] McuFinderGlobals:63 - Set McuFinder mode to 2 (CubeIDE integrated)
2025-12-15 21:57:30,141 [INFO] UserAuth:171 - activating auth plugin
2025-12-15 21:57:30,144 [INFO] UserAuth:487 - Internet connection configuration mode: 1
2025-12-15 21:57:30,189 [INFO] JxBrowserEngine:152 - Initiate JxBrowser Engine with user profile folder
2025-12-15 21:57:30,365 [INFO] CheckServerUpdateThread:120 - End of CheckServer Thread
2025-12-15 21:57:31,947 [INFO] WebApp:169 - Instantiating new browser for Auth
2025-12-15 21:57:31,987 [WARN] PackLoader:240 - Cannot read IP mode file for STMicroelectronics.FP-SNS-MOTENVWB1.1.4.0
2025-12-15 21:57:32,022 [WARN] PackLoader:240 - Cannot read IP mode file for STMicroelectronics.FP-ATR-ASTRA1.2.0.2
2025-12-15 21:57:32,046 [WARN] PackLoader:240 - Cannot read IP mode file for STMicroelectronics.X-CUBE-SMBUS.2.1.0
2025-12-15 21:57:32,125 [WARN] PackLoader:240 - Cannot read IP mode file for STMicroelectronics.X-CUBE-AZRTOS-F7.1.1.0
2025-12-15 21:57:32,142 [WARN] PackLoader:240 - Cannot read IP mode file for Cesanta.I-CUBE-Mongoose.7.19.0
2025-12-15 21:57:32,164 [WARN] PackLoader:240 - Cannot read IP mode file for WES.I-CUBE-Cesium.1.4.0
2025-12-15 21:57:32,230 [WARN] PackLoader:240 - Cannot read IP mode file for Infineon.AIROC-Wi-Fi-Bluetooth-STM32.1.7.1
2025-12-15 21:57:32,279 [WARN] PackLoader:240 - Cannot read IP mode file for STMicroelectronics.X-CUBE-AZRTOS-H7.3.4.0
2025-12-15 21:57:32,297 [WARN] PackLoader:240 - Cannot read IP mode file for STMicroelectronics.X-CUBE-DISPLAY.3.0.0
2025-12-15 21:57:32,314 [WARN] PackLoader:240 - Cannot read IP mode file for STMicroelectronics.X-CUBE-NFC10.1.0.0
2025-12-15 21:57:32,325 [WARN] PackLoader:240 - Cannot read IP mode file for STMicroelectronics.X-CUBE-ST60.1.1.0
2025-12-15 21:57:32,337 [WARN] PackLoader:240 - Cannot read IP mode file for emotas.I-CUBE-CANOPEN.1.3.0
2025-12-15 21:57:32,345 [WARN] PackLoader:240 - Cannot read IP mode file for STMicroelectronics.FP-SNS-SMARTAG2.1.2.0
2025-12-15 21:57:32,352 [WARN] PackLoader:240 - Cannot read IP mode file for STMicroelectronics.FP-SNS-FLIGHT1.5.1.0
2025-12-15 21:57:32,370 [INFO] LogOutputStream:77 - [STDOUT_REDIRECT] 1 : Invalid condition id : UX_CORESTACK_Condition cause : null
2025-12-15 21:57:32,372 [INFO] LogOutputStream:77 - [STDOUT_REDIRECT] 1 : Invalid condition id : UX_CORESTACK_Condition cause : null
2025-12-15 21:57:32,376 [INFO] LogOutputStream:77 - [STDOUT_REDIRECT] 1 : Invalid condition id : UX_CORESTACK_Condition cause : null
2025-12-15 21:57:32,379 [INFO] LogOutputStream:77 - [STDOUT_REDIRECT] 1 : Invalid condition id : UX_CORESTACK_Condition cause : null
2025-12-15 21:57:32,383 [INFO] LogOutputStream:77 - [STDOUT_REDIRECT] 1 : Invalid condition id : UX_CORESTACK_Condition cause : null
2025-12-15 21:57:32,393 [WARN] PackLoader:240 - Cannot read IP mode file for STMicroelectronics.X-CUBE-AZRTOS-WL.2.0.0
2025-12-15 21:57:32,442 [WARN] PackLoader:240 - Cannot read IP mode file for STMicroelectronics.X-CUBE-AZRTOS-H7RS.1.2.0
2025-12-15 21:57:32,461 [WARN] PackLoader:240 - Cannot read IP mode file for STMicroelectronics.X-CUBE-BLE2.3.3.0
2025-12-15 21:57:32,473 [WARN] PackLoader:240 - Cannot read IP mode file for STMicroelectronics.X-CUBE-NFC9.1.0.0
2025-12-15 21:57:32,487 [WARN] PackLoader:240 - Cannot read IP mode file for wolfSSL.I-CUBE-wolfSSL.5.8.2
2025-12-15 21:57:32,498 [WARN] PackLoader:240 - Cannot read IP mode file for STMicroelectronics.X-CUBE-BLE1.7.1.0
2025-12-15 21:57:32,506 [WARN] PackLoader:240 - Cannot read IP mode file for wolfSSL.I-CUBE-wolfMQTT.1.19.2
2025-12-15 21:57:32,518 [WARN] PackLoader:240 - Cannot read IP mode file for STMicroelectronics.X-CUBE-FREERTOS.1.4.0
2025-12-15 21:57:32,531 [WARN] PackLoader:240 - Cannot read IP mode file for STMicroelectronics.X-CUBE-ST67W61.1.1.0
2025-12-15 21:57:32,632 [WARN] PackLoader:240 - Cannot read IP mode file for STMicroelectronics.X-CUBE-MEMS1.12.0.0
2025-12-15 21:57:32,862 [WARN] PackLoader:240 - Cannot read IP mode file for STMicroelectronics.X-CUBE-AZRTOS-G0.1.1.0
2025-12-15 21:57:32,874 [WARN] PackLoader:240 - Cannot read IP mode file for STMicroelectronics.X-CUBE-NFC4.3.0.0
2025-12-15 21:57:32,888 [WARN] PackLoader:240 - Cannot read IP mode file for EmbeddedOffice.I-CUBE-FS-RTOS.1.0.1
2025-12-15 21:57:32,898 [WARN] PackLoader:240 - Cannot read IP mode file for STMicroelectronics.X-CUBE-WB05N.2.0.0
2025-12-15 21:57:32,905 [WARN] PackLoader:240 - Cannot read IP mode file for wolfSSL.I-CUBE-wolfTPM.3.8.0
2025-12-15 21:57:32,916 [WARN] PackLoader:240 - Cannot read IP mode file for STMicroelectronics.X-CUBE-TCPP.4.2.0
2025-12-15 21:57:32,926 [WARN] PackLoader:240 - Cannot read IP mode file for RealThread.X-CUBE-RT-Thread_Nano.4.1.1
2025-12-15 21:57:32,934 [WARN] PackLoader:240 - Cannot read IP mode file for STMicroelectronics.FP-ATR-SIGFOX1.3.2.0
2025-12-15 21:57:32,945 [WARN] PackLoader:240 - Cannot read IP mode file for ITTIA_DB.I-CUBE-ITTIADB.8.9.0
2025-12-15 21:57:33,004 [WARN] PackLoader:240 - Cannot read IP mode file for SEGGER.I-CUBE-embOS.1.3.1
2025-12-15 21:57:33,111 [WARN] PackLoader:240 - Cannot read IP mode file for STMicroelectronics.X-CUBE-ALGOBUILD.1.4.0
2025-12-15 21:57:33,264 [WARN] PackLoader:240 - Cannot read IP mode file for STMicroelectronics.X-CUBE-MEMS1.11.3.0
2025-12-15 21:57:33,510 [WARN] PackLoader:240 - Cannot read IP mode file for STMicroelectronics.X-CUBE-PM33A1.1.0.0
2025-12-15 21:57:33,529 [WARN] PackLoader:240 - Cannot read IP mode file for STMicroelectronics.X-CUBE-AZRTOS-F4.1.1.0
2025-12-15 21:57:33,538 [WARN] PackLoader:240 - Cannot read IP mode file for STMicroelectronics.X-CUBE-ISPU.2.1.0
2025-12-15 21:57:33,560 [WARN] PackLoader:240 - Cannot read IP mode file for STMicroelectronics.X-CUBE-IPS.3.2.0
2025-12-15 21:57:33,575 [WARN] PackLoader:240 - Cannot read IP mode file for STMicroelectronics.X-CUBE-NFC12.1.0.0
2025-12-15 21:57:33,601 [WARN] PackLoader:240 - Cannot read IP mode file for STMicroelectronics.X-CUBE-AZRTOS-L5.2.0.0
2025-12-15 21:57:33,614 [WARN] PackLoader:240 - Cannot read IP mode file for STMicroelectronics.X-CUBE-NFC6.3.1.0
2025-12-15 21:57:33,622 [WARN] PackLoader:240 - Cannot read IP mode file for STMicroelectronics.X-CUBE-FREERTOS.1.3.1
2025-12-15 21:57:33,630 [WARN] PackLoader:240 - Cannot read IP mode file for STMicroelectronics.X-CUBE-TOUCHGFX.4.26.0
2025-12-15 21:57:33,637 [WARN] PackLoader:240 - Cannot read IP mode file for STMicroelectronics.X-CUBE-DPower.1.3.0
2025-12-15 21:57:33,661 [WARN] ConditionMgr:438 - getConditionDescription Invalid condition id : LAN8742 Phy interface Condition cause : null
2025-12-15 21:57:33,662 [WARN] PackLoader:240 - Cannot read IP mode file for STMicroelectronics.X-CUBE-AZRTOS-L4.2.0.0
2025-12-15 21:57:33,664 [WARN] ConditionMgr:1044 - genDependencies : Invalid condition id : LAN8742 Phy interface Condition cause : null
2025-12-15 21:57:33,665 [WARN] ConditionMgr:1044 - genDependencies : Invalid condition id : LAN8742 Phy interface Condition cause : null
2025-12-15 21:57:33,665 [WARN] ConditionMgr:1044 - genDependencies : Invalid condition id : LAN8742 Phy interface Condition cause : null
2025-12-15 21:57:33,676 [WARN] PackLoader:240 - Cannot read IP mode file for STMicroelectronics.X-CUBE-SFXS2LP1.4.0.0
2025-12-15 21:57:33,695 [WARN] ConditionMgr:438 - getConditionDescription Invalid condition id : UX DEVICE CLASS RTOS Condition cause : null
2025-12-15 21:57:33,695 [WARN] ConditionMgr:438 - getConditionDescription Invalid condition id : UX DEVICE CLASS RTOS Condition cause : null
2025-12-15 21:57:33,698 [WARN] PackLoader:240 - Cannot read IP mode file for STMicroelectronics.X-CUBE-AZRTOS-WB.2.0.0
2025-12-15 21:57:33,699 [WARN] ConditionMgr:1044 - genDependencies : Invalid condition id : UX DEVICE CLASS RTOS Condition cause : null
2025-12-15 21:57:33,699 [WARN] ConditionMgr:1044 - genDependencies : Invalid condition id : UX DEVICE CLASS RTOS Condition cause : null
2025-12-15 21:57:33,700 [WARN] ConditionMgr:1044 - genDependencies : Invalid condition id : UX DEVICE CLASS RTOS Condition cause : null
2025-12-15 21:57:33,700 [WARN] ConditionMgr:1044 - genDependencies : Invalid condition id : UX DEVICE CLASS RTOS Condition cause : null
2025-12-15 21:57:33,700 [WARN] ConditionMgr:1044 - genDependencies : Invalid condition id : UX DEVICE CLASS RTOS Condition cause : null
2025-12-15 21:57:33,709 [WARN] ConditionMgr:438 - getConditionDescription Invalid condition id : Cortex-A Device cause : null
2025-12-15 21:57:33,729 [WARN] ConditionMgr:1044 - genDependencies : Invalid condition id : Cortex-A Device cause : null
2025-12-15 21:57:33,729 [WARN] ConditionMgr:1044 - genDependencies : Invalid condition id : Cortex-A Device cause : null
2025-12-15 21:57:33,729 [WARN] ConditionMgr:1044 - genDependencies : Invalid condition id : Cortex-A Device cause : null
2025-12-15 21:57:33,740 [WARN] PackLoader:240 - Cannot read IP mode file for STMicroelectronics.X-CUBE-SUBG2.5.0.0
2025-12-15 21:57:33,778 [WARN] PackLoader:240 - Cannot read IP mode file for STMicroelectronics.X-CUBE-AZRTOS-H7RS.1.1.0
2025-12-15 21:57:33,798 [WARN] PackLoader:240 - Cannot read IP mode file for STMicroelectronics.X-CUBE-AZRTOS-G4.2.0.0
2025-12-15 21:57:33,809 [WARN] PackLoader:240 - Cannot read IP mode file for wolfSSL.I-CUBE-wolfSSH.1.4.20
2025-12-15 21:57:33,816 [WARN] PackLoader:240 - Cannot read IP mode file for STMicroelectronics.X-CUBE-NFC7.2.0.0
2025-12-15 21:57:33,822 [WARN] PackLoader:240 - Cannot read IP mode file for STMicroelectronics.X-CUBE-ALS.1.0.2
2025-12-15 21:57:33,854 [WARN] PackLoader:240 - Cannot read IP mode file for STMicroelectronics.X-CUBE-STSE01.1.0.0
2025-12-15 21:57:33,887 [WARN] PackLoader:240 - Cannot read IP mode file for STMicroelectronics.X-CUBE-TOF1.3.4.3
2025-12-15 21:57:33,905 [INFO] ThirdParty:978 - Integrity check success = true
2025-12-15 21:57:33,905 [INFO] IntegrityCheckThread:100 - exiting critical section [integrity check]
2025-12-15 21:57:33,906 [INFO] IntegrityCheckThread:103 - End integrity checks thread
2025-12-15 21:57:34,109 [INFO] WebApp:463 - Apply proxy settings
2025-12-15 21:57:34,110 [INFO] WebApp:548 - Chromium requires no authentication
2025-12-15 21:57:34,129 [INFO] WebApp:491 - Direct internet connection detected
2025-12-15 21:57:34,187 [INFO] WebApp:900 - Register for checkConnection events
2025-12-15 21:57:34,188 [INFO] WebApp:463 - Apply proxy settings
2025-12-15 21:57:34,188 [INFO] WebApp:548 - Chromium requires no authentication
2025-12-15 21:57:34,188 [INFO] WebApp:491 - Direct internet connection detected
2025-12-15 21:57:34,390 [INFO] WebApp:191 - Connection restablished
2025-12-15 21:57:34,617 [INFO] WebApp:225 - Starting web application
2025-12-15 21:57:34,617 [INFO] WebApp:593 - Web application path used D:\Programy Potrzebne\STM32CubeIDE_Folder\STM32CubeIDE_1.19.0\STM32CubeIDE\plugins\com.st.stm32cube.common.mx_6.15.0.202507011659\db\plugins\mcufinder\reactClient1\index.html
2025-12-15 22:08:45,620 [ERROR] LogOutputStream:75 - [STDERR_REDIRECT] 
2025-12-15 22:08:45,622 [ERROR] LogOutputStream:75 - [STDERR_REDIRECT] 
