2025-12-11 20:24:52,822 [INFO] Activator:176 - 


2025-12-11 20:24:52,833 [INFO] Activator:177 - !SESSION log4j initialized
2025-12-11 20:25:03,851 [INFO] LogOutputStream:77 - [STDOUT_REDIRECT] 
2025-12-11 20:25:07,043 [INFO] ApplicationProperties:184 - Using Application install path: D:\Programy Potrzebne\STM32CubeIDE_Folder\STM32CubeIDE_1.19.0\STM32CubeIDE\plugins\com.st.stm32cube.common.mx_6.15.0.202507011659
2025-12-11 20:25:07,071 [INFO] DbMcusXml:78 - Set database path to: D:\Programy Potrzebne\STM32CubeIDE_Folder\STM32CubeIDE_1.19.0\STM32CubeIDE\plugins\com.st.stm32cube.common.mx_6.15.0.202507011659\\db\/mcu/
2025-12-11 20:25:07,071 [INFO] ApiDb:274 - Set plugin database path to: D:\Programy Potrzebne\STM32CubeIDE_Folder\STM32CubeIDE_1.19.0\STM32CubeIDE\plugins\com.st.stm32cube.common.mx_6.15.0.202507011659\\db\/plugins/boardmanager/
2025-12-11 20:25:07,072 [WARN] ApiDb:259 - Overriding images path with different value:  => D:\Programy Potrzebne\STM32CubeIDE_Folder\STM32CubeIDE_1.19.0\STM32CubeIDE\plugins\com.st.stm32cube.common.mx_6.15.0.202507011659\\db\/plugins/mcufinder/images/
2025-12-11 20:25:07,085 [INFO] ApiDb:250 - Set database path to: C:\Users\dryla\.stmcufinder\plugins\mcufinder//mcu/
2025-12-11 20:25:07,087 [INFO] DbMcusAds:125 - Set database path to: C:\Users\dryla\.stmcufinder\plugins\mcufinder//mcu/
2025-12-11 20:25:07,091 [INFO] CrossReferenceDbSqlite:203 - Set database path to: C:\Users\dryla\.stmcufinder\plugins\mcufinder//mcu/cs/
2025-12-11 20:25:07,357 [INFO] RulesReader:64 - Compatibility file has been processed (317 Rules)
2025-12-11 20:25:07,540 [INFO] DbMcusXml:78 - Set database path to: D:\Programy Potrzebne\STM32CubeIDE_Folder\STM32CubeIDE_1.19.0\STM32CubeIDE\plugins\com.st.stm32cube.common.mx_6.15.0.202507011659\\db\/mcu/
2025-12-11 20:25:07,541 [INFO] ApiDb:274 - Set plugin database path to: D:\Programy Potrzebne\STM32CubeIDE_Folder\STM32CubeIDE_1.19.0\STM32CubeIDE\plugins\com.st.stm32cube.common.mx_6.15.0.202507011659\\db\/plugins/boardmanager/
2025-12-11 20:25:07,541 [INFO] ApiDb:261 - Set plugin images path to: D:\Programy Potrzebne\STM32CubeIDE_Folder\STM32CubeIDE_1.19.0\STM32CubeIDE\plugins\com.st.stm32cube.common.mx_6.15.0.202507011659\\db\/plugins/mcufinder/images/
2025-12-11 20:25:07,541 [WARN] DbFile:41 - Overriding database path with different value: C:\Users\dryla\.stmcufinder\plugins\mcufinder/ => C:\Users\dryla\.stmcufinder\plugins\mcufinder
2025-12-11 20:25:07,541 [INFO] ApiDb:250 - Set database path to: C:\Users\dryla\.stmcufinder\plugins\mcufinder//mcu/
2025-12-11 20:25:07,541 [WARN] DbFile:41 - Overriding database path with different value: C:\Users\dryla\.stmcufinder\plugins\mcufinder/ => C:\Users\dryla\.stmcufinder\plugins\mcufinder
2025-12-11 20:25:07,542 [INFO] DbMcusAds:125 - Set database path to: C:\Users\dryla\.stmcufinder\plugins\mcufinder//mcu/
2025-12-11 20:25:07,542 [WARN] DbFile:41 - Overriding database path with different value: C:\Users\dryla\.stmcufinder\plugins\mcufinder/ => C:\Users\dryla\.stmcufinder\plugins\mcufinder
2025-12-11 20:25:07,542 [WARN] DbFile:41 - Overriding database path with different value: C:\Users\dryla\.stmcufinder\plugins\mcufinder/ => C:\Users\dryla\.stmcufinder\plugins\mcufinder
2025-12-11 20:25:07,542 [INFO] CrossReferenceDbSqlite:203 - Set database path to: C:\Users\dryla\.stmcufinder\plugins\mcufinder//mcu/cs/
2025-12-11 20:25:07,670 [INFO] MainPanel:274 - HeapMemory: 268435456
2025-12-11 20:25:07,859 [INFO] DbMcusXml:78 - Set database path to: D:\Programy Potrzebne\STM32CubeIDE_Folder\STM32CubeIDE_1.19.0\STM32CubeIDE\plugins\com.st.stm32cube.common.mx_6.15.0.202507011659\\db\/mcu/
2025-12-11 20:25:07,859 [INFO] ApiDb:274 - Set plugin database path to: D:\Programy Potrzebne\STM32CubeIDE_Folder\STM32CubeIDE_1.19.0\STM32CubeIDE\plugins\com.st.stm32cube.common.mx_6.15.0.202507011659\\db\/plugins/boardmanager/
2025-12-11 20:25:07,859 [INFO] ApiDb:261 - Set plugin images path to: D:\Programy Potrzebne\STM32CubeIDE_Folder\STM32CubeIDE_1.19.0\STM32CubeIDE\plugins\com.st.stm32cube.common.mx_6.15.0.202507011659\\db\/plugins/mcufinder/images/
2025-12-11 20:25:07,861 [WARN] DbFile:41 - Overriding database path with different value: C:\Users\dryla\.stmcufinder\plugins\mcufinder/ => C:\Users\dryla\.stmcufinder\plugins\mcufinder
2025-12-11 20:25:07,861 [INFO] ApiDb:250 - Set database path to: C:\Users\dryla\.stmcufinder\plugins\mcufinder//mcu/
2025-12-11 20:25:07,861 [WARN] DbFile:41 - Overriding database path with different value: C:\Users\dryla\.stmcufinder\plugins\mcufinder/ => C:\Users\dryla\.stmcufinder\plugins\mcufinder
2025-12-11 20:25:07,861 [INFO] DbMcusAds:125 - Set database path to: C:\Users\dryla\.stmcufinder\plugins\mcufinder//mcu/
2025-12-11 20:25:07,861 [WARN] DbFile:41 - Overriding database path with different value: C:\Users\dryla\.stmcufinder\plugins\mcufinder/ => C:\Users\dryla\.stmcufinder\plugins\mcufinder
2025-12-11 20:25:07,861 [WARN] DbFile:41 - Overriding database path with different value: C:\Users\dryla\.stmcufinder\plugins\mcufinder/ => C:\Users\dryla\.stmcufinder\plugins\mcufinder
2025-12-11 20:25:07,863 [INFO] CrossReferenceDbSqlite:203 - Set database path to: C:\Users\dryla\.stmcufinder\plugins\mcufinder//mcu/cs/
2025-12-11 20:25:07,895 [INFO] ApplicationProperties:184 - Using Application install path: D:\Programy Potrzebne\STM32CubeIDE_Folder\STM32CubeIDE_1.19.0\STM32CubeIDE\plugins\com.st.stm32cube.common.mx_6.15.0.202507011659
2025-12-11 20:25:07,898 [INFO] PluginManage:196 - Search for loadable plugins [exclusion list=, ]
2025-12-11 20:25:07,900 [INFO] PluginManage:310 - Check plugin analytics
2025-12-11 20:25:08,323 [INFO] AnalyticsPlugin:253 - Accepted Software Licenses: 
2025-12-11 20:25:08,323 [INFO] AnalyticsPlugin:255 - Accepted CMSIS Pack Licenses: 
2025-12-11 20:25:08,323 [INFO] AnalyticsPlugin:257 - Accepted Firmware Licenses: FW.F4.1.28.0,FW.G4.1.6.0
2025-12-11 20:25:08,331 [INFO] PluginManage:359 - Loaded plugin analytics (category:tool,tabindex:-1)
2025-12-11 20:25:08,332 [INFO] PluginManage:310 - Check plugin cadmodel
2025-12-11 20:25:08,346 [INFO] CADModel:105 - Init CAD model plugin
2025-12-11 20:25:08,347 [INFO] PluginManage:359 - Loaded plugin cadmodel (category:power,tabindex:5)
2025-12-11 20:25:08,348 [INFO] PluginManage:310 - Check plugin clock
2025-12-11 20:25:08,370 [INFO] PluginManage:359 - Loaded plugin clock (category:base,tabindex:2)
2025-12-11 20:25:08,370 [INFO] PluginManage:310 - Check plugin ddr
2025-12-11 20:25:08,377 [INFO] PluginManage:359 - Loaded plugin ddr (category:tool,tabindex:6)
2025-12-11 20:25:08,378 [INFO] PluginManage:310 - Check plugin filemanager
2025-12-11 20:25:08,688 [INFO] PluginManage:359 - Loaded plugin filemanager (category:base,tabindex:10)
2025-12-11 20:25:08,688 [INFO] PluginManage:310 - Check plugin ipmanager
2025-12-11 20:25:08,703 [INFO] PluginManage:359 - Loaded plugin ipmanager (category:base,tabindex:5)
2025-12-11 20:25:08,704 [INFO] PluginManage:310 - Check plugin lpbam
2025-12-11 20:25:08,722 [INFO] PluginManage:359 - Loaded plugin lpbam (category:base,tabindex:0)
2025-12-11 20:25:08,723 [INFO] PluginManage:310 - Check plugin memorymap
2025-12-11 20:25:08,759 [INFO] PluginManage:359 - Loaded plugin memorymap (category:base,tabindex:4)
2025-12-11 20:25:08,759 [INFO] PluginManage:310 - Check plugin pinoutandconfiguration
2025-12-11 20:25:08,774 [INFO] PluginManage:359 - Loaded plugin pinoutandconfiguration (category:base,tabindex:1)
2025-12-11 20:25:08,774 [INFO] PluginManage:310 - Check plugin pinoutconfig
2025-12-11 20:25:08,978 [WARN] SupportedApi:132 - Cannot load RTOS API schema: s4s-elt-must-match.1: The content of 'definitions' must match (annotation?, (simpleType | complexType)?, (unique | key | keyref)*)). A problem was found starting at: attribute.
2025-12-11 20:25:09,309 [INFO] PluginManage:359 - Loaded plugin pinoutconfig (category:base,tabindex:0)
2025-12-11 20:25:09,309 [INFO] PluginManage:310 - Check plugin power
2025-12-11 20:25:09,336 [INFO] PluginManage:359 - Loaded plugin power (category:power,tabindex:4)
2025-12-11 20:25:09,336 [INFO] PluginManage:310 - Check plugin projectmanager
2025-12-11 20:25:09,365 [INFO] PluginManage:359 - Loaded plugin projectmanager (category:projectmanager,tabindex:4)
2025-12-11 20:25:09,366 [INFO] PluginManage:310 - Check plugin rif
2025-12-11 20:25:09,385 [INFO] PluginManage:359 - Loaded plugin rif (category:base,tabindex:3)
2025-12-11 20:25:09,385 [INFO] PluginManage:310 - Check plugin thirdparty
2025-12-11 20:25:09,684 [WARN] IntegrityCheckThread:84 - waiting for thirdparty lock release [integrity check]
2025-12-11 20:25:09,685 [INFO] IntegrityCheckThread:86 - entering critical section [integrity check]
2025-12-11 20:25:09,685 [INFO] ThirdPartyUpdaterWithRetryManager:70 - Updater plugin not ready yet. [1/15]
2025-12-11 20:25:09,687 [INFO] PluginManage:359 - Loaded plugin thirdparty (category:base,tabindex:-1)
2025-12-11 20:25:09,687 [INFO] PluginManage:310 - Check plugin tools
2025-12-11 20:25:09,697 [INFO] PluginManage:359 - Loaded plugin tools (category:base,tabindex:7)
2025-12-11 20:25:09,697 [INFO] PluginManage:310 - Check plugin tutovideos
2025-12-11 20:25:10,108 [INFO] PluginManage:359 - Loaded plugin tutovideos (category:base,tabindex:-1)
2025-12-11 20:25:10,108 [INFO] PluginManage:310 - Check plugin updater
2025-12-11 20:25:10,150 [INFO] PluginManage:359 - Loaded plugin updater (category:base,tabindex:12)
2025-12-11 20:25:10,151 [INFO] PluginManage:310 - Check plugin userauth
2025-12-11 20:25:10,158 [INFO] UserAuth:118 - Init User Auth plugin
2025-12-11 20:25:10,160 [INFO] PluginManage:359 - Loaded plugin userauth (category:base,tabindex:14)
2025-12-11 20:25:10,161 [INFO] PluginManage:283 - PluginManage : Loaded plugins [18]
2025-12-11 20:25:10,582 [INFO] PinOutPanel:1589 - setPackage(No Configuration,No Configuration)
2025-12-11 20:25:10,729 [INFO] CADModel:165 - CPN selected for project level
2025-12-11 20:25:10,729 [INFO] CADModel:114 - Register for checkConnection events
2025-12-11 20:25:10,762 [INFO] IPUIPlugin:80 - create IPUIPlugin
2025-12-11 20:25:10,762 [INFO] PluginManager:220 - loadIPPluginJar : add adc
2025-12-11 20:25:10,768 [INFO] IPUIPlugin:80 - create IPUIPlugin
2025-12-11 20:25:10,768 [INFO] PluginManager:220 - loadIPPluginJar : add aes
2025-12-11 20:25:10,772 [INFO] IPUIPlugin:80 - create IPUIPlugin
2025-12-11 20:25:10,773 [INFO] PluginManager:220 - loadIPPluginJar : add can
2025-12-11 20:25:10,776 [INFO] IPUIPlugin:80 - create IPUIPlugin
2025-12-11 20:25:10,776 [INFO] PluginManager:220 - loadIPPluginJar : add comp
2025-12-11 20:25:10,780 [INFO] IPUIPlugin:80 - create IPUIPlugin
2025-12-11 20:25:10,781 [INFO] PluginManager:220 - loadIPPluginJar : add cryp
2025-12-11 20:25:10,785 [INFO] IPUIPlugin:80 - create IPUIPlugin
2025-12-11 20:25:10,785 [INFO] PluginManager:220 - loadIPPluginJar : add ddr_ctrl_phy
2025-12-11 20:25:10,789 [INFO] IPUIPlugin:80 - create IPUIPlugin
2025-12-11 20:25:10,789 [INFO] PluginManager:220 - loadIPPluginJar : add dfsdm
2025-12-11 20:25:10,800 [INFO] IPUIPlugin:80 - create IPUIPlugin
2025-12-11 20:25:10,801 [INFO] PluginManager:220 - loadIPPluginJar : add dma
2025-12-11 20:25:10,807 [INFO] IPUIPlugin:80 - create IPUIPlugin
2025-12-11 20:25:10,807 [INFO] PluginManager:220 - loadIPPluginJar : add dma3
2025-12-11 20:25:10,811 [INFO] IPUIPlugin:80 - create IPUIPlugin
2025-12-11 20:25:10,812 [INFO] PluginManager:220 - loadIPPluginJar : add extmemmanager
2025-12-11 20:25:10,814 [INFO] IPUIPlugin:80 - create IPUIPlugin
2025-12-11 20:25:10,814 [INFO] PluginManager:220 - loadIPPluginJar : add fatfs
2025-12-11 20:25:10,822 [INFO] IPUIPlugin:80 - create IPUIPlugin
2025-12-11 20:25:10,822 [INFO] PluginManager:220 - loadIPPluginJar : add fmc
2025-12-11 20:25:10,839 [INFO] IPUIPlugin:80 - create IPUIPlugin
2025-12-11 20:25:10,839 [INFO] PluginManager:220 - loadIPPluginJar : add freertos
2025-12-11 20:25:10,841 [INFO] IPUIPlugin:80 - create IPUIPlugin
2025-12-11 20:25:10,841 [INFO] PluginManager:220 - loadIPPluginJar : add genericplugin
2025-12-11 20:25:10,847 [INFO] IPUIPlugin:80 - create IPUIPlugin
2025-12-11 20:25:10,847 [INFO] PluginManager:220 - loadIPPluginJar : add gfxmmu
2025-12-11 20:25:10,854 [INFO] IPUIPlugin:80 - create IPUIPlugin
2025-12-11 20:25:10,854 [INFO] PluginManager:220 - loadIPPluginJar : add gic
2025-12-11 20:25:10,862 [INFO] IPUIPlugin:80 - create IPUIPlugin
2025-12-11 20:25:10,863 [INFO] PluginManager:220 - loadIPPluginJar : add gpio
2025-12-11 20:25:10,869 [INFO] IPUIPlugin:80 - create IPUIPlugin
2025-12-11 20:25:10,870 [INFO] PluginManager:220 - loadIPPluginJar : add gtzc
2025-12-11 20:25:10,875 [INFO] IPUIPlugin:80 - create IPUIPlugin
2025-12-11 20:25:10,875 [INFO] PluginManager:220 - loadIPPluginJar : add hash
2025-12-11 20:25:10,880 [INFO] IPUIPlugin:80 - create IPUIPlugin
2025-12-11 20:25:10,881 [INFO] PluginManager:220 - loadIPPluginJar : add i2c
2025-12-11 20:25:10,885 [INFO] IPUIPlugin:80 - create IPUIPlugin
2025-12-11 20:25:10,885 [INFO] PluginManager:220 - loadIPPluginJar : add i2s
2025-12-11 20:25:10,889 [INFO] IPUIPlugin:80 - create IPUIPlugin
2025-12-11 20:25:10,889 [INFO] PluginManager:220 - loadIPPluginJar : add i3c
2025-12-11 20:25:10,897 [INFO] IPUIPlugin:80 - create IPUIPlugin
2025-12-11 20:25:10,898 [INFO] PluginManager:220 - loadIPPluginJar : add ipddr
2025-12-11 20:25:10,916 [INFO] IPUIPlugin:80 - create IPUIPlugin
2025-12-11 20:25:10,916 [INFO] PluginManager:220 - loadIPPluginJar : add linkedlist
2025-12-11 20:25:10,923 [INFO] IPUIPlugin:80 - create IPUIPlugin
2025-12-11 20:25:10,923 [INFO] PluginManager:220 - loadIPPluginJar : add lorawan
2025-12-11 20:25:10,926 [INFO] IPUIPlugin:80 - create IPUIPlugin
2025-12-11 20:25:10,926 [INFO] PluginManager:220 - loadIPPluginJar : add ltdc
2025-12-11 20:25:10,937 [INFO] IPUIPlugin:80 - create IPUIPlugin
2025-12-11 20:25:10,937 [INFO] PluginManager:220 - loadIPPluginJar : add mdma
2025-12-11 20:25:10,944 [INFO] IPUIPlugin:80 - create IPUIPlugin
2025-12-11 20:25:10,944 [INFO] PluginManager:220 - loadIPPluginJar : add nvic
2025-12-11 20:25:10,949 [INFO] IPUIPlugin:80 - create IPUIPlugin
2025-12-11 20:25:10,949 [INFO] PluginManager:220 - loadIPPluginJar : add opamp
2025-12-11 20:25:10,955 [INFO] IPUIPlugin:80 - create IPUIPlugin
2025-12-11 20:25:10,956 [INFO] PluginManager:220 - loadIPPluginJar : add openamp
2025-12-11 20:25:10,962 [INFO] IPUIPlugin:80 - create IPUIPlugin
2025-12-11 20:25:10,963 [INFO] PluginManager:220 - loadIPPluginJar : add pdm2pcm
2025-12-11 20:25:10,972 [INFO] IPUIPlugin:80 - create IPUIPlugin
2025-12-11 20:25:10,977 [INFO] PluginManager:220 - loadIPPluginJar : add plateformsettings
2025-12-11 20:25:10,981 [INFO] IPUIPlugin:80 - create IPUIPlugin
2025-12-11 20:25:10,981 [INFO] PluginManager:220 - loadIPPluginJar : add quadspi
2025-12-11 20:25:10,985 [INFO] IPUIPlugin:80 - create IPUIPlugin
2025-12-11 20:25:10,987 [INFO] PluginManager:220 - loadIPPluginJar : add radio
2025-12-11 20:25:10,995 [INFO] IPUIPlugin:80 - create IPUIPlugin
2025-12-11 20:25:10,995 [INFO] PluginManager:220 - loadIPPluginJar : add resmgrutility
2025-12-11 20:25:11,001 [INFO] IPUIPlugin:80 - create IPUIPlugin
2025-12-11 20:25:11,001 [INFO] PluginManager:220 - loadIPPluginJar : add sai
2025-12-11 20:25:11,006 [INFO] IPUIPlugin:80 - create IPUIPlugin
2025-12-11 20:25:11,006 [INFO] PluginManager:220 - loadIPPluginJar : add spi
2025-12-11 20:25:11,018 [INFO] IPUIPlugin:80 - create IPUIPlugin
2025-12-11 20:25:11,018 [INFO] PluginManager:220 - loadIPPluginJar : add stm32_wpan
2025-12-11 20:25:11,022 [INFO] IPUIPlugin:80 - create IPUIPlugin
2025-12-11 20:25:11,022 [INFO] PluginManager:220 - loadIPPluginJar : add tim
2025-12-11 20:25:11,029 [INFO] IPUIPlugin:80 - create IPUIPlugin
2025-12-11 20:25:11,029 [INFO] PluginManager:220 - loadIPPluginJar : add touchsensing
2025-12-11 20:25:11,035 [INFO] IPUIPlugin:80 - create IPUIPlugin
2025-12-11 20:25:11,035 [INFO] PluginManager:220 - loadIPPluginJar : add tracer_emb
2025-12-11 20:25:11,040 [INFO] IPUIPlugin:80 - create IPUIPlugin
2025-12-11 20:25:11,040 [INFO] PluginManager:220 - loadIPPluginJar : add ts
2025-12-11 20:25:11,045 [INFO] IPUIPlugin:80 - create IPUIPlugin
2025-12-11 20:25:11,045 [INFO] PluginManager:220 - loadIPPluginJar : add tsc
2025-12-11 20:25:11,051 [INFO] IPUIPlugin:80 - create IPUIPlugin
2025-12-11 20:25:11,051 [INFO] PluginManager:220 - loadIPPluginJar : add ucpd
2025-12-11 20:25:11,057 [INFO] IPUIPlugin:80 - create IPUIPlugin
2025-12-11 20:25:11,057 [INFO] PluginManager:220 - loadIPPluginJar : add usart
2025-12-11 20:25:11,065 [INFO] IPUIPlugin:80 - create IPUIPlugin
2025-12-11 20:25:11,066 [INFO] PluginManager:220 - loadIPPluginJar : add usbx
2025-12-11 20:25:11,255 [FATAL] Updater:351 - Updater called before beeing initialized
2025-12-11 20:25:11,305 [INFO] RulesReader:64 - Compatibility file has been processed (317 Rules)
2025-12-11 20:25:11,323 [INFO] RulesReader:64 - Compatibility file has been processed (317 Rules)
2025-12-11 20:25:11,341 [INFO] CADModel:165 - CPN selected for project level
2025-12-11 20:25:11,342 [INFO] CADModel:114 - Register for checkConnection events
2025-12-11 20:25:11,342 [FATAL] Updater:351 - Updater called before beeing initialized
2025-12-11 20:25:11,342 [ERROR] CADModel:125 - Updater not yet initialized, retry later 
2025-12-11 20:25:11,714 [FATAL] Updater:351 - Updater called before beeing initialized
2025-12-11 20:25:11,718 [INFO] CADModel:165 - CPN selected for project level
2025-12-11 20:25:11,718 [INFO] CADModel:114 - Register for checkConnection events
2025-12-11 20:25:11,719 [FATAL] Updater:351 - Updater called before beeing initialized
2025-12-11 20:25:11,719 [ERROR] CADModel:125 - Updater not yet initialized, retry later 
2025-12-11 20:25:11,726 [FATAL] Updater:351 - Updater called before beeing initialized
2025-12-11 20:25:12,002 [FATAL] Updater:351 - Updater called before beeing initialized
2025-12-11 20:25:12,016 [INFO] DbMcusAds:53 - JSON generation date=Fri Dec 05 10:13:14 CET 2025 (1764925994568)
2025-12-11 20:25:12,018 [FATAL] Updater:351 - Updater called before beeing initialized
2025-12-11 20:25:12,103 [WARN] DetailPanel:346 - Failed to get advertising image, set to default
2025-12-11 20:25:12,263 [FATAL] Updater:351 - Updater called before beeing initialized
2025-12-11 20:25:12,264 [FATAL] Updater:351 - Updater called before beeing initialized
2025-12-11 20:25:12,265 [FATAL] Updater:351 - Updater called before beeing initialized
2025-12-11 20:25:12,265 [WARN] DetailPanel:346 - Failed to get advertising image, set to default
2025-12-11 20:25:12,266 [FATAL] Updater:351 - Updater called before beeing initialized
2025-12-11 20:25:12,357 [ERROR] Updater:1198 - MainUpdater not yet initialized. External WinMGr cannot be set.
2025-12-11 20:25:12,361 [INFO] Updater:1134 - Updater Version found : 6.15.0
2025-12-11 20:25:12,387 [INFO] ApplicationProperties:184 - Using Application install path: D:\Programy Potrzebne\STM32CubeIDE_Folder\STM32CubeIDE_1.19.0\STM32CubeIDE\plugins\com.st.stm32cube.common.mx_6.15.0.202507011659
2025-12-11 20:25:12,687 [INFO] ThirdPartyUpdaterWithRetryManager:70 - Updater plugin not ready yet. [2/15]
2025-12-11 20:25:13,968 [ERROR] LogOutputStream:75 - [STDERR_REDIRECT] Dec 11, 2025 8:25:13 PM java.util.prefs.WindowsPreferences <init>
2025-12-11 20:25:13,971 [ERROR] LogOutputStream:75 - [STDERR_REDIRECT] WARNING: Could not open/create prefs root node Software\JavaSoft\Prefs at root 0xffffffff80000002. Windows RegCreateKeyEx(...) returned error code 5.
2025-12-11 20:25:13,971 [ERROR] LogOutputStream:75 - [STDERR_REDIRECT] 
2025-12-11 20:25:14,575 [INFO] MainUpdater:2872 - connection check result : 10
2025-12-11 20:25:14,576 [INFO] MainUpdater:289 - Updater Check For Update Now.
2025-12-11 20:25:14,576 [INFO] MicroXplorer:498 - Change Database Version : DB.6.0.150
2025-12-11 20:25:14,591 [INFO] McuFinderGlobals:63 - Set McuFinder mode to 2 (CubeIDE integrated)
2025-12-11 20:25:14,592 [INFO] UserAuth:171 - activating auth plugin
2025-12-11 20:25:14,597 [INFO] UserAuth:487 - Internet connection configuration mode: 1
2025-12-11 20:25:14,648 [INFO] JxBrowserEngine:152 - Initiate JxBrowser Engine with user profile folder
2025-12-11 20:25:14,895 [INFO] CheckServerUpdateThread:120 - End of CheckServer Thread
2025-12-11 20:25:16,467 [WARN] PackLoader:240 - Cannot read IP mode file for STMicroelectronics.FP-SNS-MOTENVWB1.1.4.0
2025-12-11 20:25:16,491 [WARN] PackLoader:240 - Cannot read IP mode file for STMicroelectronics.FP-ATR-ASTRA1.2.0.2
2025-12-11 20:25:16,519 [WARN] PackLoader:240 - Cannot read IP mode file for STMicroelectronics.X-CUBE-SMBUS.2.1.0
2025-12-11 20:25:16,579 [WARN] PackLoader:240 - Cannot read IP mode file for STMicroelectronics.X-CUBE-AZRTOS-F7.1.1.0
2025-12-11 20:25:16,594 [WARN] PackLoader:240 - Cannot read IP mode file for Cesanta.I-CUBE-Mongoose.7.19.0
2025-12-11 20:25:16,615 [WARN] PackLoader:240 - Cannot read IP mode file for WES.I-CUBE-Cesium.1.4.0
2025-12-11 20:25:16,684 [WARN] PackLoader:240 - Cannot read IP mode file for Infineon.AIROC-Wi-Fi-Bluetooth-STM32.1.7.1
2025-12-11 20:25:16,758 [WARN] PackLoader:240 - Cannot read IP mode file for STMicroelectronics.X-CUBE-AZRTOS-H7.3.4.0
2025-12-11 20:25:16,780 [WARN] PackLoader:240 - Cannot read IP mode file for STMicroelectronics.X-CUBE-DISPLAY.3.0.0
2025-12-11 20:25:16,801 [WARN] PackLoader:240 - Cannot read IP mode file for STMicroelectronics.X-CUBE-NFC10.1.0.0
2025-12-11 20:25:16,819 [WARN] PackLoader:240 - Cannot read IP mode file for STMicroelectronics.X-CUBE-ST60.1.1.0
2025-12-11 20:25:16,830 [WARN] PackLoader:240 - Cannot read IP mode file for emotas.I-CUBE-CANOPEN.1.3.0
2025-12-11 20:25:16,842 [WARN] PackLoader:240 - Cannot read IP mode file for STMicroelectronics.FP-SNS-SMARTAG2.1.2.0
2025-12-11 20:25:16,851 [WARN] PackLoader:240 - Cannot read IP mode file for STMicroelectronics.FP-SNS-FLIGHT1.5.1.0
2025-12-11 20:25:16,869 [INFO] LogOutputStream:77 - [STDOUT_REDIRECT] 1 : Invalid condition id : UX_CORESTACK_Condition cause : null
2025-12-11 20:25:16,870 [INFO] LogOutputStream:77 - [STDOUT_REDIRECT] 1 : Invalid condition id : UX_CORESTACK_Condition cause : null
2025-12-11 20:25:16,871 [INFO] LogOutputStream:77 - [STDOUT_REDIRECT] 1 : Invalid condition id : UX_CORESTACK_Condition cause : null
2025-12-11 20:25:16,873 [INFO] LogOutputStream:77 - [STDOUT_REDIRECT] 1 : Invalid condition id : UX_CORESTACK_Condition cause : null
2025-12-11 20:25:16,877 [INFO] LogOutputStream:77 - [STDOUT_REDIRECT] 1 : Invalid condition id : UX_CORESTACK_Condition cause : null
2025-12-11 20:25:16,881 [WARN] PackLoader:240 - Cannot read IP mode file for STMicroelectronics.X-CUBE-AZRTOS-WL.2.0.0
2025-12-11 20:25:16,913 [WARN] PackLoader:240 - Cannot read IP mode file for STMicroelectronics.X-CUBE-AZRTOS-H7RS.1.2.0
2025-12-11 20:25:16,927 [WARN] PackLoader:240 - Cannot read IP mode file for STMicroelectronics.X-CUBE-BLE2.3.3.0
2025-12-11 20:25:16,936 [WARN] PackLoader:240 - Cannot read IP mode file for STMicroelectronics.X-CUBE-NFC9.1.0.0
2025-12-11 20:25:16,945 [WARN] PackLoader:240 - Cannot read IP mode file for wolfSSL.I-CUBE-wolfSSL.5.8.2
2025-12-11 20:25:16,954 [WARN] PackLoader:240 - Cannot read IP mode file for STMicroelectronics.X-CUBE-BLE1.7.1.0
2025-12-11 20:25:16,962 [WARN] PackLoader:240 - Cannot read IP mode file for wolfSSL.I-CUBE-wolfMQTT.1.19.2
2025-12-11 20:25:16,974 [WARN] PackLoader:240 - Cannot read IP mode file for STMicroelectronics.X-CUBE-FREERTOS.1.4.0
2025-12-11 20:25:16,985 [WARN] PackLoader:240 - Cannot read IP mode file for STMicroelectronics.X-CUBE-ST67W61.1.1.0
2025-12-11 20:25:17,078 [WARN] PackLoader:240 - Cannot read IP mode file for STMicroelectronics.X-CUBE-MEMS1.12.0.0
2025-12-11 20:25:17,099 [INFO] WebApp:169 - Instantiating new browser for Auth
2025-12-11 20:25:17,337 [WARN] PackLoader:240 - Cannot read IP mode file for STMicroelectronics.X-CUBE-AZRTOS-G0.1.1.0
2025-12-11 20:25:17,351 [WARN] PackLoader:240 - Cannot read IP mode file for STMicroelectronics.X-CUBE-NFC4.3.0.0
2025-12-11 20:25:17,374 [WARN] PackLoader:240 - Cannot read IP mode file for EmbeddedOffice.I-CUBE-FS-RTOS.1.0.1
2025-12-11 20:25:17,385 [WARN] PackLoader:240 - Cannot read IP mode file for STMicroelectronics.X-CUBE-WB05N.2.0.0
2025-12-11 20:25:17,393 [WARN] PackLoader:240 - Cannot read IP mode file for wolfSSL.I-CUBE-wolfTPM.3.8.0
2025-12-11 20:25:17,405 [WARN] PackLoader:240 - Cannot read IP mode file for STMicroelectronics.X-CUBE-TCPP.4.2.0
2025-12-11 20:25:17,418 [WARN] PackLoader:240 - Cannot read IP mode file for RealThread.X-CUBE-RT-Thread_Nano.4.1.1
2025-12-11 20:25:17,427 [WARN] PackLoader:240 - Cannot read IP mode file for STMicroelectronics.FP-ATR-SIGFOX1.3.2.0
2025-12-11 20:25:17,441 [WARN] PackLoader:240 - Cannot read IP mode file for ITTIA_DB.I-CUBE-ITTIADB.8.9.0
2025-12-11 20:25:17,549 [WARN] PackLoader:240 - Cannot read IP mode file for SEGGER.I-CUBE-embOS.1.3.1
2025-12-11 20:25:17,730 [WARN] PackLoader:240 - Cannot read IP mode file for STMicroelectronics.X-CUBE-ALGOBUILD.1.4.0
2025-12-11 20:25:17,860 [WARN] PackLoader:240 - Cannot read IP mode file for STMicroelectronics.X-CUBE-MEMS1.11.3.0
2025-12-11 20:25:18,200 [WARN] PackLoader:240 - Cannot read IP mode file for STMicroelectronics.X-CUBE-PM33A1.1.0.0
2025-12-11 20:25:18,232 [WARN] PackLoader:240 - Cannot read IP mode file for STMicroelectronics.X-CUBE-AZRTOS-F4.1.1.0
2025-12-11 20:25:18,244 [WARN] PackLoader:240 - Cannot read IP mode file for STMicroelectronics.X-CUBE-ISPU.2.1.0
2025-12-11 20:25:18,265 [WARN] PackLoader:240 - Cannot read IP mode file for STMicroelectronics.X-CUBE-IPS.3.2.0
2025-12-11 20:25:18,286 [WARN] PackLoader:240 - Cannot read IP mode file for STMicroelectronics.X-CUBE-NFC12.1.0.0
2025-12-11 20:25:18,321 [WARN] PackLoader:240 - Cannot read IP mode file for STMicroelectronics.X-CUBE-AZRTOS-L5.2.0.0
2025-12-11 20:25:18,340 [WARN] PackLoader:240 - Cannot read IP mode file for STMicroelectronics.X-CUBE-NFC6.3.1.0
2025-12-11 20:25:18,353 [WARN] PackLoader:240 - Cannot read IP mode file for STMicroelectronics.X-CUBE-FREERTOS.1.3.1
2025-12-11 20:25:18,364 [WARN] PackLoader:240 - Cannot read IP mode file for STMicroelectronics.X-CUBE-TOUCHGFX.4.26.0
2025-12-11 20:25:18,375 [WARN] PackLoader:240 - Cannot read IP mode file for STMicroelectronics.X-CUBE-DPower.1.3.0
2025-12-11 20:25:18,411 [WARN] ConditionMgr:438 - getConditionDescription Invalid condition id : LAN8742 Phy interface Condition cause : null
2025-12-11 20:25:18,412 [WARN] PackLoader:240 - Cannot read IP mode file for STMicroelectronics.X-CUBE-AZRTOS-L4.2.0.0
2025-12-11 20:25:18,415 [WARN] ConditionMgr:1044 - genDependencies : Invalid condition id : LAN8742 Phy interface Condition cause : null
2025-12-11 20:25:18,416 [WARN] ConditionMgr:1044 - genDependencies : Invalid condition id : LAN8742 Phy interface Condition cause : null
2025-12-11 20:25:18,417 [WARN] ConditionMgr:1044 - genDependencies : Invalid condition id : LAN8742 Phy interface Condition cause : null
2025-12-11 20:25:18,430 [WARN] PackLoader:240 - Cannot read IP mode file for STMicroelectronics.X-CUBE-SFXS2LP1.4.0.0
2025-12-11 20:25:18,469 [WARN] ConditionMgr:438 - getConditionDescription Invalid condition id : UX DEVICE CLASS RTOS Condition cause : null
2025-12-11 20:25:18,469 [WARN] ConditionMgr:438 - getConditionDescription Invalid condition id : UX DEVICE CLASS RTOS Condition cause : null
2025-12-11 20:25:18,474 [WARN] PackLoader:240 - Cannot read IP mode file for STMicroelectronics.X-CUBE-AZRTOS-WB.2.0.0
2025-12-11 20:25:18,475 [WARN] ConditionMgr:1044 - genDependencies : Invalid condition id : UX DEVICE CLASS RTOS Condition cause : null
2025-12-11 20:25:18,476 [WARN] ConditionMgr:1044 - genDependencies : Invalid condition id : UX DEVICE CLASS RTOS Condition cause : null
2025-12-11 20:25:18,477 [WARN] ConditionMgr:1044 - genDependencies : Invalid condition id : UX DEVICE CLASS RTOS Condition cause : null
2025-12-11 20:25:18,477 [WARN] ConditionMgr:1044 - genDependencies : Invalid condition id : UX DEVICE CLASS RTOS Condition cause : null
2025-12-11 20:25:18,478 [WARN] ConditionMgr:1044 - genDependencies : Invalid condition id : UX DEVICE CLASS RTOS Condition cause : null
2025-12-11 20:25:18,491 [WARN] ConditionMgr:438 - getConditionDescription Invalid condition id : Cortex-A Device cause : null
2025-12-11 20:25:18,514 [WARN] ConditionMgr:1044 - genDependencies : Invalid condition id : Cortex-A Device cause : null
2025-12-11 20:25:18,515 [WARN] ConditionMgr:1044 - genDependencies : Invalid condition id : Cortex-A Device cause : null
2025-12-11 20:25:18,515 [WARN] ConditionMgr:1044 - genDependencies : Invalid condition id : Cortex-A Device cause : null
2025-12-11 20:25:18,537 [WARN] PackLoader:240 - Cannot read IP mode file for STMicroelectronics.X-CUBE-SUBG2.5.0.0
2025-12-11 20:25:18,579 [WARN] PackLoader:240 - Cannot read IP mode file for STMicroelectronics.X-CUBE-AZRTOS-H7RS.1.1.0
2025-12-11 20:25:18,609 [WARN] PackLoader:240 - Cannot read IP mode file for STMicroelectronics.X-CUBE-AZRTOS-G4.2.0.0
2025-12-11 20:25:18,620 [WARN] PackLoader:240 - Cannot read IP mode file for wolfSSL.I-CUBE-wolfSSH.1.4.20
2025-12-11 20:25:18,628 [WARN] PackLoader:240 - Cannot read IP mode file for STMicroelectronics.X-CUBE-NFC7.2.0.0
2025-12-11 20:25:18,638 [WARN] PackLoader:240 - Cannot read IP mode file for STMicroelectronics.X-CUBE-ALS.1.0.2
2025-12-11 20:25:18,651 [WARN] PackLoader:240 - Cannot read IP mode file for STMicroelectronics.X-CUBE-STSE01.1.0.0
2025-12-11 20:25:18,677 [WARN] PackLoader:240 - Cannot read IP mode file for STMicroelectronics.X-CUBE-TOF1.3.4.3
2025-12-11 20:25:18,701 [INFO] ThirdParty:978 - Integrity check success = true
2025-12-11 20:25:18,701 [INFO] IntegrityCheckThread:100 - exiting critical section [integrity check]
2025-12-11 20:25:18,701 [INFO] IntegrityCheckThread:103 - End integrity checks thread
2025-12-11 20:25:19,309 [INFO] WebApp:463 - Apply proxy settings
2025-12-11 20:25:19,310 [INFO] WebApp:548 - Chromium requires no authentication
2025-12-11 20:25:19,328 [INFO] WebApp:491 - Direct internet connection detected
2025-12-11 20:25:19,390 [INFO] WebApp:900 - Register for checkConnection events
2025-12-11 20:25:19,390 [INFO] WebApp:463 - Apply proxy settings
2025-12-11 20:25:19,390 [INFO] WebApp:548 - Chromium requires no authentication
2025-12-11 20:25:19,391 [INFO] WebApp:491 - Direct internet connection detected
2025-12-11 20:25:19,575 [INFO] WebApp:191 - Connection restablished
2025-12-11 20:25:19,845 [INFO] WebApp:225 - Starting web application
2025-12-11 20:25:19,846 [INFO] WebApp:593 - Web application path used D:\Programy Potrzebne\STM32CubeIDE_Folder\STM32CubeIDE_1.19.0\STM32CubeIDE\plugins\com.st.stm32cube.common.mx_6.15.0.202507011659\db\plugins\mcufinder\reactClient1\index.html
2025-12-11 20:25:51,258 [INFO] WebApp:194 - Connection lost
2025-12-11 20:25:51,431 [INFO] WebApp:191 - Connection restablished
2025-12-11 23:03:15,062 [ERROR] LogOutputStream:75 - [STDERR_REDIRECT] 
2025-12-11 23:04:04,863 [INFO] Activator:176 - 


2025-12-11 23:04:04,869 [INFO] Activator:177 - !SESSION log4j initialized
2025-12-11 23:04:15,581 [INFO] LogOutputStream:77 - [STDOUT_REDIRECT] 
2025-12-11 23:04:18,126 [INFO] ApplicationProperties:184 - Using Application install path: D:\Programy Potrzebne\STM32CubeIDE_Folder\STM32CubeIDE_1.19.0\STM32CubeIDE\plugins\com.st.stm32cube.common.mx_6.15.0.202507011659
2025-12-11 23:04:18,178 [INFO] DbMcusXml:78 - Set database path to: D:\Programy Potrzebne\STM32CubeIDE_Folder\STM32CubeIDE_1.19.0\STM32CubeIDE\plugins\com.st.stm32cube.common.mx_6.15.0.202507011659\\db\/mcu/
2025-12-11 23:04:18,178 [INFO] ApiDb:274 - Set plugin database path to: D:\Programy Potrzebne\STM32CubeIDE_Folder\STM32CubeIDE_1.19.0\STM32CubeIDE\plugins\com.st.stm32cube.common.mx_6.15.0.202507011659\\db\/plugins/boardmanager/
2025-12-11 23:04:18,178 [WARN] ApiDb:259 - Overriding images path with different value:  => D:\Programy Potrzebne\STM32CubeIDE_Folder\STM32CubeIDE_1.19.0\STM32CubeIDE\plugins\com.st.stm32cube.common.mx_6.15.0.202507011659\\db\/plugins/mcufinder/images/
2025-12-11 23:04:18,208 [INFO] ApiDb:250 - Set database path to: C:\Users\dryla\.stmcufinder\plugins\mcufinder//mcu/
2025-12-11 23:04:18,212 [INFO] DbMcusAds:125 - Set database path to: C:\Users\dryla\.stmcufinder\plugins\mcufinder//mcu/
2025-12-11 23:04:18,212 [INFO] CrossReferenceDbSqlite:203 - Set database path to: C:\Users\dryla\.stmcufinder\plugins\mcufinder//mcu/cs/
2025-12-11 23:04:18,483 [INFO] RulesReader:64 - Compatibility file has been processed (317 Rules)
2025-12-11 23:04:18,643 [INFO] DbMcusXml:78 - Set database path to: D:\Programy Potrzebne\STM32CubeIDE_Folder\STM32CubeIDE_1.19.0\STM32CubeIDE\plugins\com.st.stm32cube.common.mx_6.15.0.202507011659\\db\/mcu/
2025-12-11 23:04:18,643 [INFO] ApiDb:274 - Set plugin database path to: D:\Programy Potrzebne\STM32CubeIDE_Folder\STM32CubeIDE_1.19.0\STM32CubeIDE\plugins\com.st.stm32cube.common.mx_6.15.0.202507011659\\db\/plugins/boardmanager/
2025-12-11 23:04:18,645 [INFO] ApiDb:261 - Set plugin images path to: D:\Programy Potrzebne\STM32CubeIDE_Folder\STM32CubeIDE_1.19.0\STM32CubeIDE\plugins\com.st.stm32cube.common.mx_6.15.0.202507011659\\db\/plugins/mcufinder/images/
2025-12-11 23:04:18,645 [WARN] DbFile:41 - Overriding database path with different value: C:\Users\dryla\.stmcufinder\plugins\mcufinder/ => C:\Users\dryla\.stmcufinder\plugins\mcufinder
2025-12-11 23:04:18,645 [INFO] ApiDb:250 - Set database path to: C:\Users\dryla\.stmcufinder\plugins\mcufinder//mcu/
2025-12-11 23:04:18,645 [WARN] DbFile:41 - Overriding database path with different value: C:\Users\dryla\.stmcufinder\plugins\mcufinder/ => C:\Users\dryla\.stmcufinder\plugins\mcufinder
2025-12-11 23:04:18,645 [INFO] DbMcusAds:125 - Set database path to: C:\Users\dryla\.stmcufinder\plugins\mcufinder//mcu/
2025-12-11 23:04:18,645 [WARN] DbFile:41 - Overriding database path with different value: C:\Users\dryla\.stmcufinder\plugins\mcufinder/ => C:\Users\dryla\.stmcufinder\plugins\mcufinder
2025-12-11 23:04:18,645 [WARN] DbFile:41 - Overriding database path with different value: C:\Users\dryla\.stmcufinder\plugins\mcufinder/ => C:\Users\dryla\.stmcufinder\plugins\mcufinder
2025-12-11 23:04:18,645 [INFO] CrossReferenceDbSqlite:203 - Set database path to: C:\Users\dryla\.stmcufinder\plugins\mcufinder//mcu/cs/
2025-12-11 23:04:18,780 [INFO] MainPanel:274 - HeapMemory: 268435456
2025-12-11 23:04:18,946 [INFO] DbMcusXml:78 - Set database path to: D:\Programy Potrzebne\STM32CubeIDE_Folder\STM32CubeIDE_1.19.0\STM32CubeIDE\plugins\com.st.stm32cube.common.mx_6.15.0.202507011659\\db\/mcu/
2025-12-11 23:04:18,946 [INFO] ApiDb:274 - Set plugin database path to: D:\Programy Potrzebne\STM32CubeIDE_Folder\STM32CubeIDE_1.19.0\STM32CubeIDE\plugins\com.st.stm32cube.common.mx_6.15.0.202507011659\\db\/plugins/boardmanager/
2025-12-11 23:04:18,946 [INFO] ApiDb:261 - Set plugin images path to: D:\Programy Potrzebne\STM32CubeIDE_Folder\STM32CubeIDE_1.19.0\STM32CubeIDE\plugins\com.st.stm32cube.common.mx_6.15.0.202507011659\\db\/plugins/mcufinder/images/
2025-12-11 23:04:18,946 [WARN] DbFile:41 - Overriding database path with different value: C:\Users\dryla\.stmcufinder\plugins\mcufinder/ => C:\Users\dryla\.stmcufinder\plugins\mcufinder
2025-12-11 23:04:18,946 [INFO] ApiDb:250 - Set database path to: C:\Users\dryla\.stmcufinder\plugins\mcufinder//mcu/
2025-12-11 23:04:18,946 [WARN] DbFile:41 - Overriding database path with different value: C:\Users\dryla\.stmcufinder\plugins\mcufinder/ => C:\Users\dryla\.stmcufinder\plugins\mcufinder
2025-12-11 23:04:18,946 [INFO] DbMcusAds:125 - Set database path to: C:\Users\dryla\.stmcufinder\plugins\mcufinder//mcu/
2025-12-11 23:04:18,946 [WARN] DbFile:41 - Overriding database path with different value: C:\Users\dryla\.stmcufinder\plugins\mcufinder/ => C:\Users\dryla\.stmcufinder\plugins\mcufinder
2025-12-11 23:04:18,946 [WARN] DbFile:41 - Overriding database path with different value: C:\Users\dryla\.stmcufinder\plugins\mcufinder/ => C:\Users\dryla\.stmcufinder\plugins\mcufinder
2025-12-11 23:04:18,946 [INFO] CrossReferenceDbSqlite:203 - Set database path to: C:\Users\dryla\.stmcufinder\plugins\mcufinder//mcu/cs/
2025-12-11 23:04:18,988 [INFO] ApplicationProperties:184 - Using Application install path: D:\Programy Potrzebne\STM32CubeIDE_Folder\STM32CubeIDE_1.19.0\STM32CubeIDE\plugins\com.st.stm32cube.common.mx_6.15.0.202507011659
2025-12-11 23:04:18,990 [INFO] PluginManage:196 - Search for loadable plugins [exclusion list=, ]
2025-12-11 23:04:18,992 [INFO] PluginManage:310 - Check plugin analytics
2025-12-11 23:04:19,424 [INFO] AnalyticsPlugin:253 - Accepted Software Licenses: 
2025-12-11 23:04:19,424 [INFO] AnalyticsPlugin:255 - Accepted CMSIS Pack Licenses: 
2025-12-11 23:04:19,424 [INFO] AnalyticsPlugin:257 - Accepted Firmware Licenses: FW.F4.1.28.0,FW.G4.1.6.0
2025-12-11 23:04:19,432 [INFO] PluginManage:359 - Loaded plugin analytics (category:tool,tabindex:-1)
2025-12-11 23:04:19,436 [INFO] PluginManage:310 - Check plugin cadmodel
2025-12-11 23:04:19,444 [INFO] CADModel:105 - Init CAD model plugin
2025-12-11 23:04:19,444 [INFO] PluginManage:359 - Loaded plugin cadmodel (category:power,tabindex:5)
2025-12-11 23:04:19,444 [INFO] PluginManage:310 - Check plugin clock
2025-12-11 23:04:19,468 [INFO] PluginManage:359 - Loaded plugin clock (category:base,tabindex:2)
2025-12-11 23:04:19,468 [INFO] PluginManage:310 - Check plugin ddr
2025-12-11 23:04:19,472 [INFO] PluginManage:359 - Loaded plugin ddr (category:tool,tabindex:6)
2025-12-11 23:04:19,472 [INFO] PluginManage:310 - Check plugin filemanager
2025-12-11 23:04:19,928 [INFO] PluginManage:359 - Loaded plugin filemanager (category:base,tabindex:10)
2025-12-11 23:04:19,928 [INFO] PluginManage:310 - Check plugin ipmanager
2025-12-11 23:04:19,944 [INFO] PluginManage:359 - Loaded plugin ipmanager (category:base,tabindex:5)
2025-12-11 23:04:19,944 [INFO] PluginManage:310 - Check plugin lpbam
2025-12-11 23:04:19,975 [INFO] PluginManage:359 - Loaded plugin lpbam (category:base,tabindex:0)
2025-12-11 23:04:19,975 [INFO] PluginManage:310 - Check plugin memorymap
2025-12-11 23:04:20,007 [INFO] PluginManage:359 - Loaded plugin memorymap (category:base,tabindex:4)
2025-12-11 23:04:20,007 [INFO] PluginManage:310 - Check plugin pinoutandconfiguration
2025-12-11 23:04:20,023 [INFO] PluginManage:359 - Loaded plugin pinoutandconfiguration (category:base,tabindex:1)
2025-12-11 23:04:20,023 [INFO] PluginManage:310 - Check plugin pinoutconfig
2025-12-11 23:04:20,324 [WARN] SupportedApi:132 - Cannot load RTOS API schema: s4s-elt-must-match.1: The content of 'definitions' must match (annotation?, (simpleType | complexType)?, (unique | key | keyref)*)). A problem was found starting at: attribute.
2025-12-11 23:04:20,963 [INFO] PluginManage:359 - Loaded plugin pinoutconfig (category:base,tabindex:0)
2025-12-11 23:04:20,963 [INFO] PluginManage:310 - Check plugin power
2025-12-11 23:04:21,009 [INFO] PluginManage:359 - Loaded plugin power (category:power,tabindex:4)
2025-12-11 23:04:21,009 [INFO] PluginManage:310 - Check plugin projectmanager
2025-12-11 23:04:21,059 [INFO] PluginManage:359 - Loaded plugin projectmanager (category:projectmanager,tabindex:4)
2025-12-11 23:04:21,059 [INFO] PluginManage:310 - Check plugin rif
2025-12-11 23:04:21,132 [INFO] PluginManage:359 - Loaded plugin rif (category:base,tabindex:3)
2025-12-11 23:04:21,132 [INFO] PluginManage:310 - Check plugin thirdparty
2025-12-11 23:04:21,761 [INFO] PluginManage:359 - Loaded plugin thirdparty (category:base,tabindex:-1)
2025-12-11 23:04:21,761 [WARN] IntegrityCheckThread:84 - waiting for thirdparty lock release [integrity check]
2025-12-11 23:04:21,761 [INFO] PluginManage:310 - Check plugin tools
2025-12-11 23:04:21,761 [INFO] IntegrityCheckThread:86 - entering critical section [integrity check]
2025-12-11 23:04:21,762 [INFO] ThirdPartyUpdaterWithRetryManager:70 - Updater plugin not ready yet. [1/15]
2025-12-11 23:04:21,767 [INFO] PluginManage:359 - Loaded plugin tools (category:base,tabindex:7)
2025-12-11 23:04:21,768 [INFO] PluginManage:310 - Check plugin tutovideos
2025-12-11 23:04:22,730 [INFO] PluginManage:359 - Loaded plugin tutovideos (category:base,tabindex:-1)
2025-12-11 23:04:22,730 [INFO] PluginManage:310 - Check plugin updater
2025-12-11 23:04:22,781 [INFO] PluginManage:359 - Loaded plugin updater (category:base,tabindex:12)
2025-12-11 23:04:22,781 [INFO] PluginManage:310 - Check plugin userauth
2025-12-11 23:04:22,796 [INFO] UserAuth:118 - Init User Auth plugin
2025-12-11 23:04:22,801 [INFO] PluginManage:359 - Loaded plugin userauth (category:base,tabindex:14)
2025-12-11 23:04:22,804 [INFO] PluginManage:283 - PluginManage : Loaded plugins [18]
2025-12-11 23:04:23,368 [INFO] PinOutPanel:1589 - setPackage(No Configuration,No Configuration)
2025-12-11 23:04:23,547 [INFO] CADModel:165 - CPN selected for project level
2025-12-11 23:04:23,547 [INFO] CADModel:114 - Register for checkConnection events
2025-12-11 23:04:23,586 [INFO] IPUIPlugin:80 - create IPUIPlugin
2025-12-11 23:04:23,586 [INFO] PluginManager:220 - loadIPPluginJar : add adc
2025-12-11 23:04:23,591 [INFO] IPUIPlugin:80 - create IPUIPlugin
2025-12-11 23:04:23,591 [INFO] PluginManager:220 - loadIPPluginJar : add aes
2025-12-11 23:04:23,594 [INFO] IPUIPlugin:80 - create IPUIPlugin
2025-12-11 23:04:23,594 [INFO] PluginManager:220 - loadIPPluginJar : add can
2025-12-11 23:04:23,600 [INFO] IPUIPlugin:80 - create IPUIPlugin
2025-12-11 23:04:23,600 [INFO] PluginManager:220 - loadIPPluginJar : add comp
2025-12-11 23:04:23,603 [INFO] IPUIPlugin:80 - create IPUIPlugin
2025-12-11 23:04:23,603 [INFO] PluginManager:220 - loadIPPluginJar : add cryp
2025-12-11 23:04:23,606 [INFO] IPUIPlugin:80 - create IPUIPlugin
2025-12-11 23:04:23,606 [INFO] PluginManager:220 - loadIPPluginJar : add ddr_ctrl_phy
2025-12-11 23:04:23,610 [INFO] IPUIPlugin:80 - create IPUIPlugin
2025-12-11 23:04:23,610 [INFO] PluginManager:220 - loadIPPluginJar : add dfsdm
2025-12-11 23:04:23,619 [INFO] IPUIPlugin:80 - create IPUIPlugin
2025-12-11 23:04:23,621 [INFO] PluginManager:220 - loadIPPluginJar : add dma
2025-12-11 23:04:23,628 [INFO] IPUIPlugin:80 - create IPUIPlugin
2025-12-11 23:04:23,628 [INFO] PluginManager:220 - loadIPPluginJar : add dma3
2025-12-11 23:04:23,633 [INFO] IPUIPlugin:80 - create IPUIPlugin
2025-12-11 23:04:23,633 [INFO] PluginManager:220 - loadIPPluginJar : add extmemmanager
2025-12-11 23:04:23,637 [INFO] IPUIPlugin:80 - create IPUIPlugin
2025-12-11 23:04:23,637 [INFO] PluginManager:220 - loadIPPluginJar : add fatfs
2025-12-11 23:04:23,646 [INFO] IPUIPlugin:80 - create IPUIPlugin
2025-12-11 23:04:23,646 [INFO] PluginManager:220 - loadIPPluginJar : add fmc
2025-12-11 23:04:23,662 [INFO] IPUIPlugin:80 - create IPUIPlugin
2025-12-11 23:04:23,662 [INFO] PluginManager:220 - loadIPPluginJar : add freertos
2025-12-11 23:04:23,664 [INFO] IPUIPlugin:80 - create IPUIPlugin
2025-12-11 23:04:23,665 [INFO] PluginManager:220 - loadIPPluginJar : add genericplugin
2025-12-11 23:04:23,667 [INFO] IPUIPlugin:80 - create IPUIPlugin
2025-12-11 23:04:23,667 [INFO] PluginManager:220 - loadIPPluginJar : add gfxmmu
2025-12-11 23:04:23,676 [INFO] IPUIPlugin:80 - create IPUIPlugin
2025-12-11 23:04:23,676 [INFO] PluginManager:220 - loadIPPluginJar : add gic
2025-12-11 23:04:23,685 [INFO] IPUIPlugin:80 - create IPUIPlugin
2025-12-11 23:04:23,685 [INFO] PluginManager:220 - loadIPPluginJar : add gpio
2025-12-11 23:04:23,694 [INFO] IPUIPlugin:80 - create IPUIPlugin
2025-12-11 23:04:23,694 [INFO] PluginManager:220 - loadIPPluginJar : add gtzc
2025-12-11 23:04:23,698 [INFO] IPUIPlugin:80 - create IPUIPlugin
2025-12-11 23:04:23,698 [INFO] PluginManager:220 - loadIPPluginJar : add hash
2025-12-11 23:04:23,704 [INFO] IPUIPlugin:80 - create IPUIPlugin
2025-12-11 23:04:23,704 [INFO] PluginManager:220 - loadIPPluginJar : add i2c
2025-12-11 23:04:23,710 [INFO] IPUIPlugin:80 - create IPUIPlugin
2025-12-11 23:04:23,710 [INFO] PluginManager:220 - loadIPPluginJar : add i2s
2025-12-11 23:04:23,722 [INFO] IPUIPlugin:80 - create IPUIPlugin
2025-12-11 23:04:23,722 [INFO] PluginManager:220 - loadIPPluginJar : add i3c
2025-12-11 23:04:23,731 [INFO] IPUIPlugin:80 - create IPUIPlugin
2025-12-11 23:04:23,731 [INFO] PluginManager:220 - loadIPPluginJar : add ipddr
2025-12-11 23:04:23,742 [INFO] IPUIPlugin:80 - create IPUIPlugin
2025-12-11 23:04:23,742 [INFO] PluginManager:220 - loadIPPluginJar : add linkedlist
2025-12-11 23:04:23,750 [INFO] IPUIPlugin:80 - create IPUIPlugin
2025-12-11 23:04:23,750 [INFO] PluginManager:220 - loadIPPluginJar : add lorawan
2025-12-11 23:04:23,756 [INFO] IPUIPlugin:80 - create IPUIPlugin
2025-12-11 23:04:23,756 [INFO] PluginManager:220 - loadIPPluginJar : add ltdc
2025-12-11 23:04:23,771 [INFO] IPUIPlugin:80 - create IPUIPlugin
2025-12-11 23:04:23,772 [INFO] PluginManager:220 - loadIPPluginJar : add mdma
2025-12-11 23:04:23,778 [INFO] IPUIPlugin:80 - create IPUIPlugin
2025-12-11 23:04:23,778 [INFO] PluginManager:220 - loadIPPluginJar : add nvic
2025-12-11 23:04:23,786 [INFO] IPUIPlugin:80 - create IPUIPlugin
2025-12-11 23:04:23,787 [INFO] PluginManager:220 - loadIPPluginJar : add opamp
2025-12-11 23:04:23,793 [INFO] IPUIPlugin:80 - create IPUIPlugin
2025-12-11 23:04:23,793 [INFO] PluginManager:220 - loadIPPluginJar : add openamp
2025-12-11 23:04:23,799 [INFO] IPUIPlugin:80 - create IPUIPlugin
2025-12-11 23:04:23,799 [INFO] PluginManager:220 - loadIPPluginJar : add pdm2pcm
2025-12-11 23:04:23,807 [INFO] IPUIPlugin:80 - create IPUIPlugin
2025-12-11 23:04:23,813 [INFO] PluginManager:220 - loadIPPluginJar : add plateformsettings
2025-12-11 23:04:23,816 [INFO] IPUIPlugin:80 - create IPUIPlugin
2025-12-11 23:04:23,816 [INFO] PluginManager:220 - loadIPPluginJar : add quadspi
2025-12-11 23:04:23,818 [INFO] IPUIPlugin:80 - create IPUIPlugin
2025-12-11 23:04:23,819 [INFO] PluginManager:220 - loadIPPluginJar : add radio
2025-12-11 23:04:23,823 [INFO] IPUIPlugin:80 - create IPUIPlugin
2025-12-11 23:04:23,823 [INFO] PluginManager:220 - loadIPPluginJar : add resmgrutility
2025-12-11 23:04:23,834 [INFO] IPUIPlugin:80 - create IPUIPlugin
2025-12-11 23:04:23,835 [INFO] PluginManager:220 - loadIPPluginJar : add sai
2025-12-11 23:04:23,837 [INFO] IPUIPlugin:80 - create IPUIPlugin
2025-12-11 23:04:23,837 [INFO] PluginManager:220 - loadIPPluginJar : add spi
2025-12-11 23:04:23,853 [INFO] IPUIPlugin:80 - create IPUIPlugin
2025-12-11 23:04:23,853 [INFO] PluginManager:220 - loadIPPluginJar : add stm32_wpan
2025-12-11 23:04:23,858 [INFO] IPUIPlugin:80 - create IPUIPlugin
2025-12-11 23:04:23,858 [INFO] PluginManager:220 - loadIPPluginJar : add tim
2025-12-11 23:04:23,862 [INFO] IPUIPlugin:80 - create IPUIPlugin
2025-12-11 23:04:23,862 [INFO] PluginManager:220 - loadIPPluginJar : add touchsensing
2025-12-11 23:04:23,867 [INFO] IPUIPlugin:80 - create IPUIPlugin
2025-12-11 23:04:23,867 [INFO] PluginManager:220 - loadIPPluginJar : add tracer_emb
2025-12-11 23:04:23,867 [INFO] IPUIPlugin:80 - create IPUIPlugin
2025-12-11 23:04:23,867 [INFO] PluginManager:220 - loadIPPluginJar : add ts
2025-12-11 23:04:23,882 [INFO] IPUIPlugin:80 - create IPUIPlugin
2025-12-11 23:04:23,882 [INFO] PluginManager:220 - loadIPPluginJar : add tsc
2025-12-11 23:04:23,888 [INFO] IPUIPlugin:80 - create IPUIPlugin
2025-12-11 23:04:23,889 [INFO] PluginManager:220 - loadIPPluginJar : add ucpd
2025-12-11 23:04:23,897 [INFO] IPUIPlugin:80 - create IPUIPlugin
2025-12-11 23:04:23,897 [INFO] PluginManager:220 - loadIPPluginJar : add usart
2025-12-11 23:04:23,905 [INFO] IPUIPlugin:80 - create IPUIPlugin
2025-12-11 23:04:23,906 [INFO] PluginManager:220 - loadIPPluginJar : add usbx
2025-12-11 23:04:24,094 [FATAL] Updater:351 - Updater called before beeing initialized
2025-12-11 23:04:24,167 [INFO] RulesReader:64 - Compatibility file has been processed (317 Rules)
2025-12-11 23:04:24,201 [INFO] RulesReader:64 - Compatibility file has been processed (317 Rules)
2025-12-11 23:04:24,230 [INFO] CADModel:165 - CPN selected for project level
2025-12-11 23:04:24,230 [INFO] CADModel:114 - Register for checkConnection events
2025-12-11 23:04:24,230 [FATAL] Updater:351 - Updater called before beeing initialized
2025-12-11 23:04:24,230 [ERROR] CADModel:125 - Updater not yet initialized, retry later 
2025-12-11 23:04:24,665 [FATAL] Updater:351 - Updater called before beeing initialized
2025-12-11 23:04:24,669 [INFO] CADModel:165 - CPN selected for project level
2025-12-11 23:04:24,669 [INFO] CADModel:114 - Register for checkConnection events
2025-12-11 23:04:24,669 [FATAL] Updater:351 - Updater called before beeing initialized
2025-12-11 23:04:24,669 [ERROR] CADModel:125 - Updater not yet initialized, retry later 
2025-12-11 23:04:24,676 [FATAL] Updater:351 - Updater called before beeing initialized
2025-12-11 23:04:24,763 [INFO] ThirdPartyUpdaterWithRetryManager:70 - Updater plugin not ready yet. [2/15]
2025-12-11 23:04:24,903 [FATAL] Updater:351 - Updater called before beeing initialized
2025-12-11 23:04:24,936 [INFO] DbMcusAds:53 - JSON generation date=Fri Dec 05 10:13:14 CET 2025 (1764925994568)
2025-12-11 23:04:24,937 [FATAL] Updater:351 - Updater called before beeing initialized
2025-12-11 23:04:25,020 [WARN] DetailPanel:346 - Failed to get advertising image, set to default
2025-12-11 23:04:25,192 [FATAL] Updater:351 - Updater called before beeing initialized
2025-12-11 23:04:25,202 [FATAL] Updater:351 - Updater called before beeing initialized
2025-12-11 23:04:25,202 [FATAL] Updater:351 - Updater called before beeing initialized
2025-12-11 23:04:25,203 [WARN] DetailPanel:346 - Failed to get advertising image, set to default
2025-12-11 23:04:25,204 [FATAL] Updater:351 - Updater called before beeing initialized
2025-12-11 23:04:25,327 [ERROR] Updater:1198 - MainUpdater not yet initialized. External WinMGr cannot be set.
2025-12-11 23:04:25,339 [INFO] Updater:1134 - Updater Version found : 6.15.0
2025-12-11 23:04:25,413 [INFO] ApplicationProperties:184 - Using Application install path: D:\Programy Potrzebne\STM32CubeIDE_Folder\STM32CubeIDE_1.19.0\STM32CubeIDE\plugins\com.st.stm32cube.common.mx_6.15.0.202507011659
2025-12-11 23:04:27,055 [ERROR] LogOutputStream:75 - [STDERR_REDIRECT] Dec 11, 2025 11:04:27 PM java.util.prefs.WindowsPreferences <init>
2025-12-11 23:04:27,058 [ERROR] LogOutputStream:75 - [STDERR_REDIRECT] WARNING: Could not open/create prefs root node Software\JavaSoft\Prefs at root 0xffffffff80000002. Windows RegCreateKeyEx(...) returned error code 5.
2025-12-11 23:04:27,060 [ERROR] LogOutputStream:75 - [STDERR_REDIRECT] 
2025-12-11 23:04:27,765 [FATAL] Updater:351 - Updater called before beeing initialized
2025-12-11 23:04:27,765 [ERROR] IntegrityCheckThread:130 - Cannot retrieve database content from updater: error 21
2025-12-11 23:04:27,766 [INFO] ThirdParty:978 - Integrity check success = false
2025-12-11 23:04:27,766 [INFO] IntegrityCheckThread:100 - exiting critical section [integrity check]
2025-12-11 23:04:27,766 [INFO] IntegrityCheckThread:103 - End integrity checks thread
2025-12-11 23:04:27,894 [INFO] MainUpdater:2872 - connection check result : 10
2025-12-11 23:04:27,895 [INFO] MainUpdater:289 - Updater Check For Update Now.
2025-12-11 23:04:27,895 [INFO] MicroXplorer:498 - Change Database Version : DB.6.0.150
2025-12-11 23:04:27,929 [INFO] McuFinderGlobals:63 - Set McuFinder mode to 2 (CubeIDE integrated)
2025-12-11 23:04:27,929 [INFO] UserAuth:171 - activating auth plugin
2025-12-11 23:04:27,933 [INFO] UserAuth:487 - Internet connection configuration mode: 1
2025-12-11 23:04:27,993 [INFO] JxBrowserEngine:152 - Initiate JxBrowser Engine with user profile folder
2025-12-11 23:04:28,183 [INFO] CheckServerUpdateThread:120 - End of CheckServer Thread
2025-12-11 23:04:30,214 [INFO] WebApp:169 - Instantiating new browser for Auth
2025-12-11 23:04:31,816 [INFO] WebApp:463 - Apply proxy settings
2025-12-11 23:04:31,816 [INFO] WebApp:548 - Chromium requires no authentication
2025-12-11 23:04:31,828 [INFO] WebApp:491 - Direct internet connection detected
2025-12-11 23:04:31,873 [INFO] WebApp:900 - Register for checkConnection events
2025-12-11 23:04:31,873 [INFO] WebApp:463 - Apply proxy settings
2025-12-11 23:04:31,873 [INFO] WebApp:548 - Chromium requires no authentication
2025-12-11 23:04:31,873 [INFO] WebApp:491 - Direct internet connection detected
2025-12-11 23:04:32,175 [INFO] WebApp:191 - Connection restablished
2025-12-11 23:04:32,190 [INFO] WebApp:225 - Starting web application
2025-12-11 23:04:32,190 [INFO] WebApp:593 - Web application path used D:\Programy Potrzebne\STM32CubeIDE_Folder\STM32CubeIDE_1.19.0\STM32CubeIDE\plugins\com.st.stm32cube.common.mx_6.15.0.202507011659\db\plugins\mcufinder\reactClient1\index.html
2025-12-11 23:05:10,275 [ERROR] LogOutputStream:75 - [STDERR_REDIRECT] 
